[0.053s] Invoking command in '/home/youss/Documents/Projet/Autonomouscar/ros_ws/build/robot': CMAKE_PREFIX_PATH=${CMAKE_PREFIX_PATH}:/opt/ros/jazzy DEBUGINFOD_URLS=https://debuginfod.ubuntu.com /usr/bin/cmake --build /home/youss/Documents/Projet/Autonomouscar/ros_ws/build/robot -- -j4 -l4
[0.180s] -- Found ament_cmake: 2.5.2 (/opt/ros/jazzy/share/ament_cmake/cmake)
[1.129s] -- Override CMake install command with custom implementation using symlinks instead of copying resources
[1.165s] -- Found rclcpp: 28.1.5 (/opt/ros/jazzy/share/rclcpp/cmake)
[1.320s] -- Found rosidl_generator_c: 4.6.4 (/opt/ros/jazzy/share/rosidl_generator_c/cmake)
[1.360s] -- Found rosidl_generator_cpp: 4.6.4 (/opt/ros/jazzy/share/rosidl_generator_cpp/cmake)
[1.408s] -- Using all available rosidl_typesupport_c: rosidl_typesupport_fastrtps_c;rosidl_typesupport_introspection_c
[1.464s] -- Using all available rosidl_typesupport_cpp: rosidl_typesupport_fastrtps_cpp;rosidl_typesupport_introspection_cpp
[1.697s] -- Found rmw_implementation_cmake: 7.3.1 (/opt/ros/jazzy/share/rmw_implementation_cmake/cmake)
[1.703s] -- Found rmw_fastrtps_cpp: 8.4.1 (/opt/ros/jazzy/share/rmw_fastrtps_cpp/cmake)
[1.973s] -- Using RMW implementation 'rmw_fastrtps_cpp' as default
[2.195s] -- Found std_msgs: 5.3.5 (/opt/ros/jazzy/share/std_msgs/cmake)
[2.243s] -- Found geometry_msgs: 5.3.5 (/opt/ros/jazzy/share/geometry_msgs/cmake)
[2.299s] -- Found ament_lint_auto: 0.17.1 (/opt/ros/jazzy/share/ament_lint_auto/cmake)
[2.871s] -- Added test 'cppcheck' to perform static code analysis on C / C++ code
[2.873s] -- Configured cppcheck include dirs: $<BUILD_INTERFACE:/home/youss/Documents/Projet/Autonomouscar/ros_ws/src/robot/include>
[2.873s] -- Configured cppcheck exclude dirs and/or files: 
[2.876s] -- Added test 'flake8' to check Python code syntax and style conventions
[2.877s] -- Configured 'flake8' exclude dirs and/or files: 
[2.881s] -- Added test 'lint_cmake' to check CMake code style
[2.885s] -- Added test 'pep257' to check Python code against some of the docstring style conventions in PEP 257
[2.901s] -- Added test 'uncrustify' to check C / C++ code style
[2.901s] -- Configured uncrustify additional arguments: 
[2.904s] -- Added test 'xmllint' to check XML markup files
[2.932s] -- Configuring done (2.8s)
[3.083s] -- Generating done (0.1s)
[3.099s] -- Build files have been written to: /home/youss/Documents/Projet/Autonomouscar/ros_ws/build/robot
[3.338s] [ 12%] Built target encoders_subscriber
[3.338s] [ 25%] Built target position_publisher
[3.344s] [ 37%] Built target robot_controller
[3.349s] [ 43%] [32mBuilding CXX object CMakeFiles/main.dir/src/encoders.cpp.o[0m
[3.491s] [ 56%] Built target position_reader
[3.499s] [ 75%] Built target motor_subscriber
[6.146s] [01m[K/home/youss/Documents/Projet/Autonomouscar/ros_ws/src/robot/src/encoders.cpp:[m[K In constructor ‘[01m[KEncoders::[01;32m[KEncoders[m[K(const unsigned int&, const unsigned int&, const std::string&)[m[K’:
[6.146s] [01m[K/home/youss/Documents/Projet/Autonomouscar/ros_ws/src/robot/src/encoders.cpp:55:5:[m[K [01;31m[Kerror: [m[K‘[01m[KgpioSetAlertFunc[m[K’ was not declared in this scope
[6.147s]    55 |     [01;31m[KgpioSetAlertFunc[m[K(channel_A_gpio, count_number_of_changes_on_channel_A);
[6.147s]       |     [01;31m[K^~~~~~~~~~~~~~~~[m[K
[6.174s] [01m[K/home/youss/Documents/Projet/Autonomouscar/ros_ws/src/robot/src/encoders.cpp:[m[K In member function ‘[01m[Kbool Encoders::[01;32m[Kconfigure_gpio_as_input[m[K(const unsigned int&)[m[K’:
[6.174s] [01m[K/home/youss/Documents/Projet/Autonomouscar/ros_ws/src/robot/src/encoders.cpp:138:37:[m[K [01;31m[Kerror: [m[K‘[01m[KPI_INPUT[m[K’ was not declared in this scope
[6.175s]   138 |     gpio_result = gpioSetMode(gpio, [01;31m[KPI_INPUT[m[K);
[6.175s]       |                                     [01;31m[K^~~~~~~~[m[K
[6.192s] [01m[K/home/youss/Documents/Projet/Autonomouscar/ros_ws/src/robot/src/encoders.cpp:138:19:[m[K [01;31m[Kerror: [m[K‘[01m[KgpioSetMode[m[K’ was not declared in this scope
[6.193s]   138 |     gpio_result = [01;31m[KgpioSetMode[m[K(gpio, PI_INPUT);
[6.193s]       |                   [01;31m[K^~~~~~~~~~~[m[K
[6.630s] gmake[2]: *** [CMakeFiles/main.dir/build.make:104: CMakeFiles/main.dir/src/encoders.cpp.o] Error 1
[6.631s] gmake[1]: *** [CMakeFiles/Makefile2:147: CMakeFiles/main.dir/all] Error 2
[6.632s] gmake: *** [Makefile:146: all] Error 2
[6.640s] Invoked command in '/home/youss/Documents/Projet/Autonomouscar/ros_ws/build/robot' returned '2': CMAKE_PREFIX_PATH=${CMAKE_PREFIX_PATH}:/opt/ros/jazzy DEBUGINFOD_URLS=https://debuginfod.ubuntu.com /usr/bin/cmake --build /home/youss/Documents/Projet/Autonomouscar/ros_ws/build/robot -- -j4 -l4
