[0.065s] Invoking command in '/home/youss/Documents/Projet/Autonomouscar/ros_ws/build/robot': CMAKE_PREFIX_PATH=${CMAKE_PREFIX_PATH}:/opt/ros/jazzy DEBUGINFOD_URLS=https://debuginfod.ubuntu.com /usr/bin/cmake --build /home/youss/Documents/Projet/Autonomouscar/ros_ws/build/robot -- -j4 -l4
[0.547s] -- Found ament_cmake: 2.5.2 (/opt/ros/jazzy/share/ament_cmake/cmake)
[1.549s] -- Override CMake install command with custom implementation using symlinks instead of copying resources
[1.622s] -- Found rclcpp: 28.1.5 (/opt/ros/jazzy/share/rclcpp/cmake)
[1.824s] -- Found rosidl_generator_c: 4.6.4 (/opt/ros/jazzy/share/rosidl_generator_c/cmake)
[1.876s] -- Found rosidl_generator_cpp: 4.6.4 (/opt/ros/jazzy/share/rosidl_generator_cpp/cmake)
[1.946s] -- Using all available rosidl_typesupport_c: rosidl_typesupport_fastrtps_c;rosidl_typesupport_introspection_c
[2.024s] -- Using all available rosidl_typesupport_cpp: rosidl_typesupport_fastrtps_cpp;rosidl_typesupport_introspection_cpp
[2.333s] -- Found rmw_implementation_cmake: 7.3.1 (/opt/ros/jazzy/share/rmw_implementation_cmake/cmake)
[2.344s] -- Found rmw_fastrtps_cpp: 8.4.1 (/opt/ros/jazzy/share/rmw_fastrtps_cpp/cmake)
[2.673s] -- Using RMW implementation 'rmw_fastrtps_cpp' as default
[2.969s] -- Found std_msgs: 5.3.5 (/opt/ros/jazzy/share/std_msgs/cmake)
[3.036s] -- Found geometry_msgs: 5.3.5 (/opt/ros/jazzy/share/geometry_msgs/cmake)
[3.111s] -- Found ament_lint_auto: 0.17.1 (/opt/ros/jazzy/share/ament_lint_auto/cmake)
[3.580s] -- Added test 'cppcheck' to perform static code analysis on C / C++ code
[3.581s] -- Configured cppcheck include dirs: $<BUILD_INTERFACE:/home/youss/Documents/Projet/Autonomouscar/ros_ws/src/robot/include>
[3.582s] -- Configured cppcheck exclude dirs and/or files: 
[3.585s] -- Added test 'flake8' to check Python code syntax and style conventions
[3.586s] -- Configured 'flake8' exclude dirs and/or files: 
[3.590s] -- Added test 'lint_cmake' to check CMake code style
[3.594s] -- Added test 'pep257' to check Python code against some of the docstring style conventions in PEP 257
[3.607s] -- Added test 'uncrustify' to check C / C++ code style
[3.608s] -- Configured uncrustify additional arguments: 
[3.612s] -- Added test 'xmllint' to check XML markup files
[3.642s] -- Configuring done (3.1s)
[3.868s] -- Generating done (0.2s)
[3.886s] -- Build files have been written to: /home/youss/Documents/Projet/Autonomouscar/ros_ws/build/robot
[4.217s] [ 45%] Built target listener
[4.218s] [ 45%] [32mBuilding CXX object CMakeFiles/robot_controller.dir/src/robot_controller.cpp.o[0m
[4.218s] [ 54%] Built target encoders
[4.221s] [ 72%] Built target position_publisher
[4.337s] [ 81%] [32mBuilding CXX object CMakeFiles/motors.dir/src/motor.cpp.o[0m
[7.163s] [01m[K/home/youss/Documents/Projet/Autonomouscar/ros_ws/src/robot/src/motor.cpp:3:10:[m[K [01;31m[Kfatal error: [m[Krobot/motor.h: No such file or directory
[7.163s]     3 | #include [01;31m[K"robot/motor.h"[m[K
[7.163s]       |          [01;31m[K^~~~~~~~~~~~~~~[m[K
[7.164s] compilation terminated.
[7.194s] gmake[2]: *** [CMakeFiles/motors.dir/build.make:76: CMakeFiles/motors.dir/src/motor.cpp.o] Error 1
[7.195s] gmake[1]: *** [CMakeFiles/Makefile2:249: CMakeFiles/motors.dir/all] Error 2
[7.195s] gmake[1]: *** Waiting for unfinished jobs....
[50.992s] [ 90%] [32m[1mLinking CXX executable robot_controller[0m
[53.328s] [ 90%] Built target robot_controller
[53.334s] gmake: *** [Makefile:146: all] Error 2
[53.343s] Invoked command in '/home/youss/Documents/Projet/Autonomouscar/ros_ws/build/robot' returned '2': CMAKE_PREFIX_PATH=${CMAKE_PREFIX_PATH}:/opt/ros/jazzy DEBUGINFOD_URLS=https://debuginfod.ubuntu.com /usr/bin/cmake --build /home/youss/Documents/Projet/Autonomouscar/ros_ws/build/robot -- -j4 -l4
