[ 11%] Built target encoders_subscriber
[ 38%] Built target main
[ 55%] Built target encoders_publisher
[ 66%] Built target robot_controller
[ 77%] Built target position_publisher
[ 88%] Built target position_reader
[ 94%] [32mBuilding CXX object CMakeFiles/motor_subscriber.dir/src/motor_subscriber.cpp.o[0m
[01m[K/home/youss/Documents/Projet/Autonomouscar/ros_ws/src/robot/src/motor_subscriber.cpp:[m[K In constructor ‘[01m[KMotor_subscriber::[01;32m[KMotor_subscriber[m[K()[m[K’:
[01m[K/home/youss/Documents/Projet/Autonomouscar/ros_ws/src/robot/src/motor_subscriber.cpp:49:16:[m[K [01;31m[Kerror: [m[Kreturning a value from a constructor
   49 |         return [01;31m[K-1[m[K;
      |                [01;31m[K^~[m[K
[01m[K/home/youss/Documents/Projet/Autonomouscar/ros_ws/src/robot/src/motor_subscriber.cpp:[m[K At global scope:
[01m[K/home/youss/Documents/Projet/Autonomouscar/ros_ws/src/robot/src/motor_subscriber.cpp:138:28:[m[K [01;31m[Kerror: [m[Kno declaration matches ‘[01m[Kstd::vector<unsigned int> Motor_subscriber::[01;32m[Kconvert_msg_to_duty_cycles[m[K(const geometry_msgs::msg::Twist_<std::allocator<void> >::UniquePtr&) const[m[K’
  138 | std::vector <unsigned int> [01;31m[KMotor_subscriber[m[K::convert_msg_to_duty_cycles(const geometry_msgs::msg::Twist::UniquePtr &msg) const
      |                            [01;31m[K^~~~~~~~~~~~~~~~[m[K
[01m[K/home/youss/Documents/Projet/Autonomouscar/ros_ws/src/robot/src/motor_subscriber.cpp:138:28:[m[K [01;36m[Knote: [m[Kno functions named ‘[01m[Kstd::vector<unsigned int> Motor_subscriber::[01;32m[Kconvert_msg_to_duty_cycles[m[K(const geometry_msgs::msg::Twist_<std::allocator<void> >::UniquePtr&) const[m[K’
In file included from [01m[K/home/youss/Documents/Projet/Autonomouscar/ros_ws/src/robot/src/motor_subscriber.cpp:1[m[K:
[01m[K/home/youss/Documents/Projet/Autonomouscar/ros_ws/src/robot/include/robot/motor_subscriber.h:27:8:[m[K [01;36m[Knote: [m[K‘[01m[Kstruct Motor_subscriber[m[K’ defined here
   27 | struct [01;36m[KMotor_subscriber[m[K : public rclcpp::Node
      |        [01;36m[K^~~~~~~~~~~~~~~~[m[K
[01m[K/home/youss/Documents/Projet/Autonomouscar/ros_ws/src/robot/src/motor_subscriber.cpp:[m[K In member function ‘[01m[Kvoid Motor_subscriber::[01;32m[Kset_left_motor_and_right_motor_duty_cycle[m[K(const geometry_msgs::msg::Twist_<std::allocator<void> >::UniquePtr&)[m[K’:
[01m[K/home/youss/Documents/Projet/Autonomouscar/ros_ws/src/robot/src/motor_subscriber.cpp:203:45:[m[K [01;31m[Kerror: [m[K‘[01m[Kconvert_msg_to_duty_cycles[m[K’ was not declared in this scope
  203 |     std::vector<unsigned int> duty_cycles = [01;31m[Kconvert_msg_to_duty_cycles[m[K(msg);
      |                                             [01;31m[K^~~~~~~~~~~~~~~~~~~~~~~~~~[m[K
gmake[2]: *** [CMakeFiles/motor_subscriber.dir/build.make:76: CMakeFiles/motor_subscriber.dir/src/motor_subscriber.cpp.o] Error 1
gmake[1]: *** [CMakeFiles/Makefile2:279: CMakeFiles/motor_subscriber.dir/all] Error 2
gmake: *** [Makefile:146: all] Error 2
