[ 50%] [32mBuilding CXX object CMakeFiles/encoders.dir/src/encoders.cpp.o[0m
[01m[K/home/youss/Documents/Projet/Autonomouscar/ros_ws/src/robot/src/encoders.cpp:171:6:[m[K [01;31m[Kerror: [m[Kno declaration matches ‘[01m[Kvoid Encoders::[01;32m[Kcompute_rps_on_channels[m[K()[m[K’
  171 | void [01;31m[KEncoders[m[K::compute_rps_on_channels()
      |      [01;31m[K^~~~~~~~[m[K
[01m[K/home/youss/Documents/Projet/Autonomouscar/ros_ws/src/robot/src/encoders.cpp:171:6:[m[K [01;36m[Knote: [m[Kno functions named ‘[01m[Kvoid Encoders::[01;32m[Kcompute_rps_on_channels[m[K()[m[K’
In file included from [01m[K/home/youss/Documents/Projet/Autonomouscar/ros_ws/src/robot/src/encoders.cpp:13[m[K:
[01m[K/home/youss/Documents/Projet/Autonomouscar/ros_ws/src/robot/src/encoders.h:3:8:[m[K [01;36m[Knote: [m[K‘[01m[Kstruct Encoders[m[K’ defined here
    3 | struct [01;36m[KEncoders[m[K
      |        [01;36m[K^~~~~~~~[m[K
[01m[K/home/youss/Documents/Projet/Autonomouscar/ros_ws/src/robot/src/encoders.cpp:[m[K In member function ‘[01m[Kbool Encoders::[01;32m[Kconfigure_pin_as_output[m[K(const unsigned int&)[m[K’:
[01m[K/home/youss/Documents/Projet/Autonomouscar/ros_ws/src/robot/src/encoders.cpp:46:56:[m[K [01;35m[Kwarning: [m[Kthis statement may fall through [[01;35m[K]8;;https://gcc.gnu.org/onlinedocs/gcc/Warning-Options.html#index-Wimplicit-fallthrough=-Wimplicit-fallthrough=]8;;[m[K]
   46 |                 cout << gpio << "is a bad gpio pin" << [01;35m[Kendl[m[K;
      |                                                        [01;35m[K^~~~[m[K
[01m[K/home/youss/Documents/Projet/Autonomouscar/ros_ws/src/robot/src/encoders.cpp:47:13:[m[K [01;36m[Knote: [m[Khere
   47 |             [01;36m[Kcase[m[K PI_BAD_MODE:
      |             [01;36m[K^~~~[m[K
[01m[K/home/youss/Documents/Projet/Autonomouscar/ros_ws/src/robot/src/encoders.cpp:48:57:[m[K [01;35m[Kwarning: [m[Kthis statement may fall through [[01;35m[K]8;;https://gcc.gnu.org/onlinedocs/gcc/Warning-Options.html#index-Wimplicit-fallthrough=-Wimplicit-fallthrough=]8;;[m[K]
   48 |                 cout << "Bad mode for gpio " << gpio << [01;35m[Kendl[m[K;
      |                                                         [01;35m[K^~~~[m[K
[01m[K/home/youss/Documents/Projet/Autonomouscar/ros_ws/src/robot/src/encoders.cpp:49:13:[m[K [01;36m[Knote: [m[Khere
   49 |             [01;36m[Kdefault[m[K:
      |             [01;36m[K^~~~~~~[m[K
gmake[2]: *** [CMakeFiles/encoders.dir/build.make:76: CMakeFiles/encoders.dir/src/encoders.cpp.o] Error 1
gmake[1]: *** [CMakeFiles/Makefile2:137: CMakeFiles/encoders.dir/all] Error 2
gmake: *** [Makefile:146: all] Error 2
