[0.075s] Invoking command in '/home/youss/Documents/Projet/Autonomouscar/ros_ws/build/robot': CMAKE_PREFIX_PATH=${CMAKE_PREFIX_PATH}:/opt/ros/jazzy DEBUGINFOD_URLS=https://debuginfod.ubuntu.com /usr/bin/cmake --build /home/youss/Documents/Projet/Autonomouscar/ros_ws/build/robot -- -j4 -l4
[0.859s] [ 11%] [32mBuilding CXX object CMakeFiles/encoders.dir/src/encoders.cpp.o[0m
[0.917s] [ 22%] [32mBuilding CXX object CMakeFiles/position_publisher.dir/src/DWM1001_reader.cpp.o[0m
[0.923s] [ 44%] Built target listener
[0.924s] [ 55%] [32mBuilding CXX object CMakeFiles/robot_controller.dir/src/robot_controller.cpp.o[0m
[0.967s] [ 66%] [32mBuilding CXX object CMakeFiles/encoders.dir/src/encoders_publisher.cpp.o[0m
[18.466s] [01m[K/home/youss/Documents/Projet/Autonomouscar/ros_ws/src/robot/src/robot_controller.cpp:14:1:[m[K [01;31m[Kerror: [m[Kno declaration matches ‘[01m[KRobot_controller::[01;32m[KRobot_controller[m[K()[m[K’
[18.467s]    14 | [01;31m[KRobot_controller[m[K::Robot_controller():Node(NODE_NAME)
[18.468s]       | [01;31m[K^~~~~~~~~~~~~~~~[m[K
[18.470s] In file included from [01m[K/home/youss/Documents/Projet/Autonomouscar/ros_ws/src/robot/src/robot_controller.cpp:1[m[K:
[18.471s] [01m[K/home/youss/Documents/Projet/Autonomouscar/ros_ws/src/robot/include/robot/robot_controller.h:17:8:[m[K [01;36m[Knote: [m[Kcandidates are: ‘[01m[KRobot_controller::[01;32m[KRobot_controller[m[K(Robot_controller&&)[m[K’
[18.472s]    17 | struct [01;36m[KRobot_controller[m[K : public rclcpp::Node{
[18.473s]       |        [01;36m[K^~~~~~~~~~~~~~~~[m[K
[18.474s] [01m[K/home/youss/Documents/Projet/Autonomouscar/ros_ws/src/robot/include/robot/robot_controller.h:17:8:[m[K [01;36m[Knote: [m[K                ‘[01m[KRobot_controller::[01;32m[KRobot_controller[m[K(const Robot_controller&)[m[K’
[18.475s] [01m[K/home/youss/Documents/Projet/Autonomouscar/ros_ws/src/robot/include/robot/robot_controller.h:19:9:[m[K [01;36m[Knote: [m[K                ‘[01m[KRobot_controller::[01;32m[KRobot_controller[m[K(const std::string&)[m[K’
[18.476s]    19 |         [01;36m[KRobot_controller[m[K(const std::string &node_name);
[18.477s]       |         [01;36m[K^~~~~~~~~~~~~~~~[m[K
[18.478s] [01m[K/home/youss/Documents/Projet/Autonomouscar/ros_ws/src/robot/include/robot/robot_controller.h:17:8:[m[K [01;36m[Knote: [m[K‘[01m[Kstruct Robot_controller[m[K’ defined here
[18.479s]    17 | struct [01;36m[KRobot_controller[m[K : public rclcpp::Node{
[18.480s]       |        [01;36m[K^~~~~~~~~~~~~~~~[m[K
[21.762s] In file included from [01m[K/usr/include/c++/13/bits/stl_tempbuf.h:61[m[K,
[21.763s]                  from [01m[K/usr/include/c++/13/memory:66[m[K,
[21.764s]                  from [01m[K/opt/ros/jazzy/include/rclcpp/rclcpp/rclcpp.hpp:169[m[K,
[21.766s]                  from [01m[K/home/youss/Documents/Projet/Autonomouscar/ros_ws/src/robot/include/robot/robot_controller.h:1[m[K:
[21.767s] /usr/include/c++/13/bits/stl_construct.h: In instantiation of ‘[01m[Kvoid std::[01;32m[K_Construct[m[K(_Tp*, _Args&& ...) [35m[K[with _Tp = Robot_controller; _Args = {}][m[K[m[K’:
[21.767s] [01m[K/usr/include/c++/13/bits/alloc_traits.h:661:19:[m[K   required from ‘[01m[Kstatic void std::allocator_traits<std::allocator<void> >::[01;32m[Kconstruct[m[K(allocator_type&, _Up*, _Args&& ...) [35m[K[with _Up = Robot_controller; _Args = {}; allocator_type = std::allocator<void>][m[K[m[K’
[21.768s] [01m[K/usr/include/c++/13/bits/shared_ptr_base.h:604:39:[m[K   required from ‘[01m[Kstd::_Sp_counted_ptr_inplace<_Tp, _Alloc, _Lp>::[01;32m[K_Sp_counted_ptr_inplace[m[K(_Alloc, _Args&& ...) [35m[K[with _Args = {}; _Tp = Robot_controller; _Alloc = std::allocator<void>; __gnu_cxx::_Lock_policy _Lp = __gnu_cxx::_S_atomic][m[K[m[K’
[21.769s] [01m[K/usr/include/c++/13/bits/shared_ptr_base.h:971:16:[m[K   required from ‘[01m[Kstd::__shared_count<_Lp>::[01;32m[K__shared_count[m[K(_Tp*&, std::_Sp_alloc_shared_tag<_Alloc>, _Args&& ...) [35m[K[with _Tp = Robot_controller; _Alloc = std::allocator<void>; _Args = {}; __gnu_cxx::_Lock_policy _Lp = __gnu_cxx::_S_atomic][m[K[m[K’
[21.770s] [01m[K/usr/include/c++/13/bits/shared_ptr_base.h:1712:14:[m[K   required from ‘[01m[Kstd::__shared_ptr<_Tp, _Lp>::[01;32m[K__shared_ptr[m[K(std::_Sp_alloc_shared_tag<_Tp>, _Args&& ...) [35m[K[with _Alloc = std::allocator<void>; _Args = {}; _Tp = Robot_controller; __gnu_cxx::_Lock_policy _Lp = __gnu_cxx::_S_atomic][m[K[m[K’
[21.771s] [01m[K/usr/include/c++/13/bits/shared_ptr.h:464:59:[m[K   required from ‘[01m[Kstd::shared_ptr<_Tp>::[01;32m[Kshared_ptr[m[K(std::_Sp_alloc_shared_tag<_Tp>, _Args&& ...) [35m[K[with _Alloc = std::allocator<void>; _Args = {}; _Tp = Robot_controller][m[K[m[K’
[21.772s] [01m[K/usr/include/c++/13/bits/shared_ptr.h:1009:14:[m[K   required from ‘[01m[Kstd::shared_ptr<typename std::enable_if<(! std::is_array< <template-parameter-1-1> >::value), _Tp>::type> std::[01;32m[Kmake_shared[m[K(_Args&& ...) [35m[K[with _Tp = Robot_controller; _Args = {}; typename enable_if<(! is_array< <template-parameter-1-1> >::value), _Tp>::type = Robot_controller][m[K[m[K’
[21.773s] [01m[K/home/youss/Documents/Projet/Autonomouscar/ros_ws/src/robot/src/robot_controller.cpp:64:52:[m[K   required from here
[21.774s] [01m[K/usr/include/c++/13/bits/stl_construct.h:119:7:[m[K [01;31m[Kerror: [m[Kno matching function for call to ‘[01m[KRobot_controller::Robot_controller()[m[K’
[21.775s]   119 |       [01;31m[K::new((void*)__p) _Tp(std::forward<_Args>(__args)...)[m[K;
[21.776s]       |       [01;31m[K^~~~~~~~~~~~~~~~~~~~~~~~~~~~~~~~~~~~~~~~~~~~~~~~~~~~~[m[K
[21.777s] [01m[K/home/youss/Documents/Projet/Autonomouscar/ros_ws/src/robot/include/robot/robot_controller.h:19:9:[m[K [01;36m[Knote: [m[Kcandidate: ‘[01m[KRobot_controller::[01;32m[KRobot_controller[m[K(const std::string&)[m[K’
[21.777s]    19 |         [01;36m[KRobot_controller[m[K(const std::string &node_name);
[21.778s]       |         [01;36m[K^~~~~~~~~~~~~~~~[m[K
[21.779s] [01m[K/home/youss/Documents/Projet/Autonomouscar/ros_ws/src/robot/include/robot/robot_controller.h:19:9:[m[K [01;36m[Knote: [m[K  candidate expects 1 argument, 0 provided
[22.268s] gmake[2]: *** [CMakeFiles/robot_controller.dir/build.make:76: CMakeFiles/robot_controller.dir/src/robot_controller.cpp.o] Error 1
[22.270s] gmake[1]: *** [CMakeFiles/Makefile2:195: CMakeFiles/robot_controller.dir/all] Error 2
[22.271s] gmake[1]: *** Waiting for unfinished jobs....
[30.991s] [ 77%] [32m[1mLinking CXX executable encoders[0m
[31.286s] [ 88%] [32m[1mLinking CXX executable position_publisher[0m
[32.806s] [ 88%] Built target encoders
[32.812s] [ 88%] Built target position_publisher
[32.817s] gmake: *** [Makefile:146: all] Error 2
[32.826s] Invoked command in '/home/youss/Documents/Projet/Autonomouscar/ros_ws/build/robot' returned '2': CMAKE_PREFIX_PATH=${CMAKE_PREFIX_PATH}:/opt/ros/jazzy DEBUGINFOD_URLS=https://debuginfod.ubuntu.com /usr/bin/cmake --build /home/youss/Documents/Projet/Autonomouscar/ros_ws/build/robot -- -j4 -l4
