[0.050s] Invoking command in '/home/youss/Documents/Projet/Autonomouscar/ros_ws/build/robot': CMAKE_PREFIX_PATH=${CMAKE_PREFIX_PATH}:/opt/ros/jazzy DEBUGINFOD_URLS=https://debuginfod.ubuntu.com /usr/bin/cmake --build /home/youss/Documents/Projet/Autonomouscar/ros_ws/build/robot -- -j4 -l4
[0.373s] [ 14%] [32mBuilding CXX object CMakeFiles/encoders.dir/src/main.cpp.o[0m
[0.375s] [ 28%] [32mBuilding CXX object CMakeFiles/encoders.dir/src/encoders.cpp.o[0m
[3.255s] [01m[K/home/youss/Documents/Projet/Autonomouscar/ros_ws/src/robot/src/encoders.cpp:[m[K In member function ‘[01m[Kvoid Encoders::[01;32m[Kcompute_rps[m[K(Channel&)[m[K’:
[3.255s] [01m[K/home/youss/Documents/Projet/Autonomouscar/ros_ws/src/robot/src/encoders.cpp:209:18:[m[K [01;35m[Kwarning: [m[Kunused variable ‘[01m[Krps[m[K’ [[01;35m[K]8;;https://gcc.gnu.org/onlinedocs/gcc/Warning-Options.html#index-Wunused-variable-Wunused-variable]8;;[m[K]
[3.256s]   209 |     unsigned int [01;35m[Krps[m[K = 0;
[3.257s]       |                  [01;35m[K^~~[m[K
[3.257s] [01m[K/home/youss/Documents/Projet/Autonomouscar/ros_ws/src/robot/src/encoders.cpp:[m[K At global scope:
[3.258s] [01m[K/home/youss/Documents/Projet/Autonomouscar/ros_ws/src/robot/src/encoders.cpp:225:6:[m[K [01;31m[Kerror: [m[Kno declaration matches ‘[01m[Kvoid Encoders::[01;32m[Kcompute_rps_handler[m[K(Channel&)[m[K’
[3.259s]   225 | void [01;31m[KEncoders[m[K::compute_rps_handler(Channel &channel)
[3.259s]       |      [01;31m[K^~~~~~~~[m[K
[3.260s] In file included from [01m[K/home/youss/Documents/Projet/Autonomouscar/ros_ws/src/robot/src/encoders.cpp:22[m[K:
[3.260s] [01m[K/home/youss/Documents/Projet/Autonomouscar/ros_ws/src/robot/include/robot/encoders.h:70:21:[m[K [01;36m[Knote: [m[Kcandidate is: ‘[01m[Kstatic void Encoders::[01;32m[Kcompute_rps_handler[m[K(Encoders&)[m[K’
[3.261s]    70 |         static void [01;36m[Kcompute_rps_handler[m[K(Encoders &encoder);
[3.261s]       |                     [01;36m[K^~~~~~~~~~~~~~~~~~~[m[K
[3.262s] [01m[K/home/youss/Documents/Projet/Autonomouscar/ros_ws/src/robot/include/robot/encoders.h:9:8:[m[K [01;36m[Knote: [m[K‘[01m[Kstruct Encoders[m[K’ defined here
[3.263s]     9 | struct [01;36m[KEncoders[m[K
[3.263s]       |        [01;36m[K^~~~~~~~[m[K
[3.577s] gmake[2]: *** [CMakeFiles/encoders.dir/build.make:104: CMakeFiles/encoders.dir/src/encoders.cpp.o] Error 1
[3.578s] gmake[1]: *** [CMakeFiles/Makefile2:137: CMakeFiles/encoders.dir/all] Error 2
[3.579s] gmake: *** [Makefile:146: all] Error 2
[3.586s] Invoked command in '/home/youss/Documents/Projet/Autonomouscar/ros_ws/build/robot' returned '2': CMAKE_PREFIX_PATH=${CMAKE_PREFIX_PATH}:/opt/ros/jazzy DEBUGINFOD_URLS=https://debuginfod.ubuntu.com /usr/bin/cmake --build /home/youss/Documents/Projet/Autonomouscar/ros_ws/build/robot -- -j4 -l4
