[0.051s] Invoking command in '/home/youss/Documents/Projet/Autonomouscar/ros_ws/build/robot': CMAKE_PREFIX_PATH=${CMAKE_PREFIX_PATH}:/opt/ros/jazzy DEBUGINFOD_URLS=https://debuginfod.ubuntu.com /usr/bin/cmake --build /home/youss/Documents/Projet/Autonomouscar/ros_ws/build/robot -- -j4 -l4
[0.350s] [ 12%] Built target encoders_subscriber
[0.360s] [ 25%] Built target robot_controller
[0.364s] [ 37%] Built target position_publisher
[0.383s] [ 68%] Built target main
[0.491s] [ 81%] Built target position_reader
[0.513s] [100%] Built target motor_subscriber
[0.566s] Invoked command in '/home/youss/Documents/Projet/Autonomouscar/ros_ws/build/robot' returned '0': CMAKE_PREFIX_PATH=${CMAKE_PREFIX_PATH}:/opt/ros/jazzy DEBUGINFOD_URLS=https://debuginfod.ubuntu.com /usr/bin/cmake --build /home/youss/Documents/Projet/Autonomouscar/ros_ws/build/robot -- -j4 -l4
[0.898s] Invoking command in '/home/youss/Documents/Projet/Autonomouscar/ros_ws/build/robot': CMAKE_PREFIX_PATH=${CMAKE_PREFIX_PATH}:/opt/ros/jazzy DEBUGINFOD_URLS=https://debuginfod.ubuntu.com /usr/bin/cmake --install /home/youss/Documents/Projet/Autonomouscar/ros_ws/build/robot
[0.936s] -- Install configuration: ""
[0.938s] -- Execute custom install script
[0.940s] -- Up-to-date symlink: /home/youss/Documents/Projet/Autonomouscar/ros_ws/install/robot/lib/robot/main
[0.941s] -- Up-to-date symlink: /home/youss/Documents/Projet/Autonomouscar/ros_ws/install/robot/lib/robot/encoders_subscriber
[0.942s] -- Up-to-date symlink: /home/youss/Documents/Projet/Autonomouscar/ros_ws/install/robot/lib/robot/robot_controller
[0.943s] -- Up-to-date symlink: /home/youss/Documents/Projet/Autonomouscar/ros_ws/install/robot/lib/robot/position_publisher
[0.943s] -- Up-to-date symlink: /home/youss/Documents/Projet/Autonomouscar/ros_ws/install/robot/lib/robot/position_reader
[0.944s] -- Up-to-date symlink: /home/youss/Documents/Projet/Autonomouscar/ros_ws/install/robot/lib/robot/motor_subscriber
[0.946s] -- Up-to-date symlink: /home/youss/Documents/Projet/Autonomouscar/ros_ws/install/robot/share/robot/launch/launch.py
[0.948s] -- Up-to-date symlink: /home/youss/Documents/Projet/Autonomouscar/ros_ws/install/robot/share/ament_index/resource_index/package_run_dependencies/robot
[0.949s] -- Up-to-date symlink: /home/youss/Documents/Projet/Autonomouscar/ros_ws/install/robot/share/ament_index/resource_index/parent_prefix_path/robot
[0.950s] -- Up-to-date symlink: /home/youss/Documents/Projet/Autonomouscar/ros_ws/install/robot/share/robot/environment/ament_prefix_path.sh
[0.951s] -- Up-to-date symlink: /home/youss/Documents/Projet/Autonomouscar/ros_ws/install/robot/share/robot/environment/ament_prefix_path.dsv
[0.952s] -- Up-to-date symlink: /home/youss/Documents/Projet/Autonomouscar/ros_ws/install/robot/share/robot/environment/path.sh
[0.953s] -- Up-to-date symlink: /home/youss/Documents/Projet/Autonomouscar/ros_ws/install/robot/share/robot/environment/path.dsv
[0.954s] -- Up-to-date symlink: /home/youss/Documents/Projet/Autonomouscar/ros_ws/install/robot/share/robot/local_setup.bash
[0.955s] -- Up-to-date symlink: /home/youss/Documents/Projet/Autonomouscar/ros_ws/install/robot/share/robot/local_setup.sh
[0.956s] -- Up-to-date symlink: /home/youss/Documents/Projet/Autonomouscar/ros_ws/install/robot/share/robot/local_setup.zsh
[0.957s] -- Up-to-date symlink: /home/youss/Documents/Projet/Autonomouscar/ros_ws/install/robot/share/robot/local_setup.dsv
[0.958s] -- Symlinking: /home/youss/Documents/Projet/Autonomouscar/ros_ws/install/robot/share/robot/package.dsv
[1.002s] -- Up-to-date symlink: /home/youss/Documents/Projet/Autonomouscar/ros_ws/install/robot/share/ament_index/resource_index/packages/robot
[1.003s] -- Up-to-date symlink: /home/youss/Documents/Projet/Autonomouscar/ros_ws/install/robot/share/robot/cmake/robotConfig.cmake
[1.003s] -- Up-to-date symlink: /home/youss/Documents/Projet/Autonomouscar/ros_ws/install/robot/share/robot/cmake/robotConfig-version.cmake
[1.005s] -- Up-to-date symlink: /home/youss/Documents/Projet/Autonomouscar/ros_ws/install/robot/share/robot/package.xml
[1.012s] Invoked command in '/home/youss/Documents/Projet/Autonomouscar/ros_ws/build/robot' returned '0': CMAKE_PREFIX_PATH=${CMAKE_PREFIX_PATH}:/opt/ros/jazzy DEBUGINFOD_URLS=https://debuginfod.ubuntu.com /usr/bin/cmake --install /home/youss/Documents/Projet/Autonomouscar/ros_ws/build/robot
