[0.050s] Invoking command in '/home/youss/Documents/Projet/Autonomouscar/ros_ws/build/robot': CMAKE_PREFIX_PATH=${CMAKE_PREFIX_PATH}:/opt/ros/jazzy DEBUGINFOD_URLS=https://debuginfod.ubuntu.com /usr/bin/cmake --build /home/youss/Documents/Projet/Autonomouscar/ros_ws/build/robot -- -j4 -l4
[0.173s] -- Found ament_cmake: 2.5.2 (/opt/ros/jazzy/share/ament_cmake/cmake)
[1.118s] -- Override CMake install command with custom implementation using symlinks instead of copying resources
[1.150s] -- Found rclcpp: 28.1.5 (/opt/ros/jazzy/share/rclcpp/cmake)
[1.300s] -- Found rosidl_generator_c: 4.6.4 (/opt/ros/jazzy/share/rosidl_generator_c/cmake)
[1.339s] -- Found rosidl_generator_cpp: 4.6.4 (/opt/ros/jazzy/share/rosidl_generator_cpp/cmake)
[1.386s] -- Using all available rosidl_typesupport_c: rosidl_typesupport_fastrtps_c;rosidl_typesupport_introspection_c
[1.441s] -- Using all available rosidl_typesupport_cpp: rosidl_typesupport_fastrtps_cpp;rosidl_typesupport_introspection_cpp
[1.670s] -- Found rmw_implementation_cmake: 7.3.1 (/opt/ros/jazzy/share/rmw_implementation_cmake/cmake)
[1.676s] -- Found rmw_fastrtps_cpp: 8.4.1 (/opt/ros/jazzy/share/rmw_fastrtps_cpp/cmake)
[1.944s] -- Using RMW implementation 'rmw_fastrtps_cpp' as default
[2.164s] -- Found std_msgs: 5.3.5 (/opt/ros/jazzy/share/std_msgs/cmake)
[2.212s] -- Found geometry_msgs: 5.3.5 (/opt/ros/jazzy/share/geometry_msgs/cmake)
[2.267s] -- Found ament_lint_auto: 0.17.1 (/opt/ros/jazzy/share/ament_lint_auto/cmake)
[2.828s] -- Added test 'cppcheck' to perform static code analysis on C / C++ code
[2.829s] -- Configured cppcheck include dirs: $<BUILD_INTERFACE:/home/youss/Documents/Projet/Autonomouscar/ros_ws/src/robot/include>
[2.830s] -- Configured cppcheck exclude dirs and/or files: 
[2.833s] -- Added test 'flake8' to check Python code syntax and style conventions
[2.833s] -- Configured 'flake8' exclude dirs and/or files: 
[2.838s] -- Added test 'lint_cmake' to check CMake code style
[2.841s] -- Added test 'pep257' to check Python code against some of the docstring style conventions in PEP 257
[2.856s] -- Added test 'uncrustify' to check C / C++ code style
[2.857s] -- Configured uncrustify additional arguments: 
[2.860s] -- Added test 'xmllint' to check XML markup files
[2.887s] -- Configuring done (2.7s)
[3.040s] -- Generating done (0.1s)
[3.055s] -- Build files have been written to: /home/youss/Documents/Projet/Autonomouscar/ros_ws/build/robot
[3.293s] [ 13%] Built target encoders_subscriber
[3.295s] [ 26%] Built target robot_controller
[3.295s] [ 40%] Built target position_publisher
[3.307s] [ 46%] [32mBuilding CXX object CMakeFiles/main.dir/src/main.cpp.o[0m
[3.440s] [ 53%] [32mBuilding CXX object CMakeFiles/motor_subscriber.dir/src/motor_subscriber.cpp.o[0m
[3.450s] [ 66%] Built target position_reader
[15.944s] [01m[K/home/youss/Documents/Projet/Autonomouscar/ros_ws/src/robot/src/main.cpp:[m[K In function ‘[01m[Kint[01;32m[K main[m[K(int, char**)[m[K’:
[15.945s] [01m[K/home/youss/Documents/Projet/Autonomouscar/ros_ws/src/robot/src/main.cpp:73:14:[m[K [01;35m[Kwarning: [m[Kunused parameter ‘[01m[Kargc[m[K’ [[01;35m[K]8;;https://gcc.gnu.org/onlinedocs/gcc/Warning-Options.html#index-Wunused-parameter-Wunused-parameter]8;;[m[K]
[15.945s]    73 | int main([01;35m[Kint argc[m[K, char* argv[]){
[15.946s]       |          [01;35m[K~~~~^~~~[m[K
[15.946s] [01m[K/home/youss/Documents/Projet/Autonomouscar/ros_ws/src/robot/src/main.cpp:73:26:[m[K [01;35m[Kwarning: [m[Kunused parameter ‘[01m[Kargv[m[K’ [[01;35m[K]8;;https://gcc.gnu.org/onlinedocs/gcc/Warning-Options.html#index-Wunused-parameter-Wunused-parameter]8;;[m[K]
[15.947s]    73 | int main(int argc, [01;35m[Kchar* argv[][m[K){
[15.947s]       |                    [01;35m[K~~~~~~^~~~~~[m[K
[19.203s] [ 73%] [32m[1mLinking CXX executable main[0m
[19.693s] [ 86%] Built target main
[39.494s] [ 93%] [32m[1mLinking CXX executable motor_subscriber[0m
[40.835s] /usr/bin/ld: CMakeFiles/motor_subscriber.dir/src/motor.cpp.o: in function `Motor::init_pwm(unsigned int const&, unsigned int const&) const':
[40.835s] motor.cpp:(.text+0x14c): undefined reference to `gpioPWM'
[40.836s] /usr/bin/ld: CMakeFiles/motor_subscriber.dir/src/motor.cpp.o: in function `Motor::configure_gpio_as_output(unsigned int const&) const':
[40.836s] motor.cpp:(.text+0x214): undefined reference to `gpioSetMode'
[40.836s] /usr/bin/ld: CMakeFiles/motor_subscriber.dir/src/motor.cpp.o: in function `Motor::stop()':
[40.837s] motor.cpp:(.text+0x3d4): undefined reference to `gpioPWM'
[40.837s] /usr/bin/ld: motor.cpp:(.text+0x3f4): undefined reference to `gpioPWM'
[40.920s] collect2: error: ld returned 1 exit status
[40.927s] gmake[2]: *** [CMakeFiles/motor_subscriber.dir/build.make:195: motor_subscriber] Error 1
[40.928s] gmake[1]: *** [CMakeFiles/Makefile2:251: CMakeFiles/motor_subscriber.dir/all] Error 2
[40.929s] gmake: *** [Makefile:146: all] Error 2
[40.936s] Invoked command in '/home/youss/Documents/Projet/Autonomouscar/ros_ws/build/robot' returned '2': CMAKE_PREFIX_PATH=${CMAKE_PREFIX_PATH}:/opt/ros/jazzy DEBUGINFOD_URLS=https://debuginfod.ubuntu.com /usr/bin/cmake --build /home/youss/Documents/Projet/Autonomouscar/ros_ws/build/robot -- -j4 -l4
