[0.052s] Invoking command in '/home/youss/Documents/Projet/Autonomouscar/ros_ws/build/robot': CMAKE_PREFIX_PATH=${CMAKE_PREFIX_PATH}:/opt/ros/jazzy DEBUGINFOD_URLS=https://debuginfod.ubuntu.com /usr/bin/cmake --build /home/youss/Documents/Projet/Autonomouscar/ros_ws/build/robot -- -j4 -l4
[0.348s] [ 12%] Built target encoders_subscriber
[0.352s] [ 43%] Built target main
[0.354s] [ 56%] Built target robot_controller
[0.355s] [ 68%] Built target position_publisher
[0.478s] [ 81%] Built target position_reader
[0.503s] [ 87%] [32mBuilding CXX object CMakeFiles/motor_subscriber.dir/src/motor_subscriber.cpp.o[0m
[11.362s] In file included from [01m[K/home/youss/Documents/Projet/Autonomouscar/ros_ws/src/robot/src/motor_subscriber.cpp:1[m[K:
[11.363s] [01m[K/home/youss/Documents/Projet/Autonomouscar/ros_ws/src/robot/include/robot/motor_subscriber.h:28:57:[m[K [01;31m[Kerror: [m[Kexpected ‘[01m[K;[m[K’ at end of member declaration
[11.363s]    28 |                         const unsigned int &motor_gpio) [01;31m[Kconst[m[K
[11.364s]       |                                                         [01;31m[K^~~~~[m[K
[11.364s]       |                                                              [32m[K;[m[K
[11.398s] [01m[K/home/youss/Documents/Projet/Autonomouscar/ros_ws/src/robot/src/motor_subscriber.cpp:[m[K In constructor ‘[01m[KMotor_subscriber::[01;32m[KMotor_subscriber[m[K()[m[K’:
[11.399s] [01m[K/home/youss/Documents/Projet/Autonomouscar/ros_ws/src/robot/src/motor_subscriber.cpp:22:86:[m[K [01;31m[Kerror: [m[K‘[01m[K_M1A_gpio[m[K’ was not declared in this scope; did you mean ‘[01m[K_M1A_GPIO[m[K’?
[11.399s]    22 |         std::bind(&Motor_subscriber::set_left_motor_and_right_motor_duty_cycle, this,[01;31m[K_M1A_gpio[m[K, _M1B_gpio, std::placeholders::_1));
[11.400s]       |                                                                                      [01;31m[K^~~~~~~~~[m[K
[11.400s]       |                                                                                      [32m[K_M1A_GPIO[m[K
[11.424s] [01m[K/home/youss/Documents/Projet/Autonomouscar/ros_ws/src/robot/src/motor_subscriber.cpp:22:97:[m[K [01;31m[Kerror: [m[K‘[01m[K_M1B_gpio[m[K’ was not declared in this scope; did you mean ‘[01m[K_M1B_GPIO[m[K’?
[11.425s]    22 |         std::bind(&Motor_subscriber::set_left_motor_and_right_motor_duty_cycle, this,_M1A_gpio, [01;31m[K_M1B_gpio[m[K, std::placeholders::_1));
[11.425s]       |                                                                                                 [01;31m[K^~~~~~~~~[m[K
[11.426s]       |                                                                                                 [32m[K_M1B_GPIO[m[K
[14.316s] gmake[2]: *** [CMakeFiles/motor_subscriber.dir/build.make:76: CMakeFiles/motor_subscriber.dir/src/motor_subscriber.cpp.o] Error 1
[14.317s] gmake[1]: *** [CMakeFiles/Makefile2:251: CMakeFiles/motor_subscriber.dir/all] Error 2
[14.318s] gmake: *** [Makefile:146: all] Error 2
[14.325s] Invoked command in '/home/youss/Documents/Projet/Autonomouscar/ros_ws/build/robot' returned '2': CMAKE_PREFIX_PATH=${CMAKE_PREFIX_PATH}:/opt/ros/jazzy DEBUGINFOD_URLS=https://debuginfod.ubuntu.com /usr/bin/cmake --build /home/youss/Documents/Projet/Autonomouscar/ros_ws/build/robot -- -j4 -l4
