[01m[K/home/youss/Documents/Projet/Autonomouscar/ros_ws/src/robot/src/main.cpp:[m[K In function ‘[01m[Kint[01;32m[K main[m[K()[m[K’:
[01m[K/home/youss/Documents/Projet/Autonomouscar/ros_ws/src/robot/src/main.cpp:91:44:[m[K [01;31m[Kerror: [m[K‘[01m[Kstatic void Encoders::[01;32m[Kcompute_encoder_rps_handler[m[K(Encoders&)[m[K’ is private within this context
   91 |     std::thread encoder_A_thread(Encoders::[01;31m[Kcompute_encoder_rps_handler[m[K, std::ref(encoder_A));
      |                                            [01;31m[K^~~~~~~~~~~~~~~~~~~~~~~~~~~[m[K
In file included from [01m[K/home/youss/Documents/Projet/Autonomouscar/ros_ws/src/robot/src/main.cpp:19[m[K:
[01m[K/home/youss/Documents/Projet/Autonomouscar/ros_ws/src/robot/include/robot/encoders.h:74:21:[m[K [01;36m[Knote: [m[Kdeclared private here
   74 |         static void [01;36m[Kcompute_encoder_rps_handler[m[K(Encoders &encoder);
      |                     [01;36m[K^~~~~~~~~~~~~~~~~~~~~~~~~~~[m[K
[01m[K/home/youss/Documents/Projet/Autonomouscar/ros_ws/src/robot/src/main.cpp:92:44:[m[K [01;31m[Kerror: [m[K‘[01m[Kstatic void Encoders::[01;32m[Kcompute_encoder_rps_handler[m[K(Encoders&)[m[K’ is private within this context
   92 |     std::thread encoder_B_thread(Encoders::[01;31m[Kcompute_encoder_rps_handler[m[K, std::ref(encoder_B));
      |                                            [01;31m[K^~~~~~~~~~~~~~~~~~~~~~~~~~~[m[K
[01m[K/home/youss/Documents/Projet/Autonomouscar/ros_ws/src/robot/include/robot/encoders.h:74:21:[m[K [01;36m[Knote: [m[Kdeclared private here
   74 |         static void [01;36m[Kcompute_encoder_rps_handler[m[K(Encoders &encoder);
      |                     [01;36m[K^~~~~~~~~~~~~~~~~~~~~~~~~~~[m[K
[01m[K/home/youss/Documents/Projet/Autonomouscar/ros_ws/src/robot/src/main.cpp:94:25:[m[K [01;31m[Kerror: [m[K‘[01m[Kasync[m[K’ is not a member of ‘[01m[Kstd[m[K’
   94 |     auto count_A = std::[01;31m[Kasync[m[K(std::launch::async, encoder_A.count_number_of_changes);
      |                         [01;31m[K^~~~~[m[K
[01m[K/home/youss/Documents/Projet/Autonomouscar/ros_ws/src/robot/src/main.cpp:25:1:[m[K [01;36m[Knote: [m[K‘[01m[Kstd::async[m[K’ is defined in header ‘[01m[K<future>[m[K’; did you forget to ‘[01m[K#include <future>[m[K’?
   24 | #include "robot/motor.h"
  +++ |+[32m[K#include <future>[m[K
   25 | 
[01m[K/home/youss/Documents/Projet/Autonomouscar/ros_ws/src/robot/src/main.cpp:94:36:[m[K [01;31m[Kerror: [m[K‘[01m[Kstd::launch[m[K’ has not been declared
   94 |     auto count_A = std::async(std::[01;31m[Klaunch[m[K::async, encoder_A.count_number_of_changes);
      |                                    [01;31m[K^~~~~~[m[K
[01m[K/home/youss/Documents/Projet/Autonomouscar/ros_ws/src/robot/src/main.cpp:95:25:[m[K [01;31m[Kerror: [m[K‘[01m[Kasync[m[K’ is not a member of ‘[01m[Kstd[m[K’
   95 |     auto count_B = std::[01;31m[Kasync[m[K(std::launch::async, encoder_B.count_number_of_changes);
      |                         [01;31m[K^~~~~[m[K
[01m[K/home/youss/Documents/Projet/Autonomouscar/ros_ws/src/robot/src/main.cpp:95:25:[m[K [01;36m[Knote: [m[K‘[01m[Kstd::async[m[K’ is defined in header ‘[01m[K<future>[m[K’; did you forget to ‘[01m[K#include <future>[m[K’?
[01m[K/home/youss/Documents/Projet/Autonomouscar/ros_ws/src/robot/src/main.cpp:95:36:[m[K [01;31m[Kerror: [m[K‘[01m[Kstd::launch[m[K’ has not been declared
   95 |     auto count_B = std::async(std::[01;31m[Klaunch[m[K::async, encoder_B.count_number_of_changes);
      |                                    [01;31m[K^~~~~~[m[K
gmake[2]: *** [CMakeFiles/main.dir/build.make:76: CMakeFiles/main.dir/src/main.cpp.o] Error 1
gmake[1]: *** [CMakeFiles/Makefile2:147: CMakeFiles/main.dir/all] Error 2
gmake: *** [Makefile:146: all] Error 2
