[0.053s] Invoking command in '/home/youss/Documents/Projet/Autonomouscar/ros_ws/build/robot': CMAKE_PREFIX_PATH=${CMAKE_PREFIX_PATH}:/opt/ros/jazzy DEBUGINFOD_URLS=https://debuginfod.ubuntu.com /usr/bin/cmake --build /home/youss/Documents/Projet/Autonomouscar/ros_ws/build/robot -- -j4 -l4
[0.364s] [ 20%] [32mBuilding CXX object CMakeFiles/main.dir/src/main.cpp.o[0m
[0.365s] [ 20%] Built target listener
[0.371s] [ 33%] Built target robot_controller
[0.372s] [ 46%] Built target position_publisher
[0.501s] [ 60%] Built target motor_subscriber
[0.514s] [ 73%] Built target position_reader
[2.875s] [01m[K/home/youss/Documents/Projet/Autonomouscar/ros_ws/src/robot/src/main.cpp:[m[K In function ‘[01m[Kint[01;32m[K main[m[K()[m[K’:
[2.876s] [01m[K/home/youss/Documents/Projet/Autonomouscar/ros_ws/src/robot/src/main.cpp:91:44:[m[K [01;31m[Kerror: [m[K‘[01m[Kstatic void Encoders::[01;32m[Kcompute_encoder_rps_handler[m[K(Encoders&)[m[K’ is private within this context
[2.876s]    91 |     std::thread encoder_A_thread(Encoders::[01;31m[Kcompute_encoder_rps_handler[m[K, std::ref(encoder_A));
[2.876s]       |                                            [01;31m[K^~~~~~~~~~~~~~~~~~~~~~~~~~~[m[K
[2.877s] In file included from [01m[K/home/youss/Documents/Projet/Autonomouscar/ros_ws/src/robot/src/main.cpp:19[m[K:
[2.877s] [01m[K/home/youss/Documents/Projet/Autonomouscar/ros_ws/src/robot/include/robot/encoders.h:74:21:[m[K [01;36m[Knote: [m[Kdeclared private here
[2.877s]    74 |         static void [01;36m[Kcompute_encoder_rps_handler[m[K(Encoders &encoder);
[2.878s]       |                     [01;36m[K^~~~~~~~~~~~~~~~~~~~~~~~~~~[m[K
[2.881s] [01m[K/home/youss/Documents/Projet/Autonomouscar/ros_ws/src/robot/src/main.cpp:92:44:[m[K [01;31m[Kerror: [m[K‘[01m[Kstatic void Encoders::[01;32m[Kcompute_encoder_rps_handler[m[K(Encoders&)[m[K’ is private within this context
[2.881s]    92 |     std::thread encoder_B_thread(Encoders::[01;31m[Kcompute_encoder_rps_handler[m[K, std::ref(encoder_B));
[2.882s]       |                                            [01;31m[K^~~~~~~~~~~~~~~~~~~~~~~~~~~[m[K
[2.882s] [01m[K/home/youss/Documents/Projet/Autonomouscar/ros_ws/src/robot/include/robot/encoders.h:74:21:[m[K [01;36m[Knote: [m[Kdeclared private here
[2.883s]    74 |         static void [01;36m[Kcompute_encoder_rps_handler[m[K(Encoders &encoder);
[2.883s]       |                     [01;36m[K^~~~~~~~~~~~~~~~~~~~~~~~~~~[m[K
[2.883s] [01m[K/home/youss/Documents/Projet/Autonomouscar/ros_ws/src/robot/src/main.cpp:94:25:[m[K [01;31m[Kerror: [m[K‘[01m[Kasync[m[K’ is not a member of ‘[01m[Kstd[m[K’
[2.884s]    94 |     auto count_A = std::[01;31m[Kasync[m[K(std::launch::async, encoder_A.count_number_of_changes);
[2.884s]       |                         [01;31m[K^~~~~[m[K
[2.884s] [01m[K/home/youss/Documents/Projet/Autonomouscar/ros_ws/src/robot/src/main.cpp:25:1:[m[K [01;36m[Knote: [m[K‘[01m[Kstd::async[m[K’ is defined in header ‘[01m[K<future>[m[K’; did you forget to ‘[01m[K#include <future>[m[K’?
[2.885s]    24 | #include "robot/motor.h"
[2.885s]   +++ |+[32m[K#include <future>[m[K
[2.886s]    25 | 
[2.886s] [01m[K/home/youss/Documents/Projet/Autonomouscar/ros_ws/src/robot/src/main.cpp:94:36:[m[K [01;31m[Kerror: [m[K‘[01m[Kstd::launch[m[K’ has not been declared
[2.886s]    94 |     auto count_A = std::async(std::[01;31m[Klaunch[m[K::async, encoder_A.count_number_of_changes);
[2.887s]       |                                    [01;31m[K^~~~~~[m[K
[2.887s] [01m[K/home/youss/Documents/Projet/Autonomouscar/ros_ws/src/robot/src/main.cpp:95:25:[m[K [01;31m[Kerror: [m[K‘[01m[Kasync[m[K’ is not a member of ‘[01m[Kstd[m[K’
[2.887s]    95 |     auto count_B = std::[01;31m[Kasync[m[K(std::launch::async, encoder_B.count_number_of_changes);
[2.888s]       |                         [01;31m[K^~~~~[m[K
[2.888s] [01m[K/home/youss/Documents/Projet/Autonomouscar/ros_ws/src/robot/src/main.cpp:95:25:[m[K [01;36m[Knote: [m[K‘[01m[Kstd::async[m[K’ is defined in header ‘[01m[K<future>[m[K’; did you forget to ‘[01m[K#include <future>[m[K’?
[2.889s] [01m[K/home/youss/Documents/Projet/Autonomouscar/ros_ws/src/robot/src/main.cpp:95:36:[m[K [01;31m[Kerror: [m[K‘[01m[Kstd::launch[m[K’ has not been declared
[2.889s]    95 |     auto count_B = std::async(std::[01;31m[Klaunch[m[K::async, encoder_B.count_number_of_changes);
[2.889s]       |                                    [01;31m[K^~~~~~[m[K
[3.138s] gmake[2]: *** [CMakeFiles/main.dir/build.make:76: CMakeFiles/main.dir/src/main.cpp.o] Error 1
[3.139s] gmake[1]: *** [CMakeFiles/Makefile2:147: CMakeFiles/main.dir/all] Error 2
[3.139s] gmake: *** [Makefile:146: all] Error 2
[3.148s] Invoked command in '/home/youss/Documents/Projet/Autonomouscar/ros_ws/build/robot' returned '2': CMAKE_PREFIX_PATH=${CMAKE_PREFIX_PATH}:/opt/ros/jazzy DEBUGINFOD_URLS=https://debuginfod.ubuntu.com /usr/bin/cmake --build /home/youss/Documents/Projet/Autonomouscar/ros_ws/build/robot -- -j4 -l4
