[0.464s] DEBUG:colcon:Command line arguments: ['/usr/bin/colcon', 'build']
[0.464s] DEBUG:colcon:Parsed command line arguments: Namespace(log_base=None, log_level=None, verb_name='build', build_base='build', install_base='install', merge_install=False, symlink_install=False, test_result_base=None, continue_on_error=False, executor='parallel', parallel_workers=4, event_handlers=None, ignore_user_meta=False, metas=['./colcon.meta'], base_paths=['.'], packages_ignore=None, packages_ignore_regex=None, paths=None, packages_up_to=None, packages_up_to_regex=None, packages_above=None, packages_above_and_dependencies=None, packages_above_depth=None, packages_select_by_dep=None, packages_skip_by_dep=None, packages_skip_up_to=None, packages_select_build_failed=False, packages_skip_build_finished=False, packages_select_test_failures=False, packages_skip_test_passed=False, packages_select=None, packages_skip=None, packages_select_regex=None, packages_skip_regex=None, packages_start=None, packages_end=None, allow_overriding=[], cmake_args=None, cmake_target=None, cmake_target_skip_unavailable=False, cmake_clean_cache=False, cmake_clean_first=False, cmake_force_configure=False, ament_cmake_args=None, catkin_cmake_args=None, catkin_skip_building_tests=False, mixin_files=None, mixin=None, verb_parser=<colcon_mixin.mixin.mixin_argument.MixinArgumentDecorator object at 0xffff807569f0>, verb_extension=<colcon_core.verb.build.BuildVerb object at 0xffff80756630>, main=<bound method BuildVerb.main of <colcon_core.verb.build.BuildVerb object at 0xffff80756630>>, mixin_verb=('build',))
[0.619s] Level 1:colcon.colcon_core.package_discovery:discover_packages(colcon_meta) check parameters
[0.620s] Level 1:colcon.colcon_core.package_discovery:discover_packages(recursive) check parameters
[0.620s] Level 1:colcon.colcon_core.package_discovery:discover_packages(ignore) check parameters
[0.620s] Level 1:colcon.colcon_core.package_discovery:discover_packages(path) check parameters
[0.620s] Level 1:colcon.colcon_core.package_discovery:discover_packages(colcon_meta) discover
[0.620s] Level 1:colcon.colcon_core.package_discovery:discover_packages(recursive) discover
[0.620s] INFO:colcon.colcon_core.package_discovery:Crawling recursively for packages in '/home/youss/Documents/Projet/Autonomouscar/ros_ws'
[0.621s] Level 1:colcon.colcon_core.package_identification:_identify(.) by extensions ['ignore', 'ignore_ament_install']
[0.621s] Level 1:colcon.colcon_core.package_identification:_identify(.) by extension 'ignore'
[0.621s] Level 1:colcon.colcon_core.package_identification:_identify(.) by extension 'ignore_ament_install'
[0.622s] Level 1:colcon.colcon_core.package_identification:_identify(.) by extensions ['colcon_pkg']
[0.622s] Level 1:colcon.colcon_core.package_identification:_identify(.) by extension 'colcon_pkg'
[0.622s] Level 1:colcon.colcon_core.package_identification:_identify(.) by extensions ['colcon_meta']
[0.622s] Level 1:colcon.colcon_core.package_identification:_identify(.) by extension 'colcon_meta'
[0.622s] Level 1:colcon.colcon_core.package_identification:_identify(.) by extensions ['ros']
[0.622s] Level 1:colcon.colcon_core.package_identification:_identify(.) by extension 'ros'
[0.730s] Level 1:colcon.colcon_core.package_identification:_identify(.) by extensions ['cmake', 'python']
[0.730s] Level 1:colcon.colcon_core.package_identification:_identify(.) by extension 'cmake'
[0.730s] Level 1:colcon.colcon_core.package_identification:_identify(.) by extension 'python'
[0.730s] Level 1:colcon.colcon_core.package_identification:_identify(.) by extensions ['python_setup_py']
[0.730s] Level 1:colcon.colcon_core.package_identification:_identify(.) by extension 'python_setup_py'
[0.731s] Level 1:colcon.colcon_core.package_identification:_identify(build) by extensions ['ignore', 'ignore_ament_install']
[0.731s] Level 1:colcon.colcon_core.package_identification:_identify(build) by extension 'ignore'
[0.731s] Level 1:colcon.colcon_core.package_identification:_identify(build) ignored
[0.732s] Level 1:colcon.colcon_core.package_identification:_identify(install) by extensions ['ignore', 'ignore_ament_install']
[0.732s] Level 1:colcon.colcon_core.package_identification:_identify(install) by extension 'ignore'
[0.732s] Level 1:colcon.colcon_core.package_identification:_identify(install) ignored
[0.736s] Level 1:colcon.colcon_core.package_identification:_identify(log) by extensions ['ignore', 'ignore_ament_install']
[0.736s] Level 1:colcon.colcon_core.package_identification:_identify(log) by extension 'ignore'
[0.736s] Level 1:colcon.colcon_core.package_identification:_identify(log) ignored
[0.737s] Level 1:colcon.colcon_core.package_identification:_identify(scripts) by extensions ['ignore', 'ignore_ament_install']
[0.737s] Level 1:colcon.colcon_core.package_identification:_identify(scripts) by extension 'ignore'
[0.737s] Level 1:colcon.colcon_core.package_identification:_identify(scripts) by extension 'ignore_ament_install'
[0.737s] Level 1:colcon.colcon_core.package_identification:_identify(scripts) by extensions ['colcon_pkg']
[0.738s] Level 1:colcon.colcon_core.package_identification:_identify(scripts) by extension 'colcon_pkg'
[0.738s] Level 1:colcon.colcon_core.package_identification:_identify(scripts) by extensions ['colcon_meta']
[0.738s] Level 1:colcon.colcon_core.package_identification:_identify(scripts) by extension 'colcon_meta'
[0.738s] Level 1:colcon.colcon_core.package_identification:_identify(scripts) by extensions ['ros']
[0.738s] Level 1:colcon.colcon_core.package_identification:_identify(scripts) by extension 'ros'
[0.738s] Level 1:colcon.colcon_core.package_identification:_identify(scripts) by extensions ['cmake', 'python']
[0.739s] Level 1:colcon.colcon_core.package_identification:_identify(scripts) by extension 'cmake'
[0.739s] Level 1:colcon.colcon_core.package_identification:_identify(scripts) by extension 'python'
[0.739s] Level 1:colcon.colcon_core.package_identification:_identify(scripts) by extensions ['python_setup_py']
[0.739s] Level 1:colcon.colcon_core.package_identification:_identify(scripts) by extension 'python_setup_py'
[0.739s] Level 1:colcon.colcon_core.package_identification:_identify(src) by extensions ['ignore', 'ignore_ament_install']
[0.740s] Level 1:colcon.colcon_core.package_identification:_identify(src) by extension 'ignore'
[0.740s] Level 1:colcon.colcon_core.package_identification:_identify(src) by extension 'ignore_ament_install'
[0.740s] Level 1:colcon.colcon_core.package_identification:_identify(src) by extensions ['colcon_pkg']
[0.740s] Level 1:colcon.colcon_core.package_identification:_identify(src) by extension 'colcon_pkg'
[0.740s] Level 1:colcon.colcon_core.package_identification:_identify(src) by extensions ['colcon_meta']
[0.740s] Level 1:colcon.colcon_core.package_identification:_identify(src) by extension 'colcon_meta'
[0.740s] Level 1:colcon.colcon_core.package_identification:_identify(src) by extensions ['ros']
[0.741s] Level 1:colcon.colcon_core.package_identification:_identify(src) by extension 'ros'
[0.741s] Level 1:colcon.colcon_core.package_identification:_identify(src) by extensions ['cmake', 'python']
[0.741s] Level 1:colcon.colcon_core.package_identification:_identify(src) by extension 'cmake'
[0.741s] Level 1:colcon.colcon_core.package_identification:_identify(src) by extension 'python'
[0.741s] Level 1:colcon.colcon_core.package_identification:_identify(src) by extensions ['python_setup_py']
[0.741s] Level 1:colcon.colcon_core.package_identification:_identify(src) by extension 'python_setup_py'
[0.742s] Level 1:colcon.colcon_core.package_identification:_identify(src/robot) by extensions ['ignore', 'ignore_ament_install']
[0.742s] Level 1:colcon.colcon_core.package_identification:_identify(src/robot) by extension 'ignore'
[0.742s] Level 1:colcon.colcon_core.package_identification:_identify(src/robot) by extension 'ignore_ament_install'
[0.742s] Level 1:colcon.colcon_core.package_identification:_identify(src/robot) by extensions ['colcon_pkg']
[0.743s] Level 1:colcon.colcon_core.package_identification:_identify(src/robot) by extension 'colcon_pkg'
[0.743s] Level 1:colcon.colcon_core.package_identification:_identify(src/robot) by extensions ['colcon_meta']
[0.743s] Level 1:colcon.colcon_core.package_identification:_identify(src/robot) by extension 'colcon_meta'
[0.743s] Level 1:colcon.colcon_core.package_identification:_identify(src/robot) by extensions ['ros']
[0.743s] Level 1:colcon.colcon_core.package_identification:_identify(src/robot) by extension 'ros'
[0.751s] DEBUG:colcon.colcon_core.package_identification:Package 'src/robot' with type 'ros.ament_cmake' and name 'robot'
[0.752s] Level 1:colcon.colcon_core.package_discovery:discover_packages(recursive) using defaults
[0.752s] Level 1:colcon.colcon_core.package_discovery:discover_packages(ignore) discover
[0.752s] Level 1:colcon.colcon_core.package_discovery:discover_packages(ignore) using defaults
[0.752s] Level 1:colcon.colcon_core.package_discovery:discover_packages(path) discover
[0.752s] Level 1:colcon.colcon_core.package_discovery:discover_packages(path) using defaults
[0.821s] Level 1:colcon.colcon_core.package_discovery:discover_packages(prefix_path) check parameters
[0.821s] Level 1:colcon.colcon_core.package_discovery:discover_packages(prefix_path) discover
[0.829s] DEBUG:colcon.colcon_installed_package_information.package_discovery:Found 1 installed packages in /home/youss/Documents/Projet/Autonomouscar/ros_ws/install
[0.839s] DEBUG:colcon.colcon_installed_package_information.package_discovery:Found 285 installed packages in /opt/ros/jazzy
[0.846s] Level 1:colcon.colcon_core.package_discovery:discover_packages(prefix_path) using defaults
[1.036s] Level 5:colcon.colcon_core.verb:set package 'robot' build argument 'cmake_args' from command line to 'None'
[1.036s] Level 5:colcon.colcon_core.verb:set package 'robot' build argument 'cmake_target' from command line to 'None'
[1.036s] Level 5:colcon.colcon_core.verb:set package 'robot' build argument 'cmake_target_skip_unavailable' from command line to 'False'
[1.036s] Level 5:colcon.colcon_core.verb:set package 'robot' build argument 'cmake_clean_cache' from command line to 'False'
[1.037s] Level 5:colcon.colcon_core.verb:set package 'robot' build argument 'cmake_clean_first' from command line to 'False'
[1.037s] Level 5:colcon.colcon_core.verb:set package 'robot' build argument 'cmake_force_configure' from command line to 'False'
[1.037s] Level 5:colcon.colcon_core.verb:set package 'robot' build argument 'ament_cmake_args' from command line to 'None'
[1.037s] Level 5:colcon.colcon_core.verb:set package 'robot' build argument 'catkin_cmake_args' from command line to 'None'
[1.037s] Level 5:colcon.colcon_core.verb:set package 'robot' build argument 'catkin_skip_building_tests' from command line to 'False'
[1.037s] DEBUG:colcon.colcon_core.verb:Building package 'robot' with the following arguments: {'ament_cmake_args': None, 'build_base': '/home/youss/Documents/Projet/Autonomouscar/ros_ws/build/robot', 'catkin_cmake_args': None, 'catkin_skip_building_tests': False, 'cmake_args': None, 'cmake_clean_cache': False, 'cmake_clean_first': False, 'cmake_force_configure': False, 'cmake_target': None, 'cmake_target_skip_unavailable': False, 'install_base': '/home/youss/Documents/Projet/Autonomouscar/ros_ws/install/robot', 'merge_install': False, 'path': '/home/youss/Documents/Projet/Autonomouscar/ros_ws/src/robot', 'symlink_install': False, 'test_result_base': None}
[1.037s] INFO:colcon.colcon_core.executor:Executing jobs using 'parallel' executor
[1.041s] DEBUG:colcon.colcon_parallel_executor.executor.parallel:run_until_complete
[1.042s] INFO:colcon.colcon_ros.task.ament_cmake.build:Building ROS package in '/home/youss/Documents/Projet/Autonomouscar/ros_ws/src/robot' with build type 'ament_cmake'
[1.042s] INFO:colcon.colcon_cmake.task.cmake.build:Building CMake package in '/home/youss/Documents/Projet/Autonomouscar/ros_ws/src/robot'
[1.050s] INFO:colcon.colcon_core.plugin_system:Skipping extension 'colcon_core.shell.bat': Not used on non-Windows systems
[1.051s] INFO:colcon.colcon_core.shell:Skip shell extension 'powershell' for command environment: Not usable outside of PowerShell
[1.051s] DEBUG:colcon.colcon_core.shell:Skip shell extension 'dsv' for command environment
[1.097s] DEBUG:colcon.colcon_core.event_handler.log_command:Invoking command in '/home/youss/Documents/Projet/Autonomouscar/ros_ws/build/robot': CMAKE_PREFIX_PATH=${CMAKE_PREFIX_PATH}:/opt/ros/jazzy DEBUGINFOD_URLS=https://debuginfod.ubuntu.com /usr/bin/cmake --build /home/youss/Documents/Projet/Autonomouscar/ros_ws/build/robot -- -j4 -l4
[8.841s] DEBUG:colcon.colcon_core.event_handler.log_command:Invoked command in '/home/youss/Documents/Projet/Autonomouscar/ros_ws/build/robot' returned '2': CMAKE_PREFIX_PATH=${CMAKE_PREFIX_PATH}:/opt/ros/jazzy DEBUGINFOD_URLS=https://debuginfod.ubuntu.com /usr/bin/cmake --build /home/youss/Documents/Projet/Autonomouscar/ros_ws/build/robot -- -j4 -l4
[9.075s] Level 1:colcon.colcon_core.environment:create_environment_scripts_only(robot)
[9.087s] Level 1:colcon.colcon_core.environment:checking '/home/youss/Documents/Projet/Autonomouscar/ros_ws/install/robot' for CMake module files
[9.091s] Level 1:colcon.colcon_core.environment:checking '/home/youss/Documents/Projet/Autonomouscar/ros_ws/install/robot' for CMake config files
[9.093s] Level 1:colcon.colcon_core.shell:create_environment_hook('robot', 'cmake_prefix_path')
[9.094s] INFO:colcon.colcon_core.shell:Creating environment hook '/home/youss/Documents/Projet/Autonomouscar/ros_ws/install/robot/share/robot/hook/cmake_prefix_path.ps1'
[9.097s] INFO:colcon.colcon_core.shell:Creating environment descriptor '/home/youss/Documents/Projet/Autonomouscar/ros_ws/install/robot/share/robot/hook/cmake_prefix_path.dsv'
[9.101s] INFO:colcon.colcon_core.shell:Creating environment hook '/home/youss/Documents/Projet/Autonomouscar/ros_ws/install/robot/share/robot/hook/cmake_prefix_path.sh'
[9.104s] Level 1:colcon.colcon_core.environment:checking '/home/youss/Documents/Projet/Autonomouscar/ros_ws/install/robot/lib'
[9.105s] Level 1:colcon.colcon_core.environment:checking '/home/youss/Documents/Projet/Autonomouscar/ros_ws/install/robot/bin'
[9.106s] Level 1:colcon.colcon_core.environment:checking '/home/youss/Documents/Projet/Autonomouscar/ros_ws/install/robot/lib/pkgconfig/robot.pc'
[9.107s] Level 1:colcon.colcon_core.environment:checking '/home/youss/Documents/Projet/Autonomouscar/ros_ws/install/robot/lib/python3.12/site-packages'
[9.108s] Level 1:colcon.colcon_core.environment:checking '/home/youss/Documents/Projet/Autonomouscar/ros_ws/install/robot/bin'
[9.109s] INFO:colcon.colcon_core.shell:Creating package script '/home/youss/Documents/Projet/Autonomouscar/ros_ws/install/robot/share/robot/package.ps1'
[9.113s] INFO:colcon.colcon_core.shell:Creating package descriptor '/home/youss/Documents/Projet/Autonomouscar/ros_ws/install/robot/share/robot/package.dsv'
[9.116s] INFO:colcon.colcon_core.shell:Creating package script '/home/youss/Documents/Projet/Autonomouscar/ros_ws/install/robot/share/robot/package.sh'
[9.119s] INFO:colcon.colcon_core.shell:Creating package script '/home/youss/Documents/Projet/Autonomouscar/ros_ws/install/robot/share/robot/package.bash'
[9.122s] INFO:colcon.colcon_core.shell:Creating package script '/home/youss/Documents/Projet/Autonomouscar/ros_ws/install/robot/share/robot/package.zsh'
[9.125s] Level 1:colcon.colcon_core.environment:create_file_with_runtime_dependencies(/home/youss/Documents/Projet/Autonomouscar/ros_ws/install/robot/share/colcon-core/packages/robot)
[9.137s] DEBUG:colcon.colcon_parallel_executor.executor.parallel:closing loop
[9.137s] DEBUG:colcon.colcon_parallel_executor.executor.parallel:loop closed
[9.138s] DEBUG:colcon.colcon_parallel_executor.executor.parallel:run_until_complete finished with '2'
[9.138s] DEBUG:colcon.colcon_core.event_reactor:joining thread
[9.167s] INFO:colcon.colcon_core.plugin_system:Skipping extension 'colcon_notification.desktop_notification.terminal_notifier': Not used on non-Darwin systems
[9.167s] INFO:colcon.colcon_core.plugin_system:Skipping extension 'colcon_notification.desktop_notification.win32': Not used on non-Windows systems
[9.167s] INFO:colcon.colcon_notification.desktop_notification:Sending desktop notification using 'notify2'
[9.231s] DEBUG:colcon.colcon_core.event_reactor:joined thread
[9.232s] INFO:colcon.colcon_core.shell:Creating prefix script '/home/youss/Documents/Projet/Autonomouscar/ros_ws/install/local_setup.ps1'
[9.236s] INFO:colcon.colcon_core.shell:Creating prefix util module '/home/youss/Documents/Projet/Autonomouscar/ros_ws/install/_local_setup_util_ps1.py'
[9.242s] INFO:colcon.colcon_core.shell:Creating prefix chain script '/home/youss/Documents/Projet/Autonomouscar/ros_ws/install/setup.ps1'
[9.247s] INFO:colcon.colcon_core.shell:Creating prefix script '/home/youss/Documents/Projet/Autonomouscar/ros_ws/install/local_setup.sh'
[9.251s] INFO:colcon.colcon_core.shell:Creating prefix util module '/home/youss/Documents/Projet/Autonomouscar/ros_ws/install/_local_setup_util_sh.py'
[9.253s] INFO:colcon.colcon_core.shell:Creating prefix chain script '/home/youss/Documents/Projet/Autonomouscar/ros_ws/install/setup.sh'
[9.258s] INFO:colcon.colcon_core.shell:Creating prefix script '/home/youss/Documents/Projet/Autonomouscar/ros_ws/install/local_setup.bash'
[9.260s] INFO:colcon.colcon_core.shell:Creating prefix chain script '/home/youss/Documents/Projet/Autonomouscar/ros_ws/install/setup.bash'
[9.265s] INFO:colcon.colcon_core.shell:Creating prefix script '/home/youss/Documents/Projet/Autonomouscar/ros_ws/install/local_setup.zsh'
[9.267s] INFO:colcon.colcon_core.shell:Creating prefix chain script '/home/youss/Documents/Projet/Autonomouscar/ros_ws/install/setup.zsh'
