[01m[K/home/youss/Documents/Projet/Autonomouscar/ros_ws/src/robot/src/encoders_publisher.cpp:[m[K In constructor ‘[01m[KEncoders_publisher::[01;32m[KEncoders_publisher[m[K(const std::string&, Encoders&)[m[K’:
[01m[K/home/youss/Documents/Projet/Autonomouscar/ros_ws/src/robot/src/encoders_publisher.cpp:10:20:[m[K [01;31m[Kerror: [m[Kno match for ‘[01m[Koperator=[m[K’ (operand types are ‘[01m[Kstd::unique_ptr<Encoders>[m[K’ and ‘[01m[KEncoders[m[K’)
   10 |     _encoder_ptr = [01;31m[Kencoder[m[K;
      |                    [01;31m[K^~~~~~~[m[K
In file included from [01m[K/usr/include/c++/13/memory:78[m[K,
                 from [01m[K/opt/ros/jazzy/include/rclcpp/rclcpp/rclcpp.hpp:169[m[K,
                 from [01m[K/home/youss/Documents/Projet/Autonomouscar/ros_ws/src/robot/src/encoders_publisher.cpp:1[m[K:
[01m[K/usr/include/c++/13/bits/unique_ptr.h:430:9:[m[K [01;36m[Knote: [m[Kcandidate: ‘[01m[Ktemplate<class _Up, class _Ep> typename std::enable_if<std::__and_<std::__and_<std::is_convertible<typename std::unique_ptr<_Up, _Ep>::pointer, typename std::__uniq_ptr_impl<_Tp, _Dp>::pointer>, std::__not_<std::is_array<_Up> > >, std::is_assignable<_T2&, _U2&&> >::value, std::unique_ptr<_Tp, _Dp>&>::type std::unique_ptr<_Tp, _Dp>::[01;32m[Koperator=[m[K(std::unique_ptr<_Up, _Ep>&&) [35m[K[with _Ep = _Up; _Tp = Encoders; _Dp = std::default_delete<Encoders>][m[K[m[K’
  430 |         [01;36m[Koperator[m[K=(unique_ptr<_Up, _Ep>&& __u) noexcept
      |         [01;36m[K^~~~~~~~[m[K
[01m[K/usr/include/c++/13/bits/unique_ptr.h:430:9:[m[K [01;36m[Knote: [m[K  template argument deduction/substitution failed:
[01m[K/home/youss/Documents/Projet/Autonomouscar/ros_ws/src/robot/src/encoders_publisher.cpp:10:20:[m[K [01;36m[Knote: [m[K  ‘[01m[KEncoders[m[K’ is not derived from ‘[01m[Kstd::unique_ptr<_Tp, _Dp>[m[K’
   10 |     _encoder_ptr = [01;36m[Kencoder[m[K;
      |                    [01;36m[K^~~~~~~[m[K
[01m[K/usr/include/c++/13/bits/unique_ptr.h:414:19:[m[K [01;36m[Knote: [m[Kcandidate: ‘[01m[Kstd::unique_ptr<_Tp, _Dp>& std::unique_ptr<_Tp, _Dp>::[01;32m[Koperator=[m[K(std::unique_ptr<_Tp, _Dp>&&) [35m[K[with _Tp = Encoders; _Dp = std::default_delete<Encoders>][m[K[m[K’
  414 |       unique_ptr& [01;36m[Koperator[m[K=(unique_ptr&&) = default;
      |                   [01;36m[K^~~~~~~~[m[K
[01m[K/usr/include/c++/13/bits/unique_ptr.h:414:29:[m[K [01;36m[Knote: [m[K  no known conversion for argument 1 from ‘[01m[KEncoders[m[K’ to ‘[01m[Kstd::unique_ptr<Encoders>&&[m[K’
  414 |       unique_ptr& operator=([01;36m[Kunique_ptr&&[m[K) = default;
      |                             [01;36m[K^~~~~~~~~~~~[m[K
[01m[K/usr/include/c++/13/bits/unique_ptr.h:440:7:[m[K [01;36m[Knote: [m[Kcandidate: ‘[01m[Kstd::unique_ptr<_Tp, _Dp>& std::unique_ptr<_Tp, _Dp>::[01;32m[Koperator=[m[K(std::nullptr_t) [35m[K[with _Tp = Encoders; _Dp = std::default_delete<Encoders>; std::nullptr_t = std::nullptr_t][m[K[m[K’
  440 |       [01;36m[Koperator[m[K=(nullptr_t) noexcept
      |       [01;36m[K^~~~~~~~[m[K
[01m[K/usr/include/c++/13/bits/unique_ptr.h:440:17:[m[K [01;36m[Knote: [m[K  no known conversion for argument 1 from ‘[01m[KEncoders[m[K’ to ‘[01m[Kstd::nullptr_t[m[K’
  440 |       operator=([01;36m[Knullptr_t[m[K) noexcept
      |                 [01;36m[K^~~~~~~~~[m[K
gmake[2]: *** [CMakeFiles/encoders.dir/build.make:132: CMakeFiles/encoders.dir/src/encoders_publisher.cpp.o] Error 1
gmake[1]: *** [CMakeFiles/Makefile2:137: CMakeFiles/encoders.dir/all] Error 2
gmake: *** [Makefile:146: all] Error 2
