[0.050s] Invoking command in '/home/youss/Documents/Projet/Autonomouscar/ros_ws/build/robot': CMAKE_PREFIX_PATH=${CMAKE_PREFIX_PATH}:/opt/ros/jazzy DEBUGINFOD_URLS=https://debuginfod.ubuntu.com /usr/bin/cmake --build /home/youss/Documents/Projet/Autonomouscar/ros_ws/build/robot -- -j4 -l4
[0.306s] [ 50%] [32mBuilding CXX object CMakeFiles/encoders.dir/src/encoders.cpp.o[0m
[2.346s] [01m[K/home/youss/Documents/Projet/Autonomouscar/ros_ws/src/robot/src/encoders.cpp:[m[K In static member function ‘[01m[Kstatic void Encoders::[01;32m[Ksignal_handler[m[K(int)[m[K’:
[2.346s] [01m[K/home/youss/Documents/Projet/Autonomouscar/ros_ws/src/robot/src/encoders.cpp:30:16:[m[K [01;31m[Kerror: [m[K‘[01m[Kthis[m[K’ is unavailable for static member functions
[2.347s]    30 |     instance = [01;31m[Kthis[m[K;
[2.347s]       |                [01;31m[K^~~~[m[K
[2.376s] [01m[K/home/youss/Documents/Projet/Autonomouscar/ros_ws/src/robot/src/encoders.cpp:[m[K In static member function ‘[01m[Kstatic void Encoders::[01;32m[Kcompute_rps_on_channels_handler[m[K()[m[K’:
[2.377s] [01m[K/home/youss/Documents/Projet/Autonomouscar/ros_ws/src/robot/src/encoders.cpp:195:16:[m[K [01;31m[Kerror: [m[K‘[01m[Kthis[m[K’ is unavailable for static member functions
[2.377s]   195 |     instance = [01;31m[Kthis[m[K;
[2.378s]       |                [01;31m[K^~~~[m[K
[2.612s] [01m[K/home/youss/Documents/Projet/Autonomouscar/ros_ws/src/robot/src/encoders.cpp:[m[K In member function ‘[01m[Kbool Encoders::[01;32m[Kconfigure_pin_as_output[m[K(const unsigned int&)[m[K’:
[2.613s] [01m[K/home/youss/Documents/Projet/Autonomouscar/ros_ws/src/robot/src/encoders.cpp:47:56:[m[K [01;35m[Kwarning: [m[Kthis statement may fall through [[01;35m[K]8;;https://gcc.gnu.org/onlinedocs/gcc/Warning-Options.html#index-Wimplicit-fallthrough=-Wimplicit-fallthrough=]8;;[m[K]
[2.613s]    47 |                 cout << gpio << "is a bad gpio pin" << [01;35m[Kendl[m[K;
[2.613s]       |                                                        [01;35m[K^~~~[m[K
[2.614s] [01m[K/home/youss/Documents/Projet/Autonomouscar/ros_ws/src/robot/src/encoders.cpp:48:13:[m[K [01;36m[Knote: [m[Khere
[2.615s]    48 |             [01;36m[Kcase[m[K PI_BAD_MODE:
[2.615s]       |             [01;36m[K^~~~[m[K
[2.616s] [01m[K/home/youss/Documents/Projet/Autonomouscar/ros_ws/src/robot/src/encoders.cpp:49:57:[m[K [01;35m[Kwarning: [m[Kthis statement may fall through [[01;35m[K]8;;https://gcc.gnu.org/onlinedocs/gcc/Warning-Options.html#index-Wimplicit-fallthrough=-Wimplicit-fallthrough=]8;;[m[K]
[2.616s]    49 |                 cout << "Bad mode for gpio " << gpio << [01;35m[Kendl[m[K;
[2.617s]       |                                                         [01;35m[K^~~~[m[K
[2.617s] [01m[K/home/youss/Documents/Projet/Autonomouscar/ros_ws/src/robot/src/encoders.cpp:50:13:[m[K [01;36m[Knote: [m[Khere
[2.617s]    50 |             [01;36m[Kdefault[m[K:
[2.618s]       |             [01;36m[K^~~~~~~[m[K
[2.648s] gmake[2]: *** [CMakeFiles/encoders.dir/build.make:76: CMakeFiles/encoders.dir/src/encoders.cpp.o] Error 1
[2.649s] gmake[1]: *** [CMakeFiles/Makefile2:137: CMakeFiles/encoders.dir/all] Error 2
[2.650s] gmake: *** [Makefile:146: all] Error 2
[2.657s] Invoked command in '/home/youss/Documents/Projet/Autonomouscar/ros_ws/build/robot' returned '2': CMAKE_PREFIX_PATH=${CMAKE_PREFIX_PATH}:/opt/ros/jazzy DEBUGINFOD_URLS=https://debuginfod.ubuntu.com /usr/bin/cmake --build /home/youss/Documents/Projet/Autonomouscar/ros_ws/build/robot -- -j4 -l4
