[0.052s] Invoking command in '/home/youss/Documents/Projet/Autonomouscar/ros_ws/build/robot': CMAKE_PREFIX_PATH=${CMAKE_PREFIX_PATH}:/opt/ros/jazzy DEBUGINFOD_URLS=https://debuginfod.ubuntu.com /usr/bin/cmake --build /home/youss/Documents/Projet/Autonomouscar/ros_ws/build/robot -- -j4 -l4
[0.312s] [ 25%] [32mBuilding CXX object CMakeFiles/encoders.dir/src/encoders.cpp.o[0m
[2.387s] [01m[K/home/youss/Documents/Projet/Autonomouscar/ros_ws/src/robot/src/encoders.cpp:[m[K In member function ‘[01m[Kvoid Encoders::[01;32m[Kcompute_rps[m[K()[m[K’:
[2.389s] [01m[K/home/youss/Documents/Projet/Autonomouscar/ros_ws/src/robot/src/encoders.cpp:272:5:[m[K [01;31m[Kerror: [m[K‘[01m[Kcout[m[K’ was not declared in this scope; did you mean ‘[01m[Kstd::cout[m[K’?
[2.390s]   272 |     [01;31m[Kcout[m[K << "rps : " << _rps << endl;
[2.390s]       |     [01;31m[K^~~~[m[K
[2.391s]       |     [32m[Kstd::cout[m[K
[2.391s] In file included from [01m[K/home/youss/Documents/Projet/Autonomouscar/ros_ws/src/robot/src/encoders.cpp:1[m[K:
[2.392s] [01m[K/usr/include/c++/13/iostream:63:18:[m[K [01;36m[Knote: [m[K‘[01m[Kstd::cout[m[K’ declared here
[2.392s]    63 |   extern ostream [01;36m[Kcout[m[K;          ///< Linked to standard output
[2.393s]       |                  [01;36m[K^~~~[m[K
[2.393s] [01m[K/home/youss/Documents/Projet/Autonomouscar/ros_ws/src/robot/src/encoders.cpp:272:33:[m[K [01;31m[Kerror: [m[K‘[01m[Kendl[m[K’ was not declared in this scope; did you mean ‘[01m[Kstd::endl[m[K’?
[2.393s]   272 |     cout << "rps : " << _rps << [01;31m[Kendl[m[K;
[2.394s]       |                                 [01;31m[K^~~~[m[K
[2.394s]       |                                 [32m[Kstd::endl[m[K
[2.395s] In file included from [01m[K/usr/include/c++/13/iostream:41[m[K:
[2.395s] [01m[K/usr/include/c++/13/ostream:735:5:[m[K [01;36m[Knote: [m[K‘[01m[Kstd::endl[m[K’ declared here
[2.395s]   735 |     [01;36m[Kendl[m[K(basic_ostream<_CharT, _Traits>& __os)
[2.396s]       |     [01;36m[K^~~~[m[K
[2.675s] gmake[2]: *** [CMakeFiles/encoders.dir/build.make:90: CMakeFiles/encoders.dir/src/encoders.cpp.o] Error 1
[2.676s] gmake[1]: *** [CMakeFiles/Makefile2:137: CMakeFiles/encoders.dir/all] Error 2
[2.677s] gmake: *** [Makefile:146: all] Error 2
[2.684s] Invoked command in '/home/youss/Documents/Projet/Autonomouscar/ros_ws/build/robot' returned '2': CMAKE_PREFIX_PATH=${CMAKE_PREFIX_PATH}:/opt/ros/jazzy DEBUGINFOD_URLS=https://debuginfod.ubuntu.com /usr/bin/cmake --build /home/youss/Documents/Projet/Autonomouscar/ros_ws/build/robot -- -j4 -l4
