[0.052s] Invoking command in '/home/youss/Documents/Projet/Autonomouscar/ros_ws/build/robot': CMAKE_PREFIX_PATH=${CMAKE_PREFIX_PATH}:/opt/ros/jazzy DEBUGINFOD_URLS=https://debuginfod.ubuntu.com /usr/bin/cmake --build /home/youss/Documents/Projet/Autonomouscar/ros_ws/build/robot -- -j4 -l4
[0.317s] [ 25%] [32mBuilding CXX object CMakeFiles/encoders.dir/src/main.cpp.o[0m
[0.320s] [ 50%] [32mBuilding CXX object CMakeFiles/encoders.dir/src/encoders.cpp.o[0m
[2.729s] [01m[K/home/youss/Documents/Projet/Autonomouscar/ros_ws/src/robot/src/encoders.cpp:[m[K In constructor ‘[01m[KEncoders::[01;32m[KEncoders[m[K(const unsigned int&, const unsigned int&, const unsigned int&)[m[K’:
[2.730s] [01m[K/home/youss/Documents/Projet/Autonomouscar/ros_ws/src/robot/src/encoders.cpp:72:13:[m[K [01;31m[Kerror: [m[Kno matching function for call to ‘[01m[KEncoders::init_pwm(unsigned int&)[m[K’
[2.730s]    72 |     [01;31m[Kinit_pwm(_M1_GPIO)[m[K;
[2.731s]       |     [01;31m[K~~~~~~~~^~~~~~~~~~[m[K
[2.731s] In file included from [01m[K/home/youss/Documents/Projet/Autonomouscar/ros_ws/src/robot/src/encoders.cpp:22[m[K:
[2.732s] [01m[K/home/youss/Documents/Projet/Autonomouscar/ros_ws/src/robot/include/robot/encoders.h:71:14:[m[K [01;36m[Knote: [m[Kcandidate: ‘[01m[Kbool Encoders::[01;32m[Kinit_pwm[m[K(const unsigned int&, const unsigned int&)[m[K’
[2.732s]    71 |         bool [01;36m[Kinit_pwm[m[K(const unsigned int &gpio_number,
[2.733s]       |              [01;36m[K^~~~~~~~[m[K
[2.733s] [01m[K/home/youss/Documents/Projet/Autonomouscar/ros_ws/src/robot/include/robot/encoders.h:71:14:[m[K [01;36m[Knote: [m[K  candidate expects 2 arguments, 1 provided
[2.749s] [01m[K/home/youss/Documents/Projet/Autonomouscar/ros_ws/src/robot/src/encoders.cpp:76:17:[m[K [01;31m[Kerror: [m[K‘[01m[Kcompute_rps_handler[m[K’ was not declared in this scope
[2.750s]    76 |     timer_start([01;31m[Kcompute_rps_handler[m[K, interval);
[2.750s]       |                 [01;31m[K^~~~~~~~~~~~~~~~~~~[m[K
[2.785s] [01m[K/home/youss/Documents/Projet/Autonomouscar/ros_ws/src/robot/src/encoders.cpp:[m[K In member function ‘[01m[Kvoid Encoders::[01;32m[Kcount_number_of_changes[m[K()[m[K’:
[2.785s] [01m[K/home/youss/Documents/Projet/Autonomouscar/ros_ws/src/robot/src/encoders.cpp:225:31:[m[K [01;31m[Kerror: [m[K‘[01m[K_channel[m[K’ was not declared in this scope; did you mean ‘[01m[K_channel_gpio[m[K’?
[2.785s]   225 |     _channel_value = gpioRead([01;31m[K_channel[m[K);
[2.786s]       |                               [01;31m[K^~~~~~~~[m[K
[2.786s]       |                               [32m[K_channel_gpio[m[K
[2.805s] [01m[K/home/youss/Documents/Projet/Autonomouscar/ros_ws/src/robot/src/encoders.cpp:[m[K In member function ‘[01m[Kvoid Encoders::[01;32m[Kcompute_rps[m[K()[m[K’:
[2.805s] [01m[K/home/youss/Documents/Projet/Autonomouscar/ros_ws/src/robot/src/encoders.cpp:247:31:[m[K [01;31m[Kerror: [m[K‘[01m[K_channel[m[K’ was not declared in this scope; did you mean ‘[01m[K_channel_gpio[m[K’?
[2.806s]   247 |     cout << "rps channel " << [01;31m[K_channel[m[K << " : " << rps << endl;
[2.806s]       |                               [01;31m[K^~~~~~~~[m[K
[2.806s]       |                               [32m[K_channel_gpio[m[K
[2.807s] [01m[K/home/youss/Documents/Projet/Autonomouscar/ros_ws/src/robot/src/encoders.cpp:[m[K At global scope:
[2.807s] [01m[K/home/youss/Documents/Projet/Autonomouscar/ros_ws/src/robot/src/encoders.cpp:253:6:[m[K [01;31m[Kerror: [m[Kno declaration matches ‘[01m[Kvoid Encoders::[01;32m[Kcompute_rps_handler[m[K()[m[K’
[2.808s]   253 | void [01;31m[KEncoders[m[K::compute_rps_handler()
[2.808s]       |      [01;31m[K^~~~~~~~[m[K
[2.808s] [01m[K/home/youss/Documents/Projet/Autonomouscar/ros_ws/src/robot/src/encoders.cpp:253:6:[m[K [01;36m[Knote: [m[Kno functions named ‘[01m[Kvoid Encoders::[01;32m[Kcompute_rps_handler[m[K()[m[K’
[2.809s] [01m[K/home/youss/Documents/Projet/Autonomouscar/ros_ws/src/robot/include/robot/encoders.h:3:8:[m[K [01;36m[Knote: [m[K‘[01m[Kstruct Encoders[m[K’ defined here
[2.809s]     3 | struct [01;36m[KEncoders[m[K
[2.810s]       |        [01;36m[K^~~~~~~~[m[K
[3.059s] gmake[2]: *** [CMakeFiles/encoders.dir/build.make:90: CMakeFiles/encoders.dir/src/encoders.cpp.o] Error 1
[3.060s] gmake[1]: *** [CMakeFiles/Makefile2:137: CMakeFiles/encoders.dir/all] Error 2
[3.061s] gmake: *** [Makefile:146: all] Error 2
[3.068s] Invoked command in '/home/youss/Documents/Projet/Autonomouscar/ros_ws/build/robot' returned '2': CMAKE_PREFIX_PATH=${CMAKE_PREFIX_PATH}:/opt/ros/jazzy DEBUGINFOD_URLS=https://debuginfod.ubuntu.com /usr/bin/cmake --build /home/youss/Documents/Projet/Autonomouscar/ros_ws/build/robot -- -j4 -l4
