[0.051s] Invoking command in '/home/youss/Documents/Projet/Autonomouscar/ros_ws/build/robot': CMAKE_PREFIX_PATH=${CMAKE_PREFIX_PATH}:/opt/ros/jazzy DEBUGINFOD_URLS=https://debuginfod.ubuntu.com /usr/bin/cmake --build /home/youss/Documents/Projet/Autonomouscar/ros_ws/build/robot -- -j4 -l4
[0.372s] [ 14%] [32mBuilding CXX object CMakeFiles/encoders.dir/src/main.cpp.o[0m
[0.374s] [ 28%] [32mBuilding CXX object CMakeFiles/encoders.dir/src/encoders.cpp.o[0m
[0.390s] [ 42%] [32mBuilding CXX object CMakeFiles/encoders.dir/src/encoders_publisher.cpp.o[0m
[3.480s] In file included from [01m[K/home/youss/Documents/Projet/Autonomouscar/ros_ws/src/robot/src/main.cpp:20[m[K:
[3.481s] [01m[K/home/youss/Documents/Projet/Autonomouscar/ros_ws/src/robot/include/robot/encoders.h:16:9:[m[K [01;31m[Kerror: [m[Kexpected identifier before ‘[01m[K)[m[K’ token
[3.482s]    16 |         [01;31m[K)[m[K;
[3.483s]       |         [01;31m[K^[m[K
[3.484s] In file included from [01m[K/home/youss/Documents/Projet/Autonomouscar/ros_ws/src/robot/src/encoders.cpp:22[m[K:
[3.485s] [01m[K/home/youss/Documents/Projet/Autonomouscar/ros_ws/src/robot/include/robot/encoders.h:16:9:[m[K [01;31m[Kerror: [m[Kexpected identifier before ‘[01m[K)[m[K’ token
[3.486s]    16 |         [01;31m[K)[m[K;
[3.487s]       |         [01;31m[K^[m[K
[3.490s] [01m[K/home/youss/Documents/Projet/Autonomouscar/ros_ws/src/robot/src/encoders.cpp:32:21:[m[K [01;31m[Kerror: [m[Kexpected ‘[01m[K,[m[K’ or ‘[01m[K...[m[K’ before ‘[01m[Kconst[m[K’
[3.491s]    32 |                     [01;31m[Kconst[m[K unsigned int &channel_B_gpio,
[3.492s]       |                     [01;31m[K^~~~~[m[K
[3.493s] [01m[K/home/youss/Documents/Projet/Autonomouscar/ros_ws/src/robot/src/encoders.cpp:29:1:[m[K [01;31m[Kerror: [m[Kno declaration matches ‘[01m[KEncoders::[01;32m[KEncoders[m[K(const unsigned int&, const unsigned int&, const unsigned int&)[m[K’
[3.494s]    29 | [01;31m[KEncoders[m[K::Encoders(const unsigned int &MxA_gpio,
[3.495s]       | [01;31m[K^~~~~~~~[m[K
[3.496s] [01m[K/home/youss/Documents/Projet/Autonomouscar/ros_ws/src/robot/include/robot/encoders.h:8:8:[m[K [01;36m[Knote: [m[Kcandidates are: ‘[01m[KEncoders::[01;32m[KEncoders[m[K(Encoders&&)[m[K’
[3.496s]     8 | struct [01;36m[KEncoders[m[K
[3.497s]       |        [01;36m[K^~~~~~~~[m[K
[3.498s] [01m[K/home/youss/Documents/Projet/Autonomouscar/ros_ws/src/robot/include/robot/encoders.h:8:8:[m[K [01;36m[Knote: [m[K                ‘[01m[KEncoders::[01;32m[KEncoders[m[K(const Encoders&)[m[K’
[3.499s] [01m[K/home/youss/Documents/Projet/Autonomouscar/ros_ws/src/robot/include/robot/encoders.h:11:9:[m[K [01;36m[Knote: [m[K                ‘[01m[KEncoders::[01;32m[KEncoders[m[K(const unsigned int&, const unsigned int&, const unsigned int&, const unsigned int&, const unsigned int&, int)[m[K’
[3.500s]    11 |         [01;36m[KEncoders[m[K(const unsigned int &MxA_gpio,
[3.501s]       |         [01;36m[K^~~~~~~~[m[K
[3.502s] [01m[K/home/youss/Documents/Projet/Autonomouscar/ros_ws/src/robot/include/robot/encoders.h:8:8:[m[K [01;36m[Knote: [m[K‘[01m[Kstruct Encoders[m[K’ defined here
[3.503s]     8 | struct [01;36m[KEncoders[m[K
[3.504s]       |        [01;36m[K^~~~~~~~[m[K
[3.505s] [01m[K/home/youss/Documents/Projet/Autonomouscar/ros_ws/src/robot/src/main.cpp:[m[K In function ‘[01m[Kint[01;32m[K main[m[K()[m[K’:
[3.505s] [01m[K/home/youss/Documents/Projet/Autonomouscar/ros_ws/src/robot/src/main.cpp:61:38:[m[K [01;31m[Kerror: [m[Kno matching function for call to ‘[01m[KEncoders::Encoders(const unsigned int&, const unsigned int&, const unsigned int&, const unsigned int&, const unsigned int&)[m[K’
[3.506s]    61 |                         M1_duty_cycle[01;31m[K)[m[K;
[3.507s]       |                                      [01;31m[K^[m[K
[3.508s] [01m[K/home/youss/Documents/Projet/Autonomouscar/ros_ws/src/robot/include/robot/encoders.h:11:9:[m[K [01;36m[Knote: [m[Kcandidate: ‘[01m[KEncoders::[01;32m[KEncoders[m[K(const unsigned int&, const unsigned int&, const unsigned int&, const unsigned int&, const unsigned int&, int)[m[K’
[3.509s]    11 |         [01;36m[KEncoders[m[K(const unsigned int &MxA_gpio,
[3.511s]       |         [01;36m[K^~~~~~~~[m[K
[3.512s] [01m[K/home/youss/Documents/Projet/Autonomouscar/ros_ws/src/robot/include/robot/encoders.h:11:9:[m[K [01;36m[Knote: [m[K  candidate expects 6 arguments, 5 provided
[3.513s] [01m[K/home/youss/Documents/Projet/Autonomouscar/ros_ws/src/robot/include/robot/encoders.h:8:8:[m[K [01;36m[Knote: [m[Kcandidate: ‘[01m[KEncoders::[01;32m[KEncoders[m[K(Encoders&&)[m[K’
[3.514s]     8 | struct [01;36m[KEncoders[m[K
[3.515s]       |        [01;36m[K^~~~~~~~[m[K
[3.516s] [01m[K/home/youss/Documents/Projet/Autonomouscar/ros_ws/src/robot/include/robot/encoders.h:8:8:[m[K [01;36m[Knote: [m[K  candidate expects 1 argument, 5 provided
[3.516s] [01m[K/home/youss/Documents/Projet/Autonomouscar/ros_ws/src/robot/src/main.cpp:67:38:[m[K [01;31m[Kerror: [m[Kno matching function for call to ‘[01m[KEncoders::Encoders(const unsigned int&, const unsigned int&, const unsigned int&, const unsigned int&, const unsigned int&)[m[K’
[3.517s]    67 |                         M2_duty_cycle[01;31m[K)[m[K;
[3.518s]       |                                      [01;31m[K^[m[K
[3.519s] [01m[K/home/youss/Documents/Projet/Autonomouscar/ros_ws/src/robot/include/robot/encoders.h:11:9:[m[K [01;36m[Knote: [m[Kcandidate: ‘[01m[KEncoders::[01;32m[KEncoders[m[K(const unsigned int&, const unsigned int&, const unsigned int&, const unsigned int&, const unsigned int&, int)[m[K’
[3.521s]    11 |         [01;36m[KEncoders[m[K(const unsigned int &MxA_gpio,
[3.522s]       |         [01;36m[K^~~~~~~~[m[K
[3.523s] [01m[K/home/youss/Documents/Projet/Autonomouscar/ros_ws/src/robot/include/robot/encoders.h:11:9:[m[K [01;36m[Knote: [m[K  candidate expects 6 arguments, 5 provided
[3.524s] [01m[K/home/youss/Documents/Projet/Autonomouscar/ros_ws/src/robot/include/robot/encoders.h:8:8:[m[K [01;36m[Knote: [m[Kcandidate: ‘[01m[KEncoders::[01;32m[KEncoders[m[K(Encoders&&)[m[K’
[3.524s]     8 | struct [01;36m[KEncoders[m[K
[3.525s]       |        [01;36m[K^~~~~~~~[m[K
[3.526s] [01m[K/home/youss/Documents/Projet/Autonomouscar/ros_ws/src/robot/include/robot/encoders.h:8:8:[m[K [01;36m[Knote: [m[K  candidate expects 1 argument, 5 provided
[3.530s] [01m[K/home/youss/Documents/Projet/Autonomouscar/ros_ws/src/robot/src/encoders.cpp:[m[K In member function ‘[01m[Kbool Encoders::[01;32m[Kconfigure_gpio_as_output[m[K(const unsigned int&)[m[K’:
[3.531s] [01m[K/home/youss/Documents/Projet/Autonomouscar/ros_ws/src/robot/src/encoders.cpp:152:18:[m[K [01;31m[Kerror: [m[K‘[01m[KPI_BAD_gpio[m[K’ was not declared in this scope; did you mean ‘[01m[KPI_BAD_GPIO[m[K’?
[3.532s]   152 |             case [01;31m[KPI_BAD_gpio[m[K:
[3.532s]       |                  [01;31m[K^~~~~~~~~~~[m[K
[3.533s]       |                  [32m[KPI_BAD_GPIO[m[K
[3.548s] [01m[K/home/youss/Documents/Projet/Autonomouscar/ros_ws/src/robot/src/encoders.cpp:[m[K At global scope:
[3.549s] [01m[K/home/youss/Documents/Projet/Autonomouscar/ros_ws/src/robot/src/encoders.cpp:279:6:[m[K [01;31m[Kerror: [m[Kno declaration matches ‘[01m[Kvoid Encoders::[01;32m[Kcount_number_of_changes[m[K(const unsigned int&)[m[K’
[3.550s]   279 | void [01;31m[KEncoders[m[K::count_number_of_changes(const unsigned int &channel_gpio)
[3.551s]       |      [01;31m[K^~~~~~~~[m[K
[3.552s] [01m[K/home/youss/Documents/Projet/Autonomouscar/ros_ws/src/robot/include/robot/encoders.h:77:14:[m[K [01;36m[Knote: [m[Kcandidate is: ‘[01m[Kvoid Encoders::[01;32m[Kcount_number_of_changes[m[K()[m[K’
[3.553s]    77 |         void [01;36m[Kcount_number_of_changes[m[K();
[3.554s]       |              [01;36m[K^~~~~~~~~~~~~~~~~~~~~~~[m[K
[3.555s] [01m[K/home/youss/Documents/Projet/Autonomouscar/ros_ws/src/robot/include/robot/encoders.h:8:8:[m[K [01;36m[Knote: [m[K‘[01m[Kstruct Encoders[m[K’ defined here
[3.556s]     8 | struct [01;36m[KEncoders[m[K
[3.556s]       |        [01;36m[K^~~~~~~~[m[K
[3.732s] gmake[2]: *** [CMakeFiles/encoders.dir/build.make:76: CMakeFiles/encoders.dir/src/main.cpp.o] Error 1
[3.733s] gmake[2]: *** Waiting for unfinished jobs....
[3.912s] gmake[2]: *** [CMakeFiles/encoders.dir/build.make:104: CMakeFiles/encoders.dir/src/encoders.cpp.o] Error 1
[13.039s] In file included from [01m[K/home/youss/Documents/Projet/Autonomouscar/ros_ws/src/robot/include/robot/encoders_publisher.h:2[m[K,
[13.040s]                  from [01m[K/home/youss/Documents/Projet/Autonomouscar/ros_ws/src/robot/src/encoders_publisher.cpp:14[m[K:
[13.041s] [01m[K/home/youss/Documents/Projet/Autonomouscar/ros_ws/src/robot/include/robot/encoders.h:16:9:[m[K [01;31m[Kerror: [m[Kexpected identifier before ‘[01m[K)[m[K’ token
[13.041s]    16 |         [01;31m[K)[m[K;
[13.041s]       |         [01;31m[K^[m[K
[17.632s] gmake[2]: *** [CMakeFiles/encoders.dir/build.make:118: CMakeFiles/encoders.dir/src/encoders_publisher.cpp.o] Error 1
[17.633s] gmake[1]: *** [CMakeFiles/Makefile2:137: CMakeFiles/encoders.dir/all] Error 2
[17.634s] gmake: *** [Makefile:146: all] Error 2
[17.641s] Invoked command in '/home/youss/Documents/Projet/Autonomouscar/ros_ws/build/robot' returned '2': CMAKE_PREFIX_PATH=${CMAKE_PREFIX_PATH}:/opt/ros/jazzy DEBUGINFOD_URLS=https://debuginfod.ubuntu.com /usr/bin/cmake --build /home/youss/Documents/Projet/Autonomouscar/ros_ws/build/robot -- -j4 -l4
