[01m[K/home/youss/Documents/Projet/Autonomouscar/ros_ws/src/robot/src/channel.cpp:[m[K In member function ‘[01m[Kbool Channel::[01;32m[Kconfigure_gpio_as_input[m[K() const[m[K’:
[01m[K/home/youss/Documents/Projet/Autonomouscar/ros_ws/src/robot/src/channel.cpp:37:50:[m[K [01;31m[Kerror: [m[K‘[01m[Kgpio[m[K’ was not declared in this scope
   37 |     cout << "Set mode INPUT success on gpio " << [01;31m[Kgpio[m[K << endl;
      |                                                  [01;31m[K^~~~[m[K
gmake[2]: *** [CMakeFiles/encoders.dir/build.make:90: CMakeFiles/encoders.dir/src/channel.cpp.o] Error 1
gmake[2]: *** Waiting for unfinished jobs....
[01m[K/home/youss/Documents/Projet/Autonomouscar/ros_ws/src/robot/src/encoders.cpp:[m[K In constructor ‘[01m[KEncoders::[01;32m[KEncoders[m[K(const unsigned int&, const unsigned int&, const unsigned int&, const unsigned int&, const unsigned int&)[m[K’:
[01m[K/home/youss/Documents/Projet/Autonomouscar/ros_ws/src/robot/src/encoders.cpp:78:5:[m[K [01;31m[Kerror: [m[K‘[01m[Kconfigure_gpio_as_input[m[K’ was not declared in this scope; did you mean ‘[01m[Kconfigure_gpio_as_output[m[K’?
   78 |     [01;31m[Kconfigure_gpio_as_input[m[K(_channel_A_gpio);
      |     [01;31m[K^~~~~~~~~~~~~~~~~~~~~~~[m[K
      |     [32m[Kconfigure_gpio_as_output[m[K
[01m[K/home/youss/Documents/Projet/Autonomouscar/ros_ws/src/robot/src/encoders.cpp:[m[K At global scope:
[01m[K/home/youss/Documents/Projet/Autonomouscar/ros_ws/src/robot/src/encoders.cpp:260:6:[m[K [01;31m[Kerror: [m[Kno declaration matches ‘[01m[Kvoid Encoders::[01;32m[Kcount_number_of_changes[m[K(const unsigned int&)[m[K’
  260 | void [01;31m[KEncoders[m[K::count_number_of_changes(const unsigned int &channel_gpio)
      |      [01;31m[K^~~~~~~~[m[K
In file included from [01m[K/home/youss/Documents/Projet/Autonomouscar/ros_ws/src/robot/src/encoders.cpp:22[m[K:
[01m[K/home/youss/Documents/Projet/Autonomouscar/ros_ws/src/robot/include/robot/encoders.h:76:14:[m[K [01;36m[Knote: [m[Kcandidate is: ‘[01m[Kvoid Encoders::[01;32m[Kcount_number_of_changes[m[K()[m[K’
   76 |         void [01;36m[Kcount_number_of_changes[m[K();
      |              [01;36m[K^~~~~~~~~~~~~~~~~~~~~~~[m[K
[01m[K/home/youss/Documents/Projet/Autonomouscar/ros_ws/src/robot/include/robot/encoders.h:8:8:[m[K [01;36m[Knote: [m[K‘[01m[Kstruct Encoders[m[K’ defined here
    8 | struct [01;36m[KEncoders[m[K
      |        [01;36m[K^~~~~~~~[m[K
gmake[2]: *** [CMakeFiles/encoders.dir/build.make:104: CMakeFiles/encoders.dir/src/encoders.cpp.o] Error 1
gmake[1]: *** [CMakeFiles/Makefile2:137: CMakeFiles/encoders.dir/all] Error 2
gmake: *** [Makefile:146: all] Error 2
