[0.045s] Invoking command in '/home/youss/Documents/Projet/Autonomouscar/ros_ws/build/robot': CMAKE_PREFIX_PATH=${CMAKE_PREFIX_PATH}:/opt/ros/jazzy DEBUGINFOD_URLS=https://debuginfod.ubuntu.com /usr/bin/cmake --build /home/youss/Documents/Projet/Autonomouscar/ros_ws/build/robot -- -j4 -l4
[0.295s] [ 25%] [32mBuilding CXX object CMakeFiles/encoders.dir/src/main.cpp.o[0m
[0.302s] [ 50%] [32mBuilding CXX object CMakeFiles/encoders.dir/src/encoders.cpp.o[0m
[0.308s] [ 75%] [32mBuilding CXX object CMakeFiles/encoders.dir/src/rpi4.cpp.o[0m
[0.371s] [01m[K/home/youss/Documents/Projet/Autonomouscar/ros_ws/src/robot/src/rpi4.cpp:1:10:[m[K [01;31m[Kfatal error: [m[Krpi4.h: No such file or directory
[0.371s]     1 | #include [01;31m[K"rpi4.h"[m[K
[0.372s]       |          [01;31m[K^~~~~~~~[m[K
[0.372s] compilation terminated.
[0.378s] gmake[2]: *** [CMakeFiles/encoders.dir/build.make:104: CMakeFiles/encoders.dir/src/rpi4.cpp.o] Error 1
[0.378s] gmake[2]: *** Waiting for unfinished jobs....
[0.611s] [01m[K/home/youss/Documents/Projet/Autonomouscar/ros_ws/src/robot/src/encoders.cpp:13:10:[m[K [01;31m[Kfatal error: [m[Kencoders.h: No such file or directory
[0.611s]    13 | #include [01;31m[K"encoders.h"[m[K
[0.612s]       |          [01;31m[K^~~~~~~~~~~~[m[K
[0.613s] compilation terminated.
[0.619s] gmake[2]: *** [CMakeFiles/encoders.dir/build.make:90: CMakeFiles/encoders.dir/src/encoders.cpp.o] Error 1
[0.633s] [01m[K/home/youss/Documents/Projet/Autonomouscar/ros_ws/src/robot/src/main.cpp:17:10:[m[K [01;31m[Kfatal error: [m[Krpi4.h: No such file or directory
[0.633s]    17 | #include [01;31m[K"rpi4.h"[m[K
[0.634s]       |          [01;31m[K^~~~~~~~[m[K
[0.634s] compilation terminated.
[0.639s] gmake[2]: *** [CMakeFiles/encoders.dir/build.make:76: CMakeFiles/encoders.dir/src/main.cpp.o] Error 1
[0.640s] gmake[1]: *** [CMakeFiles/Makefile2:137: CMakeFiles/encoders.dir/all] Error 2
[0.641s] gmake: *** [Makefile:146: all] Error 2
[0.648s] Invoked command in '/home/youss/Documents/Projet/Autonomouscar/ros_ws/build/robot' returned '2': CMAKE_PREFIX_PATH=${CMAKE_PREFIX_PATH}:/opt/ros/jazzy DEBUGINFOD_URLS=https://debuginfod.ubuntu.com /usr/bin/cmake --build /home/youss/Documents/Projet/Autonomouscar/ros_ws/build/robot -- -j4 -l4
