[ 50%] [32mBuilding CXX object CMakeFiles/encoders.dir/src/encoders.cpp.o[0m
[01m[K/home/youss/Documents/Projet/Autonomouscar/ros_ws/src/robot/src/encoders.cpp:[m[K In constructor ‘[01m[KEncoders::[01;32m[KEncoders[m[K(const unsigned int&, const unsigned int&, const unsigned int&, const unsigned int&)[m[K’:
[01m[K/home/youss/Documents/Projet/Autonomouscar/ros_ws/src/robot/src/encoders.cpp:127:20:[m[K [01;31m[Kerror: [m[Kinvalid use of non-static member function ‘[01m[Kvoid Encoders::[01;32m[Ksignal_handler[m[K(int)[m[K’
  127 |     signal(SIGINT, [01;31m[Ksignal_handler[m[K);
      |                    [01;31m[K^~~~~~~~~~~~~~[m[K
[01m[K/home/youss/Documents/Projet/Autonomouscar/ros_ws/src/robot/src/encoders.cpp:20:6:[m[K [01;36m[Knote: [m[Kdeclared here
   20 | void [01;36m[KEncoders[m[K::signal_handler(int signal)
      |      [01;36m[K^~~~~~~~[m[K
[01m[K/home/youss/Documents/Projet/Autonomouscar/ros_ws/src/robot/src/encoders.cpp:[m[K In constructor ‘[01m[KEncoders::[01;32m[KEncoders[m[K()[m[K’:
[01m[K/home/youss/Documents/Projet/Autonomouscar/ros_ws/src/robot/src/encoders.cpp:154:20:[m[K [01;31m[Kerror: [m[Kcannot convert ‘[01m[KEncoders::Encoders()::<lambda(int)>[m[K’ to ‘[01m[K__sighandler_t[m[K’ {aka ‘[01m[Kvoid (*)(int)[m[K’}
  154 |     signal(SIGINT, [01;31m[Ksignal_handler_lambda[m[K);
      |                    [01;31m[K^~~~~~~~~~~~~~~~~~~~~[m[K
      |                    [01;31m[K|[m[K
      |                    [01;31m[KEncoders::Encoders()::<lambda(int)>[m[K
In file included from [01m[K/home/youss/Documents/Projet/Autonomouscar/ros_ws/src/robot/src/encoders.cpp:3[m[K:
[01m[K/usr/include/signal.h:88:57:[m[K [01;36m[Knote: [m[K  initializing argument 2 of ‘[01m[Kvoid (*[01;32m[K signal[m[K(int, __sighandler_t))(int)[m[K’
   88 | extern __sighandler_t signal (int __sig, [01;36m[K__sighandler_t __handler[m[K)
      |                                          [01;36m[K~~~~~~~~~~~~~~~^~~~~~~~~[m[K
[01m[K/home/youss/Documents/Projet/Autonomouscar/ros_ws/src/robot/src/encoders.cpp:[m[K At global scope:
[01m[K/home/youss/Documents/Projet/Autonomouscar/ros_ws/src/robot/src/encoders.cpp:167:6:[m[K [01;31m[Kerror: [m[Kno declaration matches ‘[01m[Kvoid Encoders::[01;32m[Kcompute_rps_on_channels[m[K()[m[K’
  167 | void [01;31m[KEncoders[m[K::compute_rps_on_channels()
      |      [01;31m[K^~~~~~~~[m[K
[01m[K/home/youss/Documents/Projet/Autonomouscar/ros_ws/src/robot/src/encoders.cpp:167:6:[m[K [01;36m[Knote: [m[Kno functions named ‘[01m[Kvoid Encoders::[01;32m[Kcompute_rps_on_channels[m[K()[m[K’
In file included from [01m[K/home/youss/Documents/Projet/Autonomouscar/ros_ws/src/robot/src/encoders.cpp:13[m[K:
[01m[K/home/youss/Documents/Projet/Autonomouscar/ros_ws/src/robot/src/encoders.h:3:8:[m[K [01;36m[Knote: [m[K‘[01m[Kstruct Encoders[m[K’ defined here
    3 | struct [01;36m[KEncoders[m[K
      |        [01;36m[K^~~~~~~~[m[K
[01m[K/home/youss/Documents/Projet/Autonomouscar/ros_ws/src/robot/src/encoders.cpp:[m[K In member function ‘[01m[Kbool Encoders::[01;32m[Kconfigure_pin_as_output[m[K(const unsigned int&)[m[K’:
[01m[K/home/youss/Documents/Projet/Autonomouscar/ros_ws/src/robot/src/encoders.cpp:39:56:[m[K [01;35m[Kwarning: [m[Kthis statement may fall through [[01;35m[K]8;;https://gcc.gnu.org/onlinedocs/gcc/Warning-Options.html#index-Wimplicit-fallthrough=-Wimplicit-fallthrough=]8;;[m[K]
   39 |                 cout << gpio << "is a bad gpio pin" << [01;35m[Kendl[m[K;
      |                                                        [01;35m[K^~~~[m[K
[01m[K/home/youss/Documents/Projet/Autonomouscar/ros_ws/src/robot/src/encoders.cpp:40:13:[m[K [01;36m[Knote: [m[Khere
   40 |             [01;36m[Kcase[m[K PI_BAD_MODE:
      |             [01;36m[K^~~~[m[K
[01m[K/home/youss/Documents/Projet/Autonomouscar/ros_ws/src/robot/src/encoders.cpp:41:57:[m[K [01;35m[Kwarning: [m[Kthis statement may fall through [[01;35m[K]8;;https://gcc.gnu.org/onlinedocs/gcc/Warning-Options.html#index-Wimplicit-fallthrough=-Wimplicit-fallthrough=]8;;[m[K]
   41 |                 cout << "Bad mode for gpio " << gpio << [01;35m[Kendl[m[K;
      |                                                         [01;35m[K^~~~[m[K
[01m[K/home/youss/Documents/Projet/Autonomouscar/ros_ws/src/robot/src/encoders.cpp:42:13:[m[K [01;36m[Knote: [m[Khere
   42 |             [01;36m[Kdefault[m[K:
      |             [01;36m[K^~~~~~~[m[K
gmake[2]: *** [CMakeFiles/encoders.dir/build.make:76: CMakeFiles/encoders.dir/src/encoders.cpp.o] Error 1
gmake[1]: *** [CMakeFiles/Makefile2:137: CMakeFiles/encoders.dir/all] Error 2
gmake: *** [Makefile:146: all] Error 2
