[0.053s] Invoking command in '/home/youss/Documents/Projet/Autonomouscar/ros_ws/build/robot': CMAKE_PREFIX_PATH=${CMAKE_PREFIX_PATH}:/opt/ros/jazzy DEBUGINFOD_URLS=https://debuginfod.ubuntu.com /usr/bin/cmake --build /home/youss/Documents/Projet/Autonomouscar/ros_ws/build/robot -- -j4 -l4
[0.372s] [ 22%] Built target encoders_subscriber
[0.374s] [ 27%] Built target encoders_publisher
[0.378s] [ 33%] [32mBuilding CXX object CMakeFiles/main.dir/src/main.cpp.o[0m
[0.381s] [ 44%] Built target robot_controller
[0.529s] [ 55%] Built target position_publisher
[0.535s] [ 66%] Built target motor_subscriber
[0.557s] [ 77%] Built target position_reader
[2.136s] [ 83%] [32m[1mLinking CXX executable main[0m
[2.510s] /usr/bin/ld: CMakeFiles/main.dir/src/main.cpp.o: in function `main':
[2.510s] main.cpp:(.text+0x10): undefined reference to `pigpio_start'
[2.510s] /usr/bin/ld: main.cpp:(.text+0x64): undefined reference to `set_mode'
[2.511s] /usr/bin/ld: main.cpp:(.text+0x78): undefined reference to `gpio_write'
[2.511s] /usr/bin/ld: main.cpp:(.text+0xd0): undefined reference to `gpio_write'
[2.511s] /usr/bin/ld: main.cpp:(.text+0x114): undefined reference to `pigpio_stop'
[2.530s] collect2: error: ld returned 1 exit status
[2.536s] gmake[2]: *** [CMakeFiles/main.dir/build.make:228: main] Error 1
[2.537s] gmake[1]: *** [CMakeFiles/Makefile2:149: CMakeFiles/main.dir/all] Error 2
[2.538s] gmake: *** [Makefile:146: all] Error 2
[2.547s] Invoked command in '/home/youss/Documents/Projet/Autonomouscar/ros_ws/build/robot' returned '2': CMAKE_PREFIX_PATH=${CMAKE_PREFIX_PATH}:/opt/ros/jazzy DEBUGINFOD_URLS=https://debuginfod.ubuntu.com /usr/bin/cmake --build /home/youss/Documents/Projet/Autonomouscar/ros_ws/build/robot -- -j4 -l4
