[ 33%] Built target encoders_subscriber
[ 46%] Built target main
[ 60%] Built target robot_controller
[ 73%] Built target position_publisher
[ 86%] Built target position_reader
[ 93%] [32mBuilding CXX object CMakeFiles/motor_subscriber.dir/src/motor_subscriber.cpp.o[0m
[01m[K/home/youss/Documents/Projet/Autonomouscar/ros_ws/src/robot/src/motor_subscriber.cpp:[m[K In member function ‘[01m[Kvoid Motor_subscriber::[01;32m[Kset_motors_duty_cycle[m[K(Motor&, Motor&) const[m[K’:
[01m[K/home/youss/Documents/Projet/Autonomouscar/ros_ws/src/robot/src/motor_subscriber.cpp:51:52:[m[K [01;35m[Kwarning: [m[Kunused parameter ‘[01m[Kleft_motor[m[K’ [[01;35m[K]8;;https://gcc.gnu.org/onlinedocs/gcc/Warning-Options.html#index-Wunused-parameter-Wunused-parameter]8;;[m[K]
   51 |                                             [01;35m[KMotor &left_motor[m[K,
      |                                             [01;35m[K~~~~~~~^~~~~~~~~~[m[K
[01m[K/home/youss/Documents/Projet/Autonomouscar/ros_ws/src/robot/src/motor_subscriber.cpp:52:52:[m[K [01;35m[Kwarning: [m[Kunused parameter ‘[01m[Kright_motor[m[K’ [[01;35m[K]8;;https://gcc.gnu.org/onlinedocs/gcc/Warning-Options.html#index-Wunused-parameter-Wunused-parameter]8;;[m[K]
   52 |                                             [01;35m[KMotor &right_motor[m[K) const
      |                                             [01;35m[K~~~~~~~^~~~~~~~~~~[m[K
In file included from [01m[K/usr/include/c++/13/bits/stl_tempbuf.h:61[m[K,
                 from [01m[K/usr/include/c++/13/memory:66[m[K,
                 from [01m[K/opt/ros/jazzy/include/rclcpp/rclcpp/rclcpp.hpp:169[m[K,
                 from [01m[K/home/youss/Documents/Projet/Autonomouscar/ros_ws/src/robot/include/robot/motor_subscriber.h:1[m[K,
                 from [01m[K/home/youss/Documents/Projet/Autonomouscar/ros_ws/src/robot/src/motor_subscriber.cpp:1[m[K:
/usr/include/c++/13/bits/stl_construct.h: In instantiation of ‘[01m[Kvoid std::[01;32m[K_Construct[m[K(_Tp*, _Args&& ...) [35m[K[with _Tp = Motor_subscriber; _Args = {rclcpp::NodeOptions&}][m[K[m[K’:
[01m[K/usr/include/c++/13/bits/alloc_traits.h:661:19:[m[K   required from ‘[01m[Kstatic void std::allocator_traits<std::allocator<void> >::[01;32m[Kconstruct[m[K(allocator_type&, _Up*, _Args&& ...) [35m[K[with _Up = Motor_subscriber; _Args = {rclcpp::NodeOptions&}; allocator_type = std::allocator<void>][m[K[m[K’
[01m[K/usr/include/c++/13/bits/shared_ptr_base.h:604:39:[m[K   required from ‘[01m[Kstd::_Sp_counted_ptr_inplace<_Tp, _Alloc, _Lp>::[01;32m[K_Sp_counted_ptr_inplace[m[K(_Alloc, _Args&& ...) [35m[K[with _Args = {rclcpp::NodeOptions&}; _Tp = Motor_subscriber; _Alloc = std::allocator<void>; __gnu_cxx::_Lock_policy _Lp = __gnu_cxx::_S_atomic][m[K[m[K’
[01m[K/usr/include/c++/13/bits/shared_ptr_base.h:971:16:[m[K   required from ‘[01m[Kstd::__shared_count<_Lp>::[01;32m[K__shared_count[m[K(_Tp*&, std::_Sp_alloc_shared_tag<_Alloc>, _Args&& ...) [35m[K[with _Tp = Motor_subscriber; _Alloc = std::allocator<void>; _Args = {rclcpp::NodeOptions&}; __gnu_cxx::_Lock_policy _Lp = __gnu_cxx::_S_atomic][m[K[m[K’
[01m[K/usr/include/c++/13/bits/shared_ptr_base.h:1712:14:[m[K   required from ‘[01m[Kstd::__shared_ptr<_Tp, _Lp>::[01;32m[K__shared_ptr[m[K(std::_Sp_alloc_shared_tag<_Tp>, _Args&& ...) [35m[K[with _Alloc = std::allocator<void>; _Args = {rclcpp::NodeOptions&}; _Tp = Motor_subscriber; __gnu_cxx::_Lock_policy _Lp = __gnu_cxx::_S_atomic][m[K[m[K’
[01m[K/usr/include/c++/13/bits/shared_ptr.h:464:59:[m[K   required from ‘[01m[Kstd::shared_ptr<_Tp>::[01;32m[Kshared_ptr[m[K(std::_Sp_alloc_shared_tag<_Tp>, _Args&& ...) [35m[K[with _Alloc = std::allocator<void>; _Args = {rclcpp::NodeOptions&}; _Tp = Motor_subscriber][m[K[m[K’
[01m[K/usr/include/c++/13/bits/shared_ptr.h:1009:14:[m[K   required from ‘[01m[Kstd::shared_ptr<typename std::enable_if<(! std::is_array< <template-parameter-1-1> >::value), _Tp>::type> std::[01;32m[Kmake_shared[m[K(_Args&& ...) [35m[K[with _Tp = Motor_subscriber; _Args = {rclcpp::NodeOptions&}; typename enable_if<(! is_array< <template-parameter-1-1> >::value), _Tp>::type = Motor_subscriber][m[K[m[K’
[01m[K/home/youss/Documents/Projet/Autonomouscar/ros_ws/src/robot/src/motor_subscriber.cpp:62:52:[m[K   required from here
[01m[K/usr/include/c++/13/bits/stl_construct.h:119:7:[m[K [01;31m[Kerror: [m[Kno matching function for call to ‘[01m[KMotor_subscriber::Motor_subscriber(rclcpp::NodeOptions&)[m[K’
  119 |       [01;31m[K::new((void*)__p) _Tp(std::forward<_Args>(__args)...)[m[K;
      |       [01;31m[K^~~~~~~~~~~~~~~~~~~~~~~~~~~~~~~~~~~~~~~~~~~~~~~~~~~~~[m[K
[01m[K/home/youss/Documents/Projet/Autonomouscar/ros_ws/src/robot/src/motor_subscriber.cpp:7:1:[m[K [01;36m[Knote: [m[Kcandidate: ‘[01m[KMotor_subscriber::[01;32m[KMotor_subscriber[m[K()[m[K’
    7 | [01;36m[KMotor_subscriber[m[K::Motor_subscriber()
      | [01;36m[K^~~~~~~~~~~~~~~~[m[K
[01m[K/home/youss/Documents/Projet/Autonomouscar/ros_ws/src/robot/src/motor_subscriber.cpp:7:1:[m[K [01;36m[Knote: [m[K  candidate expects 0 arguments, 1 provided
gmake[2]: *** [CMakeFiles/motor_subscriber.dir/build.make:76: CMakeFiles/motor_subscriber.dir/src/motor_subscriber.cpp.o] Error 1
gmake[1]: *** [CMakeFiles/Makefile2:251: CMakeFiles/motor_subscriber.dir/all] Error 2
gmake: *** [Makefile:146: all] Error 2
