[0.052s] Invoking command in '/home/youss/Documents/Projet/Autonomouscar/ros_ws/build/robot': CMAKE_PREFIX_PATH=${CMAKE_PREFIX_PATH}:/opt/ros/jazzy DEBUGINFOD_URLS=https://debuginfod.ubuntu.com /usr/bin/cmake --build /home/youss/Documents/Projet/Autonomouscar/ros_ws/build/robot -- -j4 -l4
[0.352s] [ 13%] Built target encoders_subscriber
[0.353s] [ 26%] Built target robot_controller
[0.358s] [ 40%] Built target position_publisher
[0.385s] [ 66%] Built target main
[0.484s] [ 80%] Built target position_reader
[0.508s] [ 86%] [32mBuilding CXX object CMakeFiles/motor_subscriber.dir/src/motor_subscriber.cpp.o[0m
[34.194s] [ 93%] [32m[1mLinking CXX executable motor_subscriber[0m
[35.524s] /usr/bin/ld: CMakeFiles/motor_subscriber.dir/src/motor.cpp.o: in function `Motor::init_pwm(unsigned int const&, unsigned int const&) const':
[35.524s] motor.cpp:(.text+0x14c): undefined reference to `gpioPWM'
[35.525s] /usr/bin/ld: CMakeFiles/motor_subscriber.dir/src/motor.cpp.o: in function `Motor::configure_gpio_as_output(unsigned int const&) const':
[35.525s] motor.cpp:(.text+0x214): undefined reference to `gpioSetMode'
[35.525s] /usr/bin/ld: CMakeFiles/motor_subscriber.dir/src/motor.cpp.o: in function `Motor::stop()':
[35.526s] motor.cpp:(.text+0x3d4): undefined reference to `gpioPWM'
[35.526s] /usr/bin/ld: motor.cpp:(.text+0x3f4): undefined reference to `gpioPWM'
[35.608s] collect2: error: ld returned 1 exit status
[35.614s] gmake[2]: *** [CMakeFiles/motor_subscriber.dir/build.make:195: motor_subscriber] Error 1
[35.615s] gmake[1]: *** [CMakeFiles/Makefile2:251: CMakeFiles/motor_subscriber.dir/all] Error 2
[35.617s] gmake: *** [Makefile:146: all] Error 2
[35.626s] Invoked command in '/home/youss/Documents/Projet/Autonomouscar/ros_ws/build/robot' returned '2': CMAKE_PREFIX_PATH=${CMAKE_PREFIX_PATH}:/opt/ros/jazzy DEBUGINFOD_URLS=https://debuginfod.ubuntu.com /usr/bin/cmake --build /home/youss/Documents/Projet/Autonomouscar/ros_ws/build/robot -- -j4 -l4
