[0.454s] DEBUG:colcon:Command line arguments: ['/usr/bin/colcon', 'build']
[0.454s] DEBUG:colcon:Parsed command line arguments: Namespace(log_base=None, log_level=None, verb_name='build', build_base='build', install_base='install', merge_install=False, symlink_install=False, test_result_base=None, continue_on_error=False, executor='parallel', parallel_workers=4, event_handlers=None, ignore_user_meta=False, metas=['./colcon.meta'], base_paths=['.'], packages_ignore=None, packages_ignore_regex=None, paths=None, packages_up_to=None, packages_up_to_regex=None, packages_above=None, packages_above_and_dependencies=None, packages_above_depth=None, packages_select_by_dep=None, packages_skip_by_dep=None, packages_skip_up_to=None, packages_select_build_failed=False, packages_skip_build_finished=False, packages_select_test_failures=False, packages_skip_test_passed=False, packages_select=None, packages_skip=None, packages_select_regex=None, packages_skip_regex=None, packages_start=None, packages_end=None, allow_overriding=[], cmake_args=None, cmake_target=None, cmake_target_skip_unavailable=False, cmake_clean_cache=False, cmake_clean_first=False, cmake_force_configure=False, ament_cmake_args=None, catkin_cmake_args=None, catkin_skip_building_tests=False, mixin_files=None, mixin=None, verb_parser=<colcon_mixin.mixin.mixin_argument.MixinArgumentDecorator object at 0xffffb544acc0>, verb_extension=<colcon_core.verb.build.BuildVerb object at 0xffffb54490d0>, main=<bound method BuildVerb.main of <colcon_core.verb.build.BuildVerb object at 0xffffb54490d0>>, mixin_verb=('build',))
[0.605s] Level 1:colcon.colcon_core.package_discovery:discover_packages(colcon_meta) check parameters
[0.606s] Level 1:colcon.colcon_core.package_discovery:discover_packages(recursive) check parameters
[0.606s] Level 1:colcon.colcon_core.package_discovery:discover_packages(ignore) check parameters
[0.606s] Level 1:colcon.colcon_core.package_discovery:discover_packages(path) check parameters
[0.606s] Level 1:colcon.colcon_core.package_discovery:discover_packages(colcon_meta) discover
[0.607s] Level 1:colcon.colcon_core.package_discovery:discover_packages(recursive) discover
[0.607s] INFO:colcon.colcon_core.package_discovery:Crawling recursively for packages in '/home/youss/Documents/Projet/Autonomouscar/ros_ws'
[0.607s] Level 1:colcon.colcon_core.package_identification:_identify(.) by extensions ['ignore', 'ignore_ament_install']
[0.607s] Level 1:colcon.colcon_core.package_identification:_identify(.) by extension 'ignore'
[0.608s] Level 1:colcon.colcon_core.package_identification:_identify(.) by extension 'ignore_ament_install'
[0.608s] Level 1:colcon.colcon_core.package_identification:_identify(.) by extensions ['colcon_pkg']
[0.608s] Level 1:colcon.colcon_core.package_identification:_identify(.) by extension 'colcon_pkg'
[0.608s] Level 1:colcon.colcon_core.package_identification:_identify(.) by extensions ['colcon_meta']
[0.608s] Level 1:colcon.colcon_core.package_identification:_identify(.) by extension 'colcon_meta'
[0.608s] Level 1:colcon.colcon_core.package_identification:_identify(.) by extensions ['ros']
[0.608s] Level 1:colcon.colcon_core.package_identification:_identify(.) by extension 'ros'
[0.714s] Level 1:colcon.colcon_core.package_identification:_identify(.) by extensions ['cmake', 'python']
[0.714s] Level 1:colcon.colcon_core.package_identification:_identify(.) by extension 'cmake'
[0.714s] Level 1:colcon.colcon_core.package_identification:_identify(.) by extension 'python'
[0.714s] Level 1:colcon.colcon_core.package_identification:_identify(.) by extensions ['python_setup_py']
[0.714s] Level 1:colcon.colcon_core.package_identification:_identify(.) by extension 'python_setup_py'
[0.715s] Level 1:colcon.colcon_core.package_identification:_identify(build) by extensions ['ignore', 'ignore_ament_install']
[0.715s] Level 1:colcon.colcon_core.package_identification:_identify(build) by extension 'ignore'
[0.715s] Level 1:colcon.colcon_core.package_identification:_identify(build) ignored
[0.716s] Level 1:colcon.colcon_core.package_identification:_identify(install) by extensions ['ignore', 'ignore_ament_install']
[0.716s] Level 1:colcon.colcon_core.package_identification:_identify(install) by extension 'ignore'
[0.717s] Level 1:colcon.colcon_core.package_identification:_identify(install) ignored
[0.718s] Level 1:colcon.colcon_core.package_identification:_identify(log) by extensions ['ignore', 'ignore_ament_install']
[0.719s] Level 1:colcon.colcon_core.package_identification:_identify(log) by extension 'ignore'
[0.719s] Level 1:colcon.colcon_core.package_identification:_identify(log) ignored
[0.719s] Level 1:colcon.colcon_core.package_identification:_identify(scripts) by extensions ['ignore', 'ignore_ament_install']
[0.719s] Level 1:colcon.colcon_core.package_identification:_identify(scripts) by extension 'ignore'
[0.719s] Level 1:colcon.colcon_core.package_identification:_identify(scripts) by extension 'ignore_ament_install'
[0.720s] Level 1:colcon.colcon_core.package_identification:_identify(scripts) by extensions ['colcon_pkg']
[0.720s] Level 1:colcon.colcon_core.package_identification:_identify(scripts) by extension 'colcon_pkg'
[0.720s] Level 1:colcon.colcon_core.package_identification:_identify(scripts) by extensions ['colcon_meta']
[0.720s] Level 1:colcon.colcon_core.package_identification:_identify(scripts) by extension 'colcon_meta'
[0.720s] Level 1:colcon.colcon_core.package_identification:_identify(scripts) by extensions ['ros']
[0.720s] Level 1:colcon.colcon_core.package_identification:_identify(scripts) by extension 'ros'
[0.721s] Level 1:colcon.colcon_core.package_identification:_identify(scripts) by extensions ['cmake', 'python']
[0.721s] Level 1:colcon.colcon_core.package_identification:_identify(scripts) by extension 'cmake'
[0.721s] Level 1:colcon.colcon_core.package_identification:_identify(scripts) by extension 'python'
[0.721s] Level 1:colcon.colcon_core.package_identification:_identify(scripts) by extensions ['python_setup_py']
[0.721s] Level 1:colcon.colcon_core.package_identification:_identify(scripts) by extension 'python_setup_py'
[0.722s] Level 1:colcon.colcon_core.package_identification:_identify(src) by extensions ['ignore', 'ignore_ament_install']
[0.722s] Level 1:colcon.colcon_core.package_identification:_identify(src) by extension 'ignore'
[0.722s] Level 1:colcon.colcon_core.package_identification:_identify(src) by extension 'ignore_ament_install'
[0.722s] Level 1:colcon.colcon_core.package_identification:_identify(src) by extensions ['colcon_pkg']
[0.722s] Level 1:colcon.colcon_core.package_identification:_identify(src) by extension 'colcon_pkg'
[0.722s] Level 1:colcon.colcon_core.package_identification:_identify(src) by extensions ['colcon_meta']
[0.723s] Level 1:colcon.colcon_core.package_identification:_identify(src) by extension 'colcon_meta'
[0.723s] Level 1:colcon.colcon_core.package_identification:_identify(src) by extensions ['ros']
[0.723s] Level 1:colcon.colcon_core.package_identification:_identify(src) by extension 'ros'
[0.723s] Level 1:colcon.colcon_core.package_identification:_identify(src) by extensions ['cmake', 'python']
[0.723s] Level 1:colcon.colcon_core.package_identification:_identify(src) by extension 'cmake'
[0.723s] Level 1:colcon.colcon_core.package_identification:_identify(src) by extension 'python'
[0.724s] Level 1:colcon.colcon_core.package_identification:_identify(src) by extensions ['python_setup_py']
[0.724s] Level 1:colcon.colcon_core.package_identification:_identify(src) by extension 'python_setup_py'
[0.724s] Level 1:colcon.colcon_core.package_identification:_identify(src/robot) by extensions ['ignore', 'ignore_ament_install']
[0.724s] Level 1:colcon.colcon_core.package_identification:_identify(src/robot) by extension 'ignore'
[0.725s] Level 1:colcon.colcon_core.package_identification:_identify(src/robot) by extension 'ignore_ament_install'
[0.725s] Level 1:colcon.colcon_core.package_identification:_identify(src/robot) by extensions ['colcon_pkg']
[0.725s] Level 1:colcon.colcon_core.package_identification:_identify(src/robot) by extension 'colcon_pkg'
[0.725s] Level 1:colcon.colcon_core.package_identification:_identify(src/robot) by extensions ['colcon_meta']
[0.725s] Level 1:colcon.colcon_core.package_identification:_identify(src/robot) by extension 'colcon_meta'
[0.725s] Level 1:colcon.colcon_core.package_identification:_identify(src/robot) by extensions ['ros']
[0.725s] Level 1:colcon.colcon_core.package_identification:_identify(src/robot) by extension 'ros'
[0.733s] DEBUG:colcon.colcon_core.package_identification:Package 'src/robot' with type 'ros.ament_cmake' and name 'robot'
[0.734s] Level 1:colcon.colcon_core.package_discovery:discover_packages(recursive) using defaults
[0.734s] Level 1:colcon.colcon_core.package_discovery:discover_packages(ignore) discover
[0.734s] Level 1:colcon.colcon_core.package_discovery:discover_packages(ignore) using defaults
[0.734s] Level 1:colcon.colcon_core.package_discovery:discover_packages(path) discover
[0.734s] Level 1:colcon.colcon_core.package_discovery:discover_packages(path) using defaults
[0.801s] Level 1:colcon.colcon_core.package_discovery:discover_packages(prefix_path) check parameters
[0.801s] Level 1:colcon.colcon_core.package_discovery:discover_packages(prefix_path) discover
[0.809s] DEBUG:colcon.colcon_installed_package_information.package_discovery:Found 1 installed packages in /home/youss/Documents/Projet/Autonomouscar/ros_ws/install
[0.819s] DEBUG:colcon.colcon_installed_package_information.package_discovery:Found 285 installed packages in /opt/ros/jazzy
[0.826s] Level 1:colcon.colcon_core.package_discovery:discover_packages(prefix_path) using defaults
[1.013s] Level 5:colcon.colcon_core.verb:set package 'robot' build argument 'cmake_args' from command line to 'None'
[1.014s] Level 5:colcon.colcon_core.verb:set package 'robot' build argument 'cmake_target' from command line to 'None'
[1.014s] Level 5:colcon.colcon_core.verb:set package 'robot' build argument 'cmake_target_skip_unavailable' from command line to 'False'
[1.014s] Level 5:colcon.colcon_core.verb:set package 'robot' build argument 'cmake_clean_cache' from command line to 'False'
[1.014s] Level 5:colcon.colcon_core.verb:set package 'robot' build argument 'cmake_clean_first' from command line to 'False'
[1.014s] Level 5:colcon.colcon_core.verb:set package 'robot' build argument 'cmake_force_configure' from command line to 'False'
[1.014s] Level 5:colcon.colcon_core.verb:set package 'robot' build argument 'ament_cmake_args' from command line to 'None'
[1.014s] Level 5:colcon.colcon_core.verb:set package 'robot' build argument 'catkin_cmake_args' from command line to 'None'
[1.014s] Level 5:colcon.colcon_core.verb:set package 'robot' build argument 'catkin_skip_building_tests' from command line to 'False'
[1.014s] DEBUG:colcon.colcon_core.verb:Building package 'robot' with the following arguments: {'ament_cmake_args': None, 'build_base': '/home/youss/Documents/Projet/Autonomouscar/ros_ws/build/robot', 'catkin_cmake_args': None, 'catkin_skip_building_tests': False, 'cmake_args': None, 'cmake_clean_cache': False, 'cmake_clean_first': False, 'cmake_force_configure': False, 'cmake_target': None, 'cmake_target_skip_unavailable': False, 'install_base': '/home/youss/Documents/Projet/Autonomouscar/ros_ws/install/robot', 'merge_install': False, 'path': '/home/youss/Documents/Projet/Autonomouscar/ros_ws/src/robot', 'symlink_install': False, 'test_result_base': None}
[1.015s] INFO:colcon.colcon_core.executor:Executing jobs using 'parallel' executor
[1.018s] DEBUG:colcon.colcon_parallel_executor.executor.parallel:run_until_complete
[1.019s] INFO:colcon.colcon_ros.task.ament_cmake.build:Building ROS package in '/home/youss/Documents/Projet/Autonomouscar/ros_ws/src/robot' with build type 'ament_cmake'
[1.019s] INFO:colcon.colcon_cmake.task.cmake.build:Building CMake package in '/home/youss/Documents/Projet/Autonomouscar/ros_ws/src/robot'
[1.027s] INFO:colcon.colcon_core.plugin_system:Skipping extension 'colcon_core.shell.bat': Not used on non-Windows systems
[1.028s] INFO:colcon.colcon_core.shell:Skip shell extension 'powershell' for command environment: Not usable outside of PowerShell
[1.028s] DEBUG:colcon.colcon_core.shell:Skip shell extension 'dsv' for command environment
[1.071s] DEBUG:colcon.colcon_core.event_handler.log_command:Invoking command in '/home/youss/Documents/Projet/Autonomouscar/ros_ws/build/robot': CMAKE_PREFIX_PATH=${CMAKE_PREFIX_PATH}:/opt/ros/jazzy DEBUGINFOD_URLS=https://debuginfod.ubuntu.com /usr/bin/cmake --build /home/youss/Documents/Projet/Autonomouscar/ros_ws/build/robot -- -j4 -l4
[4.478s] DEBUG:colcon.colcon_core.event_handler.log_command:Invoked command in '/home/youss/Documents/Projet/Autonomouscar/ros_ws/build/robot' returned '0': CMAKE_PREFIX_PATH=${CMAKE_PREFIX_PATH}:/opt/ros/jazzy DEBUGINFOD_URLS=https://debuginfod.ubuntu.com /usr/bin/cmake --build /home/youss/Documents/Projet/Autonomouscar/ros_ws/build/robot -- -j4 -l4
[4.695s] DEBUG:colcon.colcon_core.event_handler.log_command:Invoking command in '/home/youss/Documents/Projet/Autonomouscar/ros_ws/build/robot': CMAKE_PREFIX_PATH=${CMAKE_PREFIX_PATH}:/opt/ros/jazzy DEBUGINFOD_URLS=https://debuginfod.ubuntu.com /usr/bin/cmake --install /home/youss/Documents/Projet/Autonomouscar/ros_ws/build/robot
[4.802s] Level 1:colcon.colcon_core.environment:create_environment_scripts_only(robot)
[4.804s] DEBUG:colcon.colcon_core.event_handler.log_command:Invoked command in '/home/youss/Documents/Projet/Autonomouscar/ros_ws/build/robot' returned '0': CMAKE_PREFIX_PATH=${CMAKE_PREFIX_PATH}:/opt/ros/jazzy DEBUGINFOD_URLS=https://debuginfod.ubuntu.com /usr/bin/cmake --install /home/youss/Documents/Projet/Autonomouscar/ros_ws/build/robot
[4.813s] Level 1:colcon.colcon_core.environment:checking '/home/youss/Documents/Projet/Autonomouscar/ros_ws/install/robot' for CMake module files
[4.816s] Level 1:colcon.colcon_core.environment:checking '/home/youss/Documents/Projet/Autonomouscar/ros_ws/install/robot' for CMake config files
[4.818s] Level 1:colcon.colcon_core.shell:create_environment_hook('robot', 'cmake_prefix_path')
[4.818s] INFO:colcon.colcon_core.shell:Creating environment hook '/home/youss/Documents/Projet/Autonomouscar/ros_ws/install/robot/share/robot/hook/cmake_prefix_path.ps1'
[4.821s] INFO:colcon.colcon_core.shell:Creating environment descriptor '/home/youss/Documents/Projet/Autonomouscar/ros_ws/install/robot/share/robot/hook/cmake_prefix_path.dsv'
[4.824s] INFO:colcon.colcon_core.shell:Creating environment hook '/home/youss/Documents/Projet/Autonomouscar/ros_ws/install/robot/share/robot/hook/cmake_prefix_path.sh'
[4.827s] Level 1:colcon.colcon_core.environment:checking '/home/youss/Documents/Projet/Autonomouscar/ros_ws/install/robot/lib'
[4.828s] Level 1:colcon.colcon_core.environment:checking '/home/youss/Documents/Projet/Autonomouscar/ros_ws/install/robot/bin'
[4.828s] Level 1:colcon.colcon_core.environment:checking '/home/youss/Documents/Projet/Autonomouscar/ros_ws/install/robot/lib/pkgconfig/robot.pc'
[4.829s] Level 1:colcon.colcon_core.environment:checking '/home/youss/Documents/Projet/Autonomouscar/ros_ws/install/robot/lib/python3.12/site-packages'
[4.830s] Level 1:colcon.colcon_core.environment:checking '/home/youss/Documents/Projet/Autonomouscar/ros_ws/install/robot/bin'
[4.831s] INFO:colcon.colcon_core.shell:Creating package script '/home/youss/Documents/Projet/Autonomouscar/ros_ws/install/robot/share/robot/package.ps1'
[4.834s] INFO:colcon.colcon_core.shell:Creating package descriptor '/home/youss/Documents/Projet/Autonomouscar/ros_ws/install/robot/share/robot/package.dsv'
[4.836s] INFO:colcon.colcon_core.shell:Creating package script '/home/youss/Documents/Projet/Autonomouscar/ros_ws/install/robot/share/robot/package.sh'
[4.839s] INFO:colcon.colcon_core.shell:Creating package script '/home/youss/Documents/Projet/Autonomouscar/ros_ws/install/robot/share/robot/package.bash'
[4.842s] INFO:colcon.colcon_core.shell:Creating package script '/home/youss/Documents/Projet/Autonomouscar/ros_ws/install/robot/share/robot/package.zsh'
[4.844s] Level 1:colcon.colcon_core.environment:create_file_with_runtime_dependencies(/home/youss/Documents/Projet/Autonomouscar/ros_ws/install/robot/share/colcon-core/packages/robot)
[5.024s] Level 1:colcon.colcon_core.environment:create_environment_scripts_only(robot)
[5.026s] Level 1:colcon.colcon_core.environment:checking '/home/youss/Documents/Projet/Autonomouscar/ros_ws/install/robot' for CMake module files
[5.030s] Level 1:colcon.colcon_core.environment:checking '/home/youss/Documents/Projet/Autonomouscar/ros_ws/install/robot' for CMake config files
[5.032s] Level 1:colcon.colcon_core.shell:create_environment_hook('robot', 'cmake_prefix_path')
[5.033s] INFO:colcon.colcon_core.shell:Creating environment hook '/home/youss/Documents/Projet/Autonomouscar/ros_ws/install/robot/share/robot/hook/cmake_prefix_path.ps1'
[5.035s] INFO:colcon.colcon_core.shell:Creating environment descriptor '/home/youss/Documents/Projet/Autonomouscar/ros_ws/install/robot/share/robot/hook/cmake_prefix_path.dsv'
[5.038s] INFO:colcon.colcon_core.shell:Creating environment hook '/home/youss/Documents/Projet/Autonomouscar/ros_ws/install/robot/share/robot/hook/cmake_prefix_path.sh'
[5.041s] Level 1:colcon.colcon_core.environment:checking '/home/youss/Documents/Projet/Autonomouscar/ros_ws/install/robot/lib'
[5.042s] Level 1:colcon.colcon_core.environment:checking '/home/youss/Documents/Projet/Autonomouscar/ros_ws/install/robot/bin'
[5.042s] Level 1:colcon.colcon_core.environment:checking '/home/youss/Documents/Projet/Autonomouscar/ros_ws/install/robot/lib/pkgconfig/robot.pc'
[5.043s] Level 1:colcon.colcon_core.environment:checking '/home/youss/Documents/Projet/Autonomouscar/ros_ws/install/robot/lib/python3.12/site-packages'
[5.044s] Level 1:colcon.colcon_core.environment:checking '/home/youss/Documents/Projet/Autonomouscar/ros_ws/install/robot/bin'
[5.045s] INFO:colcon.colcon_core.shell:Creating package script '/home/youss/Documents/Projet/Autonomouscar/ros_ws/install/robot/share/robot/package.ps1'
[5.047s] INFO:colcon.colcon_core.shell:Creating package descriptor '/home/youss/Documents/Projet/Autonomouscar/ros_ws/install/robot/share/robot/package.dsv'
[5.049s] INFO:colcon.colcon_core.shell:Creating package script '/home/youss/Documents/Projet/Autonomouscar/ros_ws/install/robot/share/robot/package.sh'
[5.052s] INFO:colcon.colcon_core.shell:Creating package script '/home/youss/Documents/Projet/Autonomouscar/ros_ws/install/robot/share/robot/package.bash'
[5.054s] INFO:colcon.colcon_core.shell:Creating package script '/home/youss/Documents/Projet/Autonomouscar/ros_ws/install/robot/share/robot/package.zsh'
[5.055s] Level 1:colcon.colcon_core.environment:create_file_with_runtime_dependencies(/home/youss/Documents/Projet/Autonomouscar/ros_ws/install/robot/share/colcon-core/packages/robot)
[5.056s] DEBUG:colcon.colcon_parallel_executor.executor.parallel:closing loop
[5.058s] DEBUG:colcon.colcon_parallel_executor.executor.parallel:loop closed
[5.058s] DEBUG:colcon.colcon_parallel_executor.executor.parallel:run_until_complete finished with '0'
[5.059s] DEBUG:colcon.colcon_core.event_reactor:joining thread
[5.080s] INFO:colcon.colcon_core.plugin_system:Skipping extension 'colcon_notification.desktop_notification.terminal_notifier': Not used on non-Darwin systems
[5.081s] INFO:colcon.colcon_core.plugin_system:Skipping extension 'colcon_notification.desktop_notification.win32': Not used on non-Windows systems
[5.081s] INFO:colcon.colcon_notification.desktop_notification:Sending desktop notification using 'notify2'
[5.135s] DEBUG:colcon.colcon_core.event_reactor:joined thread
[5.136s] INFO:colcon.colcon_core.shell:Creating prefix script '/home/youss/Documents/Projet/Autonomouscar/ros_ws/install/local_setup.ps1'
[5.139s] INFO:colcon.colcon_core.shell:Creating prefix util module '/home/youss/Documents/Projet/Autonomouscar/ros_ws/install/_local_setup_util_ps1.py'
[5.144s] INFO:colcon.colcon_core.shell:Creating prefix chain script '/home/youss/Documents/Projet/Autonomouscar/ros_ws/install/setup.ps1'
[5.148s] INFO:colcon.colcon_core.shell:Creating prefix script '/home/youss/Documents/Projet/Autonomouscar/ros_ws/install/local_setup.sh'
[5.150s] INFO:colcon.colcon_core.shell:Creating prefix util module '/home/youss/Documents/Projet/Autonomouscar/ros_ws/install/_local_setup_util_sh.py'
[5.153s] INFO:colcon.colcon_core.shell:Creating prefix chain script '/home/youss/Documents/Projet/Autonomouscar/ros_ws/install/setup.sh'
[5.157s] INFO:colcon.colcon_core.shell:Creating prefix script '/home/youss/Documents/Projet/Autonomouscar/ros_ws/install/local_setup.bash'
[5.159s] INFO:colcon.colcon_core.shell:Creating prefix chain script '/home/youss/Documents/Projet/Autonomouscar/ros_ws/install/setup.bash'
[5.162s] INFO:colcon.colcon_core.shell:Creating prefix script '/home/youss/Documents/Projet/Autonomouscar/ros_ws/install/local_setup.zsh'
[5.164s] INFO:colcon.colcon_core.shell:Creating prefix chain script '/home/youss/Documents/Projet/Autonomouscar/ros_ws/install/setup.zsh'
