[0.052s] Invoking command in '/home/youss/Documents/Projet/Autonomouscar/ros_ws/build/robot': CMAKE_PREFIX_PATH=${CMAKE_PREFIX_PATH}:/opt/ros/jazzy DEBUGINFOD_URLS=https://debuginfod.ubuntu.com /usr/bin/cmake --build /home/youss/Documents/Projet/Autonomouscar/ros_ws/build/robot -- -j4 -l4
[0.163s] -- Found ament_cmake: 2.5.2 (/opt/ros/jazzy/share/ament_cmake/cmake)
[1.149s] -- Override CMake install command with custom implementation using symlinks instead of copying resources
[1.184s] [31mCMake Error at CMakeLists.txt:17 (add_executable):
[1.185s]   add_executable cannot create target "encoders" because another target with
[1.185s]   the same name already exists.  The existing target is an executable created
[1.186s]   in source directory
[1.186s]   "/home/youss/Documents/Projet/Autonomouscar/ros_ws/src/robot".  See
[1.186s]   documentation for policy CMP0002 for more details.
[1.188s] 
[1.188s] [0m
[1.189s] -- Found ament_lint_auto: 0.17.1 (/opt/ros/jazzy/share/ament_lint_auto/cmake)
[1.625s] -- Added test 'cppcheck' to perform static code analysis on C / C++ code
[1.626s] -- Configured cppcheck include dirs: $<BUILD_INTERFACE:/home/youss/Documents/Projet/Autonomouscar/ros_ws/src/robot/include>
[1.626s] -- Configured cppcheck exclude dirs and/or files: 
[1.631s] -- Added test 'lint_cmake' to check CMake code style
[1.639s] -- Added test 'uncrustify' to check C / C++ code style
[1.640s] -- Configured uncrustify additional arguments: 
[1.642s] -- Added test 'xmllint' to check XML markup files
[1.647s] -- Configuring incomplete, errors occurred!
[1.659s] gmake: *** [Makefile:267: cmake_check_build_system] Error 1
[1.666s] Invoked command in '/home/youss/Documents/Projet/Autonomouscar/ros_ws/build/robot' returned '2': CMAKE_PREFIX_PATH=${CMAKE_PREFIX_PATH}:/opt/ros/jazzy DEBUGINFOD_URLS=https://debuginfod.ubuntu.com /usr/bin/cmake --build /home/youss/Documents/Projet/Autonomouscar/ros_ws/build/robot -- -j4 -l4
