[0.052s] Invoking command in '/home/youss/Documents/Projet/Autonomouscar/ros_ws/build/robot': CMAKE_PREFIX_PATH=${CMAKE_PREFIX_PATH}:/opt/ros/jazzy DEBUGINFOD_URLS=https://debuginfod.ubuntu.com /usr/bin/cmake --build /home/youss/Documents/Projet/Autonomouscar/ros_ws/build/robot -- -j4 -l4
[0.370s] [ 16%] [32mBuilding CXX object CMakeFiles/encoders.dir/src/encoders_publisher.cpp.o[0m
[11.428s] [01m[K/home/youss/Documents/Projet/Autonomouscar/ros_ws/src/robot/src/encoders_publisher.cpp:[m[K In constructor ‘[01m[KEncoders_publisher::[01;32m[KEncoders_publisher[m[K(const std::string&, Encoders&)[m[K’:
[11.429s] [01m[K/home/youss/Documents/Projet/Autonomouscar/ros_ws/src/robot/src/encoders_publisher.cpp:6:1:[m[K [01;31m[Kerror: [m[Kuninitialized reference member in ‘[01m[Kstruct Encoders&[m[K’ [[01;31m[K]8;;https://gcc.gnu.org/onlinedocs/gcc/Warning-Options.html#index-fpermissive-fpermissive]8;;[m[K]
[11.430s]     6 | [01;31m[KEncoders_publisher[m[K::Encoders_publisher(const std::string &node_name,
[11.430s]       | [01;31m[K^~~~~~~~~~~~~~~~~~[m[K
[11.431s] In file included from [01m[K/home/youss/Documents/Projet/Autonomouscar/ros_ws/src/robot/src/encoders_publisher.cpp:3[m[K:
[11.431s] [01m[K/home/youss/Documents/Projet/Autonomouscar/ros_ws/src/robot/include/robot/encoders_publisher.h:17:19:[m[K [01;36m[Knote: [m[K‘[01m[KEncoders& Encoders_publisher::_encoder[m[K’ should be initialized
[11.431s]    17 |         Encoders &[01;36m[K_encoder[m[K;
[11.432s]       |                   [01;36m[K^~~~~~~~[m[K
[11.432s] [01m[K/home/youss/Documents/Projet/Autonomouscar/ros_ws/src/robot/src/encoders_publisher.cpp:10:16:[m[K [01;31m[Kerror: [m[Kuse of deleted function ‘[01m[KEncoders& Encoders::[01;32m[Koperator=[m[K(const Encoders&)[m[K’
[11.433s]    10 |     _encoder = [01;31m[Kencoder[m[K;
[11.433s]       |                [01;31m[K^~~~~~~[m[K
[11.433s] In file included from [01m[K/home/youss/Documents/Projet/Autonomouscar/ros_ws/src/robot/include/robot/encoders_publisher.h:2[m[K:
[11.434s] [01m[K/home/youss/Documents/Projet/Autonomouscar/ros_ws/src/robot/include/robot/encoders.h:8:8:[m[K [01;36m[Knote: [m[K‘[01m[KEncoders& Encoders::[01;32m[Koperator=[m[K(const Encoders&)[m[K’ is implicitly deleted because the default definition would be ill-formed:
[11.434s]     8 | struct [01;36m[KEncoders[m[K
[11.435s]       |        [01;36m[K^~~~~~~~[m[K
[11.435s] [01m[K/home/youss/Documents/Projet/Autonomouscar/ros_ws/src/robot/include/robot/encoders.h:8:8:[m[K [01;31m[Kerror: [m[Knon-static const member ‘[01m[Kconst unsigned int Encoders::_PPR[m[K’, cannot use default assignment operator
[11.435s] [01m[K/home/youss/Documents/Projet/Autonomouscar/ros_ws/src/robot/include/robot/encoders.h:8:8:[m[K [01;31m[Kerror: [m[Knon-static const member ‘[01m[Kconst double Encoders::_gear_ratio[m[K’, cannot use default assignment operator
[11.436s] [01m[K/home/youss/Documents/Projet/Autonomouscar/ros_ws/src/robot/include/robot/encoders.h:8:8:[m[K [01;31m[Kerror: [m[Kuse of deleted function ‘[01m[Kstd::thread& std::thread::[01;32m[Koperator=[m[K(const std::thread&)[m[K’
[11.436s] In file included from [01m[K/usr/include/c++/13/future:51[m[K,
[11.437s]                  from [01m[K/opt/ros/jazzy/include/rclcpp/rclcpp/executors.hpp:18[m[K,
[11.437s]                  from [01m[K/opt/ros/jazzy/include/rclcpp/rclcpp/rclcpp.hpp:172[m[K,
[11.437s]                  from [01m[K/home/youss/Documents/Projet/Autonomouscar/ros_ws/src/robot/src/encoders_publisher.cpp:1[m[K:
[11.438s] [01m[K/usr/include/c++/13/bits/std_thread.h:181:13:[m[K [01;36m[Knote: [m[Kdeclared here
[11.438s]   181 |     thread& [01;36m[Koperator[m[K=(const thread&) = delete;
[11.439s]       |             [01;36m[K^~~~~~~~[m[K
[14.318s] gmake[2]: *** [CMakeFiles/encoders.dir/build.make:132: CMakeFiles/encoders.dir/src/encoders_publisher.cpp.o] Error 1
[14.319s] gmake[1]: *** [CMakeFiles/Makefile2:137: CMakeFiles/encoders.dir/all] Error 2
[14.320s] gmake: *** [Makefile:146: all] Error 2
[14.327s] Invoked command in '/home/youss/Documents/Projet/Autonomouscar/ros_ws/build/robot' returned '2': CMAKE_PREFIX_PATH=${CMAKE_PREFIX_PATH}:/opt/ros/jazzy DEBUGINFOD_URLS=https://debuginfod.ubuntu.com /usr/bin/cmake --build /home/youss/Documents/Projet/Autonomouscar/ros_ws/build/robot -- -j4 -l4
