[0.049s] Invoking command in '/home/youss/Documents/Projet/Autonomouscar/ros_ws/build/robot': CMAKE_PREFIX_PATH=${CMAKE_PREFIX_PATH}:/opt/ros/jazzy DEBUGINFOD_URLS=https://debuginfod.ubuntu.com /usr/bin/cmake --build /home/youss/Documents/Projet/Autonomouscar/ros_ws/build/robot -- -j4 -l4
[0.303s] [ 50%] [32mBuilding CXX object CMakeFiles/encoders.dir/src/encoders.cpp.o[0m
[2.606s] [01m[K/home/youss/Documents/Projet/Autonomouscar/ros_ws/src/robot/src/encoders.cpp:[m[K In member function ‘[01m[Kbool Encoders::[01;32m[Kconfigure_pin_as_output[m[K(const unsigned int&)[m[K’:
[2.607s] [01m[K/home/youss/Documents/Projet/Autonomouscar/ros_ws/src/robot/src/encoders.cpp:47:56:[m[K [01;35m[Kwarning: [m[Kthis statement may fall through [[01;35m[K]8;;https://gcc.gnu.org/onlinedocs/gcc/Warning-Options.html#index-Wimplicit-fallthrough=-Wimplicit-fallthrough=]8;;[m[K]
[2.607s]    47 |                 cout << gpio << "is a bad gpio pin" << [01;35m[Kendl[m[K;
[2.608s]       |                                                        [01;35m[K^~~~[m[K
[2.608s] [01m[K/home/youss/Documents/Projet/Autonomouscar/ros_ws/src/robot/src/encoders.cpp:48:13:[m[K [01;36m[Knote: [m[Khere
[2.608s]    48 |             [01;36m[Kcase[m[K PI_BAD_MODE:
[2.609s]       |             [01;36m[K^~~~[m[K
[2.609s] [01m[K/home/youss/Documents/Projet/Autonomouscar/ros_ws/src/robot/src/encoders.cpp:49:57:[m[K [01;35m[Kwarning: [m[Kthis statement may fall through [[01;35m[K]8;;https://gcc.gnu.org/onlinedocs/gcc/Warning-Options.html#index-Wimplicit-fallthrough=-Wimplicit-fallthrough=]8;;[m[K]
[2.610s]    49 |                 cout << "Bad mode for gpio " << gpio << [01;35m[Kendl[m[K;
[2.610s]       |                                                         [01;35m[K^~~~[m[K
[2.610s] [01m[K/home/youss/Documents/Projet/Autonomouscar/ros_ws/src/robot/src/encoders.cpp:50:13:[m[K [01;36m[Knote: [m[Khere
[2.611s]    50 |             [01;36m[Kdefault[m[K:
[2.611s]       |             [01;36m[K^~~~~~~[m[K
[2.994s] [100%] [32m[1mLinking CXX executable encoders[0m
[3.280s] /usr/bin/ld: /usr/lib/gcc/aarch64-linux-gnu/13/../../../aarch64-linux-gnu/Scrt1.o: in function `_start':
[3.281s] (.text+0x1c): undefined reference to `main'
[3.281s] /usr/bin/ld: (.text+0x20): undefined reference to `main'
[3.299s] collect2: error: ld returned 1 exit status
[3.305s] gmake[2]: *** [CMakeFiles/encoders.dir/build.make:99: encoders] Error 1
[3.306s] gmake[1]: *** [CMakeFiles/Makefile2:137: CMakeFiles/encoders.dir/all] Error 2
[3.307s] gmake: *** [Makefile:146: all] Error 2
[3.316s] Invoked command in '/home/youss/Documents/Projet/Autonomouscar/ros_ws/build/robot' returned '2': CMAKE_PREFIX_PATH=${CMAKE_PREFIX_PATH}:/opt/ros/jazzy DEBUGINFOD_URLS=https://debuginfod.ubuntu.com /usr/bin/cmake --build /home/youss/Documents/Projet/Autonomouscar/ros_ws/build/robot -- -j4 -l4
