[0.057s] Invoking command in '/home/youss/Documents/Projet/Autonomouscar/ros_ws/build/robot': CMAKE_PREFIX_PATH=${CMAKE_PREFIX_PATH}:/opt/ros/jazzy DEBUGINFOD_URLS=https://debuginfod.ubuntu.com /usr/bin/cmake --build /home/youss/Documents/Projet/Autonomouscar/ros_ws/build/robot -- -j4 -l4
[0.403s] [ 13%] Built target robot_controller
[0.408s] [ 20%] [32mBuilding CXX object CMakeFiles/main.dir/src/main.cpp.o[0m
[0.417s] [ 33%] Built target position_publisher
[0.440s] [ 46%] Built target listener
[0.503s] [ 53%] [32mBuilding CXX object CMakeFiles/main.dir/src/encoders.cpp.o[0m
[0.605s] [ 66%] Built target position_reader
[0.610s] [ 80%] Built target motor_subscriber
[3.856s] [01m[K/home/youss/Documents/Projet/Autonomouscar/ros_ws/src/robot/src/main.cpp:[m[K In function ‘[01m[Kint[01;32m[K main[m[K()[m[K’:
[3.857s] [01m[K/home/youss/Documents/Projet/Autonomouscar/ros_ws/src/robot/src/main.cpp:91:21:[m[K [01;31m[Kerror: [m[Kinvalid conversion from ‘[01m[Kvoid (*)(Encoders&)[m[K’ to ‘[01m[KgpioAlertFunc_t[m[K’ {aka ‘[01m[Kvoid (*)(int, int, unsigned int)[m[K’} [[01;31m[K]8;;https://gcc.gnu.org/onlinedocs/gcc/Warning-Options.html#index-fpermissive-fpermissive]8;;[m[K]
[3.858s]    91 |     [01;31m[KgpioSetAlertFunc(M1A_CHANNEL, Encoders::count_number_of_changes)[m[K;
[3.859s]       |     [01;31m[K~~~~~~~~~~~~~~~~^~~~~~~~~~~~~~~~~~~~~~~~~~~~~~~~~~~~~~~~~~~~~~~~[m[K
[3.859s]       |                     [01;31m[K|[m[K
[3.860s]       |                     [01;31m[Kvoid (*)(Encoders&)[m[K
[3.861s] In file included from [01m[K/home/youss/Documents/Projet/Autonomouscar/ros_ws/src/robot/src/main.cpp:13[m[K:
[3.861s] [01m[K/usr/local/include/pigpio.h:1402:58:[m[K [01;36m[Knote: [m[K  initializing argument 2 of ‘[01m[Kint[01;32m[K gpioSetAlertFunc[m[K(unsigned int, gpioAlertFunc_t)[m[K’
[3.862s]  1402 | int gpioSetAlertFunc(unsigned user_gpio, [01;36m[KgpioAlertFunc_t f[m[K);
[3.863s]       |                                          [01;36m[K~~~~~~~~~~~~~~~~^[m[K
[4.085s] gmake[2]: *** [CMakeFiles/main.dir/build.make:76: CMakeFiles/main.dir/src/main.cpp.o] Error 1
[4.086s] gmake[2]: *** Waiting for unfinished jobs....
[4.294s] gmake[1]: *** [CMakeFiles/Makefile2:147: CMakeFiles/main.dir/all] Error 2
[4.295s] gmake: *** [Makefile:146: all] Error 2
[4.303s] Invoked command in '/home/youss/Documents/Projet/Autonomouscar/ros_ws/build/robot' returned '2': CMAKE_PREFIX_PATH=${CMAKE_PREFIX_PATH}:/opt/ros/jazzy DEBUGINFOD_URLS=https://debuginfod.ubuntu.com /usr/bin/cmake --build /home/youss/Documents/Projet/Autonomouscar/ros_ws/build/robot -- -j4 -l4
