[0.049s] Invoking command in '/home/youss/Documents/Projet/Autonomouscar/ros_ws/build/robot': CMAKE_PREFIX_PATH=${CMAKE_PREFIX_PATH}:/opt/ros/jazzy DEBUGINFOD_URLS=https://debuginfod.ubuntu.com /usr/bin/cmake --build /home/youss/Documents/Projet/Autonomouscar/ros_ws/build/robot -- -j4 -l4
[0.341s] [  9%] [32mBuilding CXX object CMakeFiles/encoders.dir/src/encoders.cpp.o[0m
[0.354s] [ 45%] Built target robot_controller
[0.354s] [ 45%] Built target position_publisher
[0.379s] [ 63%] Built target listener
[0.405s] [ 72%] [32mBuilding CXX object CMakeFiles/encoders.dir/src/encoders_publisher.cpp.o[0m
[0.495s] [ 81%] [32mBuilding CXX object CMakeFiles/motor_subscriber.dir/src/motor_subscriber.cpp.o[0m
[3.417s] [01m[K/home/youss/Documents/Projet/Autonomouscar/ros_ws/src/robot/src/encoders.cpp:[m[K In constructor ‘[01m[KEncoders::[01;32m[KEncoders[m[K(const unsigned int&, const unsigned int&)[m[K’:
[3.418s] [01m[K/home/youss/Documents/Projet/Autonomouscar/ros_ws/src/robot/src/encoders.cpp:51:1:[m[K [01;31m[Kerror: [m[Kexpected identifier before ‘[01m[K{[m[K’ token
[3.419s]    51 | [01;31m[K{[m[K
[3.420s]       | [01;31m[K^[m[K
[3.458s] [01m[K/home/youss/Documents/Projet/Autonomouscar/ros_ws/src/robot/src/encoders.cpp:[m[K In member function ‘[01m[Kvoid Encoders::[01;32m[Ksignal_handler_callback[m[K(int)[m[K’:
[3.459s] [01m[K/home/youss/Documents/Projet/Autonomouscar/ros_ws/src/robot/src/encoders.cpp:108:13:[m[K [01;31m[Kerror: [m[K‘[01m[K_MxA_gpio[m[K’ was not declared in this scope
[3.460s]   108 |     gpioPWM([01;31m[K_MxA_gpio[m[K, 0);
[3.460s]       |             [01;31m[K^~~~~~~~~[m[K
[3.463s] [01m[K/home/youss/Documents/Projet/Autonomouscar/ros_ws/src/robot/src/encoders.cpp:[m[K At global scope:
[3.464s] [01m[K/home/youss/Documents/Projet/Autonomouscar/ros_ws/src/robot/src/encoders.cpp:139:6:[m[K [01;31m[Kerror: [m[Kno declaration matches ‘[01m[Kbool Encoders::[01;32m[Kconfigure_gpio_as_output[m[K(const unsigned int&)[m[K’
[3.465s]   139 | bool [01;31m[KEncoders[m[K::configure_gpio_as_output(const unsigned int &gpio)
[3.466s]       |      [01;31m[K^~~~~~~~[m[K
[3.468s] [01m[K/home/youss/Documents/Projet/Autonomouscar/ros_ws/src/robot/src/encoders.cpp:139:6:[m[K [01;36m[Knote: [m[Kno functions named ‘[01m[Kbool Encoders::[01;32m[Kconfigure_gpio_as_output[m[K(const unsigned int&)[m[K’
[3.469s] In file included from [01m[K/home/youss/Documents/Projet/Autonomouscar/ros_ws/src/robot/src/encoders.cpp:22[m[K:
[3.469s] [01m[K/home/youss/Documents/Projet/Autonomouscar/ros_ws/src/robot/include/robot/encoders.h:8:8:[m[K [01;36m[Knote: [m[K‘[01m[Kstruct Encoders[m[K’ defined here
[3.470s]     8 | struct [01;36m[KEncoders[m[K
[3.471s]       |        [01;36m[K^~~~~~~~[m[K
[3.885s] gmake[2]: *** [CMakeFiles/encoders.dir/build.make:76: CMakeFiles/encoders.dir/src/encoders.cpp.o] Error 1
[3.886s] gmake[2]: *** Waiting for unfinished jobs....
[13.671s] In file included from [01m[K/home/youss/Documents/Projet/Autonomouscar/ros_ws/src/robot/include/robot/motor_subscriber.h:4[m[K,
[13.672s]                  from [01m[K/home/youss/Documents/Projet/Autonomouscar/ros_ws/src/robot/src/motor_subscriber.cpp:1[m[K:
[13.672s] [01m[K/home/youss/Documents/Projet/Autonomouscar/ros_ws/src/robot/include/robot/motor.h:30:61:[m[K [01;31m[Kerror: [m[Kstatic member function ‘[01m[Kstatic bool Motor::[01;32m[Kinit_pwm[m[K(const unsigned int&, const unsigned int&)[m[K’ cannot have cv-qualifier
[13.673s]    30 |                             const unsigned int &duty_cycle) [01;31m[Kconst[m[K;
[13.673s]       |                                                             [01;31m[K^~~~~[m[K
[13.674s] [01m[K/home/youss/Documents/Projet/Autonomouscar/ros_ws/src/robot/include/robot/motor.h:31:72:[m[K [01;31m[Kerror: [m[Kstatic member function ‘[01m[Kstatic bool Motor::[01;32m[Kconfigure_gpio_as_output[m[K(const unsigned int&)[m[K’ cannot have cv-qualifier
[13.675s]    31 |         static bool configure_gpio_as_output(const unsigned int &gpio) [01;31m[Kconst[m[K
[13.675s]       |                                                                        [01;31m[K^~~~~[m[K
[13.676s] [01m[K/home/youss/Documents/Projet/Autonomouscar/ros_ws/src/robot/include/robot/motor.h:31:72:[m[K [01;31m[Kerror: [m[Kexpected ‘[01m[K;[m[K’ at end of member declaration
[13.677s]    31 |         static bool configure_gpio_as_output(const unsigned int &gpio) [01;31m[Kconst[m[K
[13.677s]       |                                                                        [01;31m[K^~~~~[m[K
[13.678s]       |                                                                             [32m[K;[m[K
[13.892s] [01m[K/home/youss/Documents/Projet/Autonomouscar/ros_ws/src/robot/src/motor_subscriber.cpp:[m[K In member function ‘[01m[Kvoid Motor_subscriber::[01;32m[Kset_motors_duty_cycle[m[K(Motor&, Motor&) const[m[K’:
[13.893s] [01m[K/home/youss/Documents/Projet/Autonomouscar/ros_ws/src/robot/src/motor_subscriber.cpp:25:53:[m[K [01;35m[Kwarning: [m[Kunused parameter ‘[01m[Kleft_motor[m[K’ [[01;35m[K]8;;https://gcc.gnu.org/onlinedocs/gcc/Warning-Options.html#index-Wunused-parameter-Wunused-parameter]8;;[m[K]
[13.893s]    25 | void Motor_subscriber::set_motors_duty_cycle([01;35m[KMotor &left_motor[m[K, Motor &right_motor) const
[13.894s]       |                                              [01;35m[K~~~~~~~^~~~~~~~~~[m[K
[13.895s] [01m[K/home/youss/Documents/Projet/Autonomouscar/ros_ws/src/robot/src/motor_subscriber.cpp:25:72:[m[K [01;35m[Kwarning: [m[Kunused parameter ‘[01m[Kright_motor[m[K’ [[01;35m[K]8;;https://gcc.gnu.org/onlinedocs/gcc/Warning-Options.html#index-Wunused-parameter-Wunused-parameter]8;;[m[K]
[13.895s]    25 | void Motor_subscriber::set_motors_duty_cycle(Motor &left_motor, [01;35m[KMotor &right_motor[m[K) const
[13.896s]       |                                                                 [01;35m[K~~~~~~~^~~~~~~~~~~[m[K
[24.928s] gmake[2]: *** [CMakeFiles/motor_subscriber.dir/build.make:76: CMakeFiles/motor_subscriber.dir/src/motor_subscriber.cpp.o] Error 1
[24.929s] gmake[1]: *** [CMakeFiles/Makefile2:249: CMakeFiles/motor_subscriber.dir/all] Error 2
[24.929s] gmake[1]: *** Waiting for unfinished jobs....
[25.725s] gmake[1]: *** [CMakeFiles/Makefile2:145: CMakeFiles/encoders.dir/all] Error 2
[25.726s] gmake: *** [Makefile:146: all] Error 2
[25.734s] Invoked command in '/home/youss/Documents/Projet/Autonomouscar/ros_ws/build/robot' returned '2': CMAKE_PREFIX_PATH=${CMAKE_PREFIX_PATH}:/opt/ros/jazzy DEBUGINFOD_URLS=https://debuginfod.ubuntu.com /usr/bin/cmake --build /home/youss/Documents/Projet/Autonomouscar/ros_ws/build/robot -- -j4 -l4
