[0.052s] Invoking command in '/home/youss/Documents/Projet/Autonomouscar/ros_ws/build/robot': CMAKE_PREFIX_PATH=${CMAKE_PREFIX_PATH}:/opt/ros/jazzy DEBUGINFOD_URLS=https://debuginfod.ubuntu.com /usr/bin/cmake --build /home/youss/Documents/Projet/Autonomouscar/ros_ws/build/robot -- -j4 -l4
[0.178s] -- Found ament_cmake: 2.5.2 (/opt/ros/jazzy/share/ament_cmake/cmake)
[1.176s] -- Override CMake install command with custom implementation using symlinks instead of copying resources
[1.211s] -- Found rclcpp: 28.1.5 (/opt/ros/jazzy/share/rclcpp/cmake)
[1.368s] -- Found rosidl_generator_c: 4.6.4 (/opt/ros/jazzy/share/rosidl_generator_c/cmake)
[1.408s] -- Found rosidl_generator_cpp: 4.6.4 (/opt/ros/jazzy/share/rosidl_generator_cpp/cmake)
[1.457s] -- Using all available rosidl_typesupport_c: rosidl_typesupport_fastrtps_c;rosidl_typesupport_introspection_c
[1.512s] -- Using all available rosidl_typesupport_cpp: rosidl_typesupport_fastrtps_cpp;rosidl_typesupport_introspection_cpp
[1.750s] -- Found rmw_implementation_cmake: 7.3.1 (/opt/ros/jazzy/share/rmw_implementation_cmake/cmake)
[1.756s] -- Found rmw_fastrtps_cpp: 8.4.1 (/opt/ros/jazzy/share/rmw_fastrtps_cpp/cmake)
[2.028s] -- Using RMW implementation 'rmw_fastrtps_cpp' as default
[2.252s] -- Found ament_lint_auto: 0.17.1 (/opt/ros/jazzy/share/ament_lint_auto/cmake)
[2.693s] -- Added test 'cppcheck' to perform static code analysis on C / C++ code
[2.694s] -- Configured cppcheck include dirs: $<BUILD_INTERFACE:/home/youss/Documents/Projet/Autonomouscar/ros_ws/src/robot/include>
[2.694s] -- Configured cppcheck exclude dirs and/or files: 
[2.697s] -- Added test 'flake8' to check Python code syntax and style conventions
[2.697s] -- Configured 'flake8' exclude dirs and/or files: 
[2.700s] -- Added test 'lint_cmake' to check CMake code style
[2.703s] -- Added test 'pep257' to check Python code against some of the docstring style conventions in PEP 257
[2.712s] -- Added test 'uncrustify' to check C / C++ code style
[2.712s] -- Configured uncrustify additional arguments: 
[2.715s] -- Added test 'xmllint' to check XML markup files
[2.720s] [31mCMake Error at /opt/ros/jazzy/share/ament_cmake_target_dependencies/cmake/ament_target_dependencies.cmake:42 (message):
[2.721s]   ament_target_dependencies() the first argument must be a valid target name
[2.721s] Call Stack (most recent call first):
[2.721s]   CMakeLists.txt:53 (ament_target_dependencies)
[2.722s] 
[2.722s] [0m
[2.723s] -- Configuring incomplete, errors occurred!
[2.753s] gmake: *** [Makefile:375: cmake_check_build_system] Error 1
[2.760s] Invoked command in '/home/youss/Documents/Projet/Autonomouscar/ros_ws/build/robot' returned '2': CMAKE_PREFIX_PATH=${CMAKE_PREFIX_PATH}:/opt/ros/jazzy DEBUGINFOD_URLS=https://debuginfod.ubuntu.com /usr/bin/cmake --build /home/youss/Documents/Projet/Autonomouscar/ros_ws/build/robot -- -j4 -l4
