[0.064s] Invoking command in '/home/youss/Documents/Projet/Autonomouscar/ros_ws/build/robot': CMAKE_PREFIX_PATH=${CMAKE_PREFIX_PATH}:/opt/ros/jazzy DEBUGINFOD_URLS=https://debuginfod.ubuntu.com /usr/bin/cmake --build /home/youss/Documents/Projet/Autonomouscar/ros_ws/build/robot -- -j4 -l4
[0.209s] -- Found ament_cmake: 2.5.2 (/opt/ros/jazzy/share/ament_cmake/cmake)
[1.351s] -- Override CMake install command with custom implementation using symlinks instead of copying resources
[1.392s] -- Found rclcpp: 28.1.5 (/opt/ros/jazzy/share/rclcpp/cmake)
[1.571s] -- Found rosidl_generator_c: 4.6.4 (/opt/ros/jazzy/share/rosidl_generator_c/cmake)
[1.620s] -- Found rosidl_generator_cpp: 4.6.4 (/opt/ros/jazzy/share/rosidl_generator_cpp/cmake)
[1.690s] -- Using all available rosidl_typesupport_c: rosidl_typesupport_fastrtps_c;rosidl_typesupport_introspection_c
[1.766s] -- Using all available rosidl_typesupport_cpp: rosidl_typesupport_fastrtps_cpp;rosidl_typesupport_introspection_cpp
[2.036s] -- Found rmw_implementation_cmake: 7.3.1 (/opt/ros/jazzy/share/rmw_implementation_cmake/cmake)
[2.043s] -- Found rmw_fastrtps_cpp: 8.4.1 (/opt/ros/jazzy/share/rmw_fastrtps_cpp/cmake)
[2.351s] -- Using RMW implementation 'rmw_fastrtps_cpp' as default
[2.591s] -- Found std_msgs: 5.3.5 (/opt/ros/jazzy/share/std_msgs/cmake)
[2.650s] -- Found ament_lint_auto: 0.17.1 (/opt/ros/jazzy/share/ament_lint_auto/cmake)
[3.102s] -- Added test 'cppcheck' to perform static code analysis on C / C++ code
[3.103s] -- Configured cppcheck include dirs: $<BUILD_INTERFACE:/home/youss/Documents/Projet/Autonomouscar/ros_ws/src/robot/include>
[3.103s] -- Configured cppcheck exclude dirs and/or files: 
[3.105s] -- Added test 'flake8' to check Python code syntax and style conventions
[3.106s] -- Configured 'flake8' exclude dirs and/or files: 
[3.109s] -- Added test 'lint_cmake' to check CMake code style
[3.112s] -- Added test 'pep257' to check Python code against some of the docstring style conventions in PEP 257
[3.123s] -- Added test 'uncrustify' to check C / C++ code style
[3.123s] -- Configured uncrustify additional arguments: 
[3.126s] -- Added test 'xmllint' to check XML markup files
[3.131s] [31mCMake Error at /opt/ros/jazzy/share/ament_cmake_target_dependencies/cmake/ament_target_dependencies.cmake:77 (message):
[3.132s]   ament_target_dependencies() the passed package name 'listener' was not
[3.132s]   found before
[3.133s] Call Stack (most recent call first):
[3.133s]   CMakeLists.txt:68 (ament_target_dependencies)
[3.133s] 
[3.134s] [0m
[3.134s] -- Configuring incomplete, errors occurred!
[3.164s] gmake: *** [Makefile:294: cmake_check_build_system] Error 1
[3.172s] Invoked command in '/home/youss/Documents/Projet/Autonomouscar/ros_ws/build/robot' returned '2': CMAKE_PREFIX_PATH=${CMAKE_PREFIX_PATH}:/opt/ros/jazzy DEBUGINFOD_URLS=https://debuginfod.ubuntu.com /usr/bin/cmake --build /home/youss/Documents/Projet/Autonomouscar/ros_ws/build/robot -- -j4 -l4
