[0.054s] Invoking command in '/home/youss/Documents/Projet/Autonomouscar/ros_ws/build/robot': CMAKE_PREFIX_PATH=${CMAKE_PREFIX_PATH}:/opt/ros/jazzy DEBUGINFOD_URLS=https://debuginfod.ubuntu.com /usr/bin/cmake --build /home/youss/Documents/Projet/Autonomouscar/ros_ws/build/robot -- -j4 -l4
[0.366s] [  6%] [32mBuilding CXX object CMakeFiles/main.dir/src/main.cpp.o[0m
[0.371s] [ 20%] Built target listener
[0.378s] [ 33%] Built target position_publisher
[0.404s] [ 46%] Built target robot_controller
[0.441s] [ 53%] [32mBuilding CXX object CMakeFiles/main.dir/src/encoders.cpp.o[0m
[0.549s] [ 66%] Built target motor_subscriber
[0.566s] [ 80%] Built target position_reader
[3.259s] [01m[K/home/youss/Documents/Projet/Autonomouscar/ros_ws/src/robot/src/main.cpp:[m[K In function ‘[01m[Kint[01;32m[K main[m[K()[m[K’:
[3.259s] [01m[K/home/youss/Documents/Projet/Autonomouscar/ros_ws/src/robot/src/main.cpp:94:44:[m[K [01;31m[Kerror: [m[K‘[01m[Kstatic void Encoders::[01;32m[Kcount_number_of_changes[m[K(Encoders&)[m[K’ is private within this context
[3.260s]    94 |     std::thread encoder_A_thread(Encoders::[01;31m[Kcount_number_of_changes[m[K, std::ref(encoder_A));
[3.261s]       |                                            [01;31m[K^~~~~~~~~~~~~~~~~~~~~~~[m[K
[3.261s] In file included from [01m[K/home/youss/Documents/Projet/Autonomouscar/ros_ws/src/robot/src/main.cpp:19[m[K:
[3.262s] [01m[K/home/youss/Documents/Projet/Autonomouscar/ros_ws/src/robot/include/robot/encoders.h:83:21:[m[K [01;36m[Knote: [m[Kdeclared private here
[3.263s]    83 |         static void [01;36m[Kcount_number_of_changes[m[K(Encoders &encoder);
[3.264s]       |                     [01;36m[K^~~~~~~~~~~~~~~~~~~~~~~[m[K
[3.564s] gmake[2]: *** [CMakeFiles/main.dir/build.make:76: CMakeFiles/main.dir/src/main.cpp.o] Error 1
[3.565s] gmake[2]: *** Waiting for unfinished jobs....
[4.100s] gmake[1]: *** [CMakeFiles/Makefile2:147: CMakeFiles/main.dir/all] Error 2
[4.101s] gmake: *** [Makefile:146: all] Error 2
[4.108s] Invoked command in '/home/youss/Documents/Projet/Autonomouscar/ros_ws/build/robot' returned '2': CMAKE_PREFIX_PATH=${CMAKE_PREFIX_PATH}:/opt/ros/jazzy DEBUGINFOD_URLS=https://debuginfod.ubuntu.com /usr/bin/cmake --build /home/youss/Documents/Projet/Autonomouscar/ros_ws/build/robot -- -j4 -l4
