[0.055s] Invoking command in '/home/youss/Documents/Projet/Autonomouscar/ros_ws/build/robot': CMAKE_PREFIX_PATH=${CMAKE_PREFIX_PATH}:/opt/ros/jazzy DEBUGINFOD_URLS=https://debuginfod.ubuntu.com /usr/bin/cmake --build /home/youss/Documents/Projet/Autonomouscar/ros_ws/build/robot -- -j4 -l4
[0.191s] -- Found ament_cmake: 2.5.2 (/opt/ros/jazzy/share/ament_cmake/cmake)
[1.150s] -- Override CMake install command with custom implementation using symlinks instead of copying resources
[1.184s] -- Found rclcpp: 28.1.5 (/opt/ros/jazzy/share/rclcpp/cmake)
[1.336s] -- Found rosidl_generator_c: 4.6.4 (/opt/ros/jazzy/share/rosidl_generator_c/cmake)
[1.375s] -- Found rosidl_generator_cpp: 4.6.4 (/opt/ros/jazzy/share/rosidl_generator_cpp/cmake)
[1.423s] -- Using all available rosidl_typesupport_c: rosidl_typesupport_fastrtps_c;rosidl_typesupport_introspection_c
[1.479s] -- Using all available rosidl_typesupport_cpp: rosidl_typesupport_fastrtps_cpp;rosidl_typesupport_introspection_cpp
[1.714s] -- Found rmw_implementation_cmake: 7.3.1 (/opt/ros/jazzy/share/rmw_implementation_cmake/cmake)
[1.720s] -- Found rmw_fastrtps_cpp: 8.4.1 (/opt/ros/jazzy/share/rmw_fastrtps_cpp/cmake)
[1.991s] -- Using RMW implementation 'rmw_fastrtps_cpp' as default
[2.213s] -- Found std_msgs: 5.3.5 (/opt/ros/jazzy/share/std_msgs/cmake)
[2.261s] -- Found geometry_msgs: 5.3.5 (/opt/ros/jazzy/share/geometry_msgs/cmake)
[2.316s] -- Found ament_lint_auto: 0.17.1 (/opt/ros/jazzy/share/ament_lint_auto/cmake)
[2.756s] -- Added test 'cppcheck' to perform static code analysis on C / C++ code
[2.758s] -- Configured cppcheck include dirs: $<BUILD_INTERFACE:/home/youss/Documents/Projet/Autonomouscar/ros_ws/src/robot/include>
[2.758s] -- Configured cppcheck exclude dirs and/or files: 
[2.761s] -- Added test 'flake8' to check Python code syntax and style conventions
[2.761s] -- Configured 'flake8' exclude dirs and/or files: 
[2.765s] -- Added test 'lint_cmake' to check CMake code style
[2.768s] -- Added test 'pep257' to check Python code against some of the docstring style conventions in PEP 257
[2.782s] -- Added test 'uncrustify' to check C / C++ code style
[2.782s] -- Configured uncrustify additional arguments: 
[2.785s] -- Added test 'xmllint' to check XML markup files
[2.809s] -- Configuring done (2.6s)
[2.942s] -- Generating done (0.1s)
[2.957s] -- Build files have been written to: /home/youss/Documents/Projet/Autonomouscar/ros_ws/build/robot
[3.152s] [  7%] [32mBuilding CXX object CMakeFiles/main.dir/src/main.cpp.o[0m
[3.195s] [ 21%] Built target listener
[3.201s] [ 35%] Built target robot_controller
[3.204s] [ 50%] Built target position_publisher
[3.252s] [ 64%] [32mBuilding CXX object CMakeFiles/main.dir/src/motor.cpp.o[0m
[3.253s] [ 64%] [32mBuilding CXX object CMakeFiles/main.dir/src/encoders.cpp.o[0m
[3.355s] [ 78%] Built target motor_subscriber
[3.401s] [ 85%] [32mBuilding CXX object CMakeFiles/main.dir/src/rpi4.cpp.o[0m
[5.424s] [01m[K/home/youss/Documents/Projet/Autonomouscar/ros_ws/src/robot/src/motor.cpp:[m[K In member function ‘[01m[Kbool Motor::[01;32m[Kinit_pwm[m[K(const unsigned int&, const unsigned int&) const[m[K’:
[5.425s] [01m[K/home/youss/Documents/Projet/Autonomouscar/ros_ws/src/robot/src/motor.cpp:47:20:[m[K [01;35m[Kwarning: [m[Kcomparison of unsigned expression in ‘[01m[K< 0[m[K’ is always false [[01;35m[K]8;;https://gcc.gnu.org/onlinedocs/gcc/Warning-Options.html#index-Wtype-limits-Wtype-limits]8;;[m[K]
[5.429s]    47 |     if (duty_cycle < MIN_DUTY_CYCLE)
[5.445s] [01m[K/home/youss/Documents/Projet/Autonomouscar/ros_ws/src/robot/src/motor.cpp:[m[K In member function ‘[01m[Kvoid Motor::[01;32m[Kset_duty_cycle[m[K(const unsigned int&)[m[K’:
[5.446s] [01m[K/home/youss/Documents/Projet/Autonomouscar/ros_ws/src/robot/src/motor.cpp:105:25:[m[K [01;35m[Kwarning: [m[Kcomparison of unsigned expression in ‘[01m[K< 0[m[K’ is always false [[01;35m[K]8;;https://gcc.gnu.org/onlinedocs/gcc/Warning-Options.html#index-Wtype-limits-Wtype-limits]8;;[m[K]
[5.451s]   105 |     else if (duty_cycle < MIN_DUTY_CYCLE)
[5.841s] [ 92%] [32mBuilding CXX object CMakeFiles/main.dir/src/DWM1001_reader.cpp.o[0m
[27.798s] [100%] [32m[1mLinking CXX executable main[0m
[27.927s] /usr/bin/ld: CMakeFiles/main.dir/src/DWM1001_reader.cpp.o: in function `main':
[27.928s] DWM1001_reader.cpp:(.text+0x1408): multiple definition of `main'; CMakeFiles/main.dir/src/main.cpp.o:main.cpp:(.text+0x60): first defined here
[28.734s] collect2: error: ld returned 1 exit status
[28.741s] gmake[2]: *** [CMakeFiles/main.dir/build.make:245: main] Error 1
[28.741s] gmake[1]: *** [CMakeFiles/Makefile2:145: CMakeFiles/main.dir/all] Error 2
[28.742s] gmake: *** [Makefile:146: all] Error 2
[28.751s] Invoked command in '/home/youss/Documents/Projet/Autonomouscar/ros_ws/build/robot' returned '2': CMAKE_PREFIX_PATH=${CMAKE_PREFIX_PATH}:/opt/ros/jazzy DEBUGINFOD_URLS=https://debuginfod.ubuntu.com /usr/bin/cmake --build /home/youss/Documents/Projet/Autonomouscar/ros_ws/build/robot -- -j4 -l4
