[0.053s] Invoking command in '/home/youss/Documents/Projet/Autonomouscar/ros_ws/build/robot': CMAKE_PREFIX_PATH=${CMAKE_PREFIX_PATH}:/opt/ros/jazzy DEBUGINFOD_URLS=https://debuginfod.ubuntu.com /usr/bin/cmake --build /home/youss/Documents/Projet/Autonomouscar/ros_ws/build/robot -- -j4 -l4
[0.310s] [ 25%] [32mBuilding CXX object CMakeFiles/encoders.dir/src/encoders.cpp.o[0m
[3.031s] [ 50%] [32m[1mLinking CXX executable encoders[0m
[3.392s] [100%] Built target encoders
[3.447s] Invoked command in '/home/youss/Documents/Projet/Autonomouscar/ros_ws/build/robot' returned '0': CMAKE_PREFIX_PATH=${CMAKE_PREFIX_PATH}:/opt/ros/jazzy DEBUGINFOD_URLS=https://debuginfod.ubuntu.com /usr/bin/cmake --build /home/youss/Documents/Projet/Autonomouscar/ros_ws/build/robot -- -j4 -l4
[3.670s] Invoking command in '/home/youss/Documents/Projet/Autonomouscar/ros_ws/build/robot': CMAKE_PREFIX_PATH=${CMAKE_PREFIX_PATH}:/opt/ros/jazzy DEBUGINFOD_URLS=https://debuginfod.ubuntu.com /usr/bin/cmake --install /home/youss/Documents/Projet/Autonomouscar/ros_ws/build/robot
[3.708s] -- Install configuration: ""
[3.709s] -- Execute custom install script
[3.711s] -- Up-to-date symlink: /home/youss/Documents/Projet/Autonomouscar/ros_ws/install/robot/lib/robot/encoders
[3.712s] -- Up-to-date symlink: /home/youss/Documents/Projet/Autonomouscar/ros_ws/install/robot/share/ament_index/resource_index/package_run_dependencies/robot
[3.714s] -- Up-to-date symlink: /home/youss/Documents/Projet/Autonomouscar/ros_ws/install/robot/share/ament_index/resource_index/parent_prefix_path/robot
[3.715s] -- Up-to-date symlink: /home/youss/Documents/Projet/Autonomouscar/ros_ws/install/robot/share/robot/environment/ament_prefix_path.sh
[3.716s] -- Up-to-date symlink: /home/youss/Documents/Projet/Autonomouscar/ros_ws/install/robot/share/robot/environment/ament_prefix_path.dsv
[3.717s] -- Up-to-date symlink: /home/youss/Documents/Projet/Autonomouscar/ros_ws/install/robot/share/robot/environment/path.sh
[3.718s] -- Up-to-date symlink: /home/youss/Documents/Projet/Autonomouscar/ros_ws/install/robot/share/robot/environment/path.dsv
[3.719s] -- Up-to-date symlink: /home/youss/Documents/Projet/Autonomouscar/ros_ws/install/robot/share/robot/local_setup.bash
[3.720s] -- Up-to-date symlink: /home/youss/Documents/Projet/Autonomouscar/ros_ws/install/robot/share/robot/local_setup.sh
[3.721s] -- Up-to-date symlink: /home/youss/Documents/Projet/Autonomouscar/ros_ws/install/robot/share/robot/local_setup.zsh
[3.722s] -- Up-to-date symlink: /home/youss/Documents/Projet/Autonomouscar/ros_ws/install/robot/share/robot/local_setup.dsv
[3.723s] -- Symlinking: /home/youss/Documents/Projet/Autonomouscar/ros_ws/install/robot/share/robot/package.dsv
[3.766s] -- Up-to-date symlink: /home/youss/Documents/Projet/Autonomouscar/ros_ws/install/robot/share/ament_index/resource_index/packages/robot
[3.767s] -- Up-to-date symlink: /home/youss/Documents/Projet/Autonomouscar/ros_ws/install/robot/share/robot/cmake/robotConfig.cmake
[3.768s] -- Up-to-date symlink: /home/youss/Documents/Projet/Autonomouscar/ros_ws/install/robot/share/robot/cmake/robotConfig-version.cmake
[3.769s] -- Up-to-date symlink: /home/youss/Documents/Projet/Autonomouscar/ros_ws/install/robot/share/robot/package.xml
[3.777s] Invoked command in '/home/youss/Documents/Projet/Autonomouscar/ros_ws/build/robot' returned '0': CMAKE_PREFIX_PATH=${CMAKE_PREFIX_PATH}:/opt/ros/jazzy DEBUGINFOD_URLS=https://debuginfod.ubuntu.com /usr/bin/cmake --install /home/youss/Documents/Projet/Autonomouscar/ros_ws/build/robot
