[ 15%] [32mBuilding CXX object CMakeFiles/main.dir/src/main.cpp.o[0m
[ 15%] Built target encoders_subscriber
[ 26%] Built target robot_controller
[ 31%] [32mBuilding CXX object CMakeFiles/encoders_publisher.dir/src/encoders_publisher.cpp.o[0m
[ 42%] Built target position_publisher
[ 57%] Built target motor_subscriber
[ 63%] [32mBuilding CXX object CMakeFiles/encoders_publisher.dir/src/encoders.cpp.o[0m
[ 73%] Built target position_reader
[ 78%] [32mBuilding CXX object CMakeFiles/main.dir/src/encoders.cpp.o[0m
[ 84%] [32m[1mLinking CXX executable main[0m
[ 94%] Built target main
[100%] [32m[1mLinking CXX executable encoders_publisher[0m
/usr/bin/ld: CMakeFiles/encoders_publisher.dir/src/encoders.cpp.o: in function `Encoders::Encoders(unsigned int const&, unsigned int const&, std::__cxx11::basic_string<char, std::char_traits<char>, std::allocator<char> > const&)':
encoders.cpp:(.text+0x280): undefined reference to `gpioSetAlertFunc'
/usr/bin/ld: encoders.cpp:(.text+0x298): undefined reference to `gpioSetAlertFunc'
/usr/bin/ld: CMakeFiles/encoders_publisher.dir/src/encoders.cpp.o: in function `Encoders::configure_gpio_as_input(unsigned int const&)':
encoders.cpp:(.text+0x55c): undefined reference to `gpioSetMode'
collect2: error: ld returned 1 exit status
gmake[2]: *** [CMakeFiles/encoders_publisher.dir/build.make:195: encoders_publisher] Error 1
gmake[1]: *** [CMakeFiles/Makefile2:201: CMakeFiles/encoders_publisher.dir/all] Error 2
gmake: *** [Makefile:146: all] Error 2
