[0.051s] Invoking command in '/home/youss/Documents/Projet/Autonomouscar/ros_ws/build/robot': CMAKE_PREFIX_PATH=${CMAKE_PREFIX_PATH}:/opt/ros/jazzy DEBUGINFOD_URLS=https://debuginfod.ubuntu.com /usr/bin/cmake --build /home/youss/Documents/Projet/Autonomouscar/ros_ws/build/robot -- -j4 -l4
[0.349s] [ 15%] [32mBuilding CXX object CMakeFiles/main.dir/src/main.cpp.o[0m
[0.352s] [ 15%] Built target encoders_subscriber
[0.357s] [ 26%] Built target robot_controller
[0.384s] [ 31%] [32mBuilding CXX object CMakeFiles/encoders_publisher.dir/src/encoders_publisher.cpp.o[0m
[0.497s] [ 42%] Built target position_publisher
[0.509s] [ 57%] Built target motor_subscriber
[0.548s] [ 63%] [32mBuilding CXX object CMakeFiles/encoders_publisher.dir/src/encoders.cpp.o[0m
[0.645s] [ 73%] Built target position_reader
[0.692s] [ 78%] [32mBuilding CXX object CMakeFiles/main.dir/src/encoders.cpp.o[0m
[17.675s] [ 84%] [32m[1mLinking CXX executable main[0m
[18.163s] [ 94%] Built target main
[24.817s] [100%] [32m[1mLinking CXX executable encoders_publisher[0m
[25.653s] /usr/bin/ld: CMakeFiles/encoders_publisher.dir/src/encoders.cpp.o: in function `Encoders::Encoders(unsigned int const&, unsigned int const&, std::__cxx11::basic_string<char, std::char_traits<char>, std::allocator<char> > const&)':
[25.653s] encoders.cpp:(.text+0x280): undefined reference to `gpioSetAlertFunc'
[25.653s] /usr/bin/ld: encoders.cpp:(.text+0x298): undefined reference to `gpioSetAlertFunc'
[25.654s] /usr/bin/ld: CMakeFiles/encoders_publisher.dir/src/encoders.cpp.o: in function `Encoders::configure_gpio_as_input(unsigned int const&)':
[25.654s] encoders.cpp:(.text+0x55c): undefined reference to `gpioSetMode'
[25.692s] collect2: error: ld returned 1 exit status
[25.699s] gmake[2]: *** [CMakeFiles/encoders_publisher.dir/build.make:195: encoders_publisher] Error 1
[25.700s] gmake[1]: *** [CMakeFiles/Makefile2:201: CMakeFiles/encoders_publisher.dir/all] Error 2
[25.701s] gmake: *** [Makefile:146: all] Error 2
[25.709s] Invoked command in '/home/youss/Documents/Projet/Autonomouscar/ros_ws/build/robot' returned '2': CMAKE_PREFIX_PATH=${CMAKE_PREFIX_PATH}:/opt/ros/jazzy DEBUGINFOD_URLS=https://debuginfod.ubuntu.com /usr/bin/cmake --build /home/youss/Documents/Projet/Autonomouscar/ros_ws/build/robot -- -j4 -l4
