[0.052s] Invoking command in '/home/youss/Documents/Projet/Autonomouscar/ros_ws/build/robot': CMAKE_PREFIX_PATH=${CMAKE_PREFIX_PATH}:/opt/ros/jazzy DEBUGINFOD_URLS=https://debuginfod.ubuntu.com /usr/bin/cmake --build /home/youss/Documents/Projet/Autonomouscar/ros_ws/build/robot -- -j4 -l4
[0.178s] -- Found ament_cmake: 2.5.2 (/opt/ros/jazzy/share/ament_cmake/cmake)
[1.145s] -- Override CMake install command with custom implementation using symlinks instead of copying resources
[1.179s] -- Found rclcpp: 28.1.5 (/opt/ros/jazzy/share/rclcpp/cmake)
[1.331s] -- Found rosidl_generator_c: 4.6.4 (/opt/ros/jazzy/share/rosidl_generator_c/cmake)
[1.370s] -- Found rosidl_generator_cpp: 4.6.4 (/opt/ros/jazzy/share/rosidl_generator_cpp/cmake)
[1.418s] -- Using all available rosidl_typesupport_c: rosidl_typesupport_fastrtps_c;rosidl_typesupport_introspection_c
[1.473s] -- Using all available rosidl_typesupport_cpp: rosidl_typesupport_fastrtps_cpp;rosidl_typesupport_introspection_cpp
[1.704s] -- Found rmw_implementation_cmake: 7.3.1 (/opt/ros/jazzy/share/rmw_implementation_cmake/cmake)
[1.710s] -- Found rmw_fastrtps_cpp: 8.4.1 (/opt/ros/jazzy/share/rmw_fastrtps_cpp/cmake)
[1.978s] -- Using RMW implementation 'rmw_fastrtps_cpp' as default
[2.199s] -- Found std_msgs: 5.3.5 (/opt/ros/jazzy/share/std_msgs/cmake)
[2.247s] -- Found geometry_msgs: 5.3.5 (/opt/ros/jazzy/share/geometry_msgs/cmake)
[2.301s] -- Found ament_lint_auto: 0.17.1 (/opt/ros/jazzy/share/ament_lint_auto/cmake)
[2.740s] -- Added test 'cppcheck' to perform static code analysis on C / C++ code
[2.741s] -- Configured cppcheck include dirs: $<BUILD_INTERFACE:/home/youss/Documents/Projet/Autonomouscar/ros_ws/src/robot/include>
[2.742s] -- Configured cppcheck exclude dirs and/or files: 
[2.745s] -- Added test 'flake8' to check Python code syntax and style conventions
[2.745s] -- Configured 'flake8' exclude dirs and/or files: 
[2.749s] -- Added test 'lint_cmake' to check CMake code style
[2.752s] -- Added test 'pep257' to check Python code against some of the docstring style conventions in PEP 257
[2.765s] -- Added test 'uncrustify' to check C / C++ code style
[2.766s] -- Configured uncrustify additional arguments: 
[2.768s] -- Added test 'xmllint' to check XML markup files
[2.796s] -- Configuring done (2.6s)
[2.939s] -- Generating done (0.1s)
[2.957s] -- Build files have been written to: /home/youss/Documents/Projet/Autonomouscar/ros_ws/build/robot
[3.183s] [  6%] [32m[1mLinking CXX executable main[0m
[3.203s] [ 20%] Built target listener
[3.213s] [ 26%] [32mBuilding CXX object CMakeFiles/position_publisher.dir/src/DWM1001_reader.cpp.o[0m
[3.215s] [ 40%] Built target robot_controller
[3.339s] [ 46%] [32mBuilding CXX object CMakeFiles/position_reader.dir/src/DWM1001_reader.cpp.o[0m
[3.369s] [ 60%] Built target motor_subscriber
[3.717s] [ 86%] Built target main
[28.180s] [ 93%] [32m[1mLinking CXX executable position_publisher[0m
[28.245s] [100%] [32m[1mLinking CXX executable position_reader[0m
[29.387s] [100%] Built target position_publisher
[29.430s] [100%] Built target position_reader
[29.487s] Invoked command in '/home/youss/Documents/Projet/Autonomouscar/ros_ws/build/robot' returned '0': CMAKE_PREFIX_PATH=${CMAKE_PREFIX_PATH}:/opt/ros/jazzy DEBUGINFOD_URLS=https://debuginfod.ubuntu.com /usr/bin/cmake --build /home/youss/Documents/Projet/Autonomouscar/ros_ws/build/robot -- -j4 -l4
[29.820s] Invoking command in '/home/youss/Documents/Projet/Autonomouscar/ros_ws/build/robot': CMAKE_PREFIX_PATH=${CMAKE_PREFIX_PATH}:/opt/ros/jazzy DEBUGINFOD_URLS=https://debuginfod.ubuntu.com /usr/bin/cmake --install /home/youss/Documents/Projet/Autonomouscar/ros_ws/build/robot
[29.858s] -- Install configuration: ""
[29.860s] -- Execute custom install script
[29.861s] -- Symlinking: /home/youss/Documents/Projet/Autonomouscar/ros_ws/install/robot/lib/robot/main
[29.906s] -- Up-to-date symlink: /home/youss/Documents/Projet/Autonomouscar/ros_ws/install/robot/lib/robot/listener
[29.907s] -- Up-to-date symlink: /home/youss/Documents/Projet/Autonomouscar/ros_ws/install/robot/lib/robot/robot_controller
[29.908s] -- Up-to-date symlink: /home/youss/Documents/Projet/Autonomouscar/ros_ws/install/robot/lib/robot/position_publisher
[29.909s] -- Symlinking: /home/youss/Documents/Projet/Autonomouscar/ros_ws/install/robot/lib/robot/position_reader
[29.955s] -- Up-to-date symlink: /home/youss/Documents/Projet/Autonomouscar/ros_ws/install/robot/lib/robot/motor_subscriber
[29.957s] -- Up-to-date symlink: /home/youss/Documents/Projet/Autonomouscar/ros_ws/install/robot/share/ament_index/resource_index/package_run_dependencies/robot
[29.958s] -- Up-to-date symlink: /home/youss/Documents/Projet/Autonomouscar/ros_ws/install/robot/share/ament_index/resource_index/parent_prefix_path/robot
[29.959s] -- Up-to-date symlink: /home/youss/Documents/Projet/Autonomouscar/ros_ws/install/robot/share/robot/environment/ament_prefix_path.sh
[29.960s] -- Up-to-date symlink: /home/youss/Documents/Projet/Autonomouscar/ros_ws/install/robot/share/robot/environment/ament_prefix_path.dsv
[29.961s] -- Up-to-date symlink: /home/youss/Documents/Projet/Autonomouscar/ros_ws/install/robot/share/robot/environment/path.sh
[29.962s] -- Up-to-date symlink: /home/youss/Documents/Projet/Autonomouscar/ros_ws/install/robot/share/robot/environment/path.dsv
[29.963s] -- Up-to-date symlink: /home/youss/Documents/Projet/Autonomouscar/ros_ws/install/robot/share/robot/local_setup.bash
[29.965s] -- Up-to-date symlink: /home/youss/Documents/Projet/Autonomouscar/ros_ws/install/robot/share/robot/local_setup.sh
[29.966s] -- Up-to-date symlink: /home/youss/Documents/Projet/Autonomouscar/ros_ws/install/robot/share/robot/local_setup.zsh
[29.967s] -- Up-to-date symlink: /home/youss/Documents/Projet/Autonomouscar/ros_ws/install/robot/share/robot/local_setup.dsv
[29.967s] -- Symlinking: /home/youss/Documents/Projet/Autonomouscar/ros_ws/install/robot/share/robot/package.dsv
[30.014s] -- Up-to-date symlink: /home/youss/Documents/Projet/Autonomouscar/ros_ws/install/robot/share/ament_index/resource_index/packages/robot
[30.015s] -- Up-to-date symlink: /home/youss/Documents/Projet/Autonomouscar/ros_ws/install/robot/share/robot/cmake/robotConfig.cmake
[30.016s] -- Up-to-date symlink: /home/youss/Documents/Projet/Autonomouscar/ros_ws/install/robot/share/robot/cmake/robotConfig-version.cmake
[30.017s] -- Up-to-date symlink: /home/youss/Documents/Projet/Autonomouscar/ros_ws/install/robot/share/robot/package.xml
[30.025s] Invoked command in '/home/youss/Documents/Projet/Autonomouscar/ros_ws/build/robot' returned '0': CMAKE_PREFIX_PATH=${CMAKE_PREFIX_PATH}:/opt/ros/jazzy DEBUGINFOD_URLS=https://debuginfod.ubuntu.com /usr/bin/cmake --install /home/youss/Documents/Projet/Autonomouscar/ros_ws/build/robot
