[0.057s] Invoking command in '/home/youss/Documents/Projet/Autonomouscar/ros_ws/build/robot': CMAKE_PREFIX_PATH=${CMAKE_PREFIX_PATH}:/opt/ros/jazzy DEBUGINFOD_URLS=https://debuginfod.ubuntu.com /usr/bin/cmake --build /home/youss/Documents/Projet/Autonomouscar/ros_ws/build/robot -- -j4 -l4
[0.192s] -- Found ament_cmake: 2.5.2 (/opt/ros/jazzy/share/ament_cmake/cmake)
[1.209s] -- Override CMake install command with custom implementation using symlinks instead of copying resources
[1.246s] -- Found rclcpp: 28.1.5 (/opt/ros/jazzy/share/rclcpp/cmake)
[1.406s] -- Found rosidl_generator_c: 4.6.4 (/opt/ros/jazzy/share/rosidl_generator_c/cmake)
[1.446s] -- Found rosidl_generator_cpp: 4.6.4 (/opt/ros/jazzy/share/rosidl_generator_cpp/cmake)
[1.494s] -- Using all available rosidl_typesupport_c: rosidl_typesupport_fastrtps_c;rosidl_typesupport_introspection_c
[1.551s] -- Using all available rosidl_typesupport_cpp: rosidl_typesupport_fastrtps_cpp;rosidl_typesupport_introspection_cpp
[1.788s] -- Found rmw_implementation_cmake: 7.3.1 (/opt/ros/jazzy/share/rmw_implementation_cmake/cmake)
[1.794s] -- Found rmw_fastrtps_cpp: 8.4.1 (/opt/ros/jazzy/share/rmw_fastrtps_cpp/cmake)
[2.076s] -- Using RMW implementation 'rmw_fastrtps_cpp' as default
[2.299s] -- Found std_msgs: 5.3.5 (/opt/ros/jazzy/share/std_msgs/cmake)
[2.348s] [31mCMake Error at CMakeLists.txt:39 (target_include_directories):
[2.349s]   target_include_directories called with invalid arguments
[2.349s] 
[2.349s] [0m
[2.351s] -- Found ament_lint_auto: 0.17.1 (/opt/ros/jazzy/share/ament_lint_auto/cmake)
[2.803s] -- Added test 'cppcheck' to perform static code analysis on C / C++ code
[2.804s] -- Configured cppcheck include dirs: 
[2.804s] -- Configured cppcheck exclude dirs and/or files: 
[2.806s] -- Added test 'flake8' to check Python code syntax and style conventions
[2.807s] -- Configured 'flake8' exclude dirs and/or files: 
[2.810s] -- Added test 'lint_cmake' to check CMake code style
[2.813s] -- Added test 'pep257' to check Python code against some of the docstring style conventions in PEP 257
[2.824s] -- Added test 'uncrustify' to check C / C++ code style
[2.825s] -- Configured uncrustify additional arguments: 
[2.827s] -- Added test 'xmllint' to check XML markup files
[2.837s] -- Configuring incomplete, errors occurred!
[2.869s] gmake: *** [Makefile:335: cmake_check_build_system] Error 1
[2.877s] Invoked command in '/home/youss/Documents/Projet/Autonomouscar/ros_ws/build/robot' returned '2': CMAKE_PREFIX_PATH=${CMAKE_PREFIX_PATH}:/opt/ros/jazzy DEBUGINFOD_URLS=https://debuginfod.ubuntu.com /usr/bin/cmake --build /home/youss/Documents/Projet/Autonomouscar/ros_ws/build/robot -- -j4 -l4
