[0.053s] Invoking command in '/home/youss/Documents/Projet/Autonomouscar/ros_ws/build/robot': CMAKE_PREFIX_PATH=${CMAKE_PREFIX_PATH}:/opt/ros/jazzy DEBUGINFOD_URLS=https://debuginfod.ubuntu.com /usr/bin/cmake --build /home/youss/Documents/Projet/Autonomouscar/ros_ws/build/robot -- -j4 -l4
[0.177s] -- Found ament_cmake: 2.5.2 (/opt/ros/jazzy/share/ament_cmake/cmake)
[1.129s] -- Override CMake install command with custom implementation using symlinks instead of copying resources
[1.163s] -- Found rclcpp: 28.1.5 (/opt/ros/jazzy/share/rclcpp/cmake)
[1.321s] -- Found rosidl_generator_c: 4.6.4 (/opt/ros/jazzy/share/rosidl_generator_c/cmake)
[1.359s] -- Found rosidl_generator_cpp: 4.6.4 (/opt/ros/jazzy/share/rosidl_generator_cpp/cmake)
[1.406s] -- Using all available rosidl_typesupport_c: rosidl_typesupport_fastrtps_c;rosidl_typesupport_introspection_c
[1.462s] -- Using all available rosidl_typesupport_cpp: rosidl_typesupport_fastrtps_cpp;rosidl_typesupport_introspection_cpp
[1.695s] -- Found rmw_implementation_cmake: 7.3.1 (/opt/ros/jazzy/share/rmw_implementation_cmake/cmake)
[1.701s] -- Found rmw_fastrtps_cpp: 8.4.1 (/opt/ros/jazzy/share/rmw_fastrtps_cpp/cmake)
[1.971s] -- Using RMW implementation 'rmw_fastrtps_cpp' as default
[2.190s] -- Found std_msgs: 5.3.5 (/opt/ros/jazzy/share/std_msgs/cmake)
[2.239s] -- Found geometry_msgs: 5.3.5 (/opt/ros/jazzy/share/geometry_msgs/cmake)
[2.294s] -- Found ament_lint_auto: 0.17.1 (/opt/ros/jazzy/share/ament_lint_auto/cmake)
[2.863s] -- Added test 'cppcheck' to perform static code analysis on C / C++ code
[2.865s] -- Configured cppcheck include dirs: $<BUILD_INTERFACE:/home/youss/Documents/Projet/Autonomouscar/ros_ws/src/robot/include>
[2.865s] -- Configured cppcheck exclude dirs and/or files: 
[2.868s] -- Added test 'flake8' to check Python code syntax and style conventions
[2.869s] -- Configured 'flake8' exclude dirs and/or files: 
[2.873s] -- Added test 'lint_cmake' to check CMake code style
[2.877s] -- Added test 'pep257' to check Python code against some of the docstring style conventions in PEP 257
[2.892s] -- Added test 'uncrustify' to check C / C++ code style
[2.893s] -- Configured uncrustify additional arguments: 
[2.896s] -- Added test 'xmllint' to check XML markup files
[2.927s] -- Configuring done (2.8s)
[2.952s] [31mCMake Error at CMakeLists.txt:34 (add_executable):
[2.953s]   Cannot find source file:
[2.953s] 
[2.953s]     src/main_test.cpp
[2.954s] 
[2.954s]   Tried extensions .c .C .c++ .cc .cpp .cxx .cu .mpp .m .M .mm .ixx .cppm
[2.954s]   .ccm .cxxm .c++m .h .hh .h++ .hm .hpp .hxx .in .txx .f .F .for .f77 .f90
[2.955s]   .f95 .f03 .hip .ispc
[2.955s] 
[2.955s] [0m
[2.967s] [31mCMake Error at CMakeLists.txt:34 (add_executable):
[2.968s]   No SOURCES given to target: main_test
[2.968s] 
[2.968s] [0m
[2.969s] [0mCMake Generate step failed.  Build files cannot be regenerated correctly.[0m
[2.997s] gmake: *** [Makefile:573: cmake_check_build_system] Error 1
[3.004s] Invoked command in '/home/youss/Documents/Projet/Autonomouscar/ros_ws/build/robot' returned '2': CMAKE_PREFIX_PATH=${CMAKE_PREFIX_PATH}:/opt/ros/jazzy DEBUGINFOD_URLS=https://debuginfod.ubuntu.com /usr/bin/cmake --build /home/youss/Documents/Projet/Autonomouscar/ros_ws/build/robot -- -j4 -l4
