[0.051s] Invoking command in '/home/youss/Documents/Projet/Autonomouscar/ros_ws/build/robot': CMAKE_PREFIX_PATH=${CMAKE_PREFIX_PATH}:/opt/ros/jazzy DEBUGINFOD_URLS=https://debuginfod.ubuntu.com /usr/bin/cmake --build /home/youss/Documents/Projet/Autonomouscar/ros_ws/build/robot -- -j4 -l4
[0.174s] -- Found ament_cmake: 2.5.2 (/opt/ros/jazzy/share/ament_cmake/cmake)
[1.141s] -- Override CMake install command with custom implementation using symlinks instead of copying resources
[1.173s] -- Found rclcpp: 28.1.5 (/opt/ros/jazzy/share/rclcpp/cmake)
[1.325s] -- Found rosidl_generator_c: 4.6.4 (/opt/ros/jazzy/share/rosidl_generator_c/cmake)
[1.364s] -- Found rosidl_generator_cpp: 4.6.4 (/opt/ros/jazzy/share/rosidl_generator_cpp/cmake)
[1.412s] -- Using all available rosidl_typesupport_c: rosidl_typesupport_fastrtps_c;rosidl_typesupport_introspection_c
[1.467s] -- Using all available rosidl_typesupport_cpp: rosidl_typesupport_fastrtps_cpp;rosidl_typesupport_introspection_cpp
[1.699s] -- Found rmw_implementation_cmake: 7.3.1 (/opt/ros/jazzy/share/rmw_implementation_cmake/cmake)
[1.705s] -- Found rmw_fastrtps_cpp: 8.4.1 (/opt/ros/jazzy/share/rmw_fastrtps_cpp/cmake)
[1.973s] -- Using RMW implementation 'rmw_fastrtps_cpp' as default
[2.193s] -- Found std_msgs: 5.3.5 (/opt/ros/jazzy/share/std_msgs/cmake)
[2.241s] -- Found geometry_msgs: 5.3.5 (/opt/ros/jazzy/share/geometry_msgs/cmake)
[2.295s] -- Found ament_lint_auto: 0.17.1 (/opt/ros/jazzy/share/ament_lint_auto/cmake)
[2.738s] -- Added test 'cppcheck' to perform static code analysis on C / C++ code
[2.739s] -- Configured cppcheck include dirs: $<BUILD_INTERFACE:/home/youss/Documents/Projet/Autonomouscar/ros_ws/src/robot/include>
[2.739s] -- Configured cppcheck exclude dirs and/or files: 
[2.742s] -- Added test 'flake8' to check Python code syntax and style conventions
[2.743s] -- Configured 'flake8' exclude dirs and/or files: 
[2.747s] -- Added test 'lint_cmake' to check CMake code style
[2.749s] -- Added test 'pep257' to check Python code against some of the docstring style conventions in PEP 257
[2.763s] -- Added test 'uncrustify' to check C / C++ code style
[2.763s] -- Configured uncrustify additional arguments: 
[2.766s] -- Added test 'xmllint' to check XML markup files
[2.789s] -- Configuring done (2.6s)
[2.927s] -- Generating done (0.1s)
[2.943s] -- Build files have been written to: /home/youss/Documents/Projet/Autonomouscar/ros_ws/build/robot
[3.183s] [ 14%] Built target listener
[3.187s] [ 28%] Built target robot_controller
[3.195s] [ 42%] Built target position_publisher
[3.209s] [ 50%] [32mBuilding CXX object CMakeFiles/encoders.dir/src/main.cpp.o[0m
[3.240s] [ 57%] [32mBuilding CXX object CMakeFiles/encoders.dir/src/DWM1001_reader.cpp.o[0m
[3.337s] [ 71%] Built target motor_subscriber
[25.464s] [ 78%] [32m[1mLinking CXX executable encoders[0m
[25.592s] /usr/bin/ld: CMakeFiles/encoders.dir/src/DWM1001_reader.cpp.o: in function `main':
[25.592s] DWM1001_reader.cpp:(.text+0x1408): multiple definition of `main'; CMakeFiles/encoders.dir/src/main.cpp.o:main.cpp:(.text+0x60): first defined here
[26.403s] collect2: error: ld returned 1 exit status
[26.409s] gmake[2]: *** [CMakeFiles/encoders.dir/build.make:245: encoders] Error 1
[26.410s] gmake[1]: *** [CMakeFiles/Makefile2:145: CMakeFiles/encoders.dir/all] Error 2
[26.411s] gmake: *** [Makefile:146: all] Error 2
[26.421s] Invoked command in '/home/youss/Documents/Projet/Autonomouscar/ros_ws/build/robot' returned '2': CMAKE_PREFIX_PATH=${CMAKE_PREFIX_PATH}:/opt/ros/jazzy DEBUGINFOD_URLS=https://debuginfod.ubuntu.com /usr/bin/cmake --build /home/youss/Documents/Projet/Autonomouscar/ros_ws/build/robot -- -j4 -l4
