[0.052s] Invoking command in '/home/youss/Documents/Projet/Autonomouscar/ros_ws/build/robot': CMAKE_PREFIX_PATH=${CMAKE_PREFIX_PATH}:/opt/ros/jazzy DEBUGINFOD_URLS=https://debuginfod.ubuntu.com /usr/bin/cmake --build /home/youss/Documents/Projet/Autonomouscar/ros_ws/build/robot -- -j4 -l4
[0.361s] [ 13%] Built target listener
[0.362s] [ 20%] [32mBuilding CXX object CMakeFiles/main.dir/src/main.cpp.o[0m
[0.364s] [ 33%] Built target robot_controller
[0.365s] [ 46%] Built target position_publisher
[0.500s] [ 60%] Built target motor_subscriber
[0.504s] [ 73%] Built target position_reader
[3.450s] [01m[K/home/youss/Documents/Projet/Autonomouscar/ros_ws/src/robot/src/main.cpp:[m[K In function ‘[01m[Kint[01;32m[K main[m[K()[m[K’:
[3.450s] [01m[K/home/youss/Documents/Projet/Autonomouscar/ros_ws/src/robot/src/main.cpp:92:44:[m[K [01;31m[Kerror: [m[K‘[01m[Kstatic void Encoders::[01;32m[Kcompute_encoder_rps_handler[m[K(Encoders&)[m[K’ is private within this context
[3.451s]    92 |     std::thread encoder_A_thread(Encoders::[01;31m[Kcompute_encoder_rps_handler[m[K, std::ref(encoder_A));
[3.451s]       |                                            [01;31m[K^~~~~~~~~~~~~~~~~~~~~~~~~~~[m[K
[3.451s] In file included from [01m[K/home/youss/Documents/Projet/Autonomouscar/ros_ws/src/robot/src/main.cpp:19[m[K:
[3.452s] [01m[K/home/youss/Documents/Projet/Autonomouscar/ros_ws/src/robot/include/robot/encoders.h:74:21:[m[K [01;36m[Knote: [m[Kdeclared private here
[3.453s]    74 |         static void [01;36m[Kcompute_encoder_rps_handler[m[K(Encoders &encoder);
[3.453s]       |                     [01;36m[K^~~~~~~~~~~~~~~~~~~~~~~~~~~[m[K
[3.454s] [01m[K/home/youss/Documents/Projet/Autonomouscar/ros_ws/src/robot/src/main.cpp:93:44:[m[K [01;31m[Kerror: [m[K‘[01m[Kstatic void Encoders::[01;32m[Kcompute_encoder_rps_handler[m[K(Encoders&)[m[K’ is private within this context
[3.457s]    93 |     std::thread encoder_B_thread(Encoders::[01;31m[Kcompute_encoder_rps_handler[m[K, std::ref(encoder_B));
[3.457s]       |                                            [01;31m[K^~~~~~~~~~~~~~~~~~~~~~~~~~~[m[K
[3.458s] [01m[K/home/youss/Documents/Projet/Autonomouscar/ros_ws/src/robot/include/robot/encoders.h:74:21:[m[K [01;36m[Knote: [m[Kdeclared private here
[3.458s]    74 |         static void [01;36m[Kcompute_encoder_rps_handler[m[K(Encoders &encoder);
[3.459s]       |                     [01;36m[K^~~~~~~~~~~~~~~~~~~~~~~~~~~[m[K
[3.459s] [01m[K/home/youss/Documents/Projet/Autonomouscar/ros_ws/src/robot/src/main.cpp:[m[K In lambda function:
[3.460s] [01m[K/home/youss/Documents/Projet/Autonomouscar/ros_ws/src/robot/src/main.cpp:97:40:[m[K [01;31m[Kerror: [m[K‘[01m[Kvoid Encoders::[01;32m[Kcount_number_of_changes[m[K(const unsigned int&)[m[K’ is private within this context
[3.460s]    97 |         [01;31m[Kencoder.count_number_of_changes(channel_gpio)[m[K;
[3.460s]       |         [01;31m[K~~~~~~~~~~~~~~~~~~~~~~~~~~~~~~~^~~~~~~~~~~~~~[m[K
[3.461s] [01m[K/home/youss/Documents/Projet/Autonomouscar/ros_ws/src/robot/include/robot/encoders.h:72:14:[m[K [01;36m[Knote: [m[Kdeclared private here
[3.461s]    72 |         void [01;36m[Kcount_number_of_changes[m[K(const unsigned int &channel_gpio);
[3.462s]       |              [01;36m[K^~~~~~~~~~~~~~~~~~~~~~~[m[K
[3.462s] [01m[K/home/youss/Documents/Projet/Autonomouscar/ros_ws/src/robot/src/main.cpp:[m[K In function ‘[01m[Kint[01;32m[K main[m[K()[m[K’:
[3.462s] [01m[K/home/youss/Documents/Projet/Autonomouscar/ros_ws/src/robot/src/main.cpp:99:57:[m[K [01;31m[Kerror: [m[Kuse of deleted function ‘[01m[KEncoders::[01;32m[KEncoders[m[K(const Encoders&)[m[K’
[3.463s]    99 |     auto count_A = std::async(std::launch::async, [01;31m[Kmy_fct(M1A_CHANNEL, encoder_A)[m[K);
[3.463s]       |                                                   [01;31m[K~~~~~~^~~~~~~~~~~~~~~~~~~~~~~~[m[K
[3.464s] [01m[K/home/youss/Documents/Projet/Autonomouscar/ros_ws/src/robot/include/robot/encoders.h:8:8:[m[K [01;36m[Knote: [m[K‘[01m[KEncoders::[01;32m[KEncoders[m[K(const Encoders&)[m[K’ is implicitly deleted because the default definition would be ill-formed:
[3.464s]     8 | struct [01;36m[KEncoders[m[K
[3.465s]       |        [01;36m[K^~~~~~~~[m[K
[3.465s] [01m[K/home/youss/Documents/Projet/Autonomouscar/ros_ws/src/robot/include/robot/encoders.h:8:8:[m[K [01;31m[Kerror: [m[Kuse of deleted function ‘[01m[Kstd::thread::[01;32m[Kthread[m[K(const std::thread&)[m[K’
[3.466s] In file included from [01m[K/usr/include/c++/13/thread:45[m[K,
[3.467s]                  from [01m[K/home/youss/Documents/Projet/Autonomouscar/ros_ws/src/robot/src/main.cpp:8[m[K:
[3.467s] [01m[K/usr/include/c++/13/bits/std_thread.h:176:5:[m[K [01;36m[Knote: [m[Kdeclared here
[3.468s]   176 |     [01;36m[Kthread[m[K(const thread&) = delete;
[3.468s]       |     [01;36m[K^~~~~~[m[K
[3.468s] [01m[K/home/youss/Documents/Projet/Autonomouscar/ros_ws/src/robot/src/main.cpp:95:19:[m[K [01;36m[Knote: [m[K  initializing argument 2 of ‘[01m[Kmain()::<lambda(unsigned int, Encoders)>[m[K’
[3.469s]    95 |     auto my_fct = [01;36m[K[[m[K](unsigned int channel_gpio, Encoders encoder)
[3.469s]       |                   [01;36m[K^[m[K
[3.898s] gmake[2]: *** [CMakeFiles/main.dir/build.make:76: CMakeFiles/main.dir/src/main.cpp.o] Error 1
[3.899s] gmake[1]: *** [CMakeFiles/Makefile2:147: CMakeFiles/main.dir/all] Error 2
[3.900s] gmake: *** [Makefile:146: all] Error 2
[3.908s] Invoked command in '/home/youss/Documents/Projet/Autonomouscar/ros_ws/build/robot' returned '2': CMAKE_PREFIX_PATH=${CMAKE_PREFIX_PATH}:/opt/ros/jazzy DEBUGINFOD_URLS=https://debuginfod.ubuntu.com /usr/bin/cmake --build /home/youss/Documents/Projet/Autonomouscar/ros_ws/build/robot -- -j4 -l4
