[0.045s] Invoking command in '/home/youss/Documents/Projet/Autonomouscar/ros_ws/build/robot': CMAKE_PREFIX_PATH=${CMAKE_PREFIX_PATH}:/opt/ros/jazzy DEBUGINFOD_URLS=https://debuginfod.ubuntu.com /usr/bin/cmake --build /home/youss/Documents/Projet/Autonomouscar/ros_ws/build/robot -- -j4 -l4
[0.286s] [ 25%] [32mBuilding CXX object CMakeFiles/encoders.dir/src/main.cpp.o[0m
[0.291s] [ 50%] [32mBuilding CXX object CMakeFiles/encoders.dir/src/encoders.cpp.o[0m
[0.299s] [ 75%] [32mBuilding CXX object CMakeFiles/encoders.dir/src/rpi4.cpp.o[0m
[0.362s] [01m[K/home/youss/Documents/Projet/Autonomouscar/ros_ws/src/robot/src/rpi4.cpp:1:10:[m[K [01;31m[Kfatal error: [m[Krpi4.h: No such file or directory
[0.363s]     1 | #include [01;31m[K<rpi4.h>[m[K
[0.363s]       |          [01;31m[K^~~~~~~~[m[K
[0.364s] compilation terminated.
[0.369s] gmake[2]: *** [CMakeFiles/encoders.dir/build.make:104: CMakeFiles/encoders.dir/src/rpi4.cpp.o] Error 1
[0.369s] gmake[2]: *** Waiting for unfinished jobs....
[0.604s] [01m[K/home/youss/Documents/Projet/Autonomouscar/ros_ws/src/robot/src/main.cpp:17:10:[m[K [01;31m[Kfatal error: [m[Krpi4.h: No such file or directory
[0.605s]    17 | #include [01;31m[K<rpi4.h>[m[K
[0.606s]       |          [01;31m[K^~~~~~~~[m[K
[0.607s] compilation terminated.
[0.608s] [01m[K/home/youss/Documents/Projet/Autonomouscar/ros_ws/src/robot/src/encoders.cpp:13:10:[m[K [01;31m[Kfatal error: [m[Kencoders.h: No such file or directory
[0.609s]    13 | #include [01;31m[K<encoders.h>[m[K
[0.610s]       |          [01;31m[K^~~~~~~~~~~~[m[K
[0.610s] compilation terminated.
[0.613s] gmake[2]: *** [CMakeFiles/encoders.dir/build.make:76: CMakeFiles/encoders.dir/src/main.cpp.o] Error 1
[0.617s] gmake[2]: *** [CMakeFiles/encoders.dir/build.make:90: CMakeFiles/encoders.dir/src/encoders.cpp.o] Error 1
[0.618s] gmake[1]: *** [CMakeFiles/Makefile2:137: CMakeFiles/encoders.dir/all] Error 2
[0.619s] gmake: *** [Makefile:146: all] Error 2
[0.626s] Invoked command in '/home/youss/Documents/Projet/Autonomouscar/ros_ws/build/robot' returned '2': CMAKE_PREFIX_PATH=${CMAKE_PREFIX_PATH}:/opt/ros/jazzy DEBUGINFOD_URLS=https://debuginfod.ubuntu.com /usr/bin/cmake --build /home/youss/Documents/Projet/Autonomouscar/ros_ws/build/robot -- -j4 -l4
