[0.053s] Invoking command in '/home/youss/Documents/Projet/Autonomouscar/ros_ws/build/robot': CMAKE_PREFIX_PATH=${CMAKE_PREFIX_PATH}:/opt/ros/jazzy DEBUGINFOD_URLS=https://debuginfod.ubuntu.com /usr/bin/cmake --build /home/youss/Documents/Projet/Autonomouscar/ros_ws/build/robot -- -j4 -l4
[0.319s] [ 25%] [32mBuilding CXX object CMakeFiles/encoders.dir/src/rpi4.cpp.o[0m
[0.433s] [01m[K/home/youss/Documents/Projet/Autonomouscar/ros_ws/src/robot/src/rpi4.cpp:[m[K In member function ‘[01m[Kbool RPI4::[01;32m[Kinit[m[K()[m[K’:
[0.434s] [01m[K/home/youss/Documents/Projet/Autonomouscar/ros_ws/src/robot/src/rpi4.cpp:12:5:[m[K [01;31m[Kerror: [m[K‘[01m[Kcout[m[K’ was not declared in this scope
[0.434s]    12 |     [01;31m[Kcout[m[K<<"Using pigpio version :" << gpioVersion() << endl;
[0.434s]       |     [01;31m[K^~~~[m[K
[0.435s] [01m[K/home/youss/Documents/Projet/Autonomouscar/ros_ws/src/robot/src/rpi4.cpp:3:1:[m[K [01;36m[Knote: [m[K‘[01m[Kstd::cout[m[K’ is defined in header ‘[01m[K<iostream>[m[K’; did you forget to ‘[01m[K#include <iostream>[m[K’?
[0.435s]     2 | #include <pigpio.h>
[0.435s]   +++ |+[32m[K#include <iostream>[m[K
[0.436s]     3 | 
[0.436s] [01m[K/home/youss/Documents/Projet/Autonomouscar/ros_ws/src/robot/src/rpi4.cpp:12:56:[m[K [01;31m[Kerror: [m[K‘[01m[Kendl[m[K’ was not declared in this scope
[0.436s]    12 |     cout<<"Using pigpio version :" << gpioVersion() << [01;31m[Kendl[m[K;
[0.437s]       |                                                        [01;31m[K^~~~[m[K
[0.437s] [01m[K/home/youss/Documents/Projet/Autonomouscar/ros_ws/src/robot/src/rpi4.cpp:3:1:[m[K [01;36m[Knote: [m[K‘[01m[Kstd::endl[m[K’ is defined in header ‘[01m[K<ostream>[m[K’; did you forget to ‘[01m[K#include <ostream>[m[K’?
[0.437s]     2 | #include <pigpio.h>
[0.437s]   +++ |+[32m[K#include <ostream>[m[K
[0.438s]     3 | 
[0.445s] gmake[2]: *** [CMakeFiles/encoders.dir/build.make:104: CMakeFiles/encoders.dir/src/rpi4.cpp.o] Error 1
[0.446s] gmake[1]: *** [CMakeFiles/Makefile2:137: CMakeFiles/encoders.dir/all] Error 2
[0.447s] gmake: *** [Makefile:146: all] Error 2
[0.456s] Invoked command in '/home/youss/Documents/Projet/Autonomouscar/ros_ws/build/robot' returned '2': CMAKE_PREFIX_PATH=${CMAKE_PREFIX_PATH}:/opt/ros/jazzy DEBUGINFOD_URLS=https://debuginfod.ubuntu.com /usr/bin/cmake --build /home/youss/Documents/Projet/Autonomouscar/ros_ws/build/robot -- -j4 -l4
