[0.062s] Invoking command in '/home/youss/Documents/Projet/Autonomouscar/ros_ws/build/robot': DEBUGINFOD_URLS=https://debuginfod.ubuntu.com /usr/bin/cmake --build /home/youss/Documents/Projet/Autonomouscar/ros_ws/build/robot -- -j4 -l4
[0.211s] -- Found ament_cmake: 2.5.2 (/opt/ros/jazzy/share/ament_cmake/cmake)
[1.337s] -- Override CMake install command with custom implementation using symlinks instead of copying resources
[1.377s] -- Found rclcpp: 28.1.5 (/opt/ros/jazzy/share/rclcpp/cmake)
[1.554s] -- Found rosidl_generator_c: 4.6.4 (/opt/ros/jazzy/share/rosidl_generator_c/cmake)
[1.600s] -- Found rosidl_generator_cpp: 4.6.4 (/opt/ros/jazzy/share/rosidl_generator_cpp/cmake)
[1.655s] -- Using all available rosidl_typesupport_c: rosidl_typesupport_fastrtps_c;rosidl_typesupport_introspection_c
[1.721s] -- Using all available rosidl_typesupport_cpp: rosidl_typesupport_fastrtps_cpp;rosidl_typesupport_introspection_cpp
[1.997s] -- Found rmw_implementation_cmake: 7.3.1 (/opt/ros/jazzy/share/rmw_implementation_cmake/cmake)
[2.003s] -- Found rmw_fastrtps_cpp: 8.4.1 (/opt/ros/jazzy/share/rmw_fastrtps_cpp/cmake)
[2.315s] -- Using RMW implementation 'rmw_fastrtps_cpp' as default
[2.573s] -- Found std_msgs: 5.3.5 (/opt/ros/jazzy/share/std_msgs/cmake)
[2.633s] -- Found ament_lint_auto: 0.17.1 (/opt/ros/jazzy/share/ament_lint_auto/cmake)
[3.264s] -- Added test 'cppcheck' to perform static code analysis on C / C++ code
[3.265s] -- Configured cppcheck include dirs: $<BUILD_INTERFACE:/home/youss/Documents/Projet/Autonomouscar/ros_ws/src/robot/include>
[3.265s] -- Configured cppcheck exclude dirs and/or files: 
[3.268s] -- Added test 'flake8' to check Python code syntax and style conventions
[3.269s] -- Configured 'flake8' exclude dirs and/or files: 
[3.273s] -- Added test 'lint_cmake' to check CMake code style
[3.277s] -- Added test 'pep257' to check Python code against some of the docstring style conventions in PEP 257
[3.291s] -- Added test 'uncrustify' to check C / C++ code style
[3.292s] -- Configured uncrustify additional arguments: 
[3.295s] -- Added test 'xmllint' to check XML markup files
[3.309s] -- Configuring done (3.1s)
[3.421s] -- Generating done (0.1s)
[3.436s] -- Build files have been written to: /home/youss/Documents/Projet/Autonomouscar/ros_ws/build/robot
[3.699s] [ 25%] Built target robot_controller
[3.705s] [ 62%] Built target listener
[3.706s] [ 62%] [32mBuilding CXX object CMakeFiles/encoders.dir/src/DWM1001_reader.cpp.o[0m
[4.264s] [01m[K/home/youss/Documents/Projet/Autonomouscar/ros_ws/src/robot/src/DWM1001_reader.cpp:11:10:[m[K [01;31m[Kfatal error: [m[Kgeometry_msgs/msg/point.hpp: No such file or directory
[4.265s]    11 | #include [01;31m[K<geometry_msgs/msg/point.hpp>[m[K
[4.265s]       |          [01;31m[K^~~~~~~~~~~~~~~~~~~~~~~~~~~~~[m[K
[4.266s] compilation terminated.
[4.277s] gmake[2]: *** [CMakeFiles/encoders.dir/build.make:104: CMakeFiles/encoders.dir/src/DWM1001_reader.cpp.o] Error 1
[4.278s] gmake[1]: *** [CMakeFiles/Makefile2:141: CMakeFiles/encoders.dir/all] Error 2
[4.279s] gmake: *** [Makefile:146: all] Error 2
[4.290s] Invoked command in '/home/youss/Documents/Projet/Autonomouscar/ros_ws/build/robot' returned '2': DEBUGINFOD_URLS=https://debuginfod.ubuntu.com /usr/bin/cmake --build /home/youss/Documents/Projet/Autonomouscar/ros_ws/build/robot -- -j4 -l4
