[0.050s] Invoking command in '/home/youss/Documents/Projet/Autonomouscar/ros_ws/build/robot': CMAKE_PREFIX_PATH=${CMAKE_PREFIX_PATH}:/opt/ros/jazzy DEBUGINFOD_URLS=https://debuginfod.ubuntu.com /usr/bin/cmake --build /home/youss/Documents/Projet/Autonomouscar/ros_ws/build/robot -- -j4 -l4
[0.163s] -- Found ament_cmake: 2.5.2 (/opt/ros/jazzy/share/ament_cmake/cmake)
[1.126s] -- Override CMake install command with custom implementation using symlinks instead of copying resources
[1.162s] -- Found ament_lint_auto: 0.17.1 (/opt/ros/jazzy/share/ament_lint_auto/cmake)
[1.593s] -- Added test 'cppcheck' to perform static code analysis on C / C++ code
[1.594s] -- Configured cppcheck include dirs: $<BUILD_INTERFACE:/home/youss/Documents/Projet/Autonomouscar/ros_ws/src/robot/include>
[1.594s] -- Configured cppcheck exclude dirs and/or files: 
[1.598s] -- Added test 'lint_cmake' to check CMake code style
[1.607s] -- Added test 'uncrustify' to check C / C++ code style
[1.607s] -- Configured uncrustify additional arguments: 
[1.609s] -- Added test 'xmllint' to check XML markup files
[1.614s] -- Configuring done (1.5s)
[1.646s] -- Generating done (0.0s)
[1.653s] -- Build files have been written to: /home/youss/Documents/Projet/Autonomouscar/ros_ws/build/robot
[1.824s] [ 50%] [32m[1mLinking CXX executable encoders[0m
[1.898s] /usr/bin/ld: cannot find -lmain: No such file or directory
[1.979s] collect2: error: ld returned 1 exit status
[1.985s] gmake[2]: *** [CMakeFiles/encoders.dir/build.make:99: encoders] Error 1
[1.986s] gmake[1]: *** [CMakeFiles/Makefile2:137: CMakeFiles/encoders.dir/all] Error 2
[1.987s] gmake: *** [Makefile:146: all] Error 2
[1.995s] Invoked command in '/home/youss/Documents/Projet/Autonomouscar/ros_ws/build/robot' returned '2': CMAKE_PREFIX_PATH=${CMAKE_PREFIX_PATH}:/opt/ros/jazzy DEBUGINFOD_URLS=https://debuginfod.ubuntu.com /usr/bin/cmake --build /home/youss/Documents/Projet/Autonomouscar/ros_ws/build/robot -- -j4 -l4
