[0.054s] Invoking command in '/home/youss/Documents/Projet/Autonomouscar/ros_ws/build/robot': CMAKE_PREFIX_PATH=${CMAKE_PREFIX_PATH}:/opt/ros/jazzy DEBUGINFOD_URLS=https://debuginfod.ubuntu.com /usr/bin/cmake --build /home/youss/Documents/Projet/Autonomouscar/ros_ws/build/robot -- -j4 -l4
[0.185s] -- Found ament_cmake: 2.5.2 (/opt/ros/jazzy/share/ament_cmake/cmake)
[1.188s] -- Override CMake install command with custom implementation using symlinks instead of copying resources
[1.226s] -- Found rclcpp: 28.1.5 (/opt/ros/jazzy/share/rclcpp/cmake)
[1.385s] -- Found rosidl_generator_c: 4.6.4 (/opt/ros/jazzy/share/rosidl_generator_c/cmake)
[1.426s] -- Found rosidl_generator_cpp: 4.6.4 (/opt/ros/jazzy/share/rosidl_generator_cpp/cmake)
[1.474s] -- Using all available rosidl_typesupport_c: rosidl_typesupport_fastrtps_c;rosidl_typesupport_introspection_c
[1.532s] -- Using all available rosidl_typesupport_cpp: rosidl_typesupport_fastrtps_cpp;rosidl_typesupport_introspection_cpp
[1.773s] -- Found rmw_implementation_cmake: 7.3.1 (/opt/ros/jazzy/share/rmw_implementation_cmake/cmake)
[1.780s] -- Found rmw_fastrtps_cpp: 8.4.1 (/opt/ros/jazzy/share/rmw_fastrtps_cpp/cmake)
[2.066s] -- Using RMW implementation 'rmw_fastrtps_cpp' as default
[2.292s] -- Found std_msgs: 5.3.5 (/opt/ros/jazzy/share/std_msgs/cmake)
[2.346s] -- Found ament_lint_auto: 0.17.1 (/opt/ros/jazzy/share/ament_lint_auto/cmake)
[2.804s] -- Added test 'cppcheck' to perform static code analysis on C / C++ code
[2.804s] -- Configured cppcheck include dirs: $<BUILD_INTERFACE:/home/youss/Documents/Projet/Autonomouscar/ros_ws/src/robot/include>
[2.805s] -- Configured cppcheck exclude dirs and/or files: 
[2.807s] -- Added test 'flake8' to check Python code syntax and style conventions
[2.808s] -- Configured 'flake8' exclude dirs and/or files: 
[2.812s] -- Added test 'lint_cmake' to check CMake code style
[2.815s] -- Added test 'pep257' to check Python code against some of the docstring style conventions in PEP 257
[2.827s] -- Added test 'uncrustify' to check C / C++ code style
[2.827s] -- Configured uncrustify additional arguments: 
[2.829s] -- Added test 'xmllint' to check XML markup files
[2.843s] -- Configuring done (2.7s)
[2.943s] -- Generating done (0.1s)
[2.957s] -- Build files have been written to: /home/youss/Documents/Projet/Autonomouscar/ros_ws/build/robot
[3.160s] [ 14%] [32mBuilding CXX object CMakeFiles/robot_controller.dir/src/robot_controller.cpp.o[0m
[3.196s] [ 28%] [32mBuilding CXX object CMakeFiles/encoders.dir/src/encoders.cpp.o[0m
[3.202s] [ 57%] Built target listener
[3.230s] [01m[K/home/youss/Documents/Projet/Autonomouscar/ros_ws/src/robot/src/robot_controller.cpp:1:10:[m[K [01;31m[Kfatal error: [m[Krobot/robot_controller.h: No such file or directory
[3.230s]     1 | #include [01;31m[K"robot/robot_controller.h"[m[K
[3.231s]       |          [01;31m[K^~~~~~~~~~~~~~~~~~~~~~~~~~[m[K
[3.232s] compilation terminated.
[3.238s] gmake[2]: *** [CMakeFiles/robot_controller.dir/build.make:76: CMakeFiles/robot_controller.dir/src/robot_controller.cpp.o] Error 1
[3.239s] gmake[1]: *** [CMakeFiles/Makefile2:193: CMakeFiles/robot_controller.dir/all] Error 2
[3.240s] gmake[1]: *** Waiting for unfinished jobs....
[6.700s] [ 71%] [32m[1mLinking CXX executable encoders[0m
[7.780s] [ 85%] Built target encoders
[7.787s] gmake: *** [Makefile:146: all] Error 2
[7.798s] Invoked command in '/home/youss/Documents/Projet/Autonomouscar/ros_ws/build/robot' returned '2': CMAKE_PREFIX_PATH=${CMAKE_PREFIX_PATH}:/opt/ros/jazzy DEBUGINFOD_URLS=https://debuginfod.ubuntu.com /usr/bin/cmake --build /home/youss/Documents/Projet/Autonomouscar/ros_ws/build/robot -- -j4 -l4
