[0.052s] Invoking command in '/home/youss/Documents/Projet/Autonomouscar/ros_ws/build/robot': CMAKE_PREFIX_PATH=${CMAKE_PREFIX_PATH}:/opt/ros/jazzy DEBUGINFOD_URLS=https://debuginfod.ubuntu.com /usr/bin/cmake --build /home/youss/Documents/Projet/Autonomouscar/ros_ws/build/robot -- -j4 -l4
[0.175s] -- Found ament_cmake: 2.5.2 (/opt/ros/jazzy/share/ament_cmake/cmake)
[1.127s] -- Override CMake install command with custom implementation using symlinks instead of copying resources
[1.162s] -- Found rclcpp: 28.1.5 (/opt/ros/jazzy/share/rclcpp/cmake)
[1.315s] -- Found rosidl_generator_c: 4.6.4 (/opt/ros/jazzy/share/rosidl_generator_c/cmake)
[1.353s] -- Found rosidl_generator_cpp: 4.6.4 (/opt/ros/jazzy/share/rosidl_generator_cpp/cmake)
[1.400s] -- Using all available rosidl_typesupport_c: rosidl_typesupport_fastrtps_c;rosidl_typesupport_introspection_c
[1.455s] -- Using all available rosidl_typesupport_cpp: rosidl_typesupport_fastrtps_cpp;rosidl_typesupport_introspection_cpp
[1.685s] -- Found rmw_implementation_cmake: 7.3.1 (/opt/ros/jazzy/share/rmw_implementation_cmake/cmake)
[1.692s] -- Found rmw_fastrtps_cpp: 8.4.1 (/opt/ros/jazzy/share/rmw_fastrtps_cpp/cmake)
[1.959s] -- Using RMW implementation 'rmw_fastrtps_cpp' as default
[2.178s] -- Found std_msgs: 5.3.5 (/opt/ros/jazzy/share/std_msgs/cmake)
[2.227s] -- Found geometry_msgs: 5.3.5 (/opt/ros/jazzy/share/geometry_msgs/cmake)
[2.282s] -- Found ament_lint_auto: 0.17.1 (/opt/ros/jazzy/share/ament_lint_auto/cmake)
[2.851s] -- Added test 'cppcheck' to perform static code analysis on C / C++ code
[2.852s] -- Configured cppcheck include dirs: $<BUILD_INTERFACE:/home/youss/Documents/Projet/Autonomouscar/ros_ws/src/robot/include>
[2.853s] -- Configured cppcheck exclude dirs and/or files: 
[2.856s] -- Added test 'flake8' to check Python code syntax and style conventions
[2.856s] -- Configured 'flake8' exclude dirs and/or files: 
[2.861s] -- Added test 'lint_cmake' to check CMake code style
[2.864s] -- Added test 'pep257' to check Python code against some of the docstring style conventions in PEP 257
[2.880s] -- Added test 'uncrustify' to check C / C++ code style
[2.880s] -- Configured uncrustify additional arguments: 
[2.883s] -- Added test 'xmllint' to check XML markup files
[2.910s] -- Configuring done (2.8s)
[3.053s] -- Generating done (0.1s)
[3.071s] -- Build files have been written to: /home/youss/Documents/Projet/Autonomouscar/ros_ws/build/robot
[3.306s] [ 13%] Built target encoders_subscriber
[3.308s] [ 26%] Built target robot_controller
[3.316s] [ 40%] Built target position_publisher
[3.329s] [ 46%] [32m[1mLinking CXX executable main[0m
[3.467s] [ 66%] Built target motor_subscriber
[3.473s] [ 80%] Built target position_reader
[3.722s] /usr/bin/ld: CMakeFiles/main.dir/src/main.cpp.o: in function `main':
[3.723s] main.cpp:(.text+0xa4): undefined reference to `RPI4::init()'
[3.723s] /usr/bin/ld: CMakeFiles/main.dir/src/main.cpp.o: in function `__static_initialization_and_destruction_0()':
[3.723s] main.cpp:(.text+0x34c): undefined reference to `RPI4::RPI4()'
[3.745s] collect2: error: ld returned 1 exit status
[3.751s] gmake[2]: *** [CMakeFiles/main.dir/build.make:212: main] Error 1
[3.752s] gmake[1]: *** [CMakeFiles/Makefile2:147: CMakeFiles/main.dir/all] Error 2
[3.753s] gmake: *** [Makefile:146: all] Error 2
[3.760s] Invoked command in '/home/youss/Documents/Projet/Autonomouscar/ros_ws/build/robot' returned '2': CMAKE_PREFIX_PATH=${CMAKE_PREFIX_PATH}:/opt/ros/jazzy DEBUGINFOD_URLS=https://debuginfod.ubuntu.com /usr/bin/cmake --build /home/youss/Documents/Projet/Autonomouscar/ros_ws/build/robot -- -j4 -l4
