[0.049s] Invoking command in '/home/youss/Documents/Projet/Autonomouscar/ros_ws/build/robot': CMAKE_PREFIX_PATH=${CMAKE_PREFIX_PATH}:/opt/ros/jazzy DEBUGINFOD_URLS=https://debuginfod.ubuntu.com /usr/bin/cmake --build /home/youss/Documents/Projet/Autonomouscar/ros_ws/build/robot -- -j4 -l4
[0.306s] [ 50%] [32mBuilding CXX object CMakeFiles/encoders.dir/src/encoders.cpp.o[0m
[2.369s] [01m[K/home/youss/Documents/Projet/Autonomouscar/ros_ws/src/robot/src/encoders.cpp:[m[K In constructor ‘[01m[KEncoders::[01;32m[KEncoders[m[K(const unsigned int&, const unsigned int&, const unsigned int&, const unsigned int&)[m[K’:
[2.369s] [01m[K/home/youss/Documents/Projet/Autonomouscar/ros_ws/src/robot/src/encoders.cpp:127:20:[m[K [01;31m[Kerror: [m[Kinvalid use of non-static member function ‘[01m[Kvoid Encoders::[01;32m[Ksignal_handler[m[K(int)[m[K’
[2.370s]   127 |     signal(SIGINT, [01;31m[Ksignal_handler[m[K);
[2.370s]       |                    [01;31m[K^~~~~~~~~~~~~~[m[K
[2.371s] [01m[K/home/youss/Documents/Projet/Autonomouscar/ros_ws/src/robot/src/encoders.cpp:20:6:[m[K [01;36m[Knote: [m[Kdeclared here
[2.371s]    20 | void [01;36m[KEncoders[m[K::signal_handler(int signal)
[2.372s]       |      [01;36m[K^~~~~~~~[m[K
[2.378s] [01m[K/home/youss/Documents/Projet/Autonomouscar/ros_ws/src/robot/src/encoders.cpp:[m[K In constructor ‘[01m[KEncoders::[01;32m[KEncoders[m[K()[m[K’:
[2.378s] [01m[K/home/youss/Documents/Projet/Autonomouscar/ros_ws/src/robot/src/encoders.cpp:150:44:[m[K [01;31m[Kerror: [m[Kcannot convert ‘[01m[KEncoders::Encoders()::<lambda(int)>[m[K’ to ‘[01m[K__sighandler_t[m[K’ {aka ‘[01m[Kvoid (*)(int)[m[K’} in initialization
[2.379s]   150 |     __sighandler_t signal_handler_lambda = [01;31m[K[this](int signal)[m[K
[2.380s]       |                                            [01;31m[K^~~~~~~~~~~~~~~~~~[m[K
[2.380s]       |                                            [01;31m[K|[m[K
[2.380s]       |                                            [01;31m[KEncoders::Encoders()::<lambda(int)>[m[K
[2.381s]   151 | [01;31m[K    {[m[K
[2.381s]       |     [01;31m[K~[m[K                                       
[2.382s]   152 | [01;31m[K        signal_handler(signal);[m[K
[2.382s]       |         [01;31m[K~~~~~~~~~~~~~~~~~~~~~~~[m[K             
[2.382s]   153 | [01;31m[K    }[m[K;
[2.383s]       |     [01;31m[K~[m[K                                       
[2.383s] [01m[K/home/youss/Documents/Projet/Autonomouscar/ros_ws/src/robot/src/encoders.cpp:[m[K At global scope:
[2.384s] [01m[K/home/youss/Documents/Projet/Autonomouscar/ros_ws/src/robot/src/encoders.cpp:167:6:[m[K [01;31m[Kerror: [m[Kno declaration matches ‘[01m[Kvoid Encoders::[01;32m[Kcompute_rps_on_channels[m[K()[m[K’
[2.384s]   167 | void [01;31m[KEncoders[m[K::compute_rps_on_channels()
[2.384s]       |      [01;31m[K^~~~~~~~[m[K
[2.385s] [01m[K/home/youss/Documents/Projet/Autonomouscar/ros_ws/src/robot/src/encoders.cpp:167:6:[m[K [01;36m[Knote: [m[Kno functions named ‘[01m[Kvoid Encoders::[01;32m[Kcompute_rps_on_channels[m[K()[m[K’
[2.385s] In file included from [01m[K/home/youss/Documents/Projet/Autonomouscar/ros_ws/src/robot/src/encoders.cpp:13[m[K:
[2.386s] [01m[K/home/youss/Documents/Projet/Autonomouscar/ros_ws/src/robot/src/encoders.h:3:8:[m[K [01;36m[Knote: [m[K‘[01m[Kstruct Encoders[m[K’ defined here
[2.386s]     3 | struct [01;36m[KEncoders[m[K
[2.386s]       |        [01;36m[K^~~~~~~~[m[K
[2.616s] [01m[K/home/youss/Documents/Projet/Autonomouscar/ros_ws/src/robot/src/encoders.cpp:[m[K In member function ‘[01m[Kbool Encoders::[01;32m[Kconfigure_pin_as_output[m[K(const unsigned int&)[m[K’:
[2.616s] [01m[K/home/youss/Documents/Projet/Autonomouscar/ros_ws/src/robot/src/encoders.cpp:39:56:[m[K [01;35m[Kwarning: [m[Kthis statement may fall through [[01;35m[K]8;;https://gcc.gnu.org/onlinedocs/gcc/Warning-Options.html#index-Wimplicit-fallthrough=-Wimplicit-fallthrough=]8;;[m[K]
[2.617s]    39 |                 cout << gpio << "is a bad gpio pin" << [01;35m[Kendl[m[K;
[2.617s]       |                                                        [01;35m[K^~~~[m[K
[2.618s] [01m[K/home/youss/Documents/Projet/Autonomouscar/ros_ws/src/robot/src/encoders.cpp:40:13:[m[K [01;36m[Knote: [m[Khere
[2.618s]    40 |             [01;36m[Kcase[m[K PI_BAD_MODE:
[2.619s]       |             [01;36m[K^~~~[m[K
[2.619s] [01m[K/home/youss/Documents/Projet/Autonomouscar/ros_ws/src/robot/src/encoders.cpp:41:57:[m[K [01;35m[Kwarning: [m[Kthis statement may fall through [[01;35m[K]8;;https://gcc.gnu.org/onlinedocs/gcc/Warning-Options.html#index-Wimplicit-fallthrough=-Wimplicit-fallthrough=]8;;[m[K]
[2.620s]    41 |                 cout << "Bad mode for gpio " << gpio << [01;35m[Kendl[m[K;
[2.620s]       |                                                         [01;35m[K^~~~[m[K
[2.620s] [01m[K/home/youss/Documents/Projet/Autonomouscar/ros_ws/src/robot/src/encoders.cpp:42:13:[m[K [01;36m[Knote: [m[Khere
[2.621s]    42 |             [01;36m[Kdefault[m[K:
[2.621s]       |             [01;36m[K^~~~~~~[m[K
[2.651s] gmake[2]: *** [CMakeFiles/encoders.dir/build.make:76: CMakeFiles/encoders.dir/src/encoders.cpp.o] Error 1
[2.652s] gmake[1]: *** [CMakeFiles/Makefile2:137: CMakeFiles/encoders.dir/all] Error 2
[2.653s] gmake: *** [Makefile:146: all] Error 2
[2.660s] Invoked command in '/home/youss/Documents/Projet/Autonomouscar/ros_ws/build/robot' returned '2': CMAKE_PREFIX_PATH=${CMAKE_PREFIX_PATH}:/opt/ros/jazzy DEBUGINFOD_URLS=https://debuginfod.ubuntu.com /usr/bin/cmake --build /home/youss/Documents/Projet/Autonomouscar/ros_ws/build/robot -- -j4 -l4
