[1.033s] DEBUG:colcon:Command line arguments: ['/usr/bin/colcon', 'build']
[1.033s] DEBUG:colcon:Parsed command line arguments: Namespace(log_base=None, log_level=None, verb_name='build', build_base='build', install_base='install', merge_install=False, symlink_install=False, test_result_base=None, continue_on_error=False, executor='parallel', parallel_workers=4, event_handlers=None, ignore_user_meta=False, metas=['./colcon.meta'], base_paths=['.'], packages_ignore=None, packages_ignore_regex=None, paths=None, packages_up_to=None, packages_up_to_regex=None, packages_above=None, packages_above_and_dependencies=None, packages_above_depth=None, packages_select_by_dep=None, packages_skip_by_dep=None, packages_skip_up_to=None, packages_select_build_failed=False, packages_skip_build_finished=False, packages_select_test_failures=False, packages_skip_test_passed=False, packages_select=None, packages_skip=None, packages_select_regex=None, packages_skip_regex=None, packages_start=None, packages_end=None, allow_overriding=[], cmake_args=None, cmake_target=None, cmake_target_skip_unavailable=False, cmake_clean_cache=False, cmake_clean_first=False, cmake_force_configure=False, ament_cmake_args=None, catkin_cmake_args=None, catkin_skip_building_tests=False, mixin_files=None, mixin=None, verb_parser=<colcon_mixin.mixin.mixin_argument.MixinArgumentDecorator object at 0xffffba64ae40>, verb_extension=<colcon_core.verb.build.BuildVerb object at 0xffffba64ac30>, main=<bound method BuildVerb.main of <colcon_core.verb.build.BuildVerb object at 0xffffba64ac30>>, mixin_verb=('build',))
[1.294s] Level 1:colcon.colcon_core.package_discovery:discover_packages(colcon_meta) check parameters
[1.294s] Level 1:colcon.colcon_core.package_discovery:discover_packages(recursive) check parameters
[1.294s] Level 1:colcon.colcon_core.package_discovery:discover_packages(ignore) check parameters
[1.295s] Level 1:colcon.colcon_core.package_discovery:discover_packages(path) check parameters
[1.295s] Level 1:colcon.colcon_core.package_discovery:discover_packages(colcon_meta) discover
[1.295s] Level 1:colcon.colcon_core.package_discovery:discover_packages(recursive) discover
[1.295s] INFO:colcon.colcon_core.package_discovery:Crawling recursively for packages in '/home/youss/Documents/Projet/Autonomouscar/ros_ws'
[1.296s] Level 1:colcon.colcon_core.package_identification:_identify(.) by extensions ['ignore', 'ignore_ament_install']
[1.296s] Level 1:colcon.colcon_core.package_identification:_identify(.) by extension 'ignore'
[1.296s] Level 1:colcon.colcon_core.package_identification:_identify(.) by extension 'ignore_ament_install'
[1.297s] Level 1:colcon.colcon_core.package_identification:_identify(.) by extensions ['colcon_pkg']
[1.297s] Level 1:colcon.colcon_core.package_identification:_identify(.) by extension 'colcon_pkg'
[1.297s] Level 1:colcon.colcon_core.package_identification:_identify(.) by extensions ['colcon_meta']
[1.297s] Level 1:colcon.colcon_core.package_identification:_identify(.) by extension 'colcon_meta'
[1.297s] Level 1:colcon.colcon_core.package_identification:_identify(.) by extensions ['ros']
[1.297s] Level 1:colcon.colcon_core.package_identification:_identify(.) by extension 'ros'
[1.442s] Level 1:colcon.colcon_core.package_identification:_identify(.) by extensions ['cmake', 'python']
[1.442s] Level 1:colcon.colcon_core.package_identification:_identify(.) by extension 'cmake'
[1.442s] Level 1:colcon.colcon_core.package_identification:_identify(.) by extension 'python'
[1.443s] Level 1:colcon.colcon_core.package_identification:_identify(.) by extensions ['python_setup_py']
[1.443s] Level 1:colcon.colcon_core.package_identification:_identify(.) by extension 'python_setup_py'
[1.443s] Level 1:colcon.colcon_core.package_identification:_identify(build) by extensions ['ignore', 'ignore_ament_install']
[1.444s] Level 1:colcon.colcon_core.package_identification:_identify(build) by extension 'ignore'
[1.444s] Level 1:colcon.colcon_core.package_identification:_identify(build) ignored
[1.444s] Level 1:colcon.colcon_core.package_identification:_identify(install) by extensions ['ignore', 'ignore_ament_install']
[1.445s] Level 1:colcon.colcon_core.package_identification:_identify(install) by extension 'ignore'
[1.445s] Level 1:colcon.colcon_core.package_identification:_identify(install) ignored
[1.449s] Level 1:colcon.colcon_core.package_identification:_identify(log) by extensions ['ignore', 'ignore_ament_install']
[1.449s] Level 1:colcon.colcon_core.package_identification:_identify(log) by extension 'ignore'
[1.449s] Level 1:colcon.colcon_core.package_identification:_identify(log) ignored
[1.450s] Level 1:colcon.colcon_core.package_identification:_identify(msg) by extensions ['ignore', 'ignore_ament_install']
[1.451s] Level 1:colcon.colcon_core.package_identification:_identify(msg) by extension 'ignore'
[1.451s] Level 1:colcon.colcon_core.package_identification:_identify(msg) by extension 'ignore_ament_install'
[1.451s] Level 1:colcon.colcon_core.package_identification:_identify(msg) by extensions ['colcon_pkg']
[1.451s] Level 1:colcon.colcon_core.package_identification:_identify(msg) by extension 'colcon_pkg'
[1.452s] Level 1:colcon.colcon_core.package_identification:_identify(msg) by extensions ['colcon_meta']
[1.452s] Level 1:colcon.colcon_core.package_identification:_identify(msg) by extension 'colcon_meta'
[1.452s] Level 1:colcon.colcon_core.package_identification:_identify(msg) by extensions ['ros']
[1.452s] Level 1:colcon.colcon_core.package_identification:_identify(msg) by extension 'ros'
[1.452s] Level 1:colcon.colcon_core.package_identification:_identify(msg) by extensions ['cmake', 'python']
[1.452s] Level 1:colcon.colcon_core.package_identification:_identify(msg) by extension 'cmake'
[1.453s] Level 1:colcon.colcon_core.package_identification:_identify(msg) by extension 'python'
[1.453s] Level 1:colcon.colcon_core.package_identification:_identify(msg) by extensions ['python_setup_py']
[1.453s] Level 1:colcon.colcon_core.package_identification:_identify(msg) by extension 'python_setup_py'
[1.453s] Level 1:colcon.colcon_core.package_identification:_identify(scripts) by extensions ['ignore', 'ignore_ament_install']
[1.453s] Level 1:colcon.colcon_core.package_identification:_identify(scripts) by extension 'ignore'
[1.454s] Level 1:colcon.colcon_core.package_identification:_identify(scripts) by extension 'ignore_ament_install'
[1.454s] Level 1:colcon.colcon_core.package_identification:_identify(scripts) by extensions ['colcon_pkg']
[1.454s] Level 1:colcon.colcon_core.package_identification:_identify(scripts) by extension 'colcon_pkg'
[1.454s] Level 1:colcon.colcon_core.package_identification:_identify(scripts) by extensions ['colcon_meta']
[1.454s] Level 1:colcon.colcon_core.package_identification:_identify(scripts) by extension 'colcon_meta'
[1.454s] Level 1:colcon.colcon_core.package_identification:_identify(scripts) by extensions ['ros']
[1.455s] Level 1:colcon.colcon_core.package_identification:_identify(scripts) by extension 'ros'
[1.455s] Level 1:colcon.colcon_core.package_identification:_identify(scripts) by extensions ['cmake', 'python']
[1.455s] Level 1:colcon.colcon_core.package_identification:_identify(scripts) by extension 'cmake'
[1.455s] Level 1:colcon.colcon_core.package_identification:_identify(scripts) by extension 'python'
[1.455s] Level 1:colcon.colcon_core.package_identification:_identify(scripts) by extensions ['python_setup_py']
[1.456s] Level 1:colcon.colcon_core.package_identification:_identify(scripts) by extension 'python_setup_py'
[1.456s] Level 1:colcon.colcon_core.package_identification:_identify(src) by extensions ['ignore', 'ignore_ament_install']
[1.456s] Level 1:colcon.colcon_core.package_identification:_identify(src) by extension 'ignore'
[1.456s] Level 1:colcon.colcon_core.package_identification:_identify(src) by extension 'ignore_ament_install'
[1.457s] Level 1:colcon.colcon_core.package_identification:_identify(src) by extensions ['colcon_pkg']
[1.457s] Level 1:colcon.colcon_core.package_identification:_identify(src) by extension 'colcon_pkg'
[1.457s] Level 1:colcon.colcon_core.package_identification:_identify(src) by extensions ['colcon_meta']
[1.457s] Level 1:colcon.colcon_core.package_identification:_identify(src) by extension 'colcon_meta'
[1.457s] Level 1:colcon.colcon_core.package_identification:_identify(src) by extensions ['ros']
[1.457s] Level 1:colcon.colcon_core.package_identification:_identify(src) by extension 'ros'
[1.458s] Level 1:colcon.colcon_core.package_identification:_identify(src) by extensions ['cmake', 'python']
[1.458s] Level 1:colcon.colcon_core.package_identification:_identify(src) by extension 'cmake'
[1.458s] Level 1:colcon.colcon_core.package_identification:_identify(src) by extension 'python'
[1.458s] Level 1:colcon.colcon_core.package_identification:_identify(src) by extensions ['python_setup_py']
[1.458s] Level 1:colcon.colcon_core.package_identification:_identify(src) by extension 'python_setup_py'
[1.459s] Level 1:colcon.colcon_core.package_identification:_identify(src/robot) by extensions ['ignore', 'ignore_ament_install']
[1.459s] Level 1:colcon.colcon_core.package_identification:_identify(src/robot) by extension 'ignore'
[1.459s] Level 1:colcon.colcon_core.package_identification:_identify(src/robot) by extension 'ignore_ament_install'
[1.460s] Level 1:colcon.colcon_core.package_identification:_identify(src/robot) by extensions ['colcon_pkg']
[1.460s] Level 1:colcon.colcon_core.package_identification:_identify(src/robot) by extension 'colcon_pkg'
[1.460s] Level 1:colcon.colcon_core.package_identification:_identify(src/robot) by extensions ['colcon_meta']
[1.460s] Level 1:colcon.colcon_core.package_identification:_identify(src/robot) by extension 'colcon_meta'
[1.460s] Level 1:colcon.colcon_core.package_identification:_identify(src/robot) by extensions ['ros']
[1.460s] Level 1:colcon.colcon_core.package_identification:_identify(src/robot) by extension 'ros'
[1.473s] DEBUG:colcon.colcon_core.package_identification:Package 'src/robot' with type 'ros.ament_cmake' and name 'robot'
[1.474s] Level 1:colcon.colcon_core.package_identification:_identify(srv) by extensions ['ignore', 'ignore_ament_install']
[1.474s] Level 1:colcon.colcon_core.package_identification:_identify(srv) by extension 'ignore'
[1.475s] Level 1:colcon.colcon_core.package_identification:_identify(srv) by extension 'ignore_ament_install'
[1.475s] Level 1:colcon.colcon_core.package_identification:_identify(srv) by extensions ['colcon_pkg']
[1.475s] Level 1:colcon.colcon_core.package_identification:_identify(srv) by extension 'colcon_pkg'
[1.475s] Level 1:colcon.colcon_core.package_identification:_identify(srv) by extensions ['colcon_meta']
[1.475s] Level 1:colcon.colcon_core.package_identification:_identify(srv) by extension 'colcon_meta'
[1.476s] Level 1:colcon.colcon_core.package_identification:_identify(srv) by extensions ['ros']
[1.476s] Level 1:colcon.colcon_core.package_identification:_identify(srv) by extension 'ros'
[1.476s] Level 1:colcon.colcon_core.package_identification:_identify(srv) by extensions ['cmake', 'python']
[1.476s] Level 1:colcon.colcon_core.package_identification:_identify(srv) by extension 'cmake'
[1.477s] Level 1:colcon.colcon_core.package_identification:_identify(srv) by extension 'python'
[1.477s] Level 1:colcon.colcon_core.package_identification:_identify(srv) by extensions ['python_setup_py']
[1.477s] Level 1:colcon.colcon_core.package_identification:_identify(srv) by extension 'python_setup_py'
[1.477s] Level 1:colcon.colcon_core.package_discovery:discover_packages(recursive) using defaults
[1.477s] Level 1:colcon.colcon_core.package_discovery:discover_packages(ignore) discover
[1.478s] Level 1:colcon.colcon_core.package_discovery:discover_packages(ignore) using defaults
[1.478s] Level 1:colcon.colcon_core.package_discovery:discover_packages(path) discover
[1.478s] Level 1:colcon.colcon_core.package_discovery:discover_packages(path) using defaults
[1.576s] Level 1:colcon.colcon_core.package_discovery:discover_packages(prefix_path) check parameters
[1.576s] Level 1:colcon.colcon_core.package_discovery:discover_packages(prefix_path) discover
[1.597s] DEBUG:colcon.colcon_installed_package_information.package_discovery:Found 285 installed packages in /opt/ros/jazzy
[1.605s] Level 1:colcon.colcon_core.package_discovery:discover_packages(prefix_path) using defaults
[1.796s] Level 5:colcon.colcon_core.verb:set package 'robot' build argument 'cmake_args' from command line to 'None'
[1.796s] Level 5:colcon.colcon_core.verb:set package 'robot' build argument 'cmake_target' from command line to 'None'
[1.797s] Level 5:colcon.colcon_core.verb:set package 'robot' build argument 'cmake_target_skip_unavailable' from command line to 'False'
[1.797s] Level 5:colcon.colcon_core.verb:set package 'robot' build argument 'cmake_clean_cache' from command line to 'False'
[1.797s] Level 5:colcon.colcon_core.verb:set package 'robot' build argument 'cmake_clean_first' from command line to 'False'
[1.797s] Level 5:colcon.colcon_core.verb:set package 'robot' build argument 'cmake_force_configure' from command line to 'False'
[1.797s] Level 5:colcon.colcon_core.verb:set package 'robot' build argument 'ament_cmake_args' from command line to 'None'
[1.797s] Level 5:colcon.colcon_core.verb:set package 'robot' build argument 'catkin_cmake_args' from command line to 'None'
[1.797s] Level 5:colcon.colcon_core.verb:set package 'robot' build argument 'catkin_skip_building_tests' from command line to 'False'
[1.797s] DEBUG:colcon.colcon_core.verb:Building package 'robot' with the following arguments: {'ament_cmake_args': None, 'build_base': '/home/youss/Documents/Projet/Autonomouscar/ros_ws/build/robot', 'catkin_cmake_args': None, 'catkin_skip_building_tests': False, 'cmake_args': None, 'cmake_clean_cache': False, 'cmake_clean_first': False, 'cmake_force_configure': False, 'cmake_target': None, 'cmake_target_skip_unavailable': False, 'install_base': '/home/youss/Documents/Projet/Autonomouscar/ros_ws/install/robot', 'merge_install': False, 'path': '/home/youss/Documents/Projet/Autonomouscar/ros_ws/src/robot', 'symlink_install': False, 'test_result_base': None}
[1.798s] INFO:colcon.colcon_core.executor:Executing jobs using 'parallel' executor
[1.801s] DEBUG:colcon.colcon_parallel_executor.executor.parallel:run_until_complete
[1.802s] INFO:colcon.colcon_ros.task.ament_cmake.build:Building ROS package in '/home/youss/Documents/Projet/Autonomouscar/ros_ws/src/robot' with build type 'ament_cmake'
[1.802s] INFO:colcon.colcon_cmake.task.cmake.build:Building CMake package in '/home/youss/Documents/Projet/Autonomouscar/ros_ws/src/robot'
[1.824s] INFO:colcon.colcon_core.plugin_system:Skipping extension 'colcon_core.shell.bat': Not used on non-Windows systems
[1.825s] INFO:colcon.colcon_core.shell:Skip shell extension 'powershell' for command environment: Not usable outside of PowerShell
[1.825s] DEBUG:colcon.colcon_core.shell:Skip shell extension 'dsv' for command environment
[1.868s] DEBUG:colcon.colcon_core.event_handler.log_command:Invoking command in '/home/youss/Documents/Projet/Autonomouscar/ros_ws/build/robot': CMAKE_PREFIX_PATH=${CMAKE_PREFIX_PATH}:/opt/ros/jazzy DEBUGINFOD_URLS=https://debuginfod.ubuntu.com /usr/bin/cmake --build /home/youss/Documents/Projet/Autonomouscar/ros_ws/build/robot -- -j4 -l4
[55.145s] DEBUG:colcon.colcon_core.event_handler.log_command:Invoked command in '/home/youss/Documents/Projet/Autonomouscar/ros_ws/build/robot' returned '2': CMAKE_PREFIX_PATH=${CMAKE_PREFIX_PATH}:/opt/ros/jazzy DEBUGINFOD_URLS=https://debuginfod.ubuntu.com /usr/bin/cmake --build /home/youss/Documents/Projet/Autonomouscar/ros_ws/build/robot -- -j4 -l4
[55.391s] Level 1:colcon.colcon_core.environment:create_environment_scripts_only(robot)
[55.416s] Level 1:colcon.colcon_core.environment:checking '/home/youss/Documents/Projet/Autonomouscar/ros_ws/install/robot' for CMake module files
[55.426s] Level 1:colcon.colcon_core.environment:checking '/home/youss/Documents/Projet/Autonomouscar/ros_ws/install/robot' for CMake config files
[55.428s] Level 1:colcon.colcon_core.shell:create_environment_hook('robot', 'cmake_prefix_path')
[55.429s] INFO:colcon.colcon_core.shell:Creating environment hook '/home/youss/Documents/Projet/Autonomouscar/ros_ws/install/robot/share/robot/hook/cmake_prefix_path.ps1'
[55.432s] INFO:colcon.colcon_core.shell:Creating environment descriptor '/home/youss/Documents/Projet/Autonomouscar/ros_ws/install/robot/share/robot/hook/cmake_prefix_path.dsv'
[55.438s] INFO:colcon.colcon_core.shell:Creating environment hook '/home/youss/Documents/Projet/Autonomouscar/ros_ws/install/robot/share/robot/hook/cmake_prefix_path.sh'
[55.445s] Level 1:colcon.colcon_core.environment:checking '/home/youss/Documents/Projet/Autonomouscar/ros_ws/install/robot/lib'
[55.446s] Level 1:colcon.colcon_core.environment:checking '/home/youss/Documents/Projet/Autonomouscar/ros_ws/install/robot/bin'
[55.446s] Level 1:colcon.colcon_core.environment:checking '/home/youss/Documents/Projet/Autonomouscar/ros_ws/install/robot/lib/pkgconfig/robot.pc'
[55.448s] Level 1:colcon.colcon_core.environment:checking '/home/youss/Documents/Projet/Autonomouscar/ros_ws/install/robot/lib/python3.12/site-packages'
[55.449s] Level 1:colcon.colcon_core.environment:checking '/home/youss/Documents/Projet/Autonomouscar/ros_ws/install/robot/bin'
[55.450s] INFO:colcon.colcon_core.shell:Creating package script '/home/youss/Documents/Projet/Autonomouscar/ros_ws/install/robot/share/robot/package.ps1'
[55.455s] INFO:colcon.colcon_core.shell:Creating package descriptor '/home/youss/Documents/Projet/Autonomouscar/ros_ws/install/robot/share/robot/package.dsv'
[55.461s] INFO:colcon.colcon_core.shell:Creating package script '/home/youss/Documents/Projet/Autonomouscar/ros_ws/install/robot/share/robot/package.sh'
[55.468s] INFO:colcon.colcon_core.shell:Creating package script '/home/youss/Documents/Projet/Autonomouscar/ros_ws/install/robot/share/robot/package.bash'
[55.477s] INFO:colcon.colcon_core.shell:Creating package script '/home/youss/Documents/Projet/Autonomouscar/ros_ws/install/robot/share/robot/package.zsh'
[55.484s] Level 1:colcon.colcon_core.environment:create_file_with_runtime_dependencies(/home/youss/Documents/Projet/Autonomouscar/ros_ws/install/robot/share/colcon-core/packages/robot)
[55.490s] DEBUG:colcon.colcon_parallel_executor.executor.parallel:closing loop
[55.492s] DEBUG:colcon.colcon_parallel_executor.executor.parallel:loop closed
[55.493s] DEBUG:colcon.colcon_parallel_executor.executor.parallel:run_until_complete finished with '2'
[55.493s] DEBUG:colcon.colcon_core.event_reactor:joining thread
[55.524s] INFO:colcon.colcon_core.plugin_system:Skipping extension 'colcon_notification.desktop_notification.terminal_notifier': Not used on non-Darwin systems
[55.524s] INFO:colcon.colcon_core.plugin_system:Skipping extension 'colcon_notification.desktop_notification.win32': Not used on non-Windows systems
[55.524s] INFO:colcon.colcon_notification.desktop_notification:Sending desktop notification using 'notify2'
[55.653s] DEBUG:colcon.colcon_core.event_reactor:joined thread
[55.654s] INFO:colcon.colcon_core.shell:Creating prefix script '/home/youss/Documents/Projet/Autonomouscar/ros_ws/install/local_setup.ps1'
[55.660s] INFO:colcon.colcon_core.shell:Creating prefix util module '/home/youss/Documents/Projet/Autonomouscar/ros_ws/install/_local_setup_util_ps1.py'
[55.671s] INFO:colcon.colcon_core.shell:Creating prefix chain script '/home/youss/Documents/Projet/Autonomouscar/ros_ws/install/setup.ps1'
[55.678s] INFO:colcon.colcon_core.shell:Creating prefix script '/home/youss/Documents/Projet/Autonomouscar/ros_ws/install/local_setup.sh'
[55.686s] INFO:colcon.colcon_core.shell:Creating prefix util module '/home/youss/Documents/Projet/Autonomouscar/ros_ws/install/_local_setup_util_sh.py'
[55.690s] INFO:colcon.colcon_core.shell:Creating prefix chain script '/home/youss/Documents/Projet/Autonomouscar/ros_ws/install/setup.sh'
[55.697s] INFO:colcon.colcon_core.shell:Creating prefix script '/home/youss/Documents/Projet/Autonomouscar/ros_ws/install/local_setup.bash'
[55.704s] INFO:colcon.colcon_core.shell:Creating prefix chain script '/home/youss/Documents/Projet/Autonomouscar/ros_ws/install/setup.bash'
[55.711s] INFO:colcon.colcon_core.shell:Creating prefix script '/home/youss/Documents/Projet/Autonomouscar/ros_ws/install/local_setup.zsh'
[55.718s] INFO:colcon.colcon_core.shell:Creating prefix chain script '/home/youss/Documents/Projet/Autonomouscar/ros_ws/install/setup.zsh'
