[0.052s] Invoking command in '/home/youss/Documents/Projet/Autonomouscar/ros_ws/build/robot': CMAKE_PREFIX_PATH=${CMAKE_PREFIX_PATH}:/opt/ros/jazzy DEBUGINFOD_URLS=https://debuginfod.ubuntu.com /usr/bin/cmake --build /home/youss/Documents/Projet/Autonomouscar/ros_ws/build/robot -- -j4 -l4
[0.167s] -- Found ament_cmake: 2.5.2 (/opt/ros/jazzy/share/ament_cmake/cmake)
[1.175s] -- Override CMake install command with custom implementation using symlinks instead of copying resources
[1.235s] -- Found rclcpp: 28.1.5 (/opt/ros/jazzy/share/rclcpp/cmake)
[1.644s] -- Found rosidl_generator_c: 4.6.4 (/opt/ros/jazzy/share/rosidl_generator_c/cmake)
[1.790s] -- Found rosidl_generator_cpp: 4.6.4 (/opt/ros/jazzy/share/rosidl_generator_cpp/cmake)
[1.921s] -- Using all available rosidl_typesupport_c: rosidl_typesupport_fastrtps_c;rosidl_typesupport_introspection_c
[2.060s] -- Using all available rosidl_typesupport_cpp: rosidl_typesupport_fastrtps_cpp;rosidl_typesupport_introspection_cpp
[2.586s] -- Found rmw_implementation_cmake: 7.3.1 (/opt/ros/jazzy/share/rmw_implementation_cmake/cmake)
[2.617s] -- Found rmw_fastrtps_cpp: 8.4.1 (/opt/ros/jazzy/share/rmw_fastrtps_cpp/cmake)
[3.163s] -- Found OpenSSL: /usr/lib/aarch64-linux-gnu/libcrypto.so (found version "3.0.13")  
[3.260s] -- Found FastRTPS: /opt/ros/jazzy/include (Required is at least version "2.13") 
[3.355s] -- Using RMW implementation 'rmw_fastrtps_cpp' as default
[3.798s] -- Found ament_lint_auto: 0.17.1 (/opt/ros/jazzy/share/ament_lint_auto/cmake)
[4.245s] -- Added test 'cppcheck' to perform static code analysis on C / C++ code
[4.245s] -- Configured cppcheck include dirs: $<BUILD_INTERFACE:/home/youss/Documents/Projet/Autonomouscar/ros_ws/src/robot/include>
[4.246s] -- Configured cppcheck exclude dirs and/or files: 
[4.248s] -- Added test 'flake8' to check Python code syntax and style conventions
[4.248s] -- Configured 'flake8' exclude dirs and/or files: 
[4.251s] -- Added test 'lint_cmake' to check CMake code style
[4.254s] -- Added test 'pep257' to check Python code against some of the docstring style conventions in PEP 257
[4.263s] -- Added test 'uncrustify' to check C / C++ code style
[4.264s] -- Configured uncrustify additional arguments: 
[4.266s] -- Added test 'xmllint' to check XML markup files
[4.271s] -- Configuring done (4.1s)
[4.324s] -- Generating done (0.0s)
[4.333s] -- Build files have been written to: /home/youss/Documents/Projet/Autonomouscar/ros_ws/build/robot
[4.534s] [ 16%] [32mBuilding CXX object CMakeFiles/encoders.dir/src/encoders_publisher.cpp.o[0m
[4.595s] [01m[K/home/youss/Documents/Projet/Autonomouscar/ros_ws/src/robot/src/encoders_publisher.cpp:1:10:[m[K [01;31m[Kfatal error: [m[Krclcpp/rclcpp.hpp: No such file or directory
[4.596s]     1 | #include [01;31m[K"rclcpp/rclcpp.hpp"[m[K
[4.596s]       |          [01;31m[K^~~~~~~~~~~~~~~~~~~[m[K
[4.596s] compilation terminated.
[4.606s] gmake[2]: *** [CMakeFiles/encoders.dir/build.make:132: CMakeFiles/encoders.dir/src/encoders_publisher.cpp.o] Error 1
[4.606s] gmake[1]: *** [CMakeFiles/Makefile2:137: CMakeFiles/encoders.dir/all] Error 2
[4.607s] gmake: *** [Makefile:146: all] Error 2
[4.616s] Invoked command in '/home/youss/Documents/Projet/Autonomouscar/ros_ws/build/robot' returned '2': CMAKE_PREFIX_PATH=${CMAKE_PREFIX_PATH}:/opt/ros/jazzy DEBUGINFOD_URLS=https://debuginfod.ubuntu.com /usr/bin/cmake --build /home/youss/Documents/Projet/Autonomouscar/ros_ws/build/robot -- -j4 -l4
