[0.045s] Invoking command in '/home/youss/Documents/Projet/Autonomouscar/ros_ws/build/robot': CMAKE_PREFIX_PATH=${CMAKE_PREFIX_PATH}:/opt/ros/jazzy DEBUGINFOD_URLS=https://debuginfod.ubuntu.com /usr/bin/cmake /home/youss/Documents/Projet/Autonomouscar/ros_ws/src/robot -DCMAKE_INSTALL_PREFIX=/home/youss/Documents/Projet/Autonomouscar/ros_ws/install/robot
[1.460s] -- The C compiler identification is GNU 13.2.0
[2.502s] -- The CXX compiler identification is GNU 13.2.0
[2.609s] -- Detecting C compiler ABI info
[3.133s] -- Detecting C compiler ABI info - done
[3.167s] -- Check for working C compiler: /usr/bin/cc - skipped
[3.171s] -- Detecting C compile features
[3.174s] -- Detecting C compile features - done
[3.226s] -- Detecting CXX compiler ABI info
[3.743s] -- Detecting CXX compiler ABI info - done
[3.781s] -- Check for working CXX compiler: /usr/bin/c++ - skipped
[3.782s] -- Detecting CXX compile features
[3.784s] -- Detecting CXX compile features - done
[3.822s] -- Found ament_cmake: 2.5.2 (/opt/ros/jazzy/share/ament_cmake/cmake)
[4.635s] -- Found Python3: /usr/bin/python3 (found version "3.12.3") found components: Interpreter 
[5.350s] -- Found ament_lint_auto: 0.17.1 (/opt/ros/jazzy/share/ament_lint_auto/cmake)
[5.942s] -- Added test 'cppcheck' to perform static code analysis on C / C++ code
[5.943s] -- Configured cppcheck include dirs: $<BUILD_INTERFACE:/home/youss/Documents/Projet/Autonomouscar/ros_ws/src/robot/include>
[5.943s] -- Configured cppcheck exclude dirs and/or files: 
[5.950s] -- Added test 'lint_cmake' to check CMake code style
[5.959s] -- Added test 'uncrustify' to check C / C++ code style
[5.959s] -- Configured uncrustify additional arguments: 
[5.963s] -- Added test 'xmllint' to check XML markup files
[5.974s] -- Configuring done (5.7s)
[6.002s] -- Generating done (0.0s)
[6.007s] -- Build files have been written to: /home/youss/Documents/Projet/Autonomouscar/ros_ws/build/robot
[6.026s] Invoked command in '/home/youss/Documents/Projet/Autonomouscar/ros_ws/build/robot' returned '0': CMAKE_PREFIX_PATH=${CMAKE_PREFIX_PATH}:/opt/ros/jazzy DEBUGINFOD_URLS=https://debuginfod.ubuntu.com /usr/bin/cmake /home/youss/Documents/Projet/Autonomouscar/ros_ws/src/robot -DCMAKE_INSTALL_PREFIX=/home/youss/Documents/Projet/Autonomouscar/ros_ws/install/robot
[6.032s] Invoking command in '/home/youss/Documents/Projet/Autonomouscar/ros_ws/build/robot': CMAKE_PREFIX_PATH=${CMAKE_PREFIX_PATH}:/opt/ros/jazzy DEBUGINFOD_URLS=https://debuginfod.ubuntu.com /usr/bin/cmake --build /home/youss/Documents/Projet/Autonomouscar/ros_ws/build/robot -- -j4 -l4
[6.277s] [ 50%] [32mBuilding CXX object CMakeFiles/encoders.dir/src/encoders.cpp.o[0m
[6.502s] [100%] [32m[1mLinking CXX executable encoders[0m
[6.732s] [100%] Built target encoders
[6.784s] Invoked command in '/home/youss/Documents/Projet/Autonomouscar/ros_ws/build/robot' returned '0': CMAKE_PREFIX_PATH=${CMAKE_PREFIX_PATH}:/opt/ros/jazzy DEBUGINFOD_URLS=https://debuginfod.ubuntu.com /usr/bin/cmake --build /home/youss/Documents/Projet/Autonomouscar/ros_ws/build/robot -- -j4 -l4
[6.971s] Invoking command in '/home/youss/Documents/Projet/Autonomouscar/ros_ws/build/robot': CMAKE_PREFIX_PATH=${CMAKE_PREFIX_PATH}:/opt/ros/jazzy DEBUGINFOD_URLS=https://debuginfod.ubuntu.com /usr/bin/cmake --install /home/youss/Documents/Projet/Autonomouscar/ros_ws/build/robot
[7.010s] -- Install configuration: ""
[7.011s] -- Installing: /home/youss/Documents/Projet/Autonomouscar/ros_ws/install/robot/lib/robot/encoders
[7.014s] -- Installing: /home/youss/Documents/Projet/Autonomouscar/ros_ws/install/robot/share/ament_index/resource_index/package_run_dependencies/robot
[7.016s] -- Installing: /home/youss/Documents/Projet/Autonomouscar/ros_ws/install/robot/share/ament_index/resource_index/parent_prefix_path/robot
[7.017s] -- Installing: /home/youss/Documents/Projet/Autonomouscar/ros_ws/install/robot/share/robot/environment/ament_prefix_path.sh
[7.018s] -- Installing: /home/youss/Documents/Projet/Autonomouscar/ros_ws/install/robot/share/robot/environment/ament_prefix_path.dsv
[7.019s] -- Installing: /home/youss/Documents/Projet/Autonomouscar/ros_ws/install/robot/share/robot/environment/path.sh
[7.021s] -- Installing: /home/youss/Documents/Projet/Autonomouscar/ros_ws/install/robot/share/robot/environment/path.dsv
[7.022s] -- Installing: /home/youss/Documents/Projet/Autonomouscar/ros_ws/install/robot/share/robot/local_setup.bash
[7.023s] -- Installing: /home/youss/Documents/Projet/Autonomouscar/ros_ws/install/robot/share/robot/local_setup.sh
[7.024s] -- Installing: /home/youss/Documents/Projet/Autonomouscar/ros_ws/install/robot/share/robot/local_setup.zsh
[7.025s] -- Installing: /home/youss/Documents/Projet/Autonomouscar/ros_ws/install/robot/share/robot/local_setup.dsv
[7.026s] -- Installing: /home/youss/Documents/Projet/Autonomouscar/ros_ws/install/robot/share/robot/package.dsv
[7.028s] -- Installing: /home/youss/Documents/Projet/Autonomouscar/ros_ws/install/robot/share/ament_index/resource_index/packages/robot
[7.029s] -- Installing: /home/youss/Documents/Projet/Autonomouscar/ros_ws/install/robot/share/robot/cmake/robotConfig.cmake
[7.030s] -- Installing: /home/youss/Documents/Projet/Autonomouscar/ros_ws/install/robot/share/robot/cmake/robotConfig-version.cmake
[7.031s] -- Installing: /home/youss/Documents/Projet/Autonomouscar/ros_ws/install/robot/share/robot/package.xml
[7.039s] Invoked command in '/home/youss/Documents/Projet/Autonomouscar/ros_ws/build/robot' returned '0': CMAKE_PREFIX_PATH=${CMAKE_PREFIX_PATH}:/opt/ros/jazzy DEBUGINFOD_URLS=https://debuginfod.ubuntu.com /usr/bin/cmake --install /home/youss/Documents/Projet/Autonomouscar/ros_ws/build/robot
