[0.049s] Invoking command in '/home/youss/Documents/Projet/Autonomouscar/ros_ws/build/robot': CMAKE_PREFIX_PATH=${CMAKE_PREFIX_PATH}:/opt/ros/jazzy DEBUGINFOD_URLS=https://debuginfod.ubuntu.com /usr/bin/cmake --build /home/youss/Documents/Projet/Autonomouscar/ros_ws/build/robot -- -j4 -l4
[0.302s] [ 50%] [32mBuilding CXX object CMakeFiles/encoders.dir/src/main.cpp.o[0m
[2.360s] [01m[K/home/youss/Documents/Projet/Autonomouscar/ros_ws/src/robot/src/main.cpp:[m[K In function ‘[01m[Kint[01;32m[K main[m[K()[m[K’:
[2.360s] [01m[K/home/youss/Documents/Projet/Autonomouscar/ros_ws/src/robot/src/main.cpp:24:43:[m[K [01;31m[Kerror: [m[Kcannot call constructor ‘[01m[KEncoders::Encoders[m[K’ directly [[01;31m[K]8;;https://gcc.gnu.org/onlinedocs/gcc/Warning-Options.html#index-fpermissive-fpermissive]8;;[m[K]
[2.361s]    24 |     Encoders encoders = [01;31m[KEncoders::Encoders()[m[K;
[2.361s]       |                         [01;31m[K~~~~~~~~~~~~~~~~~~^~[m[K
[2.361s] [01m[K/home/youss/Documents/Projet/Autonomouscar/ros_ws/src/robot/src/main.cpp:24:43:[m[K [01;36m[Knote: [m[Kfor a function-style cast, remove the redundant ‘[01m[K::Encoders[m[K’
[2.362s] [01m[K/home/youss/Documents/Projet/Autonomouscar/ros_ws/src/robot/src/main.cpp:27:53:[m[K [01;31m[Kerror: [m[K‘[01m[Kvoid Encoders::[01;32m[Kcount_number_of_changes_on_channels[m[K()[m[K’ is private within this context
[2.362s]    27 |         [01;31m[Kencoders.count_number_of_changes_on_channels()[m[K;
[2.363s]       |         [01;31m[K~~~~~~~~~~~~~~~~~~~~~~~~~~~~~~~~~~~~~~~~~~~~^~[m[K
[2.363s] In file included from [01m[K/home/youss/Documents/Projet/Autonomouscar/ros_ws/src/robot/src/main.cpp:18[m[K:
[2.363s] [01m[K/home/youss/Documents/Projet/Autonomouscar/ros_ws/src/robot/src/encoders.h:54:14:[m[K [01;36m[Knote: [m[Kdeclared private here
[2.364s]    54 |         void [01;36m[Kcount_number_of_changes_on_channels[m[K();
[2.364s]       |              [01;36m[K^~~~~~~~~~~~~~~~~~~~~~~~~~~~~~~~~~~[m[K
[2.365s] [01m[K/home/youss/Documents/Projet/Autonomouscar/ros_ws/src/robot/src/main.cpp:28:41:[m[K [01;31m[Kerror: [m[K‘[01m[Kvoid Encoders::[01;32m[Kcompute_rps_on_channels[m[K()[m[K’ is private within this context
[2.365s]    28 |         [01;31m[Kencoders.compute_rps_on_channels()[m[K;
[2.365s]       |         [01;31m[K~~~~~~~~~~~~~~~~~~~~~~~~~~~~~~~~^~[m[K
[2.366s] [01m[K/home/youss/Documents/Projet/Autonomouscar/ros_ws/src/robot/src/encoders.h:48:14:[m[K [01;36m[Knote: [m[Kdeclared private here
[2.366s]    48 |         void [01;36m[Kcompute_rps_on_channels[m[K();
[2.366s]       |              [01;36m[K^~~~~~~~~~~~~~~~~~~~~~~[m[K
[2.522s] gmake[2]: *** [CMakeFiles/encoders.dir/build.make:76: CMakeFiles/encoders.dir/src/main.cpp.o] Error 1
[2.523s] gmake[1]: *** [CMakeFiles/Makefile2:137: CMakeFiles/encoders.dir/all] Error 2
[2.524s] gmake: *** [Makefile:146: all] Error 2
[2.532s] Invoked command in '/home/youss/Documents/Projet/Autonomouscar/ros_ws/build/robot' returned '2': CMAKE_PREFIX_PATH=${CMAKE_PREFIX_PATH}:/opt/ros/jazzy DEBUGINFOD_URLS=https://debuginfod.ubuntu.com /usr/bin/cmake --build /home/youss/Documents/Projet/Autonomouscar/ros_ws/build/robot -- -j4 -l4
