In file included from [01m[K/home/youss/Documents/Projet/Autonomouscar/ros_ws/src/robot/src/channel.cpp:5[m[K:
[01m[K/home/youss/Documents/Projet/Autonomouscar/ros_ws/src/robot/include/robot/channel.h:9:9:[m[K [01;35m[Kwarning: [m[Ktype qualifiers ignored on function return type [[01;35m[K]8;;https://gcc.gnu.org/onlinedocs/gcc/Warning-Options.html#index-Wignored-qualifiers-Wignored-qualifiers]8;;[m[K]
    9 |         [01;35m[Kconst[m[K unsigned int get_gpio() const;
      |         [01;35m[K^~~~~[m[K
[01m[K/home/youss/Documents/Projet/Autonomouscar/ros_ws/src/robot/src/channel.cpp:18:1:[m[K [01;35m[Kwarning: [m[Ktype qualifiers ignored on function return type [[01;35m[K]8;;https://gcc.gnu.org/onlinedocs/gcc/Warning-Options.html#index-Wignored-qualifiers-Wignored-qualifiers]8;;[m[K]
   18 | [01;35m[Kconst[m[K unsigned int Channel::get_gpio() const
      | [01;35m[K^~~~~[m[K
[01m[K/home/youss/Documents/Projet/Autonomouscar/ros_ws/src/robot/src/channel.cpp:23:6:[m[K [01;31m[Kerror: [m[Kno declaration matches ‘[01m[Kbool Channel::[01;32m[Kconfigure_gpio_as_input[m[K()[m[K’
   23 | bool [01;31m[KChannel[m[K::configure_gpio_as_input()
      |      [01;31m[K^~~~~~~[m[K
[01m[K/home/youss/Documents/Projet/Autonomouscar/ros_ws/src/robot/include/robot/channel.h:12:14:[m[K [01;36m[Knote: [m[Kcandidate is: ‘[01m[Kbool Channel::[01;32m[Kconfigure_gpio_as_input[m[K() const[m[K’
   12 |         bool [01;36m[Kconfigure_gpio_as_input[m[K() const;
      |              [01;36m[K^~~~~~~~~~~~~~~~~~~~~~~[m[K
[01m[K/home/youss/Documents/Projet/Autonomouscar/ros_ws/src/robot/include/robot/channel.h:4:8:[m[K [01;36m[Knote: [m[K‘[01m[Kstruct Channel[m[K’ defined here
    4 | struct [01;36m[KChannel[m[K
      |        [01;36m[K^~~~~~~[m[K
gmake[2]: *** [CMakeFiles/encoders.dir/build.make:90: CMakeFiles/encoders.dir/src/channel.cpp.o] Error 1
gmake[2]: *** Waiting for unfinished jobs....
In file included from [01m[K/home/youss/Documents/Projet/Autonomouscar/ros_ws/src/robot/src/encoders.cpp:22[m[K:
[01m[K/home/youss/Documents/Projet/Autonomouscar/ros_ws/src/robot/include/robot/encoders.h:16:9:[m[K [01;31m[Kerror: [m[Kexpected identifier before ‘[01m[K)[m[K’ token
   16 |         [01;31m[K)[m[K;
      |         [01;31m[K^[m[K
[01m[K/home/youss/Documents/Projet/Autonomouscar/ros_ws/src/robot/src/encoders.cpp:32:21:[m[K [01;31m[Kerror: [m[Kexpected ‘[01m[K,[m[K’ or ‘[01m[K...[m[K’ before ‘[01m[Kconst[m[K’
   32 |                     [01;31m[Kconst[m[K unsigned int &channel_B_gpio,
      |                     [01;31m[K^~~~~[m[K
[01m[K/home/youss/Documents/Projet/Autonomouscar/ros_ws/src/robot/src/encoders.cpp:29:1:[m[K [01;31m[Kerror: [m[Kno declaration matches ‘[01m[KEncoders::[01;32m[KEncoders[m[K(const unsigned int&, const unsigned int&, const unsigned int&)[m[K’
   29 | [01;31m[KEncoders[m[K::Encoders(const unsigned int &MxA_gpio,
      | [01;31m[K^~~~~~~~[m[K
[01m[K/home/youss/Documents/Projet/Autonomouscar/ros_ws/src/robot/include/robot/encoders.h:8:8:[m[K [01;36m[Knote: [m[Kcandidates are: ‘[01m[KEncoders::[01;32m[KEncoders[m[K(Encoders&&)[m[K’
    8 | struct [01;36m[KEncoders[m[K
      |        [01;36m[K^~~~~~~~[m[K
[01m[K/home/youss/Documents/Projet/Autonomouscar/ros_ws/src/robot/include/robot/encoders.h:8:8:[m[K [01;36m[Knote: [m[K                ‘[01m[KEncoders::[01;32m[KEncoders[m[K(const Encoders&)[m[K’
[01m[K/home/youss/Documents/Projet/Autonomouscar/ros_ws/src/robot/include/robot/encoders.h:11:9:[m[K [01;36m[Knote: [m[K                ‘[01m[KEncoders::[01;32m[KEncoders[m[K(const unsigned int&, const unsigned int&, const unsigned int&, const unsigned int&, const unsigned int&, int)[m[K’
   11 |         [01;36m[KEncoders[m[K(const unsigned int &MxA_gpio,
      |         [01;36m[K^~~~~~~~[m[K
[01m[K/home/youss/Documents/Projet/Autonomouscar/ros_ws/src/robot/include/robot/encoders.h:8:8:[m[K [01;36m[Knote: [m[K‘[01m[Kstruct Encoders[m[K’ defined here
    8 | struct [01;36m[KEncoders[m[K
      |        [01;36m[K^~~~~~~~[m[K
In file included from [01m[K/home/youss/Documents/Projet/Autonomouscar/ros_ws/src/robot/src/main.cpp:20[m[K:
[01m[K/home/youss/Documents/Projet/Autonomouscar/ros_ws/src/robot/include/robot/encoders.h:16:9:[m[K [01;31m[Kerror: [m[Kexpected identifier before ‘[01m[K)[m[K’ token
   16 |         [01;31m[K)[m[K;
      |         [01;31m[K^[m[K
[01m[K/home/youss/Documents/Projet/Autonomouscar/ros_ws/src/robot/src/main.cpp:[m[K In function ‘[01m[Kint[01;32m[K main[m[K()[m[K’:
[01m[K/home/youss/Documents/Projet/Autonomouscar/ros_ws/src/robot/src/main.cpp:59:25:[m[K [01;31m[Kerror: [m[K‘[01m[KA_channel[m[K’ was not declared in this scope; did you mean ‘[01m[KM2_A_channel[m[K’?
   59 |                    [01;31m[KA_channel[m[K,
      |                    [01;31m[K^~~~~~~~~[m[K
      |                    [32m[KM2_A_channel[m[K
[01m[K/home/youss/Documents/Projet/Autonomouscar/ros_ws/src/robot/src/encoders.cpp:[m[K In member function ‘[01m[Kbool Encoders::[01;32m[Kconfigure_gpio_as_output[m[K(const unsigned int&)[m[K’:
[01m[K/home/youss/Documents/Projet/Autonomouscar/ros_ws/src/robot/src/encoders.cpp:133:18:[m[K [01;31m[Kerror: [m[K‘[01m[KPI_BAD_gpio[m[K’ was not declared in this scope; did you mean ‘[01m[KPI_BAD_GPIO[m[K’?
  133 |             case [01;31m[KPI_BAD_gpio[m[K:
      |                  [01;31m[K^~~~~~~~~~~[m[K
      |                  [32m[KPI_BAD_GPIO[m[K
[01m[K/home/youss/Documents/Projet/Autonomouscar/ros_ws/src/robot/src/main.cpp:60:25:[m[K [01;31m[Kerror: [m[K‘[01m[KB_channel[m[K’ was not declared in this scope; did you mean ‘[01m[KM2_B_channel[m[K’?
   60 |                    [01;31m[KB_channel[m[K,
      |                    [01;31m[K^~~~~~~~~[m[K
      |                    [32m[KM2_B_channel[m[K
[01m[K/home/youss/Documents/Projet/Autonomouscar/ros_ws/src/robot/src/main.cpp:61:25:[m[K [01;31m[Kerror: [m[K‘[01m[Kduty_cycle[m[K’ was not declared in this scope; did you mean ‘[01m[KM2_duty_cycle[m[K’?
   61 |                   [01;31m[Kduty_cycle[m[K,
      |                   [01;31m[K^~~~~~~~~~[m[K
      |                   [32m[KM2_duty_cycle[m[K
[01m[K/home/youss/Documents/Projet/Autonomouscar/ros_ws/src/robot/src/main.cpp:62:5:[m[K [01;31m[Kerror: [m[Kexpected primary-expression before ‘[01m[K)[m[K’ token
   62 |     [01;31m[K)[m[K;
      |     [01;31m[K^[m[K
[01m[K/home/youss/Documents/Projet/Autonomouscar/ros_ws/src/robot/src/encoders.cpp:[m[K At global scope:
[01m[K/home/youss/Documents/Projet/Autonomouscar/ros_ws/src/robot/src/encoders.cpp:260:6:[m[K [01;31m[Kerror: [m[Kno declaration matches ‘[01m[Kvoid Encoders::[01;32m[Kcount_number_of_changes[m[K(const unsigned int&)[m[K’
  260 | void [01;31m[KEncoders[m[K::count_number_of_changes(const unsigned int &channel_gpio)
      |      [01;31m[K^~~~~~~~[m[K
[01m[K/home/youss/Documents/Projet/Autonomouscar/ros_ws/src/robot/include/robot/encoders.h:76:14:[m[K [01;36m[Knote: [m[Kcandidate is: ‘[01m[Kvoid Encoders::[01;32m[Kcount_number_of_changes[m[K()[m[K’
   76 |         void [01;36m[Kcount_number_of_changes[m[K();
      |              [01;36m[K^~~~~~~~~~~~~~~~~~~~~~~[m[K
[01m[K/home/youss/Documents/Projet/Autonomouscar/ros_ws/src/robot/include/robot/encoders.h:8:8:[m[K [01;36m[Knote: [m[K‘[01m[Kstruct Encoders[m[K’ defined here
    8 | struct [01;36m[KEncoders[m[K
      |        [01;36m[K^~~~~~~~[m[K
[01m[K/home/youss/Documents/Projet/Autonomouscar/ros_ws/src/robot/src/main.cpp:66:25:[m[K [01;31m[Kerror: [m[K‘[01m[Kduty_cycle_B[m[K’ was not declared in this scope
   66 |                   [01;31m[Kduty_cycle_B[m[K,
      |                   [01;31m[K^~~~~~~~~~~~[m[K

gmake[2]: *** [CMakeFiles/encoders.dir/build.make:76: CMakeFiles/encoders.dir/src/main.cpp.o] Error 1
gmake[2]: *** [CMakeFiles/encoders.dir/build.make:104: CMakeFiles/encoders.dir/src/encoders.cpp.o] Error 1
In file included from [01m[K/home/youss/Documents/Projet/Autonomouscar/ros_ws/src/robot/include/robot/encoders_publisher.h:2[m[K,
                 from [01m[K/home/youss/Documents/Projet/Autonomouscar/ros_ws/src/robot/src/encoders_publisher.cpp:14[m[K:
[01m[K/home/youss/Documents/Projet/Autonomouscar/ros_ws/src/robot/include/robot/encoders.h:16:9:[m[K [01;31m[Kerror: [m[Kexpected identifier before ‘[01m[K)[m[K’ token
   16 |         [01;31m[K)[m[K;
      |         [01;31m[K^[m[K
gmake[2]: *** [CMakeFiles/encoders.dir/build.make:118: CMakeFiles/encoders.dir/src/encoders_publisher.cpp.o] Error 1
gmake[1]: *** [CMakeFiles/Makefile2:137: CMakeFiles/encoders.dir/all] Error 2
gmake: *** [Makefile:146: all] Error 2
