[0.049s] Invoking command in '/home/youss/Documents/Projet/Autonomouscar/ros_ws/build/robot': CMAKE_PREFIX_PATH=${CMAKE_PREFIX_PATH}:/opt/ros/jazzy DEBUGINFOD_URLS=https://debuginfod.ubuntu.com /usr/bin/cmake --build /home/youss/Documents/Projet/Autonomouscar/ros_ws/build/robot -- -j4 -l4
[0.305s] [ 50%] [32mBuilding CXX object CMakeFiles/encoders.dir/src/encoders.cpp.o[0m
[2.378s] [01m[K/home/youss/Documents/Projet/Autonomouscar/ros_ws/src/robot/src/encoders.cpp:[m[K In constructor ‘[01m[KEncoders::[01;32m[KEncoders[m[K(const unsigned int&, const unsigned int&, const unsigned int&, const unsigned int&)[m[K’:
[2.379s] [01m[K/home/youss/Documents/Projet/Autonomouscar/ros_ws/src/robot/src/encoders.cpp:127:26:[m[K [01;31m[Kerror: [m[Kinvalid use of non-static member function ‘[01m[Kvoid Encoders::[01;32m[Ksignal_handler[m[K(int)[m[K’
[2.379s]   127 |     signal(SIGINT, [01;31m[Kthis->signal_handler[m[K);
[2.380s]       |                    [01;31m[K~~~~~~^~~~~~~~~~~~~~[m[K
[2.380s] [01m[K/home/youss/Documents/Projet/Autonomouscar/ros_ws/src/robot/src/encoders.cpp:20:6:[m[K [01;36m[Knote: [m[Kdeclared here
[2.381s]    20 | void [01;36m[KEncoders[m[K::signal_handler(int signal)
[2.381s]       |      [01;36m[K^~~~~~~~[m[K
[2.386s] [01m[K/home/youss/Documents/Projet/Autonomouscar/ros_ws/src/robot/src/encoders.cpp:[m[K In constructor ‘[01m[KEncoders::[01;32m[KEncoders[m[K()[m[K’:
[2.386s] [01m[K/home/youss/Documents/Projet/Autonomouscar/ros_ws/src/robot/src/encoders.cpp:150:26:[m[K [01;31m[Kerror: [m[Kinvalid use of non-static member function ‘[01m[Kvoid Encoders::[01;32m[Ksignal_handler[m[K(int)[m[K’
[2.387s]   150 |     signal(SIGINT, [01;31m[Kthis->signal_handler[m[K);
[2.388s]       |                    [01;31m[K~~~~~~^~~~~~~~~~~~~~[m[K
[2.389s] [01m[K/home/youss/Documents/Projet/Autonomouscar/ros_ws/src/robot/src/encoders.cpp:20:6:[m[K [01;36m[Knote: [m[Kdeclared here
[2.389s]    20 | void [01;36m[KEncoders[m[K::signal_handler(int signal)
[2.390s]       |      [01;36m[K^~~~~~~~[m[K
[2.390s] [01m[K/home/youss/Documents/Projet/Autonomouscar/ros_ws/src/robot/src/encoders.cpp:[m[K At global scope:
[2.390s] [01m[K/home/youss/Documents/Projet/Autonomouscar/ros_ws/src/robot/src/encoders.cpp:163:6:[m[K [01;31m[Kerror: [m[Kno declaration matches ‘[01m[Kvoid Encoders::[01;32m[Kcompute_rps_on_channels[m[K()[m[K’
[2.391s]   163 | void [01;31m[KEncoders[m[K::compute_rps_on_channels()
[2.391s]       |      [01;31m[K^~~~~~~~[m[K
[2.392s] [01m[K/home/youss/Documents/Projet/Autonomouscar/ros_ws/src/robot/src/encoders.cpp:163:6:[m[K [01;36m[Knote: [m[Kno functions named ‘[01m[Kvoid Encoders::[01;32m[Kcompute_rps_on_channels[m[K()[m[K’
[2.392s] In file included from [01m[K/home/youss/Documents/Projet/Autonomouscar/ros_ws/src/robot/src/encoders.cpp:13[m[K:
[2.392s] [01m[K/home/youss/Documents/Projet/Autonomouscar/ros_ws/src/robot/src/encoders.h:3:8:[m[K [01;36m[Knote: [m[K‘[01m[Kstruct Encoders[m[K’ defined here
[2.393s]     3 | struct [01;36m[KEncoders[m[K
[2.393s]       |        [01;36m[K^~~~~~~~[m[K
[2.624s] [01m[K/home/youss/Documents/Projet/Autonomouscar/ros_ws/src/robot/src/encoders.cpp:[m[K In member function ‘[01m[Kbool Encoders::[01;32m[Kconfigure_pin_as_output[m[K(const unsigned int&)[m[K’:
[2.625s] [01m[K/home/youss/Documents/Projet/Autonomouscar/ros_ws/src/robot/src/encoders.cpp:39:56:[m[K [01;35m[Kwarning: [m[Kthis statement may fall through [[01;35m[K]8;;https://gcc.gnu.org/onlinedocs/gcc/Warning-Options.html#index-Wimplicit-fallthrough=-Wimplicit-fallthrough=]8;;[m[K]
[2.625s]    39 |                 cout << gpio << "is a bad gpio pin" << [01;35m[Kendl[m[K;
[2.626s]       |                                                        [01;35m[K^~~~[m[K
[2.626s] [01m[K/home/youss/Documents/Projet/Autonomouscar/ros_ws/src/robot/src/encoders.cpp:40:13:[m[K [01;36m[Knote: [m[Khere
[2.626s]    40 |             [01;36m[Kcase[m[K PI_BAD_MODE:
[2.627s]       |             [01;36m[K^~~~[m[K
[2.627s] [01m[K/home/youss/Documents/Projet/Autonomouscar/ros_ws/src/robot/src/encoders.cpp:41:57:[m[K [01;35m[Kwarning: [m[Kthis statement may fall through [[01;35m[K]8;;https://gcc.gnu.org/onlinedocs/gcc/Warning-Options.html#index-Wimplicit-fallthrough=-Wimplicit-fallthrough=]8;;[m[K]
[2.628s]    41 |                 cout << "Bad mode for gpio " << gpio << [01;35m[Kendl[m[K;
[2.628s]       |                                                         [01;35m[K^~~~[m[K
[2.629s] [01m[K/home/youss/Documents/Projet/Autonomouscar/ros_ws/src/robot/src/encoders.cpp:42:13:[m[K [01;36m[Knote: [m[Khere
[2.629s]    42 |             [01;36m[Kdefault[m[K:
[2.629s]       |             [01;36m[K^~~~~~~[m[K
[2.660s] gmake[2]: *** [CMakeFiles/encoders.dir/build.make:76: CMakeFiles/encoders.dir/src/encoders.cpp.o] Error 1
[2.661s] gmake[1]: *** [CMakeFiles/Makefile2:137: CMakeFiles/encoders.dir/all] Error 2
[2.662s] gmake: *** [Makefile:146: all] Error 2
[2.671s] Invoked command in '/home/youss/Documents/Projet/Autonomouscar/ros_ws/build/robot' returned '2': CMAKE_PREFIX_PATH=${CMAKE_PREFIX_PATH}:/opt/ros/jazzy DEBUGINFOD_URLS=https://debuginfod.ubuntu.com /usr/bin/cmake --build /home/youss/Documents/Projet/Autonomouscar/ros_ws/build/robot -- -j4 -l4
