[31mCMake Error at CMakeLists.txt:20 (add_executable):
  The target name "src/encoders.cpp" is reserved or not valid for certain
  CMake features, such as generator expressions, and may result in undefined
  behavior.

[0m
[31mCMake Error at CMakeLists.txt:34 (target_include_directories):
  Cannot specify include directories for target "encoders" which is not built
  by this project.

[0m
[31mCMake Error at CMakeLists.txt:37 (target_compile_features):
  Cannot specify compile features for target "encoders" which is not built by
  this project.

[0m
[31mCMake Error at /opt/ros/jazzy/share/ament_cmake_core/cmake/symlink_install/ament_cmake_symlink_install_targets.cmake:67 (message):
  ament_cmake_symlink_install_targets() 'encoders' is not a target
Call Stack (most recent call first):
  /opt/ros/jazzy/share/ament_cmake_core/cmake/symlink_install/install.cmake:37 (ament_cmake_symlink_install_targets)
  CMakeLists.txt:39 (install)

[0m
gmake: *** [Makefile:267: cmake_check_build_system] Error 1
