[0.052s] Invoking command in '/home/youss/Documents/Projet/Autonomouscar/ros_ws/build/robot': CMAKE_PREFIX_PATH=${CMAKE_PREFIX_PATH}:/opt/ros/jazzy DEBUGINFOD_URLS=https://debuginfod.ubuntu.com /usr/bin/cmake --build /home/youss/Documents/Projet/Autonomouscar/ros_ws/build/robot -- -j4 -l4
[0.173s] -- Found ament_cmake: 2.5.2 (/opt/ros/jazzy/share/ament_cmake/cmake)
[1.117s] -- Override CMake install command with custom implementation using symlinks instead of copying resources
[1.150s] -- Found rclcpp: 28.1.5 (/opt/ros/jazzy/share/rclcpp/cmake)
[1.300s] -- Found rosidl_generator_c: 4.6.4 (/opt/ros/jazzy/share/rosidl_generator_c/cmake)
[1.339s] -- Found rosidl_generator_cpp: 4.6.4 (/opt/ros/jazzy/share/rosidl_generator_cpp/cmake)
[1.387s] -- Using all available rosidl_typesupport_c: rosidl_typesupport_fastrtps_c;rosidl_typesupport_introspection_c
[1.442s] -- Using all available rosidl_typesupport_cpp: rosidl_typesupport_fastrtps_cpp;rosidl_typesupport_introspection_cpp
[1.673s] -- Found rmw_implementation_cmake: 7.3.1 (/opt/ros/jazzy/share/rmw_implementation_cmake/cmake)
[1.678s] -- Found rmw_fastrtps_cpp: 8.4.1 (/opt/ros/jazzy/share/rmw_fastrtps_cpp/cmake)
[1.946s] -- Using RMW implementation 'rmw_fastrtps_cpp' as default
[2.165s] -- Found std_msgs: 5.3.5 (/opt/ros/jazzy/share/std_msgs/cmake)
[2.214s] [31mCMake Error at CMakeLists.txt:20 (add_executable):
[2.214s]   The target name "src/encoders.cpp" is reserved or not valid for certain
[2.215s]   CMake features, such as generator expressions, and may result in undefined
[2.215s]   behavior.
[2.215s] 
[2.216s] [0m
[2.216s] [31mCMake Error at CMakeLists.txt:34 (target_include_directories):
[2.216s]   Cannot specify include directories for target "encoders" which is not built
[2.217s]   by this project.
[2.217s] 
[2.217s] [0m
[2.218s] [31mCMake Error at CMakeLists.txt:37 (target_compile_features):
[2.218s]   Cannot specify compile features for target "encoders" which is not built by
[2.218s]   this project.
[2.218s] 
[2.219s] [0m
[2.219s] [31mCMake Error at /opt/ros/jazzy/share/ament_cmake_core/cmake/symlink_install/ament_cmake_symlink_install_targets.cmake:67 (message):
[2.220s]   ament_cmake_symlink_install_targets() 'encoders' is not a target
[2.220s] Call Stack (most recent call first):
[2.221s]   /opt/ros/jazzy/share/ament_cmake_core/cmake/symlink_install/install.cmake:37 (ament_cmake_symlink_install_targets)
[2.221s]   CMakeLists.txt:39 (install)
[2.221s] 
[2.222s] [0m
[2.222s] -- Configuring incomplete, errors occurred!
[2.247s] gmake: *** [Makefile:267: cmake_check_build_system] Error 1
[2.254s] Invoked command in '/home/youss/Documents/Projet/Autonomouscar/ros_ws/build/robot' returned '2': CMAKE_PREFIX_PATH=${CMAKE_PREFIX_PATH}:/opt/ros/jazzy DEBUGINFOD_URLS=https://debuginfod.ubuntu.com /usr/bin/cmake --build /home/youss/Documents/Projet/Autonomouscar/ros_ws/build/robot -- -j4 -l4
