[0.055s] Invoking command in '/home/youss/Documents/Projet/Autonomouscar/ros_ws/build/robot': CMAKE_PREFIX_PATH=${CMAKE_PREFIX_PATH}:/opt/ros/jazzy DEBUGINFOD_URLS=https://debuginfod.ubuntu.com /usr/bin/cmake --build /home/youss/Documents/Projet/Autonomouscar/ros_ws/build/robot -- -j4 -l4
[0.315s] [ 25%] [32mBuilding CXX object CMakeFiles/encoders.dir/src/encoders.cpp.o[0m
[3.062s] [ 50%] [32m[1mLinking CXX executable encoders[0m
[3.424s] [100%] Built target encoders
[3.479s] Invoked command in '/home/youss/Documents/Projet/Autonomouscar/ros_ws/build/robot' returned '0': CMAKE_PREFIX_PATH=${CMAKE_PREFIX_PATH}:/opt/ros/jazzy DEBUGINFOD_URLS=https://debuginfod.ubuntu.com /usr/bin/cmake --build /home/youss/Documents/Projet/Autonomouscar/ros_ws/build/robot -- -j4 -l4
[3.701s] Invoking command in '/home/youss/Documents/Projet/Autonomouscar/ros_ws/build/robot': CMAKE_PREFIX_PATH=${CMAKE_PREFIX_PATH}:/opt/ros/jazzy DEBUGINFOD_URLS=https://debuginfod.ubuntu.com /usr/bin/cmake --install /home/youss/Documents/Projet/Autonomouscar/ros_ws/build/robot
[3.739s] -- Install configuration: ""
[3.741s] -- Execute custom install script
[3.743s] -- Up-to-date symlink: /home/youss/Documents/Projet/Autonomouscar/ros_ws/install/robot/lib/robot/encoders
[3.744s] -- Up-to-date symlink: /home/youss/Documents/Projet/Autonomouscar/ros_ws/install/robot/share/ament_index/resource_index/package_run_dependencies/robot
[3.745s] -- Up-to-date symlink: /home/youss/Documents/Projet/Autonomouscar/ros_ws/install/robot/share/ament_index/resource_index/parent_prefix_path/robot
[3.746s] -- Up-to-date symlink: /home/youss/Documents/Projet/Autonomouscar/ros_ws/install/robot/share/robot/environment/ament_prefix_path.sh
[3.747s] -- Up-to-date symlink: /home/youss/Documents/Projet/Autonomouscar/ros_ws/install/robot/share/robot/environment/ament_prefix_path.dsv
[3.748s] -- Up-to-date symlink: /home/youss/Documents/Projet/Autonomouscar/ros_ws/install/robot/share/robot/environment/path.sh
[3.749s] -- Up-to-date symlink: /home/youss/Documents/Projet/Autonomouscar/ros_ws/install/robot/share/robot/environment/path.dsv
[3.750s] -- Up-to-date symlink: /home/youss/Documents/Projet/Autonomouscar/ros_ws/install/robot/share/robot/local_setup.bash
[3.751s] -- Up-to-date symlink: /home/youss/Documents/Projet/Autonomouscar/ros_ws/install/robot/share/robot/local_setup.sh
[3.752s] -- Up-to-date symlink: /home/youss/Documents/Projet/Autonomouscar/ros_ws/install/robot/share/robot/local_setup.zsh
[3.753s] -- Up-to-date symlink: /home/youss/Documents/Projet/Autonomouscar/ros_ws/install/robot/share/robot/local_setup.dsv
[3.754s] -- Symlinking: /home/youss/Documents/Projet/Autonomouscar/ros_ws/install/robot/share/robot/package.dsv
[3.800s] -- Up-to-date symlink: /home/youss/Documents/Projet/Autonomouscar/ros_ws/install/robot/share/ament_index/resource_index/packages/robot
[3.801s] -- Up-to-date symlink: /home/youss/Documents/Projet/Autonomouscar/ros_ws/install/robot/share/robot/cmake/robotConfig.cmake
[3.802s] -- Up-to-date symlink: /home/youss/Documents/Projet/Autonomouscar/ros_ws/install/robot/share/robot/cmake/robotConfig-version.cmake
[3.803s] -- Up-to-date symlink: /home/youss/Documents/Projet/Autonomouscar/ros_ws/install/robot/share/robot/package.xml
[3.811s] Invoked command in '/home/youss/Documents/Projet/Autonomouscar/ros_ws/build/robot' returned '0': CMAKE_PREFIX_PATH=${CMAKE_PREFIX_PATH}:/opt/ros/jazzy DEBUGINFOD_URLS=https://debuginfod.ubuntu.com /usr/bin/cmake --install /home/youss/Documents/Projet/Autonomouscar/ros_ws/build/robot
