[0.052s] Invoking command in '/home/youss/Documents/Projet/Autonomouscar/ros_ws/build/robot': CMAKE_PREFIX_PATH=${CMAKE_PREFIX_PATH}:/opt/ros/jazzy DEBUGINFOD_URLS=https://debuginfod.ubuntu.com /usr/bin/cmake --build /home/youss/Documents/Projet/Autonomouscar/ros_ws/build/robot -- -j4 -l4
[0.356s] [  6%] [32mBuilding CXX object CMakeFiles/main.dir/src/main.cpp.o[0m
[0.360s] [ 33%] Built target robot_controller
[0.361s] [ 33%] Built target listener
[0.363s] [ 46%] Built target position_publisher
[0.409s] [ 53%] [32mBuilding CXX object CMakeFiles/main.dir/src/encoders.cpp.o[0m
[0.506s] [ 66%] Built target motor_subscriber
[0.511s] [ 80%] Built target position_reader
[3.254s] [01m[K/home/youss/Documents/Projet/Autonomouscar/ros_ws/src/robot/src/main.cpp:[m[K In function ‘[01m[Kint[01;32m[K main[m[K()[m[K’:
[3.255s] [01m[K/home/youss/Documents/Projet/Autonomouscar/ros_ws/src/robot/src/main.cpp:91:44:[m[K [01;31m[Kerror: [m[K‘[01m[Kvoid Encoders::[01;32m[Kcount_number_of_changes[m[K(const unsigned int&)[m[K’ is private within this context
[3.256s]    91 |     std::thread encoder_A_thread(Encoders::[01;31m[Kcount_number_of_changes[m[K, std::ref(encoder_A));
[3.256s]       |                                            [01;31m[K^~~~~~~~~~~~~~~~~~~~~~~[m[K
[3.257s] In file included from [01m[K/home/youss/Documents/Projet/Autonomouscar/ros_ws/src/robot/src/main.cpp:19[m[K:
[3.257s] [01m[K/home/youss/Documents/Projet/Autonomouscar/ros_ws/src/robot/include/robot/encoders.h:72:14:[m[K [01;36m[Knote: [m[Kdeclared private here
[3.259s]    72 |         void [01;36m[Kcount_number_of_changes[m[K(const unsigned int &channel_gpio);
[3.260s]       |              [01;36m[K^~~~~~~~~~~~~~~~~~~~~~~[m[K
[3.261s] [01m[K/home/youss/Documents/Projet/Autonomouscar/ros_ws/src/robot/src/main.cpp:91:44:[m[K [01;31m[Kerror: [m[Kinvalid use of non-static member function ‘[01m[Kvoid Encoders::[01;32m[Kcount_number_of_changes[m[K(const unsigned int&)[m[K’
[3.261s]    91 |     std::thread encoder_A_thread(Encoders::[01;31m[Kcount_number_of_changes[m[K, std::ref(encoder_A));
[3.262s]       |                                            [01;31m[K^~~~~~~~~~~~~~~~~~~~~~~[m[K
[3.262s] [01m[K/home/youss/Documents/Projet/Autonomouscar/ros_ws/src/robot/src/main.cpp:92:44:[m[K [01;31m[Kerror: [m[K‘[01m[Kvoid Encoders::[01;32m[Kcount_number_of_changes[m[K(const unsigned int&)[m[K’ is private within this context
[3.263s]    92 |     std::thread encoder_B_thread(Encoders::[01;31m[Kcount_number_of_changes[m[K, std::ref(encoder_B));
[3.264s]       |                                            [01;31m[K^~~~~~~~~~~~~~~~~~~~~~~[m[K
[3.264s] [01m[K/home/youss/Documents/Projet/Autonomouscar/ros_ws/src/robot/include/robot/encoders.h:72:14:[m[K [01;36m[Knote: [m[Kdeclared private here
[3.265s]    72 |         void [01;36m[Kcount_number_of_changes[m[K(const unsigned int &channel_gpio);
[3.265s]       |              [01;36m[K^~~~~~~~~~~~~~~~~~~~~~~[m[K
[3.266s] [01m[K/home/youss/Documents/Projet/Autonomouscar/ros_ws/src/robot/src/main.cpp:92:44:[m[K [01;31m[Kerror: [m[Kinvalid use of non-static member function ‘[01m[Kvoid Encoders::[01;32m[Kcount_number_of_changes[m[K(const unsigned int&)[m[K’
[3.266s]    92 |     std::thread encoder_B_thread(Encoders::[01;31m[Kcount_number_of_changes[m[K, std::ref(encoder_B));
[3.267s]       |                                            [01;31m[K^~~~~~~~~~~~~~~~~~~~~~~[m[K
[3.452s] gmake[2]: *** [CMakeFiles/main.dir/build.make:76: CMakeFiles/main.dir/src/main.cpp.o] Error 1
[3.453s] gmake[2]: *** Waiting for unfinished jobs....
[3.901s] gmake[1]: *** [CMakeFiles/Makefile2:147: CMakeFiles/main.dir/all] Error 2
[3.902s] gmake: *** [Makefile:146: all] Error 2
[3.909s] Invoked command in '/home/youss/Documents/Projet/Autonomouscar/ros_ws/build/robot' returned '2': CMAKE_PREFIX_PATH=${CMAKE_PREFIX_PATH}:/opt/ros/jazzy DEBUGINFOD_URLS=https://debuginfod.ubuntu.com /usr/bin/cmake --build /home/youss/Documents/Projet/Autonomouscar/ros_ws/build/robot -- -j4 -l4
