-- Found ament_cmake: 2.5.2 (/opt/ros/jazzy/share/ament_cmake/cmake)
-- Override CMake install command with custom implementation using symlinks instead of copying resources
-- Found rclcpp: 28.1.5 (/opt/ros/jazzy/share/rclcpp/cmake)
-- Found rosidl_generator_c: 4.6.4 (/opt/ros/jazzy/share/rosidl_generator_c/cmake)
-- Found rosidl_generator_cpp: 4.6.4 (/opt/ros/jazzy/share/rosidl_generator_cpp/cmake)
-- Using all available rosidl_typesupport_c: rosidl_typesupport_fastrtps_c;rosidl_typesupport_introspection_c
-- Using all available rosidl_typesupport_cpp: rosidl_typesupport_fastrtps_cpp;rosidl_typesupport_introspection_cpp
-- Found rmw_implementation_cmake: 7.3.1 (/opt/ros/jazzy/share/rmw_implementation_cmake/cmake)
-- Found rmw_fastrtps_cpp: 8.4.1 (/opt/ros/jazzy/share/rmw_fastrtps_cpp/cmake)
-- Using RMW implementation 'rmw_fastrtps_cpp' as default
-- Found std_msgs: 5.3.5 (/opt/ros/jazzy/share/std_msgs/cmake)
-- Found ament_lint_auto: 0.17.1 (/opt/ros/jazzy/share/ament_lint_auto/cmake)
-- Added test 'cppcheck' to perform static code analysis on C / C++ code
-- Configured cppcheck include dirs: $<BUILD_INTERFACE:/home/youss/Documents/Projet/Autonomouscar/ros_ws/src/robot/include>
-- Configured cppcheck exclude dirs and/or files: 
-- Added test 'flake8' to check Python code syntax and style conventions
-- Configured 'flake8' exclude dirs and/or files: 
-- Added test 'lint_cmake' to check CMake code style
-- Added test 'pep257' to check Python code against some of the docstring style conventions in PEP 257
-- Added test 'uncrustify' to check C / C++ code style
-- Configured uncrustify additional arguments: 
-- Added test 'xmllint' to check XML markup files
-- Configuring done (3.0s)
-- Generating done (0.1s)
-- Build files have been written to: /home/youss/Documents/Projet/Autonomouscar/ros_ws/build/robot
[ 50%] [32mBuilding CXX object CMakeFiles/encoders.dir/src/main.cpp.o[0m
[100%] [32m[1mLinking CXX executable encoders[0m
/usr/bin/ld: CMakeFiles/encoders.dir/src/main.cpp.o: in function `main':
main.cpp:(.text+0xa4): undefined reference to `RPI4::init()'
/usr/bin/ld: main.cpp:(.text+0x118): undefined reference to `Encoders::Encoders(unsigned int const&, unsigned int const&, unsigned int const&, unsigned int const&, unsigned int const&)'
/usr/bin/ld: main.cpp:(.text+0x14c): undefined reference to `Encoders::Encoders(unsigned int const&, unsigned int const&, unsigned int const&, unsigned int const&, unsigned int const&)'
/usr/bin/ld: main.cpp:(.text+0x160): undefined reference to `Encoders::set_rps(unsigned int const&)'
/usr/bin/ld: main.cpp:(.text+0x174): undefined reference to `Encoders::set_rps(unsigned int const&)'
/usr/bin/ld: main.cpp:(.text+0x180): undefined reference to `Encoders::start_encoder(unsigned int const&)'
/usr/bin/ld: main.cpp:(.text+0x18c): undefined reference to `Encoders::start_encoder(unsigned int const&)'
/usr/bin/ld: CMakeFiles/encoders.dir/src/main.cpp.o: in function `__static_initialization_and_destruction_0()':
main.cpp:(.text+0x260): undefined reference to `RPI4::RPI4()'
collect2: error: ld returned 1 exit status
gmake[2]: *** [CMakeFiles/encoders.dir/build.make:173: encoders] Error 1
gmake[1]: *** [CMakeFiles/Makefile2:137: CMakeFiles/encoders.dir/all] Error 2
gmake: *** [Makefile:146: all] Error 2
