[0.052s] Invoking command in '/home/youss/Documents/Projet/Autonomouscar/ros_ws/build/robot': CMAKE_PREFIX_PATH=${CMAKE_PREFIX_PATH}:/opt/ros/jazzy DEBUGINFOD_URLS=https://debuginfod.ubuntu.com /usr/bin/cmake --build /home/youss/Documents/Projet/Autonomouscar/ros_ws/build/robot -- -j4 -l4
[0.378s] [ 12%] Built target robot_controller
[0.378s] [ 25%] Built target position_publisher
[0.386s] [ 37%] Built target encoders_subscriber
[0.410s] [ 68%] Built target main
[0.519s] [ 81%] Built target position_reader
[0.543s] [ 87%] [32mBuilding CXX object CMakeFiles/motor_subscriber.dir/src/motor_subscriber.cpp.o[0m
[11.578s] In file included from [01m[K/home/youss/Documents/Projet/Autonomouscar/ros_ws/src/robot/src/motor_subscriber.cpp:1[m[K:
[11.579s] [01m[K/home/youss/Documents/Projet/Autonomouscar/ros_ws/src/robot/include/robot/motor_subscriber.h:53:9:[m[K [01;31m[Kerror: [m[Kexpected ‘[01m[K;[m[K’ before ‘[01m[Kunsigned[m[K’
[11.579s]    53 |         [01;31m[Kunsigned[m[K int _M1A_GPIO = 17U;
[11.580s]       |         [01;31m[K^~~~~~~~[m[K
[11.646s] [01m[K/home/youss/Documents/Projet/Autonomouscar/ros_ws/src/robot/src/motor_subscriber.cpp:[m[K In member function ‘[01m[Kvoid Motor_subscriber::[01;32m[Kinit_params[m[K()[m[K’:
[11.646s] [01m[K/home/youss/Documents/Projet/Autonomouscar/ros_ws/src/robot/src/motor_subscriber.cpp:52:5:[m[K [01;31m[Kerror: [m[K‘[01m[K_M1A_GPIO[m[K’ was not declared in this scope; did you mean ‘[01m[K_M1B_GPIO[m[K’?
[11.647s]    52 |     [01;31m[K_M1A_GPIO[m[K = this->get_parameter("M1A_GPIO").as_int();
[11.647s]       |     [01;31m[K^~~~~~~~~[m[K
[11.648s]       |     [32m[K_M1B_GPIO[m[K
[11.651s] In file included from [01m[K/usr/include/c++/13/vector:66[m[K,
[11.652s]                  from [01m[K/opt/ros/jazzy/include/rclcpp/rclcpp/copy_all_parameter_values.hpp:19[m[K,
[11.652s]                  from [01m[K/opt/ros/jazzy/include/rclcpp/rclcpp/rclcpp.hpp:171[m[K,
[11.653s]                  from [01m[K/home/youss/Documents/Projet/Autonomouscar/ros_ws/src/robot/include/robot/motor_subscriber.h:4[m[K:
[11.653s] /usr/include/c++/13/bits/stl_vector.h: In instantiation of ‘[01m[Kstruct std::_Vector_base<unsigned int, unsigned int>[m[K’:
[11.654s] [01m[K/usr/include/c++/13/bits/stl_vector.h:428:11:[m[K   required from ‘[01m[Kclass std::vector<unsigned int, unsigned int>[m[K’
[11.654s] [01m[K/home/youss/Documents/Projet/Autonomouscar/ros_ws/src/robot/src/motor_subscriber.cpp:91:136:[m[K   required from here
[11.654s] [01m[K/usr/include/c++/13/bits/stl_vector.h:88:28:[m[K [01;31m[Kerror: [m[K‘[01m[Kunsigned int[m[K’ is not a class, struct, or union type
[11.655s]    88 |         rebind<_Tp>::other [01;31m[K_Tp_alloc_type[m[K;
[11.655s]       |                            [01;31m[K^~~~~~~~~~~~~~[m[K
[11.655s] [01m[K/usr/include/c++/13/bits/stl_vector.h:90:9:[m[K [01;31m[Kerror: [m[K‘[01m[Kunsigned int[m[K’ is not a class, struct, or union type
[11.656s]    90 |         [01;31m[Kpointer[m[K;
[11.656s]       |         [01;31m[K^~~~~~~[m[K
[11.657s] /usr/include/c++/13/bits/stl_vector.h: In instantiation of ‘[01m[Kclass std::vector<unsigned int, unsigned int>[m[K’:
[11.657s] [01m[K/home/youss/Documents/Projet/Autonomouscar/ros_ws/src/robot/src/motor_subscriber.cpp:91:136:[m[K   required from here
[11.657s] [01m[K/usr/include/c++/13/bits/stl_vector.h:518:20:[m[K [01;31m[Kerror: [m[K‘[01m[K_M_allocate[m[K’ has not been declared in ‘[01m[Kstd::vector<unsigned int, unsigned int>::_Base[m[K’
[11.658s]   518 |       using _Base::[01;31m[K_M_allocate[m[K;
[11.658s]       |                    [01;31m[K^~~~~~~~~~~[m[K
[11.659s] [01m[K/usr/include/c++/13/bits/stl_vector.h:519:20:[m[K [01;31m[Kerror: [m[K‘[01m[K_M_deallocate[m[K’ has not been declared in ‘[01m[Kstd::vector<unsigned int, unsigned int>::_Base[m[K’
[11.659s]   519 |       using _Base::[01;31m[K_M_deallocate[m[K;
[11.659s]       |                    [01;31m[K^~~~~~~~~~~~~[m[K
[11.660s] [01m[K/usr/include/c++/13/bits/stl_vector.h:521:20:[m[K [01;31m[Kerror: [m[K‘[01m[K_M_get_Tp_allocator[m[K’ has not been declared in ‘[01m[Kstd::vector<unsigned int, unsigned int>::_Base[m[K’
[11.660s]   521 |       using _Base::[01;31m[K_M_get_Tp_allocator[m[K;
[11.660s]       |                    [01;31m[K^~~~~~~~~~~~~~~~~~~[m[K
[11.711s] In file included from [01m[K/opt/ros/jazzy/include/rclcpp/rclcpp/logging.hpp:24[m[K,
[11.711s]                  from [01m[K/opt/ros/jazzy/include/rclcpp/rclcpp/copy_all_parameter_values.hpp:27[m[K:
[11.712s] [01m[K/home/youss/Documents/Projet/Autonomouscar/ros_ws/src/robot/src/motor_subscriber.cpp:[m[K In member function ‘[01m[Kstd::vector<unsigned int, unsigned int> Motor_subscriber::[01;32m[Kconvert_msg_to_duty_cycles[m[K(const geometry_msgs::msg::Twist_<std::allocator<void> >::UniquePtr&) const[m[K’:
[11.712s] [01m[K/home/youss/Documents/Projet/Autonomouscar/ros_ws/src/robot/src/motor_subscriber.cpp:132:71:[m[K [01;31m[Kerror: [m[K‘[01m[Kduty_cycle[m[K’ was not declared in this scope
[11.713s]   132 |     RCLCPP_INFO(this->get_logger(), "Converted left_duty_cycle : %d", [01;31m[Kduty_cycle[m[K);
[11.713s]       |                                                                       [01;31m[K^~~~~~~~~~[m[K
[11.740s] [01m[K/home/youss/Documents/Projet/Autonomouscar/ros_ws/src/robot/src/motor_subscriber.cpp:[m[K In member function ‘[01m[Kvoid Motor_subscriber::[01;32m[Kset_left_motor_and_right_motor_duty_cycle[m[K(const geometry_msgs::msg::Twist_<std::allocator<void> >::UniquePtr&)[m[K’:
[11.740s] [01m[K/home/youss/Documents/Projet/Autonomouscar/ros_ws/src/robot/src/motor_subscriber.cpp:157:59:[m[K [01;31m[Kerror: [m[K‘[01m[Kconvert_msg_to_duty_cycle[m[K’ was not declared in this scope; did you mean ‘[01m[Kconvert_msg_to_duty_cycles[m[K’?
[11.740s]   157 |     std::vector<unsigned int, unsigned int> duty_cycles = [01;31m[Kconvert_msg_to_duty_cycle[m[K(msg);
[11.741s]       |                                                           [01;31m[K^~~~~~~~~~~~~~~~~~~~~~~~~[m[K
[11.741s]       |                                                           [32m[Kconvert_msg_to_duty_cycles[m[K
[20.502s] gmake[2]: *** [CMakeFiles/motor_subscriber.dir/build.make:76: CMakeFiles/motor_subscriber.dir/src/motor_subscriber.cpp.o] Error 1
[20.503s] gmake[1]: *** [CMakeFiles/Makefile2:251: CMakeFiles/motor_subscriber.dir/all] Error 2
[20.504s] gmake: *** [Makefile:146: all] Error 2
[20.512s] Invoked command in '/home/youss/Documents/Projet/Autonomouscar/ros_ws/build/robot' returned '2': CMAKE_PREFIX_PATH=${CMAKE_PREFIX_PATH}:/opt/ros/jazzy DEBUGINFOD_URLS=https://debuginfod.ubuntu.com /usr/bin/cmake --build /home/youss/Documents/Projet/Autonomouscar/ros_ws/build/robot -- -j4 -l4
