[0.062s] Invoking command in '/home/youss/Documents/Projet/Autonomouscar/ros_ws/build/robot': CMAKE_PREFIX_PATH=${CMAKE_PREFIX_PATH}:/opt/ros/jazzy DEBUGINFOD_URLS=https://debuginfod.ubuntu.com /usr/bin/cmake --build /home/youss/Documents/Projet/Autonomouscar/ros_ws/build/robot -- -j4 -l4
[0.561s] -- Found ament_cmake: 2.5.2 (/opt/ros/jazzy/share/ament_cmake/cmake)
[1.610s] -- Override CMake install command with custom implementation using symlinks instead of copying resources
[1.683s] -- Found rclcpp: 28.1.5 (/opt/ros/jazzy/share/rclcpp/cmake)
[1.896s] -- Found rosidl_generator_c: 4.6.4 (/opt/ros/jazzy/share/rosidl_generator_c/cmake)
[1.948s] -- Found rosidl_generator_cpp: 4.6.4 (/opt/ros/jazzy/share/rosidl_generator_cpp/cmake)
[2.018s] -- Using all available rosidl_typesupport_c: rosidl_typesupport_fastrtps_c;rosidl_typesupport_introspection_c
[2.095s] -- Using all available rosidl_typesupport_cpp: rosidl_typesupport_fastrtps_cpp;rosidl_typesupport_introspection_cpp
[2.408s] -- Found rmw_implementation_cmake: 7.3.1 (/opt/ros/jazzy/share/rmw_implementation_cmake/cmake)
[2.419s] -- Found rmw_fastrtps_cpp: 8.4.1 (/opt/ros/jazzy/share/rmw_fastrtps_cpp/cmake)
[2.753s] -- Using RMW implementation 'rmw_fastrtps_cpp' as default
[3.049s] -- Found std_msgs: 5.3.5 (/opt/ros/jazzy/share/std_msgs/cmake)
[3.120s] -- Found ament_lint_auto: 0.17.1 (/opt/ros/jazzy/share/ament_lint_auto/cmake)
[3.593s] -- Added test 'cppcheck' to perform static code analysis on C / C++ code
[3.593s] -- Configured cppcheck include dirs: $<BUILD_INTERFACE:/home/youss/Documents/Projet/Autonomouscar/ros_ws/src/robot/include>
[3.594s] -- Configured cppcheck exclude dirs and/or files: 
[3.597s] -- Added test 'flake8' to check Python code syntax and style conventions
[3.597s] -- Configured 'flake8' exclude dirs and/or files: 
[3.601s] -- Added test 'lint_cmake' to check CMake code style
[3.604s] -- Added test 'pep257' to check Python code against some of the docstring style conventions in PEP 257
[3.615s] -- Added test 'uncrustify' to check C / C++ code style
[3.616s] -- Configured uncrustify additional arguments: 
[3.619s] -- Added test 'xmllint' to check XML markup files
[3.630s] -- Configuring done (3.1s)
[3.774s] -- Generating done (0.1s)
[3.786s] -- Build files have been written to: /home/youss/Documents/Projet/Autonomouscar/ros_ws/build/robot
[4.133s] [ 50%] [32m[1mLinking CXX executable encoders[0m
[5.479s] /usr/bin/ld: /usr/lib/gcc/aarch64-linux-gnu/13/../../../aarch64-linux-gnu/Scrt1.o: in function `_start':
[5.480s] (.text+0x1c): undefined reference to `main'
[5.481s] /usr/bin/ld: (.text+0x20): undefined reference to `main'
[5.490s] /usr/bin/ld: CMakeFiles/encoders.dir/src/encoders_publisher.cpp.o: in function `Encoders_publisher::Encoders_publisher(std::__cxx11::basic_string<char, std::char_traits<char>, std::allocator<char> > const&, std::__cxx11::basic_string<char, std::char_traits<char>, std::allocator<char> > const&, Encoders const&, unsigned int const&)::{lambda()#1}::operator()() const':
[5.490s] encoders_publisher.cpp:(.text+0xcc): undefined reference to `Encoders::get_rps() const'
[5.566s] collect2: error: ld returned 1 exit status
[5.581s] gmake[2]: *** [CMakeFiles/encoders.dir/build.make:173: encoders] Error 1
[5.583s] gmake[1]: *** [CMakeFiles/Makefile2:137: CMakeFiles/encoders.dir/all] Error 2
[5.584s] gmake: *** [Makefile:146: all] Error 2
[5.592s] Invoked command in '/home/youss/Documents/Projet/Autonomouscar/ros_ws/build/robot' returned '2': CMAKE_PREFIX_PATH=${CMAKE_PREFIX_PATH}:/opt/ros/jazzy DEBUGINFOD_URLS=https://debuginfod.ubuntu.com /usr/bin/cmake --build /home/youss/Documents/Projet/Autonomouscar/ros_ws/build/robot -- -j4 -l4
