[0.053s] Invoking command in '/home/youss/Documents/Projet/Autonomouscar/ros_ws/build/robot': CMAKE_PREFIX_PATH=${CMAKE_PREFIX_PATH}:/opt/ros/jazzy DEBUGINFOD_URLS=https://debuginfod.ubuntu.com /usr/bin/cmake --build /home/youss/Documents/Projet/Autonomouscar/ros_ws/build/robot -- -j4 -l4
[0.372s] [ 14%] [32mBuilding CXX object CMakeFiles/encoders.dir/src/main.cpp.o[0m
[0.374s] [ 28%] [32mBuilding CXX object CMakeFiles/encoders.dir/src/channel.cpp.o[0m
[0.377s] [ 42%] [32mBuilding CXX object CMakeFiles/encoders.dir/src/encoders.cpp.o[0m
[2.287s] [01m[K/home/youss/Documents/Projet/Autonomouscar/ros_ws/src/robot/src/channel.cpp:[m[K In member function ‘[01m[Kbool Channel::[01;32m[Kconfigure_gpio_as_input[m[K() const[m[K’:
[2.288s] [01m[K/home/youss/Documents/Projet/Autonomouscar/ros_ws/src/robot/src/channel.cpp:37:50:[m[K [01;31m[Kerror: [m[K‘[01m[Kgpio[m[K’ was not declared in this scope
[2.289s]    37 |     cout << "Set mode INPUT success on gpio " << [01;31m[Kgpio[m[K << endl;
[2.290s]       |                                                  [01;31m[K^~~~[m[K
[2.515s] gmake[2]: *** [CMakeFiles/encoders.dir/build.make:90: CMakeFiles/encoders.dir/src/channel.cpp.o] Error 1
[2.516s] gmake[2]: *** Waiting for unfinished jobs....
[3.491s] [01m[K/home/youss/Documents/Projet/Autonomouscar/ros_ws/src/robot/src/encoders.cpp:32:21:[m[K [01;31m[Kerror: [m[Kexpected ‘[01m[K,[m[K’ or ‘[01m[K...[m[K’ before ‘[01m[Kconst[m[K’
[3.492s]    32 |                     [01;31m[Kconst[m[K unsigned int &channel_B_gpio,
[3.492s]       |                     [01;31m[K^~~~~[m[K
[3.493s] [01m[K/home/youss/Documents/Projet/Autonomouscar/ros_ws/src/robot/src/encoders.cpp:29:1:[m[K [01;31m[Kerror: [m[Kno declaration matches ‘[01m[KEncoders::[01;32m[KEncoders[m[K(const unsigned int&, const unsigned int&, const unsigned int&)[m[K’
[3.493s]    29 | [01;31m[KEncoders[m[K::Encoders(const unsigned int &MxA_gpio,
[3.494s]       | [01;31m[K^~~~~~~~[m[K
[3.495s] In file included from [01m[K/home/youss/Documents/Projet/Autonomouscar/ros_ws/src/robot/src/encoders.cpp:22[m[K:
[3.495s] [01m[K/home/youss/Documents/Projet/Autonomouscar/ros_ws/src/robot/include/robot/encoders.h:8:8:[m[K [01;36m[Knote: [m[Kcandidates are: ‘[01m[KEncoders::[01;32m[KEncoders[m[K(Encoders&&)[m[K’
[3.496s]     8 | struct [01;36m[KEncoders[m[K
[3.497s]       |        [01;36m[K^~~~~~~~[m[K
[3.497s] [01m[K/home/youss/Documents/Projet/Autonomouscar/ros_ws/src/robot/include/robot/encoders.h:8:8:[m[K [01;36m[Knote: [m[K                ‘[01m[KEncoders::[01;32m[KEncoders[m[K(const Encoders&)[m[K’
[3.498s] [01m[K/home/youss/Documents/Projet/Autonomouscar/ros_ws/src/robot/include/robot/encoders.h:11:9:[m[K [01;36m[Knote: [m[K                ‘[01m[KEncoders::[01;32m[KEncoders[m[K(const unsigned int&, const unsigned int&, const unsigned int&, const unsigned int&, const unsigned int&)[m[K’
[3.499s]    11 |         [01;36m[KEncoders[m[K(const unsigned int &MxA_gpio,
[3.499s]       |         [01;36m[K^~~~~~~~[m[K
[3.500s] [01m[K/home/youss/Documents/Projet/Autonomouscar/ros_ws/src/robot/include/robot/encoders.h:8:8:[m[K [01;36m[Knote: [m[K‘[01m[Kstruct Encoders[m[K’ defined here
[3.500s]     8 | struct [01;36m[KEncoders[m[K
[3.501s]       |        [01;36m[K^~~~~~~~[m[K
[3.501s] [01m[K/home/youss/Documents/Projet/Autonomouscar/ros_ws/src/robot/src/main.cpp:[m[K In function ‘[01m[Kint[01;32m[K main[m[K()[m[K’:
[3.502s] [01m[K/home/youss/Documents/Projet/Autonomouscar/ros_ws/src/robot/src/main.cpp:67:25:[m[K [01;31m[Kerror: [m[K‘[01m[Kduty_cycle_B[m[K’ was not declared in this scope
[3.503s]    67 |                         [01;31m[Kduty_cycle_B[m[K);
[3.503s]       |                         [01;31m[K^~~~~~~~~~~~[m[K
[3.527s] [01m[K/home/youss/Documents/Projet/Autonomouscar/ros_ws/src/robot/src/encoders.cpp:260:6:[m[K [01;31m[Kerror: [m[Kno declaration matches ‘[01m[Kvoid Encoders::[01;32m[Kcount_number_of_changes[m[K(const unsigned int&)[m[K’
[3.528s]   260 | void [01;31m[KEncoders[m[K::count_number_of_changes(const unsigned int &channel_gpio)
[3.528s]       |      [01;31m[K^~~~~~~~[m[K
[3.529s] [01m[K/home/youss/Documents/Projet/Autonomouscar/ros_ws/src/robot/include/robot/encoders.h:76:14:[m[K [01;36m[Knote: [m[Kcandidate is: ‘[01m[Kvoid Encoders::[01;32m[Kcount_number_of_changes[m[K()[m[K’
[3.529s]    76 |         void [01;36m[Kcount_number_of_changes[m[K();
[3.531s]       |              [01;36m[K^~~~~~~~~~~~~~~~~~~~~~~[m[K
[3.531s] [01m[K/home/youss/Documents/Projet/Autonomouscar/ros_ws/src/robot/include/robot/encoders.h:8:8:[m[K [01;36m[Knote: [m[K‘[01m[Kstruct Encoders[m[K’ defined here
[3.532s]     8 | struct [01;36m[KEncoders[m[K
[3.533s]       |        [01;36m[K^~~~~~~~[m[K
[3.725s] gmake[2]: *** [CMakeFiles/encoders.dir/build.make:76: CMakeFiles/encoders.dir/src/main.cpp.o] Error 1
[3.892s] gmake[2]: *** [CMakeFiles/encoders.dir/build.make:104: CMakeFiles/encoders.dir/src/encoders.cpp.o] Error 1
[3.893s] gmake[1]: *** [CMakeFiles/Makefile2:137: CMakeFiles/encoders.dir/all] Error 2
[3.895s] gmake: *** [Makefile:146: all] Error 2
[3.903s] Invoked command in '/home/youss/Documents/Projet/Autonomouscar/ros_ws/build/robot' returned '2': CMAKE_PREFIX_PATH=${CMAKE_PREFIX_PATH}:/opt/ros/jazzy DEBUGINFOD_URLS=https://debuginfod.ubuntu.com /usr/bin/cmake --build /home/youss/Documents/Projet/Autonomouscar/ros_ws/build/robot -- -j4 -l4
