[ 14%] [32mBuilding CXX object CMakeFiles/encoders.dir/src/channel.cpp.o[0m
[ 28%] [32mBuilding CXX object CMakeFiles/encoders.dir/src/encoders.cpp.o[0m
[01m[K/home/youss/Documents/Projet/Autonomouscar/ros_ws/src/robot/src/channel.cpp:42:6:[m[K [01;31m[Kerror: [m[Kno declaration matches ‘[01m[Kvoid Channel::[01;32m[Kcount_number_of_changes[m[K(const unsigned int&)[m[K’
   42 | void [01;31m[KChannel[m[K::count_number_of_changes(const unsigned int &channel_gpio)
      |      [01;31m[K^~~~~~~[m[K
In file included from [01m[K/home/youss/Documents/Projet/Autonomouscar/ros_ws/src/robot/src/channel.cpp:5[m[K:
[01m[K/home/youss/Documents/Projet/Autonomouscar/ros_ws/src/robot/include/robot/channel.h:13:14:[m[K [01;36m[Knote: [m[Kcandidate is: ‘[01m[Kvoid Channel::[01;32m[Kcount_number_of_changes[m[K()[m[K’
   13 |         void [01;36m[Kcount_number_of_changes[m[K();
      |              [01;36m[K^~~~~~~~~~~~~~~~~~~~~~~[m[K
[01m[K/home/youss/Documents/Projet/Autonomouscar/ros_ws/src/robot/include/robot/channel.h:4:8:[m[K [01;36m[Knote: [m[K‘[01m[Kstruct Channel[m[K’ defined here
    4 | struct [01;36m[KChannel[m[K
      |        [01;36m[K^~~~~~~[m[K
gmake[2]: *** [CMakeFiles/encoders.dir/build.make:90: CMakeFiles/encoders.dir/src/channel.cpp.o] Error 1
gmake[2]: *** Waiting for unfinished jobs....
[01m[K/home/youss/Documents/Projet/Autonomouscar/ros_ws/src/robot/src/encoders.cpp:257:6:[m[K [01;31m[Kerror: [m[Kno declaration matches ‘[01m[Kvoid Encoders::[01;32m[Kcount_number_of_changes[m[K(const unsigned int&)[m[K’
  257 | void [01;31m[KEncoders[m[K::count_number_of_changes(const unsigned int &channel_gpio)
      |      [01;31m[K^~~~~~~~[m[K
In file included from [01m[K/home/youss/Documents/Projet/Autonomouscar/ros_ws/src/robot/src/encoders.cpp:22[m[K:
[01m[K/home/youss/Documents/Projet/Autonomouscar/ros_ws/src/robot/include/robot/encoders.h:76:14:[m[K [01;36m[Knote: [m[Kcandidate is: ‘[01m[Kvoid Encoders::[01;32m[Kcount_number_of_changes[m[K()[m[K’
   76 |         void [01;36m[Kcount_number_of_changes[m[K();
      |              [01;36m[K^~~~~~~~~~~~~~~~~~~~~~~[m[K
[01m[K/home/youss/Documents/Projet/Autonomouscar/ros_ws/src/robot/include/robot/encoders.h:8:8:[m[K [01;36m[Knote: [m[K‘[01m[Kstruct Encoders[m[K’ defined here
    8 | struct [01;36m[KEncoders[m[K
      |        [01;36m[K^~~~~~~~[m[K
gmake[2]: *** [CMakeFiles/encoders.dir/build.make:104: CMakeFiles/encoders.dir/src/encoders.cpp.o] Error 1
gmake[1]: *** [CMakeFiles/Makefile2:137: CMakeFiles/encoders.dir/all] Error 2
gmake: *** [Makefile:146: all] Error 2
