[0.053s] Invoking command in '/home/youss/Documents/Projet/Autonomouscar/ros_ws/build/robot': CMAKE_PREFIX_PATH=${CMAKE_PREFIX_PATH}:/opt/ros/jazzy DEBUGINFOD_URLS=https://debuginfod.ubuntu.com /usr/bin/cmake --build /home/youss/Documents/Projet/Autonomouscar/ros_ws/build/robot -- -j4 -l4
[0.373s] [ 14%] [32mBuilding CXX object CMakeFiles/encoders.dir/src/channel.cpp.o[0m
[0.375s] [ 28%] [32mBuilding CXX object CMakeFiles/encoders.dir/src/encoders.cpp.o[0m
[2.062s] [01m[K/home/youss/Documents/Projet/Autonomouscar/ros_ws/src/robot/src/channel.cpp:42:6:[m[K [01;31m[Kerror: [m[Kno declaration matches ‘[01m[Kvoid Channel::[01;32m[Kcount_number_of_changes[m[K(const unsigned int&)[m[K’
[2.062s]    42 | void [01;31m[KChannel[m[K::count_number_of_changes(const unsigned int &channel_gpio)
[2.063s]       |      [01;31m[K^~~~~~~[m[K
[2.064s] In file included from [01m[K/home/youss/Documents/Projet/Autonomouscar/ros_ws/src/robot/src/channel.cpp:5[m[K:
[2.065s] [01m[K/home/youss/Documents/Projet/Autonomouscar/ros_ws/src/robot/include/robot/channel.h:13:14:[m[K [01;36m[Knote: [m[Kcandidate is: ‘[01m[Kvoid Channel::[01;32m[Kcount_number_of_changes[m[K()[m[K’
[2.065s]    13 |         void [01;36m[Kcount_number_of_changes[m[K();
[2.066s]       |              [01;36m[K^~~~~~~~~~~~~~~~~~~~~~~[m[K
[2.067s] [01m[K/home/youss/Documents/Projet/Autonomouscar/ros_ws/src/robot/include/robot/channel.h:4:8:[m[K [01;36m[Knote: [m[K‘[01m[Kstruct Channel[m[K’ defined here
[2.067s]     4 | struct [01;36m[KChannel[m[K
[2.068s]       |        [01;36m[K^~~~~~~[m[K
[2.231s] gmake[2]: *** [CMakeFiles/encoders.dir/build.make:90: CMakeFiles/encoders.dir/src/channel.cpp.o] Error 1
[2.231s] gmake[2]: *** Waiting for unfinished jobs....
[3.160s] [01m[K/home/youss/Documents/Projet/Autonomouscar/ros_ws/src/robot/src/encoders.cpp:257:6:[m[K [01;31m[Kerror: [m[Kno declaration matches ‘[01m[Kvoid Encoders::[01;32m[Kcount_number_of_changes[m[K(const unsigned int&)[m[K’
[3.160s]   257 | void [01;31m[KEncoders[m[K::count_number_of_changes(const unsigned int &channel_gpio)
[3.160s]       |      [01;31m[K^~~~~~~~[m[K
[3.161s] In file included from [01m[K/home/youss/Documents/Projet/Autonomouscar/ros_ws/src/robot/src/encoders.cpp:22[m[K:
[3.161s] [01m[K/home/youss/Documents/Projet/Autonomouscar/ros_ws/src/robot/include/robot/encoders.h:76:14:[m[K [01;36m[Knote: [m[Kcandidate is: ‘[01m[Kvoid Encoders::[01;32m[Kcount_number_of_changes[m[K()[m[K’
[3.162s]    76 |         void [01;36m[Kcount_number_of_changes[m[K();
[3.162s]       |              [01;36m[K^~~~~~~~~~~~~~~~~~~~~~~[m[K
[3.163s] [01m[K/home/youss/Documents/Projet/Autonomouscar/ros_ws/src/robot/include/robot/encoders.h:8:8:[m[K [01;36m[Knote: [m[K‘[01m[Kstruct Encoders[m[K’ defined here
[3.163s]     8 | struct [01;36m[KEncoders[m[K
[3.164s]       |        [01;36m[K^~~~~~~~[m[K
[3.439s] gmake[2]: *** [CMakeFiles/encoders.dir/build.make:104: CMakeFiles/encoders.dir/src/encoders.cpp.o] Error 1
[3.440s] gmake[1]: *** [CMakeFiles/Makefile2:137: CMakeFiles/encoders.dir/all] Error 2
[3.440s] gmake: *** [Makefile:146: all] Error 2
[3.448s] Invoked command in '/home/youss/Documents/Projet/Autonomouscar/ros_ws/build/robot' returned '2': CMAKE_PREFIX_PATH=${CMAKE_PREFIX_PATH}:/opt/ros/jazzy DEBUGINFOD_URLS=https://debuginfod.ubuntu.com /usr/bin/cmake --build /home/youss/Documents/Projet/Autonomouscar/ros_ws/build/robot -- -j4 -l4
