[0.051s] Invoking command in '/home/youss/Documents/Projet/Autonomouscar/ros_ws/build/robot': CMAKE_PREFIX_PATH=${CMAKE_PREFIX_PATH}:/opt/ros/jazzy DEBUGINFOD_URLS=https://debuginfod.ubuntu.com /usr/bin/cmake --build /home/youss/Documents/Projet/Autonomouscar/ros_ws/build/robot -- -j4 -l4
[0.174s] -- Found ament_cmake: 2.5.2 (/opt/ros/jazzy/share/ament_cmake/cmake)
[1.111s] -- Override CMake install command with custom implementation using symlinks instead of copying resources
[1.145s] -- Found rclcpp: 28.1.5 (/opt/ros/jazzy/share/rclcpp/cmake)
[1.293s] -- Found rosidl_generator_c: 4.6.4 (/opt/ros/jazzy/share/rosidl_generator_c/cmake)
[1.332s] -- Found rosidl_generator_cpp: 4.6.4 (/opt/ros/jazzy/share/rosidl_generator_cpp/cmake)
[1.378s] -- Using all available rosidl_typesupport_c: rosidl_typesupport_fastrtps_c;rosidl_typesupport_introspection_c
[1.433s] -- Using all available rosidl_typesupport_cpp: rosidl_typesupport_fastrtps_cpp;rosidl_typesupport_introspection_cpp
[1.661s] -- Found rmw_implementation_cmake: 7.3.1 (/opt/ros/jazzy/share/rmw_implementation_cmake/cmake)
[1.667s] -- Found rmw_fastrtps_cpp: 8.4.1 (/opt/ros/jazzy/share/rmw_fastrtps_cpp/cmake)
[1.930s] -- Using RMW implementation 'rmw_fastrtps_cpp' as default
[2.147s] -- Found std_msgs: 5.3.5 (/opt/ros/jazzy/share/std_msgs/cmake)
[2.195s] -- Found geometry_msgs: 5.3.5 (/opt/ros/jazzy/share/geometry_msgs/cmake)
[2.250s] -- Found ament_lint_auto: 0.17.1 (/opt/ros/jazzy/share/ament_lint_auto/cmake)
[2.814s] -- Added test 'cppcheck' to perform static code analysis on C / C++ code
[2.815s] -- Configured cppcheck include dirs: $<BUILD_INTERFACE:/home/youss/Documents/Projet/Autonomouscar/ros_ws/src/robot/include>
[2.815s] -- Configured cppcheck exclude dirs and/or files: 
[2.819s] -- Added test 'flake8' to check Python code syntax and style conventions
[2.819s] -- Configured 'flake8' exclude dirs and/or files: 
[2.823s] -- Added test 'lint_cmake' to check CMake code style
[2.826s] -- Added test 'pep257' to check Python code against some of the docstring style conventions in PEP 257
[2.842s] -- Added test 'uncrustify' to check C / C++ code style
[2.842s] -- Configured uncrustify additional arguments: 
[2.845s] -- Added test 'xmllint' to check XML markup files
[2.872s] -- Configuring done (2.7s)
[3.013s] -- Generating done (0.1s)
[3.030s] -- Build files have been written to: /home/youss/Documents/Projet/Autonomouscar/ros_ws/build/robot
[3.257s] [ 12%] Built target encoders_subscriber
[3.263s] [ 25%] Built target robot_controller
[3.264s] [ 37%] Built target position_publisher
[3.273s] [ 68%] Built target main
[3.402s] [ 81%] Built target position_reader
[3.407s] [ 87%] [32mBuilding CXX object CMakeFiles/motor_subscriber.dir/src/motor.cpp.o[0m
[5.104s] [ 93%] [32m[1mLinking CXX executable motor_subscriber[0m
[6.422s] /usr/bin/ld: CMakeFiles/motor_subscriber.dir/src/motor.cpp.o: in function `Motor::init_pwm(unsigned int const&, unsigned int const&) const':
[6.423s] motor.cpp:(.text+0x14c): undefined reference to `gpioPWM'
[6.423s] /usr/bin/ld: CMakeFiles/motor_subscriber.dir/src/motor.cpp.o: in function `Motor::configure_gpio_as_output(unsigned int const&) const':
[6.423s] motor.cpp:(.text+0x214): undefined reference to `gpioSetMode'
[6.424s] /usr/bin/ld: CMakeFiles/motor_subscriber.dir/src/motor.cpp.o: in function `Motor::stop()':
[6.424s] motor.cpp:(.text+0x3d4): undefined reference to `gpioPWM'
[6.424s] /usr/bin/ld: motor.cpp:(.text+0x3f4): undefined reference to `gpioPWM'
[6.506s] collect2: error: ld returned 1 exit status
[6.513s] gmake[2]: *** [CMakeFiles/motor_subscriber.dir/build.make:195: motor_subscriber] Error 1
[6.514s] gmake[1]: *** [CMakeFiles/Makefile2:251: CMakeFiles/motor_subscriber.dir/all] Error 2
[6.515s] gmake: *** [Makefile:146: all] Error 2
[6.522s] Invoked command in '/home/youss/Documents/Projet/Autonomouscar/ros_ws/build/robot' returned '2': CMAKE_PREFIX_PATH=${CMAKE_PREFIX_PATH}:/opt/ros/jazzy DEBUGINFOD_URLS=https://debuginfod.ubuntu.com /usr/bin/cmake --build /home/youss/Documents/Projet/Autonomouscar/ros_ws/build/robot -- -j4 -l4
