[01m[K/home/youss/Documents/Projet/Autonomouscar/ros_ws/src/robot/src/encoders_subscriber.cpp:[m[K In constructor ‘[01m[KEncoders_subscriber::[01;32m[KEncoders_subscriber[m[K()[m[K’:
[01m[K/home/youss/Documents/Projet/Autonomouscar/ros_ws/src/robot/src/encoders_subscriber.cpp:11:34:[m[K [01;31m[Kerror: [m[K‘[01m[Knode_name[m[K’ was not declared in this scope; did you mean ‘[01m[Knode_base_[m[K’?
   11 |                             Node([01;31m[Knode_name[m[K)
      |                                  [01;31m[K^~~~~~~~~[m[K
      |                                  [32m[Knode_base_[m[K
In file included from [01m[K/usr/include/c++/13/bits/stl_tempbuf.h:61[m[K,
                 from [01m[K/usr/include/c++/13/memory:66[m[K,
                 from [01m[K/home/youss/Documents/Projet/Autonomouscar/ros_ws/src/robot/src/encoders_subscriber.cpp:1[m[K:
/usr/include/c++/13/bits/stl_construct.h: In instantiation of ‘[01m[Kvoid std::[01;32m[K_Construct[m[K(_Tp*, _Args&& ...) [35m[K[with _Tp = Encoders_subscriber; _Args = {const char (&)[20], const char (&)[15], int}][m[K[m[K’:
[01m[K/usr/include/c++/13/bits/alloc_traits.h:661:19:[m[K   required from ‘[01m[Kstatic void std::allocator_traits<std::allocator<void> >::[01;32m[Kconstruct[m[K(allocator_type&, _Up*, _Args&& ...) [35m[K[with _Up = Encoders_subscriber; _Args = {const char (&)[20], const char (&)[15], int}; allocator_type = std::allocator<void>][m[K[m[K’
[01m[K/usr/include/c++/13/bits/shared_ptr_base.h:604:39:[m[K   required from ‘[01m[Kstd::_Sp_counted_ptr_inplace<_Tp, _Alloc, _Lp>::[01;32m[K_Sp_counted_ptr_inplace[m[K(_Alloc, _Args&& ...) [35m[K[with _Args = {const char (&)[20], const char (&)[15], int}; _Tp = Encoders_subscriber; _Alloc = std::allocator<void>; __gnu_cxx::_Lock_policy _Lp = __gnu_cxx::_S_atomic][m[K[m[K’
[01m[K/usr/include/c++/13/bits/shared_ptr_base.h:971:16:[m[K   required from ‘[01m[Kstd::__shared_count<_Lp>::[01;32m[K__shared_count[m[K(_Tp*&, std::_Sp_alloc_shared_tag<_Alloc>, _Args&& ...) [35m[K[with _Tp = Encoders_subscriber; _Alloc = std::allocator<void>; _Args = {const char (&)[20], const char (&)[15], int}; __gnu_cxx::_Lock_policy _Lp = __gnu_cxx::_S_atomic][m[K[m[K’
[01m[K/usr/include/c++/13/bits/shared_ptr_base.h:1712:14:[m[K   required from ‘[01m[Kstd::__shared_ptr<_Tp, _Lp>::[01;32m[K__shared_ptr[m[K(std::_Sp_alloc_shared_tag<_Tp>, _Args&& ...) [35m[K[with _Alloc = std::allocator<void>; _Args = {const char (&)[20], const char (&)[15], int}; _Tp = Encoders_subscriber; __gnu_cxx::_Lock_policy _Lp = __gnu_cxx::_S_atomic][m[K[m[K’
[01m[K/usr/include/c++/13/bits/shared_ptr.h:464:59:[m[K   required from ‘[01m[Kstd::shared_ptr<_Tp>::[01;32m[Kshared_ptr[m[K(std::_Sp_alloc_shared_tag<_Tp>, _Args&& ...) [35m[K[with _Alloc = std::allocator<void>; _Args = {const char (&)[20], const char (&)[15], int}; _Tp = Encoders_subscriber][m[K[m[K’
[01m[K/usr/include/c++/13/bits/shared_ptr.h:1009:14:[m[K   required from ‘[01m[Kstd::shared_ptr<typename std::enable_if<(! std::is_array< <template-parameter-1-1> >::value), _Tp>::type> std::[01;32m[Kmake_shared[m[K(_Args&& ...) [35m[K[with _Tp = Encoders_subscriber; _Args = {const char (&)[20], const char (&)[15], int}; typename enable_if<(! is_array< <template-parameter-1-1> >::value), _Tp>::type = Encoders_subscriber][m[K[m[K’
[01m[K/home/youss/Documents/Projet/Autonomouscar/ros_ws/src/robot/src/encoders_subscriber.cpp:26:55:[m[K   required from here
[01m[K/usr/include/c++/13/bits/stl_construct.h:119:7:[m[K [01;31m[Kerror: [m[Kno matching function for call to ‘[01m[KEncoders_subscriber::Encoders_subscriber(const char [20], const char [15], int)[m[K’
  119 |       [01;31m[K::new((void*)__p) _Tp(std::forward<_Args>(__args)...)[m[K;
      |       [01;31m[K^~~~~~~~~~~~~~~~~~~~~~~~~~~~~~~~~~~~~~~~~~~~~~~~~~~~~[m[K
[01m[K/home/youss/Documents/Projet/Autonomouscar/ros_ws/src/robot/src/encoders_subscriber.cpp:10:1:[m[K [01;36m[Knote: [m[Kcandidate: ‘[01m[KEncoders_subscriber::[01;32m[KEncoders_subscriber[m[K()[m[K’
   10 | [01;36m[KEncoders_subscriber[m[K::Encoders_subscriber():
      | [01;36m[K^~~~~~~~~~~~~~~~~~~[m[K
[01m[K/home/youss/Documents/Projet/Autonomouscar/ros_ws/src/robot/src/encoders_subscriber.cpp:10:1:[m[K [01;36m[Knote: [m[K  candidate expects 0 arguments, 3 provided
gmake[2]: *** [CMakeFiles/listener.dir/build.make:76: CMakeFiles/listener.dir/src/encoders_subscriber.cpp.o] Error 1
gmake[1]: *** [CMakeFiles/Makefile2:171: CMakeFiles/listener.dir/all] Error 2
gmake: *** [Makefile:146: all] Error 2
