[0.059s] Invoking command in '/home/youss/Documents/Projet/Autonomouscar/ros_ws/build/robot': CMAKE_PREFIX_PATH=${CMAKE_PREFIX_PATH}:/opt/ros/jazzy DEBUGINFOD_URLS=https://debuginfod.ubuntu.com /usr/bin/cmake --build /home/youss/Documents/Projet/Autonomouscar/ros_ws/build/robot -- -j4 -l4
[0.197s] -- Found ament_cmake: 2.5.2 (/opt/ros/jazzy/share/ament_cmake/cmake)
[1.312s] -- Override CMake install command with custom implementation using symlinks instead of copying resources
[1.353s] -- Found rclcpp: 28.1.5 (/opt/ros/jazzy/share/rclcpp/cmake)
[1.534s] -- Found rosidl_generator_c: 4.6.4 (/opt/ros/jazzy/share/rosidl_generator_c/cmake)
[1.580s] -- Found rosidl_generator_cpp: 4.6.4 (/opt/ros/jazzy/share/rosidl_generator_cpp/cmake)
[1.634s] -- Using all available rosidl_typesupport_c: rosidl_typesupport_fastrtps_c;rosidl_typesupport_introspection_c
[1.698s] -- Using all available rosidl_typesupport_cpp: rosidl_typesupport_fastrtps_cpp;rosidl_typesupport_introspection_cpp
[1.967s] -- Found rmw_implementation_cmake: 7.3.1 (/opt/ros/jazzy/share/rmw_implementation_cmake/cmake)
[1.973s] -- Found rmw_fastrtps_cpp: 8.4.1 (/opt/ros/jazzy/share/rmw_fastrtps_cpp/cmake)
[2.272s] -- Using RMW implementation 'rmw_fastrtps_cpp' as default
[2.524s] -- Found std_msgs: 5.3.5 (/opt/ros/jazzy/share/std_msgs/cmake)
[2.584s] -- Found ament_lint_auto: 0.17.1 (/opt/ros/jazzy/share/ament_lint_auto/cmake)
[3.114s] -- Added test 'cppcheck' to perform static code analysis on C / C++ code
[3.115s] -- Configured cppcheck include dirs: $<BUILD_INTERFACE:/home/youss/Documents/Projet/Autonomouscar/ros_ws/src/robot/include>
[3.115s] -- Configured cppcheck exclude dirs and/or files: 
[3.118s] -- Added test 'flake8' to check Python code syntax and style conventions
[3.118s] -- Configured 'flake8' exclude dirs and/or files: 
[3.122s] -- Added test 'lint_cmake' to check CMake code style
[3.124s] -- Added test 'pep257' to check Python code against some of the docstring style conventions in PEP 257
[3.135s] -- Added test 'uncrustify' to check C / C++ code style
[3.136s] -- Configured uncrustify additional arguments: 
[3.138s] -- Added test 'xmllint' to check XML markup files
[3.147s] -- Configuring done (3.0s)
[3.229s] -- Generating done (0.0s)
[3.239s] -- Build files have been written to: /home/youss/Documents/Projet/Autonomouscar/ros_ws/build/robot
[3.475s] [ 16%] [32mBuilding CXX object CMakeFiles/encoders.dir/src/main.cpp.o[0m
[3.477s] [ 33%] [32mBuilding CXX object CMakeFiles/encoders.dir/src/encoders.cpp.o[0m
[3.494s] [ 50%] [32mBuilding CXX object CMakeFiles/encoders.dir/src/encoders_publisher.cpp.o[0m
[6.592s] In file included from [01m[K/home/youss/Documents/Projet/Autonomouscar/ros_ws/src/robot/src/encoders.cpp:22[m[K:
[6.593s] [01m[K/home/youss/Documents/Projet/Autonomouscar/ros_ws/src/robot/include/robot/encoders.h:16:9:[m[K [01;31m[Kerror: [m[Kexpected identifier before ‘[01m[K)[m[K’ token
[6.594s]    16 |         [01;31m[K)[m[K;
[6.594s]       |         [01;31m[K^[m[K
[6.597s] [01m[K/home/youss/Documents/Projet/Autonomouscar/ros_ws/src/robot/src/encoders.cpp:32:21:[m[K [01;31m[Kerror: [m[Kexpected ‘[01m[K,[m[K’ or ‘[01m[K...[m[K’ before ‘[01m[Kconst[m[K’
[6.599s]    32 |                     [01;31m[Kconst[m[K unsigned int &channel_B_gpio,
[6.600s]       |                     [01;31m[K^~~~~[m[K
[6.601s] [01m[K/home/youss/Documents/Projet/Autonomouscar/ros_ws/src/robot/src/encoders.cpp:29:1:[m[K [01;31m[Kerror: [m[Kno declaration matches ‘[01m[KEncoders::[01;32m[KEncoders[m[K(const unsigned int&, const unsigned int&, const unsigned int&)[m[K’
[6.602s]    29 | [01;31m[KEncoders[m[K::Encoders(const unsigned int &MxA_gpio,
[6.603s]       | [01;31m[K^~~~~~~~[m[K
[6.604s] [01m[K/home/youss/Documents/Projet/Autonomouscar/ros_ws/src/robot/include/robot/encoders.h:8:8:[m[K [01;36m[Knote: [m[Kcandidates are: ‘[01m[KEncoders::[01;32m[KEncoders[m[K(Encoders&&)[m[K’
[6.605s]     8 | struct [01;36m[KEncoders[m[K
[6.607s]       |        [01;36m[K^~~~~~~~[m[K
[6.608s] [01m[K/home/youss/Documents/Projet/Autonomouscar/ros_ws/src/robot/include/robot/encoders.h:8:8:[m[K [01;36m[Knote: [m[K                ‘[01m[KEncoders::[01;32m[KEncoders[m[K(const Encoders&)[m[K’
[6.609s] [01m[K/home/youss/Documents/Projet/Autonomouscar/ros_ws/src/robot/include/robot/encoders.h:11:9:[m[K [01;36m[Knote: [m[K                ‘[01m[KEncoders::[01;32m[KEncoders[m[K(const unsigned int&, const unsigned int&, const unsigned int&, const unsigned int&, const unsigned int&, int)[m[K’
[6.610s]    11 |         [01;36m[KEncoders[m[K(const unsigned int &MxA_gpio,
[6.611s]       |         [01;36m[K^~~~~~~~[m[K
[6.612s] [01m[K/home/youss/Documents/Projet/Autonomouscar/ros_ws/src/robot/include/robot/encoders.h:8:8:[m[K [01;36m[Knote: [m[K‘[01m[Kstruct Encoders[m[K’ defined here
[6.613s]     8 | struct [01;36m[KEncoders[m[K
[6.614s]       |        [01;36m[K^~~~~~~~[m[K
[6.614s] In file included from [01m[K/home/youss/Documents/Projet/Autonomouscar/ros_ws/src/robot/src/main.cpp:20[m[K:
[6.615s] [01m[K/home/youss/Documents/Projet/Autonomouscar/ros_ws/src/robot/include/robot/encoders.h:16:9:[m[K [01;31m[Kerror: [m[Kexpected identifier before ‘[01m[K)[m[K’ token
[6.616s]    16 |         [01;31m[K)[m[K;
[6.617s]       |         [01;31m[K^[m[K
[6.618s] [01m[K/home/youss/Documents/Projet/Autonomouscar/ros_ws/src/robot/src/main.cpp:[m[K In function ‘[01m[Kint[01;32m[K main[m[K()[m[K’:
[6.619s] [01m[K/home/youss/Documents/Projet/Autonomouscar/ros_ws/src/robot/src/main.cpp:61:38:[m[K [01;31m[Kerror: [m[Kno matching function for call to ‘[01m[KEncoders::Encoders(const unsigned int&, const unsigned int&, const unsigned int&, const unsigned int&, const unsigned int&)[m[K’
[6.619s]    61 |                         M1_duty_cycle[01;31m[K)[m[K;
[6.620s]       |                                      [01;31m[K^[m[K
[6.621s] [01m[K/home/youss/Documents/Projet/Autonomouscar/ros_ws/src/robot/include/robot/encoders.h:11:9:[m[K [01;36m[Knote: [m[Kcandidate: ‘[01m[KEncoders::[01;32m[KEncoders[m[K(const unsigned int&, const unsigned int&, const unsigned int&, const unsigned int&, const unsigned int&, int)[m[K’
[6.622s]    11 |         [01;36m[KEncoders[m[K(const unsigned int &MxA_gpio,
[6.623s]       |         [01;36m[K^~~~~~~~[m[K
[6.624s] [01m[K/home/youss/Documents/Projet/Autonomouscar/ros_ws/src/robot/include/robot/encoders.h:11:9:[m[K [01;36m[Knote: [m[K  candidate expects 6 arguments, 5 provided
[6.625s] [01m[K/home/youss/Documents/Projet/Autonomouscar/ros_ws/src/robot/include/robot/encoders.h:8:8:[m[K [01;36m[Knote: [m[Kcandidate: ‘[01m[KEncoders::[01;32m[KEncoders[m[K(Encoders&&)[m[K’
[6.626s]     8 | struct [01;36m[KEncoders[m[K
[6.627s]       |        [01;36m[K^~~~~~~~[m[K
[6.628s] [01m[K/home/youss/Documents/Projet/Autonomouscar/ros_ws/src/robot/include/robot/encoders.h:8:8:[m[K [01;36m[Knote: [m[K  candidate expects 1 argument, 5 provided
[6.628s] [01m[K/home/youss/Documents/Projet/Autonomouscar/ros_ws/src/robot/src/main.cpp:67:38:[m[K [01;31m[Kerror: [m[Kno matching function for call to ‘[01m[KEncoders::Encoders(const unsigned int&, const unsigned int&, const unsigned int&, const unsigned int&, const unsigned int&)[m[K’
[6.629s]    67 |                         M2_duty_cycle[01;31m[K)[m[K;
[6.630s]       |                                      [01;31m[K^[m[K
[6.631s] [01m[K/home/youss/Documents/Projet/Autonomouscar/ros_ws/src/robot/include/robot/encoders.h:11:9:[m[K [01;36m[Knote: [m[Kcandidate: ‘[01m[KEncoders::[01;32m[KEncoders[m[K(const unsigned int&, const unsigned int&, const unsigned int&, const unsigned int&, const unsigned int&, int)[m[K’
[6.632s]    11 |         [01;36m[KEncoders[m[K(const unsigned int &MxA_gpio,
[6.632s]       |         [01;36m[K^~~~~~~~[m[K
[6.633s] [01m[K/home/youss/Documents/Projet/Autonomouscar/ros_ws/src/robot/include/robot/encoders.h:11:9:[m[K [01;36m[Knote: [m[K  candidate expects 6 arguments, 5 provided
[6.634s] [01m[K/home/youss/Documents/Projet/Autonomouscar/ros_ws/src/robot/include/robot/encoders.h:8:8:[m[K [01;36m[Knote: [m[Kcandidate: ‘[01m[KEncoders::[01;32m[KEncoders[m[K(Encoders&&)[m[K’
[6.635s]     8 | struct [01;36m[KEncoders[m[K
[6.636s]       |        [01;36m[K^~~~~~~~[m[K
[6.637s] [01m[K/home/youss/Documents/Projet/Autonomouscar/ros_ws/src/robot/include/robot/encoders.h:8:8:[m[K [01;36m[Knote: [m[K  candidate expects 1 argument, 5 provided
[6.660s] [01m[K/home/youss/Documents/Projet/Autonomouscar/ros_ws/src/robot/src/encoders.cpp:[m[K In member function ‘[01m[Kvoid Encoders::[01;32m[Kcount_number_of_changes[m[K()[m[K’:
[6.661s] [01m[K/home/youss/Documents/Projet/Autonomouscar/ros_ws/src/robot/src/encoders.cpp:287:31:[m[K [01;31m[Kerror: [m[K‘[01m[K_channel_gpio[m[K’ was not declared in this scope; did you mean ‘[01m[K_channel_A_gpio[m[K’?
[6.661s]   287 |     _channel_value = gpioRead([01;31m[K_channel_gpio[m[K);
[6.662s]       |                               [01;31m[K^~~~~~~~~~~~~[m[K
[6.663s]       |                               [32m[K_channel_A_gpio[m[K
[6.842s] gmake[2]: *** [CMakeFiles/encoders.dir/build.make:76: CMakeFiles/encoders.dir/src/main.cpp.o] Error 1
[6.843s] gmake[2]: *** Waiting for unfinished jobs....
[7.023s] gmake[2]: *** [CMakeFiles/encoders.dir/build.make:90: CMakeFiles/encoders.dir/src/encoders.cpp.o] Error 1
[15.677s] In file included from [01m[K/home/youss/Documents/Projet/Autonomouscar/ros_ws/src/robot/include/robot/encoders_publisher.h:2[m[K,
[15.678s]                  from [01m[K/home/youss/Documents/Projet/Autonomouscar/ros_ws/src/robot/src/encoders_publisher.cpp:14[m[K:
[15.679s] [01m[K/home/youss/Documents/Projet/Autonomouscar/ros_ws/src/robot/include/robot/encoders.h:16:9:[m[K [01;31m[Kerror: [m[Kexpected identifier before ‘[01m[K)[m[K’ token
[15.679s]    16 |         [01;31m[K)[m[K;
[15.681s]       |         [01;31m[K^[m[K
[20.769s] gmake[2]: *** [CMakeFiles/encoders.dir/build.make:104: CMakeFiles/encoders.dir/src/encoders_publisher.cpp.o] Error 1
[20.770s] gmake[1]: *** [CMakeFiles/Makefile2:137: CMakeFiles/encoders.dir/all] Error 2
[20.771s] gmake: *** [Makefile:146: all] Error 2
[20.778s] Invoked command in '/home/youss/Documents/Projet/Autonomouscar/ros_ws/build/robot' returned '2': CMAKE_PREFIX_PATH=${CMAKE_PREFIX_PATH}:/opt/ros/jazzy DEBUGINFOD_URLS=https://debuginfod.ubuntu.com /usr/bin/cmake --build /home/youss/Documents/Projet/Autonomouscar/ros_ws/build/robot -- -j4 -l4
