In file included from [01m[K/home/youss/Documents/Projet/Autonomouscar/ros_ws/src/robot/src/encoders_publisher.cpp:4[m[K:
[01m[K/home/youss/Documents/Projet/Autonomouscar/ros_ws/src/robot/include/robot/encoders.h:5:8:[m[K [01;31m[Kerror: [m[Kredefinition of ‘[01m[Kstruct Encoders[m[K’
    5 | struct [01;31m[KEncoders[m[K
      |        [01;31m[K^~~~~~~~[m[K
In file included from [01m[K/home/youss/Documents/Projet/Autonomouscar/ros_ws/src/robot/include/robot/encoders_publisher.h:2[m[K,
                 from [01m[K/home/youss/Documents/Projet/Autonomouscar/ros_ws/src/robot/src/encoders_publisher.cpp:3[m[K:
[01m[K/home/youss/Documents/Projet/Autonomouscar/ros_ws/src/robot/include/robot/encoders.h:5:8:[m[K [01;36m[Knote: [m[Kprevious definition of ‘[01m[Kstruct Encoders[m[K’
    5 | struct [01;36m[KEncoders[m[K
      |        [01;36m[K^~~~~~~~[m[K
[01m[K/home/youss/Documents/Projet/Autonomouscar/ros_ws/src/robot/src/encoders_publisher.cpp:[m[K In constructor ‘[01m[KEncoders_publisher::[01;32m[KEncoders_publisher[m[K(Encoders&)[m[K’:
[01m[K/home/youss/Documents/Projet/Autonomouscar/ros_ws/src/robot/src/encoders_publisher.cpp:6:57:[m[K [01;31m[Kerror: [m[Kno matching function for call to ‘[01m[Krclcpp::Node::Node()[m[K’
    6 | Encoders_publisher::Encoders_publisher(Encoders &encoder[01;31m[K)[m[K
      |                                                         [01;31m[K^[m[K
In file included from [01m[K/opt/ros/jazzy/include/rclcpp/rclcpp/executors/single_threaded_executor.hpp:28[m[K,
                 from [01m[K/opt/ros/jazzy/include/rclcpp/rclcpp/executors.hpp:22[m[K,
                 from [01m[K/opt/ros/jazzy/include/rclcpp/rclcpp/rclcpp.hpp:172[m[K,
                 from [01m[K/home/youss/Documents/Projet/Autonomouscar/ros_ws/src/robot/src/encoders_publisher.cpp:1[m[K:
[01m[K/opt/ros/jazzy/include/rclcpp/rclcpp/node.hpp:1629:3:[m[K [01;36m[Knote: [m[Kcandidate: ‘[01m[Krclcpp::Node::[01;32m[KNode[m[K(const rclcpp::Node&, const std::string&)[m[K’
 1629 |   [01;36m[KNode[m[K(
      |   [01;36m[K^~~~[m[K
[01m[K/opt/ros/jazzy/include/rclcpp/rclcpp/node.hpp:1629:3:[m[K [01;36m[Knote: [m[K  candidate expects 2 arguments, 0 provided
[01m[K/opt/ros/jazzy/include/rclcpp/rclcpp/node.hpp:103:12:[m[K [01;36m[Knote: [m[Kcandidate: ‘[01m[Krclcpp::Node::[01;32m[KNode[m[K(const std::string&, const std::string&, const rclcpp::NodeOptions&)[m[K’
  103 |   explicit [01;36m[KNode[m[K(
      |            [01;36m[K^~~~[m[K
[01m[K/opt/ros/jazzy/include/rclcpp/rclcpp/node.hpp:103:12:[m[K [01;36m[Knote: [m[K  candidate expects 3 arguments, 0 provided
[01m[K/opt/ros/jazzy/include/rclcpp/rclcpp/node.hpp:91:12:[m[K [01;36m[Knote: [m[Kcandidate: ‘[01m[Krclcpp::Node::[01;32m[KNode[m[K(const std::string&, const rclcpp::NodeOptions&)[m[K’
   91 |   explicit [01;36m[KNode[m[K(
      |            [01;36m[K^~~~[m[K
[01m[K/opt/ros/jazzy/include/rclcpp/rclcpp/node.hpp:91:12:[m[K [01;36m[Knote: [m[K  candidate expects 2 arguments, 0 provided
[01m[K/home/youss/Documents/Projet/Autonomouscar/ros_ws/src/robot/src/encoders_publisher.cpp:9:18:[m[K [01;31m[Kerror: [m[Kno match for ‘[01m[Koperator=[m[K’ (operand types are ‘[01m[KEncoders[m[K’ and ‘[01m[KEncoders*[m[K’)
    9 |     *_encoder = &[01;31m[Kencoder[m[K;
      |                  [01;31m[K^~~~~~~[m[K
[01m[K/home/youss/Documents/Projet/Autonomouscar/ros_ws/src/robot/include/robot/encoders.h:5:8:[m[K [01;36m[Knote: [m[Kcandidate: ‘[01m[KEncoders& Encoders::[01;32m[Koperator=[m[K(const Encoders&)[m[K’ (deleted)
    5 | struct [01;36m[KEncoders[m[K
      |        [01;36m[K^~~~~~~~[m[K
[01m[K/home/youss/Documents/Projet/Autonomouscar/ros_ws/src/robot/include/robot/encoders.h:5:8:[m[K [01;36m[Knote: [m[K  no known conversion for argument 1 from ‘[01m[KEncoders*[m[K’ to ‘[01m[Kconst Encoders&[m[K’
[01m[K/home/youss/Documents/Projet/Autonomouscar/ros_ws/src/robot/include/robot/encoders.h:5:8:[m[K [01;36m[Knote: [m[Kcandidate: ‘[01m[KEncoders& Encoders::[01;32m[Koperator=[m[K(Encoders&&)[m[K’ (deleted)
[01m[K/home/youss/Documents/Projet/Autonomouscar/ros_ws/src/robot/include/robot/encoders.h:5:8:[m[K [01;36m[Knote: [m[K  no known conversion for argument 1 from ‘[01m[KEncoders*[m[K’ to ‘[01m[KEncoders&&[m[K’
gmake[2]: *** [CMakeFiles/encoders.dir/build.make:132: CMakeFiles/encoders.dir/src/encoders_publisher.cpp.o] Error 1
gmake[1]: *** [CMakeFiles/Makefile2:137: CMakeFiles/encoders.dir/all] Error 2
gmake: *** [Makefile:146: all] Error 2
