[0.053s] Invoking command in '/home/youss/Documents/Projet/Autonomouscar/ros_ws/build/robot': CMAKE_PREFIX_PATH=${CMAKE_PREFIX_PATH}:/opt/ros/jazzy DEBUGINFOD_URLS=https://debuginfod.ubuntu.com /usr/bin/cmake --build /home/youss/Documents/Projet/Autonomouscar/ros_ws/build/robot -- -j4 -l4
[0.180s] -- Found ament_cmake: 2.5.2 (/opt/ros/jazzy/share/ament_cmake/cmake)
[1.161s] -- Override CMake install command with custom implementation using symlinks instead of copying resources
[1.195s] -- Found rclcpp: 28.1.5 (/opt/ros/jazzy/share/rclcpp/cmake)
[1.349s] -- Found rosidl_generator_c: 4.6.4 (/opt/ros/jazzy/share/rosidl_generator_c/cmake)
[1.388s] -- Found rosidl_generator_cpp: 4.6.4 (/opt/ros/jazzy/share/rosidl_generator_cpp/cmake)
[1.437s] -- Using all available rosidl_typesupport_c: rosidl_typesupport_fastrtps_c;rosidl_typesupport_introspection_c
[1.494s] -- Using all available rosidl_typesupport_cpp: rosidl_typesupport_fastrtps_cpp;rosidl_typesupport_introspection_cpp
[1.730s] -- Found rmw_implementation_cmake: 7.3.1 (/opt/ros/jazzy/share/rmw_implementation_cmake/cmake)
[1.736s] -- Found rmw_fastrtps_cpp: 8.4.1 (/opt/ros/jazzy/share/rmw_fastrtps_cpp/cmake)
[2.005s] -- Using RMW implementation 'rmw_fastrtps_cpp' as default
[2.233s] -- Found ament_lint_auto: 0.17.1 (/opt/ros/jazzy/share/ament_lint_auto/cmake)
[2.674s] -- Added test 'cppcheck' to perform static code analysis on C / C++ code
[2.675s] -- Configured cppcheck include dirs: $<BUILD_INTERFACE:/home/youss/Documents/Projet/Autonomouscar/ros_ws/src/robot/include>
[2.676s] -- Configured cppcheck exclude dirs and/or files: 
[2.678s] -- Added test 'flake8' to check Python code syntax and style conventions
[2.678s] -- Configured 'flake8' exclude dirs and/or files: 
[2.681s] -- Added test 'lint_cmake' to check CMake code style
[2.683s] -- Added test 'pep257' to check Python code against some of the docstring style conventions in PEP 257
[2.693s] -- Added test 'uncrustify' to check C / C++ code style
[2.693s] -- Configured uncrustify additional arguments: 
[2.695s] -- Added test 'xmllint' to check XML markup files
[2.701s] -- Configuring done (2.5s)
[2.750s] -- Generating done (0.0s)
[2.761s] -- Build files have been written to: /home/youss/Documents/Projet/Autonomouscar/ros_ws/build/robot
[2.959s] [ 16%] [32mBuilding CXX object CMakeFiles/encoders.dir/src/encoders_publisher.cpp.o[0m
[3.017s] [01m[K/home/youss/Documents/Projet/Autonomouscar/ros_ws/src/robot/src/encoders_publisher.cpp:1:10:[m[K [01;31m[Kfatal error: [m[Krclcpp/rclcpp.hpp: No such file or directory
[3.017s]     1 | #include [01;31m[K"rclcpp/rclcpp.hpp"[m[K
[3.018s]       |          [01;31m[K^~~~~~~~~~~~~~~~~~~[m[K
[3.018s] compilation terminated.
[3.027s] gmake[2]: *** [CMakeFiles/encoders.dir/build.make:132: CMakeFiles/encoders.dir/src/encoders_publisher.cpp.o] Error 1
[3.029s] gmake[1]: *** [CMakeFiles/Makefile2:137: CMakeFiles/encoders.dir/all] Error 2
[3.030s] gmake: *** [Makefile:146: all] Error 2
[3.041s] Invoked command in '/home/youss/Documents/Projet/Autonomouscar/ros_ws/build/robot' returned '2': CMAKE_PREFIX_PATH=${CMAKE_PREFIX_PATH}:/opt/ros/jazzy DEBUGINFOD_URLS=https://debuginfod.ubuntu.com /usr/bin/cmake --build /home/youss/Documents/Projet/Autonomouscar/ros_ws/build/robot -- -j4 -l4
