[01m[K/home/youss/Documents/Projet/Autonomouscar/ros_ws/src/robot/src/encoders.cpp:34:21:[m[K [01;31m[Kerror: [m[Kexpected identifier before ‘[01m[K)[m[K’ token
   34 |                     [01;31m[K)[m[K
      |                     [01;31m[K^[m[K
[01m[K/home/youss/Documents/Projet/Autonomouscar/ros_ws/src/robot/src/encoders.cpp:29:1:[m[K [01;31m[Kerror: [m[Kno declaration matches ‘[01m[KEncoders::[01;32m[KEncoders[m[K(const unsigned int&, const unsigned int&, const unsigned int&, const unsigned int&, const unsigned int&, int)[m[K’
   29 | [01;31m[KEncoders[m[K::Encoders(const unsigned int &MxA_gpio,
      | [01;31m[K^~~~~~~~[m[K
In file included from [01m[K/home/youss/Documents/Projet/Autonomouscar/ros_ws/src/robot/src/encoders.cpp:22[m[K:
[01m[K/home/youss/Documents/Projet/Autonomouscar/ros_ws/src/robot/include/robot/encoders.h:8:8:[m[K [01;36m[Knote: [m[Kcandidates are: ‘[01m[KEncoders::[01;32m[KEncoders[m[K(Encoders&&)[m[K’
    8 | struct [01;36m[KEncoders[m[K
      |        [01;36m[K^~~~~~~~[m[K
[01m[K/home/youss/Documents/Projet/Autonomouscar/ros_ws/src/robot/include/robot/encoders.h:8:8:[m[K [01;36m[Knote: [m[K                ‘[01m[KEncoders::[01;32m[KEncoders[m[K(const Encoders&)[m[K’
[01m[K/home/youss/Documents/Projet/Autonomouscar/ros_ws/src/robot/include/robot/encoders.h:11:9:[m[K [01;36m[Knote: [m[K                ‘[01m[KEncoders::[01;32m[KEncoders[m[K(const unsigned int&, const unsigned int&, const unsigned int&, const unsigned int&, const unsigned int&)[m[K’
   11 |         [01;36m[KEncoders[m[K(const unsigned int &MxA_gpio,
      |         [01;36m[K^~~~~~~~[m[K
[01m[K/home/youss/Documents/Projet/Autonomouscar/ros_ws/src/robot/include/robot/encoders.h:8:8:[m[K [01;36m[Knote: [m[K‘[01m[Kstruct Encoders[m[K’ defined here
    8 | struct [01;36m[KEncoders[m[K
      |        [01;36m[K^~~~~~~~[m[K
[01m[K/home/youss/Documents/Projet/Autonomouscar/ros_ws/src/robot/src/encoders.cpp:279:6:[m[K [01;31m[Kerror: [m[Kno declaration matches ‘[01m[Kvoid Encoders::[01;32m[Kcount_number_of_changes[m[K(const unsigned int&)[m[K’
  279 | void [01;31m[KEncoders[m[K::count_number_of_changes(const unsigned int &channel_gpio)
      |      [01;31m[K^~~~~~~~[m[K
[01m[K/home/youss/Documents/Projet/Autonomouscar/ros_ws/src/robot/include/robot/encoders.h:77:14:[m[K [01;36m[Knote: [m[Kcandidate is: ‘[01m[Kvoid Encoders::[01;32m[Kcount_number_of_changes[m[K()[m[K’
   77 |         void [01;36m[Kcount_number_of_changes[m[K();
      |              [01;36m[K^~~~~~~~~~~~~~~~~~~~~~~[m[K
[01m[K/home/youss/Documents/Projet/Autonomouscar/ros_ws/src/robot/include/robot/encoders.h:8:8:[m[K [01;36m[Knote: [m[K‘[01m[Kstruct Encoders[m[K’ defined here
    8 | struct [01;36m[KEncoders[m[K
      |        [01;36m[K^~~~~~~~[m[K
gmake[2]: *** [CMakeFiles/encoders.dir/build.make:90: CMakeFiles/encoders.dir/src/encoders.cpp.o] Error 1
gmake[1]: *** [CMakeFiles/Makefile2:137: CMakeFiles/encoders.dir/all] Error 2
gmake: *** [Makefile:146: all] Error 2
