[0.045s] Invoking command in '/home/youss/Documents/Projet/Autonomouscar/ros_ws/build/robot': CMAKE_PREFIX_PATH=${CMAKE_PREFIX_PATH}:/opt/ros/jazzy DEBUGINFOD_URLS=https://debuginfod.ubuntu.com /usr/bin/cmake --build /home/youss/Documents/Projet/Autonomouscar/ros_ws/build/robot -- -j4 -l4
[0.352s] [ 10%] Built target encoders_subscriber
[0.356s] [ 26%] Built target encoders_publisher
[0.357s] [ 36%] Built target robot_controller
[0.359s] [ 42%] [32m[1mLinking CXX executable main[0m
[0.499s] /usr/bin/ld: CMakeFiles/main.dir/src/encoders_publisher.cpp.o: in function `main':
[0.502s] encoders_publisher.cpp:(.text+0x698): multiple definition of `main'; CMakeFiles/main.dir/src/main.cpp.o:main.cpp:(.text+0x60): first defined here
[0.506s] [ 52%] Built target position_publisher
[0.516s] [ 63%] Built target position_reader
[0.539s] [ 68%] [32mBuilding CXX object CMakeFiles/motor_subscriber.dir/src/motor_subscriber.cpp.o[0m
[1.305s] collect2: error: ld returned 1 exit status
[1.311s] gmake[2]: *** [CMakeFiles/main.dir/build.make:244: main] Error 1
[1.312s] gmake[1]: *** [CMakeFiles/Makefile2:149: CMakeFiles/main.dir/all] Error 2
[1.313s] gmake[1]: *** Waiting for unfinished jobs....
[11.557s] [01m[K/home/youss/Documents/Projet/Autonomouscar/ros_ws/src/robot/src/motor_subscriber.cpp:3:1:[m[K [01;31m[Kerror: [m[K‘[01m[KRPI4[m[K’ does not name a type
[11.557s]     3 | [01;31m[KRPI4[m[K rpi4;
[11.557s]       | [01;31m[K^~~~[m[K
[20.417s] gmake[2]: *** [CMakeFiles/motor_subscriber.dir/build.make:76: CMakeFiles/motor_subscriber.dir/src/motor_subscriber.cpp.o] Error 1
[20.418s] gmake[1]: *** [CMakeFiles/Makefile2:279: CMakeFiles/motor_subscriber.dir/all] Error 2
[20.419s] gmake: *** [Makefile:146: all] Error 2
[20.426s] Invoked command in '/home/youss/Documents/Projet/Autonomouscar/ros_ws/build/robot' returned '2': CMAKE_PREFIX_PATH=${CMAKE_PREFIX_PATH}:/opt/ros/jazzy DEBUGINFOD_URLS=https://debuginfod.ubuntu.com /usr/bin/cmake --build /home/youss/Documents/Projet/Autonomouscar/ros_ws/build/robot -- -j4 -l4
