[0.052s] Invoking command in '/home/youss/Documents/Projet/Autonomouscar/ros_ws/build/robot': CMAKE_PREFIX_PATH=${CMAKE_PREFIX_PATH}:/opt/ros/jazzy DEBUGINFOD_URLS=https://debuginfod.ubuntu.com /usr/bin/cmake --build /home/youss/Documents/Projet/Autonomouscar/ros_ws/build/robot -- -j4 -l4
[0.312s] [ 25%] [32mBuilding CXX object CMakeFiles/encoders.dir/src/main.cpp.o[0m
[0.314s] [ 50%] [32mBuilding CXX object CMakeFiles/encoders.dir/src/encoders.cpp.o[0m
[2.760s] [01m[K/home/youss/Documents/Projet/Autonomouscar/ros_ws/src/robot/src/encoders.cpp:[m[K In constructor ‘[01m[KEncoders::[01;32m[KEncoders[m[K(const unsigned int&, const unsigned int&, const unsigned int&, std::string)[m[K’:
[2.761s] [01m[K/home/youss/Documents/Projet/Autonomouscar/ros_ws/src/robot/src/encoders.cpp:76:16:[m[K [01;31m[Kerror: [m[Kcannot convert ‘[01m[Kvoid(Encoders&)[m[K’ to ‘[01m[Kstd::function<void()>[m[K’
[2.761s]    76 |     [01;31m[Ktimer_start(compute_rps_handler, interval)[m[K;
[2.762s]       |     [01;31m[K~~~~~~~~~~~^~~~~~~~~~~~~~~~~~~~~~~~~~~~~~~[m[K
[2.763s] In file included from [01m[K/home/youss/Documents/Projet/Autonomouscar/ros_ws/src/robot/src/encoders.cpp:22[m[K:
[2.763s] [01m[K/home/youss/Documents/Projet/Autonomouscar/ros_ws/src/robot/include/robot/encoders.h:74:52:[m[K [01;36m[Knote: [m[K  initializing argument 1 of ‘[01m[Kvoid Encoders::[01;32m[Ktimer_start[m[K(std::function<void()>, const unsigned int&)[m[K’
[2.764s]    74 |         void timer_start([01;36m[Kstd::function<void(void)> func[m[K,
[2.764s]       |                          [01;36m[K~~~~~~~~~~~~~~~~~~~~~~~~~~^~~~[m[K
[2.766s] [01m[K/home/youss/Documents/Projet/Autonomouscar/ros_ws/src/robot/src/main.cpp:[m[K In function ‘[01m[Kint[01;32m[K main[m[K()[m[K’:
[2.767s] [01m[K/home/youss/Documents/Projet/Autonomouscar/ros_ws/src/robot/src/main.cpp:70:24:[m[K [01;35m[Kwarning: [m[Kunused variable ‘[01m[Kinterval[m[K’ [[01;35m[K]8;;https://gcc.gnu.org/onlinedocs/gcc/Warning-Options.html#index-Wunused-variable-Wunused-variable]8;;[m[K]
[2.768s]    70 |     const unsigned int [01;35m[Kinterval[m[K = 1000;
[2.768s]       |                        [01;35m[K^~~~~~~~[m[K
[2.771s] [01m[K/home/youss/Documents/Projet/Autonomouscar/ros_ws/src/robot/src/encoders.cpp:[m[K At global scope:
[2.771s] [01m[K/home/youss/Documents/Projet/Autonomouscar/ros_ws/src/robot/src/encoders.cpp:154:6:[m[K [01;31m[Kerror: [m[Kno declaration matches ‘[01m[Kvoid Encoders::[01;32m[Ktimer_start[m[K(std::function<void(Encoders&)>, const unsigned int&)[m[K’
[2.772s]   154 | void [01;31m[KEncoders[m[K::timer_start(std::function<void(Encoders&)> func,
[2.772s]       |      [01;31m[K^~~~~~~~[m[K
[2.773s] [01m[K/home/youss/Documents/Projet/Autonomouscar/ros_ws/src/robot/include/robot/encoders.h:74:14:[m[K [01;36m[Knote: [m[Kcandidate is: ‘[01m[Kvoid Encoders::[01;32m[Ktimer_start[m[K(std::function<void()>, const unsigned int&)[m[K’
[2.774s]    74 |         void [01;36m[Ktimer_start[m[K(std::function<void(void)> func,
[2.774s]       |              [01;36m[K^~~~~~~~~~~[m[K
[2.775s] [01m[K/home/youss/Documents/Projet/Autonomouscar/ros_ws/src/robot/include/robot/encoders.h:5:8:[m[K [01;36m[Knote: [m[K‘[01m[Kstruct Encoders[m[K’ defined here
[2.775s]     5 | struct [01;36m[KEncoders[m[K
[2.776s]       |        [01;36m[K^~~~~~~~[m[K
[2.974s] gmake[2]: *** [CMakeFiles/encoders.dir/build.make:90: CMakeFiles/encoders.dir/src/encoders.cpp.o] Error 1
[2.975s] gmake[2]: *** Waiting for unfinished jobs....
[3.049s] gmake[1]: *** [CMakeFiles/Makefile2:137: CMakeFiles/encoders.dir/all] Error 2
[3.050s] gmake: *** [Makefile:146: all] Error 2
[3.057s] Invoked command in '/home/youss/Documents/Projet/Autonomouscar/ros_ws/build/robot' returned '2': CMAKE_PREFIX_PATH=${CMAKE_PREFIX_PATH}:/opt/ros/jazzy DEBUGINFOD_URLS=https://debuginfod.ubuntu.com /usr/bin/cmake --build /home/youss/Documents/Projet/Autonomouscar/ros_ws/build/robot -- -j4 -l4
