-- Found ament_cmake: 2.5.2 (/opt/ros/jazzy/share/ament_cmake/cmake)
-- Found ament_lint_auto: 0.17.1 (/opt/ros/jazzy/share/ament_lint_auto/cmake)
-- Added test 'cppcheck' to perform static code analysis on C / C++ code
-- Configured cppcheck include dirs: $<BUILD_INTERFACE:/home/youss/Documents/Projet/Autonomouscar/ros_ws/src/robot/include>
-- Configured cppcheck exclude dirs and/or files: 
-- Added test 'lint_cmake' to check CMake code style
-- Added test 'uncrustify' to check C / C++ code style
-- Configured uncrustify additional arguments: 
-- Added test 'xmllint' to check XML markup files
-- Configuring done (1.5s)
-- Generating done (0.0s)
-- Build files have been written to: /home/youss/Documents/Projet/Autonomouscar/ros_ws/build/robot
[ 50%] [32m[1mLinking CXX executable encoders[0m
/usr/bin/ld: CMakeFiles/encoders.dir/src/encoders.cpp.o: in function `configurePinAsOutput(unsigned int)':
encoders.cpp:(.text+0x14): undefined reference to `gpioSetMode'
/usr/bin/ld: CMakeFiles/encoders.dir/src/encoders.cpp.o: in function `signalHandler(int)':
encoders.cpp:(.text+0x1f8): undefined reference to `gpioPWM'
/usr/bin/ld: CMakeFiles/encoders.dir/src/encoders.cpp.o: in function `main':
encoders.cpp:(.text+0x500): undefined reference to `gpioVersion'
/usr/bin/ld: encoders.cpp:(.text+0x51c): undefined reference to `gpioCfgGetInternals'
/usr/bin/ld: encoders.cpp:(.text+0x534): undefined reference to `gpioCfgSetInternals'
/usr/bin/ld: encoders.cpp:(.text+0x568): undefined reference to `gpioInitialise'
/usr/bin/ld: encoders.cpp:(.text+0x5ec): undefined reference to `gpioPWM'
/usr/bin/ld: encoders.cpp:(.text+0x674): undefined reference to `gpioPWM'
/usr/bin/ld: encoders.cpp:(.text+0x6fc): undefined reference to `gpioSetMode'
/usr/bin/ld: encoders.cpp:(.text+0x798): undefined reference to `gpioSetMode'
/usr/bin/ld: encoders.cpp:(.text+0x83c): undefined reference to `gpioSetMode'
/usr/bin/ld: encoders.cpp:(.text+0x848): undefined reference to `gpioSetMode'
/usr/bin/ld: encoders.cpp:(.text+0xa28): undefined reference to `gpioPWM'
/usr/bin/ld: encoders.cpp:(.text+0xab4): undefined reference to `gpioRead'
/usr/bin/ld: encoders.cpp:(.text+0xacc): undefined reference to `gpioRead'
collect2: error: ld returned 1 exit status
gmake[2]: *** [CMakeFiles/encoders.dir/build.make:98: encoders] Error 1
gmake[1]: *** [CMakeFiles/Makefile2:137: CMakeFiles/encoders.dir/all] Error 2
gmake: *** [Makefile:146: all] Error 2
