[0.052s] Invoking command in '/home/youss/Documents/Projet/Autonomouscar/ros_ws/build/robot': CMAKE_PREFIX_PATH=${CMAKE_PREFIX_PATH}:/opt/ros/jazzy DEBUGINFOD_URLS=https://debuginfod.ubuntu.com /usr/bin/cmake --build /home/youss/Documents/Projet/Autonomouscar/ros_ws/build/robot -- -j4 -l4
[0.169s] -- Found ament_cmake: 2.5.2 (/opt/ros/jazzy/share/ament_cmake/cmake)
[1.181s] -- Found ament_lint_auto: 0.17.1 (/opt/ros/jazzy/share/ament_lint_auto/cmake)
[1.617s] -- Added test 'cppcheck' to perform static code analysis on C / C++ code
[1.618s] -- Configured cppcheck include dirs: $<BUILD_INTERFACE:/home/youss/Documents/Projet/Autonomouscar/ros_ws/src/robot/include>
[1.618s] -- Configured cppcheck exclude dirs and/or files: 
[1.621s] -- Added test 'lint_cmake' to check CMake code style
[1.628s] -- Added test 'uncrustify' to check C / C++ code style
[1.628s] -- Configured uncrustify additional arguments: 
[1.630s] -- Added test 'xmllint' to check XML markup files
[1.634s] -- Configuring done (1.5s)
[1.671s] -- Generating done (0.0s)
[1.679s] -- Build files have been written to: /home/youss/Documents/Projet/Autonomouscar/ros_ws/build/robot
[1.849s] [ 50%] [32m[1mLinking CXX executable encoders[0m
[2.153s] /usr/bin/ld: CMakeFiles/encoders.dir/src/encoders.cpp.o: in function `configurePinAsOutput(unsigned int)':
[2.155s] encoders.cpp:(.text+0x14): undefined reference to `gpioSetMode'
[2.155s] /usr/bin/ld: CMakeFiles/encoders.dir/src/encoders.cpp.o: in function `signalHandler(int)':
[2.156s] encoders.cpp:(.text+0x1f8): undefined reference to `gpioPWM'
[2.156s] /usr/bin/ld: CMakeFiles/encoders.dir/src/encoders.cpp.o: in function `main':
[2.157s] encoders.cpp:(.text+0x500): undefined reference to `gpioVersion'
[2.157s] /usr/bin/ld: encoders.cpp:(.text+0x51c): undefined reference to `gpioCfgGetInternals'
[2.158s] /usr/bin/ld: encoders.cpp:(.text+0x534): undefined reference to `gpioCfgSetInternals'
[2.158s] /usr/bin/ld: encoders.cpp:(.text+0x568): undefined reference to `gpioInitialise'
[2.159s] /usr/bin/ld: encoders.cpp:(.text+0x5ec): undefined reference to `gpioPWM'
[2.159s] /usr/bin/ld: encoders.cpp:(.text+0x674): undefined reference to `gpioPWM'
[2.160s] /usr/bin/ld: encoders.cpp:(.text+0x6fc): undefined reference to `gpioSetMode'
[2.160s] /usr/bin/ld: encoders.cpp:(.text+0x798): undefined reference to `gpioSetMode'
[2.161s] /usr/bin/ld: encoders.cpp:(.text+0x83c): undefined reference to `gpioSetMode'
[2.161s] /usr/bin/ld: encoders.cpp:(.text+0x848): undefined reference to `gpioSetMode'
[2.161s] /usr/bin/ld: encoders.cpp:(.text+0xa28): undefined reference to `gpioPWM'
[2.162s] /usr/bin/ld: encoders.cpp:(.text+0xab4): undefined reference to `gpioRead'
[2.162s] /usr/bin/ld: encoders.cpp:(.text+0xacc): undefined reference to `gpioRead'
[2.174s] collect2: error: ld returned 1 exit status
[2.180s] gmake[2]: *** [CMakeFiles/encoders.dir/build.make:98: encoders] Error 1
[2.181s] gmake[1]: *** [CMakeFiles/Makefile2:137: CMakeFiles/encoders.dir/all] Error 2
[2.182s] gmake: *** [Makefile:146: all] Error 2
[2.190s] Invoked command in '/home/youss/Documents/Projet/Autonomouscar/ros_ws/build/robot' returned '2': CMAKE_PREFIX_PATH=${CMAKE_PREFIX_PATH}:/opt/ros/jazzy DEBUGINFOD_URLS=https://debuginfod.ubuntu.com /usr/bin/cmake --build /home/youss/Documents/Projet/Autonomouscar/ros_ws/build/robot -- -j4 -l4
