[ 12%] Built target position_publisher
[ 25%] Built target encoders_subscriber
[ 37%] Built target robot_controller
[ 43%] [32mBuilding CXX object CMakeFiles/main.dir/src/encoders.cpp.o[0m
[ 56%] Built target position_reader
[ 62%] [32mBuilding CXX object CMakeFiles/motor_subscriber.dir/src/motor_subscriber.cpp.o[0m
[ 68%] [32m[1mLinking CXX executable main[0m
[ 87%] Built target main
In file included from [01m[K/home/youss/Documents/Projet/Autonomouscar/ros_ws/src/robot/src/motor_subscriber.cpp:1[m[K:
[01m[K/home/youss/Documents/Projet/Autonomouscar/ros_ws/src/robot/include/robot/motor_subscriber.h:53:9:[m[K [01;31m[Kerror: [m[Kexpected ‘[01m[K;[m[K’ before ‘[01m[Kunsigned[m[K’
   53 |         [01;31m[Kunsigned[m[K int _M1A_GPIO = 17U;
      |         [01;31m[K^~~~~~~~[m[K
[01m[K/home/youss/Documents/Projet/Autonomouscar/ros_ws/src/robot/src/motor_subscriber.cpp:[m[K In member function ‘[01m[Kvoid Motor_subscriber::[01;32m[Kinit_params[m[K()[m[K’:
[01m[K/home/youss/Documents/Projet/Autonomouscar/ros_ws/src/robot/src/motor_subscriber.cpp:52:5:[m[K [01;31m[Kerror: [m[K‘[01m[K_M1A_GPIO[m[K’ was not declared in this scope; did you mean ‘[01m[K_M1B_GPIO[m[K’?
   52 |     [01;31m[K_M1A_GPIO[m[K = this->get_parameter("M1A_GPIO").as_int();
      |     [01;31m[K^~~~~~~~~[m[K
      |     [32m[K_M1B_GPIO[m[K
In file included from [01m[K/usr/include/c++/13/vector:66[m[K,
                 from [01m[K/opt/ros/jazzy/include/rclcpp/rclcpp/copy_all_parameter_values.hpp:19[m[K,
                 from [01m[K/opt/ros/jazzy/include/rclcpp/rclcpp/rclcpp.hpp:171[m[K,
                 from [01m[K/home/youss/Documents/Projet/Autonomouscar/ros_ws/src/robot/include/robot/motor_subscriber.h:4[m[K:
/usr/include/c++/13/bits/stl_vector.h: In instantiation of ‘[01m[Kstruct std::_Vector_base<unsigned int, unsigned int>[m[K’:
[01m[K/usr/include/c++/13/bits/stl_vector.h:428:11:[m[K   required from ‘[01m[Kclass std::vector<unsigned int, unsigned int>[m[K’
[01m[K/home/youss/Documents/Projet/Autonomouscar/ros_ws/src/robot/src/motor_subscriber.cpp:91:136:[m[K   required from here
[01m[K/usr/include/c++/13/bits/stl_vector.h:88:28:[m[K [01;31m[Kerror: [m[K‘[01m[Kunsigned int[m[K’ is not a class, struct, or union type
   88 |         rebind<_Tp>::other [01;31m[K_Tp_alloc_type[m[K;
      |                            [01;31m[K^~~~~~~~~~~~~~[m[K
[01m[K/usr/include/c++/13/bits/stl_vector.h:90:9:[m[K [01;31m[Kerror: [m[K‘[01m[Kunsigned int[m[K’ is not a class, struct, or union type
   90 |         [01;31m[Kpointer[m[K;
      |         [01;31m[K^~~~~~~[m[K
/usr/include/c++/13/bits/stl_vector.h: In instantiation of ‘[01m[Kclass std::vector<unsigned int, unsigned int>[m[K’:
[01m[K/home/youss/Documents/Projet/Autonomouscar/ros_ws/src/robot/src/motor_subscriber.cpp:91:136:[m[K   required from here
[01m[K/usr/include/c++/13/bits/stl_vector.h:518:20:[m[K [01;31m[Kerror: [m[K‘[01m[K_M_allocate[m[K’ has not been declared in ‘[01m[Kstd::vector<unsigned int, unsigned int>::_Base[m[K’
  518 |       using _Base::[01;31m[K_M_allocate[m[K;
      |                    [01;31m[K^~~~~~~~~~~[m[K
[01m[K/usr/include/c++/13/bits/stl_vector.h:519:20:[m[K [01;31m[Kerror: [m[K‘[01m[K_M_deallocate[m[K’ has not been declared in ‘[01m[Kstd::vector<unsigned int, unsigned int>::_Base[m[K’
  519 |       using _Base::[01;31m[K_M_deallocate[m[K;
      |                    [01;31m[K^~~~~~~~~~~~~[m[K
[01m[K/usr/include/c++/13/bits/stl_vector.h:521:20:[m[K [01;31m[Kerror: [m[K‘[01m[K_M_get_Tp_allocator[m[K’ has not been declared in ‘[01m[Kstd::vector<unsigned int, unsigned int>::_Base[m[K’
  521 |       using _Base::[01;31m[K_M_get_Tp_allocator[m[K;
      |                    [01;31m[K^~~~~~~~~~~~~~~~~~~[m[K
In file included from [01m[K/opt/ros/jazzy/include/rclcpp/rclcpp/logging.hpp:24[m[K,
                 from [01m[K/opt/ros/jazzy/include/rclcpp/rclcpp/copy_all_parameter_values.hpp:27[m[K:
[01m[K/home/youss/Documents/Projet/Autonomouscar/ros_ws/src/robot/src/motor_subscriber.cpp:[m[K In member function ‘[01m[Kstd::vector<unsigned int, unsigned int> Motor_subscriber::[01;32m[Kconvert_msg_to_duty_cycles[m[K(const geometry_msgs::msg::Twist_<std::allocator<void> >::UniquePtr&) const[m[K’:
[01m[K/home/youss/Documents/Projet/Autonomouscar/ros_ws/src/robot/src/motor_subscriber.cpp:132:71:[m[K [01;31m[Kerror: [m[K‘[01m[Kduty_cycle[m[K’ was not declared in this scope
  132 |     RCLCPP_INFO(this->get_logger(), "Converted left_duty_cycle : %d", [01;31m[Kduty_cycle[m[K);
      |                                                                       [01;31m[K^~~~~~~~~~[m[K
[01m[K/home/youss/Documents/Projet/Autonomouscar/ros_ws/src/robot/src/motor_subscriber.cpp:134:12:[m[K [01;35m[Kwarning: [m[Kleft operand of comma operator has no effect [[01;35m[K]8;;https://gcc.gnu.org/onlinedocs/gcc/Warning-Options.html#index-Wunused-value-Wunused-value]8;;[m[K]
  134 |     return [01;35m[Kleft_duty_cycle[m[K, right_duty_cycle;
      |            [01;35m[K^~~~~~~~~~~~~~~[m[K
[01m[K/home/youss/Documents/Projet/Autonomouscar/ros_ws/src/robot/src/motor_subscriber.cpp:134:27:[m[K [01;31m[Kerror: [m[Kcould not convert ‘[01m[K((void)0, right_duty_cycle)[m[K’ from ‘[01m[Kunsigned int[m[K’ to ‘[01m[Kstd::vector<unsigned int, unsigned int>[m[K’
  134 |     return [01;31m[Kleft_duty_cycle, right_duty_cycle[m[K;
      |            [01;31m[K~~~~~~~~~~~~~~~^~~~~~~~~~~~~~~~~~[m[K
      |                           [01;31m[K|[m[K
      |                           [01;31m[Kunsigned int[m[K
[01m[K/home/youss/Documents/Projet/Autonomouscar/ros_ws/src/robot/src/motor_subscriber.cpp:[m[K In member function ‘[01m[Kvoid Motor_subscriber::[01;32m[Kset_left_motor_and_right_motor_duty_cycle[m[K(const geometry_msgs::msg::Twist_<std::allocator<void> >::UniquePtr&)[m[K’:
[01m[K/home/youss/Documents/Projet/Autonomouscar/ros_ws/src/robot/src/motor_subscriber.cpp:157:37:[m[K [01;31m[Kerror: [m[K‘[01m[Kconvert_msg_to_duty_cycle[m[K’ was not declared in this scope; did you mean ‘[01m[Kconvert_msg_to_duty_cycles[m[K’?
  157 |     const unsigned int duty_cycle = [01;31m[Kconvert_msg_to_duty_cycle[m[K(msg);
      |                                     [01;31m[K^~~~~~~~~~~~~~~~~~~~~~~~~[m[K
      |                                     [32m[Kconvert_msg_to_duty_cycles[m[K
[01m[K/home/youss/Documents/Projet/Autonomouscar/ros_ws/src/robot/src/motor_subscriber.cpp:157:24:[m[K [01;35m[Kwarning: [m[Kunused variable ‘[01m[Kduty_cycle[m[K’ [[01;35m[K]8;;https://gcc.gnu.org/onlinedocs/gcc/Warning-Options.html#index-Wunused-variable-Wunused-variable]8;;[m[K]
  157 |     const unsigned int [01;35m[Kduty_cycle[m[K = convert_msg_to_duty_cycle(msg);
      |                        [01;35m[K^~~~~~~~~~[m[K
gmake[2]: *** [CMakeFiles/motor_subscriber.dir/build.make:76: CMakeFiles/motor_subscriber.dir/src/motor_subscriber.cpp.o] Error 1
gmake[1]: *** [CMakeFiles/Makefile2:251: CMakeFiles/motor_subscriber.dir/all] Error 2
gmake: *** [Makefile:146: all] Error 2
