[0.055s] Invoking command in '/home/youss/Documents/Projet/Autonomouscar/ros_ws/build/robot': CMAKE_PREFIX_PATH=${CMAKE_PREFIX_PATH}:/opt/ros/jazzy DEBUGINFOD_URLS=https://debuginfod.ubuntu.com /usr/bin/cmake --build /home/youss/Documents/Projet/Autonomouscar/ros_ws/build/robot -- -j4 -l4
[0.373s] [ 12%] Built target position_publisher
[0.389s] [ 25%] Built target encoders_subscriber
[0.395s] [ 37%] Built target robot_controller
[0.406s] [ 43%] [32mBuilding CXX object CMakeFiles/main.dir/src/encoders.cpp.o[0m
[0.543s] [ 56%] Built target position_reader
[0.556s] [ 62%] [32mBuilding CXX object CMakeFiles/motor_subscriber.dir/src/motor_subscriber.cpp.o[0m
[4.549s] [ 68%] [32m[1mLinking CXX executable main[0m
[5.048s] [ 87%] Built target main
[12.183s] In file included from [01m[K/home/youss/Documents/Projet/Autonomouscar/ros_ws/src/robot/src/motor_subscriber.cpp:1[m[K:
[12.183s] [01m[K/home/youss/Documents/Projet/Autonomouscar/ros_ws/src/robot/include/robot/motor_subscriber.h:53:9:[m[K [01;31m[Kerror: [m[Kexpected ‘[01m[K;[m[K’ before ‘[01m[Kunsigned[m[K’
[12.184s]    53 |         [01;31m[Kunsigned[m[K int _M1A_GPIO = 17U;
[12.184s]       |         [01;31m[K^~~~~~~~[m[K
[12.250s] [01m[K/home/youss/Documents/Projet/Autonomouscar/ros_ws/src/robot/src/motor_subscriber.cpp:[m[K In member function ‘[01m[Kvoid Motor_subscriber::[01;32m[Kinit_params[m[K()[m[K’:
[12.251s] [01m[K/home/youss/Documents/Projet/Autonomouscar/ros_ws/src/robot/src/motor_subscriber.cpp:52:5:[m[K [01;31m[Kerror: [m[K‘[01m[K_M1A_GPIO[m[K’ was not declared in this scope; did you mean ‘[01m[K_M1B_GPIO[m[K’?
[12.251s]    52 |     [01;31m[K_M1A_GPIO[m[K = this->get_parameter("M1A_GPIO").as_int();
[12.251s]       |     [01;31m[K^~~~~~~~~[m[K
[12.252s]       |     [32m[K_M1B_GPIO[m[K
[12.255s] In file included from [01m[K/usr/include/c++/13/vector:66[m[K,
[12.256s]                  from [01m[K/opt/ros/jazzy/include/rclcpp/rclcpp/copy_all_parameter_values.hpp:19[m[K,
[12.256s]                  from [01m[K/opt/ros/jazzy/include/rclcpp/rclcpp/rclcpp.hpp:171[m[K,
[12.257s]                  from [01m[K/home/youss/Documents/Projet/Autonomouscar/ros_ws/src/robot/include/robot/motor_subscriber.h:4[m[K:
[12.257s] /usr/include/c++/13/bits/stl_vector.h: In instantiation of ‘[01m[Kstruct std::_Vector_base<unsigned int, unsigned int>[m[K’:
[12.258s] [01m[K/usr/include/c++/13/bits/stl_vector.h:428:11:[m[K   required from ‘[01m[Kclass std::vector<unsigned int, unsigned int>[m[K’
[12.258s] [01m[K/home/youss/Documents/Projet/Autonomouscar/ros_ws/src/robot/src/motor_subscriber.cpp:91:136:[m[K   required from here
[12.258s] [01m[K/usr/include/c++/13/bits/stl_vector.h:88:28:[m[K [01;31m[Kerror: [m[K‘[01m[Kunsigned int[m[K’ is not a class, struct, or union type
[12.259s]    88 |         rebind<_Tp>::other [01;31m[K_Tp_alloc_type[m[K;
[12.259s]       |                            [01;31m[K^~~~~~~~~~~~~~[m[K
[12.260s] [01m[K/usr/include/c++/13/bits/stl_vector.h:90:9:[m[K [01;31m[Kerror: [m[K‘[01m[Kunsigned int[m[K’ is not a class, struct, or union type
[12.260s]    90 |         [01;31m[Kpointer[m[K;
[12.260s]       |         [01;31m[K^~~~~~~[m[K
[12.261s] /usr/include/c++/13/bits/stl_vector.h: In instantiation of ‘[01m[Kclass std::vector<unsigned int, unsigned int>[m[K’:
[12.261s] [01m[K/home/youss/Documents/Projet/Autonomouscar/ros_ws/src/robot/src/motor_subscriber.cpp:91:136:[m[K   required from here
[12.262s] [01m[K/usr/include/c++/13/bits/stl_vector.h:518:20:[m[K [01;31m[Kerror: [m[K‘[01m[K_M_allocate[m[K’ has not been declared in ‘[01m[Kstd::vector<unsigned int, unsigned int>::_Base[m[K’
[12.262s]   518 |       using _Base::[01;31m[K_M_allocate[m[K;
[12.262s]       |                    [01;31m[K^~~~~~~~~~~[m[K
[12.263s] [01m[K/usr/include/c++/13/bits/stl_vector.h:519:20:[m[K [01;31m[Kerror: [m[K‘[01m[K_M_deallocate[m[K’ has not been declared in ‘[01m[Kstd::vector<unsigned int, unsigned int>::_Base[m[K’
[12.263s]   519 |       using _Base::[01;31m[K_M_deallocate[m[K;
[12.263s]       |                    [01;31m[K^~~~~~~~~~~~~[m[K
[12.264s] [01m[K/usr/include/c++/13/bits/stl_vector.h:521:20:[m[K [01;31m[Kerror: [m[K‘[01m[K_M_get_Tp_allocator[m[K’ has not been declared in ‘[01m[Kstd::vector<unsigned int, unsigned int>::_Base[m[K’
[12.264s]   521 |       using _Base::[01;31m[K_M_get_Tp_allocator[m[K;
[12.265s]       |                    [01;31m[K^~~~~~~~~~~~~~~~~~~[m[K
[12.315s] In file included from [01m[K/opt/ros/jazzy/include/rclcpp/rclcpp/logging.hpp:24[m[K,
[12.315s]                  from [01m[K/opt/ros/jazzy/include/rclcpp/rclcpp/copy_all_parameter_values.hpp:27[m[K:
[12.316s] [01m[K/home/youss/Documents/Projet/Autonomouscar/ros_ws/src/robot/src/motor_subscriber.cpp:[m[K In member function ‘[01m[Kstd::vector<unsigned int, unsigned int> Motor_subscriber::[01;32m[Kconvert_msg_to_duty_cycles[m[K(const geometry_msgs::msg::Twist_<std::allocator<void> >::UniquePtr&) const[m[K’:
[12.316s] [01m[K/home/youss/Documents/Projet/Autonomouscar/ros_ws/src/robot/src/motor_subscriber.cpp:132:71:[m[K [01;31m[Kerror: [m[K‘[01m[Kduty_cycle[m[K’ was not declared in this scope
[12.317s]   132 |     RCLCPP_INFO(this->get_logger(), "Converted left_duty_cycle : %d", [01;31m[Kduty_cycle[m[K);
[12.317s]       |                                                                       [01;31m[K^~~~~~~~~~[m[K
[12.317s] [01m[K/home/youss/Documents/Projet/Autonomouscar/ros_ws/src/robot/src/motor_subscriber.cpp:134:12:[m[K [01;35m[Kwarning: [m[Kleft operand of comma operator has no effect [[01;35m[K]8;;https://gcc.gnu.org/onlinedocs/gcc/Warning-Options.html#index-Wunused-value-Wunused-value]8;;[m[K]
[12.318s]   134 |     return [01;35m[Kleft_duty_cycle[m[K, right_duty_cycle;
[12.318s]       |            [01;35m[K^~~~~~~~~~~~~~~[m[K
[12.319s] [01m[K/home/youss/Documents/Projet/Autonomouscar/ros_ws/src/robot/src/motor_subscriber.cpp:134:27:[m[K [01;31m[Kerror: [m[Kcould not convert ‘[01m[K((void)0, right_duty_cycle)[m[K’ from ‘[01m[Kunsigned int[m[K’ to ‘[01m[Kstd::vector<unsigned int, unsigned int>[m[K’
[12.319s]   134 |     return [01;31m[Kleft_duty_cycle, right_duty_cycle[m[K;
[12.319s]       |            [01;31m[K~~~~~~~~~~~~~~~^~~~~~~~~~~~~~~~~~[m[K
[12.320s]       |                           [01;31m[K|[m[K
[12.320s]       |                           [01;31m[Kunsigned int[m[K
[12.343s] [01m[K/home/youss/Documents/Projet/Autonomouscar/ros_ws/src/robot/src/motor_subscriber.cpp:[m[K In member function ‘[01m[Kvoid Motor_subscriber::[01;32m[Kset_left_motor_and_right_motor_duty_cycle[m[K(const geometry_msgs::msg::Twist_<std::allocator<void> >::UniquePtr&)[m[K’:
[12.344s] [01m[K/home/youss/Documents/Projet/Autonomouscar/ros_ws/src/robot/src/motor_subscriber.cpp:157:37:[m[K [01;31m[Kerror: [m[K‘[01m[Kconvert_msg_to_duty_cycle[m[K’ was not declared in this scope; did you mean ‘[01m[Kconvert_msg_to_duty_cycles[m[K’?
[12.344s]   157 |     const unsigned int duty_cycle = [01;31m[Kconvert_msg_to_duty_cycle[m[K(msg);
[12.345s]       |                                     [01;31m[K^~~~~~~~~~~~~~~~~~~~~~~~~[m[K
[12.345s]       |                                     [32m[Kconvert_msg_to_duty_cycles[m[K
[12.345s] [01m[K/home/youss/Documents/Projet/Autonomouscar/ros_ws/src/robot/src/motor_subscriber.cpp:157:24:[m[K [01;35m[Kwarning: [m[Kunused variable ‘[01m[Kduty_cycle[m[K’ [[01;35m[K]8;;https://gcc.gnu.org/onlinedocs/gcc/Warning-Options.html#index-Wunused-variable-Wunused-variable]8;;[m[K]
[12.346s]   157 |     const unsigned int [01;35m[Kduty_cycle[m[K = convert_msg_to_duty_cycle(msg);
[12.346s]       |                        [01;35m[K^~~~~~~~~~[m[K
[21.083s] gmake[2]: *** [CMakeFiles/motor_subscriber.dir/build.make:76: CMakeFiles/motor_subscriber.dir/src/motor_subscriber.cpp.o] Error 1
[21.083s] gmake[1]: *** [CMakeFiles/Makefile2:251: CMakeFiles/motor_subscriber.dir/all] Error 2
[21.084s] gmake: *** [Makefile:146: all] Error 2
[21.093s] Invoked command in '/home/youss/Documents/Projet/Autonomouscar/ros_ws/build/robot' returned '2': CMAKE_PREFIX_PATH=${CMAKE_PREFIX_PATH}:/opt/ros/jazzy DEBUGINFOD_URLS=https://debuginfod.ubuntu.com /usr/bin/cmake --build /home/youss/Documents/Projet/Autonomouscar/ros_ws/build/robot -- -j4 -l4
