[0.050s] Invoking command in '/home/youss/Documents/Projet/Autonomouscar/ros_ws/build/robot': CMAKE_PREFIX_PATH=${CMAKE_PREFIX_PATH}:/opt/ros/jazzy DEBUGINFOD_URLS=https://debuginfod.ubuntu.com /usr/bin/cmake --build /home/youss/Documents/Projet/Autonomouscar/ros_ws/build/robot -- -j4 -l4
[0.177s] -- Found ament_cmake: 2.5.2 (/opt/ros/jazzy/share/ament_cmake/cmake)
[1.157s] -- Override CMake install command with custom implementation using symlinks instead of copying resources
[1.191s] -- Found rclcpp: 28.1.5 (/opt/ros/jazzy/share/rclcpp/cmake)
[1.344s] -- Found rosidl_generator_c: 4.6.4 (/opt/ros/jazzy/share/rosidl_generator_c/cmake)
[1.383s] -- Found rosidl_generator_cpp: 4.6.4 (/opt/ros/jazzy/share/rosidl_generator_cpp/cmake)
[1.431s] -- Using all available rosidl_typesupport_c: rosidl_typesupport_fastrtps_c;rosidl_typesupport_introspection_c
[1.486s] -- Using all available rosidl_typesupport_cpp: rosidl_typesupport_fastrtps_cpp;rosidl_typesupport_introspection_cpp
[1.724s] -- Found rmw_implementation_cmake: 7.3.1 (/opt/ros/jazzy/share/rmw_implementation_cmake/cmake)
[1.730s] -- Found rmw_fastrtps_cpp: 8.4.1 (/opt/ros/jazzy/share/rmw_fastrtps_cpp/cmake)
[1.996s] -- Using RMW implementation 'rmw_fastrtps_cpp' as default
[2.217s] -- Found std_msgs: 5.3.5 (/opt/ros/jazzy/share/std_msgs/cmake)
[2.265s] -- Found geometry_msgs: 5.3.5 (/opt/ros/jazzy/share/geometry_msgs/cmake)
[2.320s] -- Found ament_lint_auto: 0.17.1 (/opt/ros/jazzy/share/ament_lint_auto/cmake)
[2.762s] -- Added test 'cppcheck' to perform static code analysis on C / C++ code
[2.763s] -- Configured cppcheck include dirs: $<BUILD_INTERFACE:/home/youss/Documents/Projet/Autonomouscar/ros_ws/src/robot/include>
[2.764s] -- Configured cppcheck exclude dirs and/or files: 
[2.767s] -- Added test 'flake8' to check Python code syntax and style conventions
[2.767s] -- Configured 'flake8' exclude dirs and/or files: 
[2.771s] -- Added test 'lint_cmake' to check CMake code style
[2.774s] -- Added test 'pep257' to check Python code against some of the docstring style conventions in PEP 257
[2.787s] -- Added test 'uncrustify' to check C / C++ code style
[2.788s] -- Configured uncrustify additional arguments: 
[2.790s] -- Added test 'xmllint' to check XML markup files
[2.813s] -- Configuring done (2.7s)
[2.948s] -- Generating done (0.1s)
[2.962s] -- Build files have been written to: /home/youss/Documents/Projet/Autonomouscar/ros_ws/build/robot
[3.199s] [ 21%] Built target listener
[3.204s] [ 21%] [32mBuilding CXX object CMakeFiles/robot_controller.dir/src/robot_controller.cpp.o[0m
[3.205s] [ 35%] Built target position_publisher
[3.223s] [ 42%] [32mBuilding CXX object CMakeFiles/encoders.dir/src/rpi4.cpp.o[0m
[3.352s] [ 57%] Built target motor_subscriber
[5.105s] [ 64%] [32m[1mLinking CXX executable encoders[0m
[5.239s] /usr/bin/ld: CMakeFiles/encoders.dir/src/encoders_publisher.cpp.o: in function `main':
[5.241s] encoders_publisher.cpp:(.text+0x698): multiple definition of `main'; CMakeFiles/encoders.dir/src/main.cpp.o:main.cpp:(.text+0x60): first defined here
[6.129s] collect2: error: ld returned 1 exit status
[6.136s] gmake[2]: *** [CMakeFiles/encoders.dir/build.make:245: encoders] Error 1
[6.137s] gmake[1]: *** [CMakeFiles/Makefile2:145: CMakeFiles/encoders.dir/all] Error 2
[6.138s] gmake[1]: *** Waiting for unfinished jobs....
[53.044s] [ 71%] [32m[1mLinking CXX executable robot_controller[0m
[54.808s] /usr/bin/ld: /usr/lib/gcc/aarch64-linux-gnu/13/../../../aarch64-linux-gnu/Scrt1.o: in function `_start':
[54.809s] (.text+0x1c): undefined reference to `main'
[54.809s] /usr/bin/ld: (.text+0x20): undefined reference to `main'
[55.097s] collect2: error: ld returned 1 exit status
[55.104s] gmake[2]: *** [CMakeFiles/robot_controller.dir/build.make:179: robot_controller] Error 1
[55.105s] gmake[1]: *** [CMakeFiles/Makefile2:197: CMakeFiles/robot_controller.dir/all] Error 2
[55.106s] gmake: *** [Makefile:146: all] Error 2
[55.114s] Invoked command in '/home/youss/Documents/Projet/Autonomouscar/ros_ws/build/robot' returned '2': CMAKE_PREFIX_PATH=${CMAKE_PREFIX_PATH}:/opt/ros/jazzy DEBUGINFOD_URLS=https://debuginfod.ubuntu.com /usr/bin/cmake --build /home/youss/Documents/Projet/Autonomouscar/ros_ws/build/robot -- -j4 -l4
