[0.256s] DEBUG:colcon:Command line arguments: ['/usr/bin/colcon', 'build']
[0.256s] DEBUG:colcon:Parsed command line arguments: Namespace(log_base=None, log_level=None, verb_name='build', build_base='build', install_base='install', merge_install=False, symlink_install=False, test_result_base=None, continue_on_error=False, executor='parallel', parallel_workers=16, event_handlers=None, ignore_user_meta=False, metas=['./colcon.meta'], base_paths=['.'], packages_ignore=None, packages_ignore_regex=None, paths=None, packages_up_to=None, packages_up_to_regex=None, packages_above=None, packages_above_and_dependencies=None, packages_above_depth=None, packages_select_by_dep=None, packages_skip_by_dep=None, packages_skip_up_to=None, packages_select_build_failed=False, packages_skip_build_finished=False, packages_select_test_failures=False, packages_skip_test_passed=False, packages_select=None, packages_skip=None, packages_select_regex=None, packages_skip_regex=None, packages_start=None, packages_end=None, allow_overriding=[], cmake_args=None, cmake_target=None, cmake_target_skip_unavailable=False, cmake_clean_cache=False, cmake_clean_first=False, cmake_force_configure=False, ament_cmake_args=None, catkin_cmake_args=None, catkin_skip_building_tests=False, mixin_files=None, mixin=None, verb_parser=<colcon_mixin.mixin.mixin_argument.MixinArgumentDecorator object at 0x7f6c72f45280>, verb_extension=<colcon_core.verb.build.BuildVerb object at 0x7f6c72f408c0>, main=<bound method BuildVerb.main of <colcon_core.verb.build.BuildVerb object at 0x7f6c72f408c0>>, mixin_verb=('build',))
[0.441s] Level 1:colcon.colcon_core.package_discovery:discover_packages(colcon_meta) check parameters
[0.441s] Level 1:colcon.colcon_core.package_discovery:discover_packages(recursive) check parameters
[0.441s] Level 1:colcon.colcon_core.package_discovery:discover_packages(ignore) check parameters
[0.441s] Level 1:colcon.colcon_core.package_discovery:discover_packages(path) check parameters
[0.441s] Level 1:colcon.colcon_core.package_discovery:discover_packages(colcon_meta) discover
[0.441s] Level 1:colcon.colcon_core.package_discovery:discover_packages(recursive) discover
[0.441s] INFO:colcon.colcon_core.package_discovery:Crawling recursively for packages in '/home/younousse/Documents/Autonomouscar/Programm/autofollow_ws'
[0.441s] Level 1:colcon.colcon_core.package_identification:_identify(.) by extensions ['ignore', 'ignore_ament_install']
[0.441s] Level 1:colcon.colcon_core.package_identification:_identify(.) by extension 'ignore'
[0.441s] Level 1:colcon.colcon_core.package_identification:_identify(.) by extension 'ignore_ament_install'
[0.441s] Level 1:colcon.colcon_core.package_identification:_identify(.) by extensions ['colcon_pkg']
[0.441s] Level 1:colcon.colcon_core.package_identification:_identify(.) by extension 'colcon_pkg'
[0.441s] Level 1:colcon.colcon_core.package_identification:_identify(.) by extensions ['colcon_meta']
[0.441s] Level 1:colcon.colcon_core.package_identification:_identify(.) by extension 'colcon_meta'
[0.441s] Level 1:colcon.colcon_core.package_identification:_identify(.) by extensions ['ros']
[0.441s] Level 1:colcon.colcon_core.package_identification:_identify(.) by extension 'ros'
[0.463s] Level 1:colcon.colcon_core.package_identification:_identify(.) by extensions ['cmake', 'python']
[0.463s] Level 1:colcon.colcon_core.package_identification:_identify(.) by extension 'cmake'
[0.463s] Level 1:colcon.colcon_core.package_identification:_identify(.) by extension 'python'
[0.463s] Level 1:colcon.colcon_core.package_identification:_identify(.) by extensions ['python_setup_py']
[0.463s] Level 1:colcon.colcon_core.package_identification:_identify(.) by extension 'python_setup_py'
[0.463s] Level 1:colcon.colcon_core.package_identification:_identify(build) by extensions ['ignore', 'ignore_ament_install']
[0.463s] Level 1:colcon.colcon_core.package_identification:_identify(build) by extension 'ignore'
[0.463s] Level 1:colcon.colcon_core.package_identification:_identify(build) ignored
[0.463s] Level 1:colcon.colcon_core.package_identification:_identify(install) by extensions ['ignore', 'ignore_ament_install']
[0.463s] Level 1:colcon.colcon_core.package_identification:_identify(install) by extension 'ignore'
[0.464s] Level 1:colcon.colcon_core.package_identification:_identify(install) ignored
[0.464s] Level 1:colcon.colcon_core.package_identification:_identify(log) by extensions ['ignore', 'ignore_ament_install']
[0.464s] Level 1:colcon.colcon_core.package_identification:_identify(log) by extension 'ignore'
[0.464s] Level 1:colcon.colcon_core.package_identification:_identify(log) ignored
[0.464s] Level 1:colcon.colcon_core.package_identification:_identify(src) by extensions ['ignore', 'ignore_ament_install']
[0.464s] Level 1:colcon.colcon_core.package_identification:_identify(src) by extension 'ignore'
[0.464s] Level 1:colcon.colcon_core.package_identification:_identify(src) by extension 'ignore_ament_install'
[0.464s] Level 1:colcon.colcon_core.package_identification:_identify(src) by extensions ['colcon_pkg']
[0.464s] Level 1:colcon.colcon_core.package_identification:_identify(src) by extension 'colcon_pkg'
[0.464s] Level 1:colcon.colcon_core.package_identification:_identify(src) by extensions ['colcon_meta']
[0.464s] Level 1:colcon.colcon_core.package_identification:_identify(src) by extension 'colcon_meta'
[0.464s] Level 1:colcon.colcon_core.package_identification:_identify(src) by extensions ['ros']
[0.464s] Level 1:colcon.colcon_core.package_identification:_identify(src) by extension 'ros'
[0.464s] Level 1:colcon.colcon_core.package_identification:_identify(src) by extensions ['cmake', 'python']
[0.464s] Level 1:colcon.colcon_core.package_identification:_identify(src) by extension 'cmake'
[0.464s] Level 1:colcon.colcon_core.package_identification:_identify(src) by extension 'python'
[0.464s] Level 1:colcon.colcon_core.package_identification:_identify(src) by extensions ['python_setup_py']
[0.464s] Level 1:colcon.colcon_core.package_identification:_identify(src) by extension 'python_setup_py'
[0.464s] Level 1:colcon.colcon_core.package_identification:_identify(src/autofollow_lidar_detection) by extensions ['ignore', 'ignore_ament_install']
[0.464s] Level 1:colcon.colcon_core.package_identification:_identify(src/autofollow_lidar_detection) by extension 'ignore'
[0.464s] Level 1:colcon.colcon_core.package_identification:_identify(src/autofollow_lidar_detection) by extension 'ignore_ament_install'
[0.464s] Level 1:colcon.colcon_core.package_identification:_identify(src/autofollow_lidar_detection) by extensions ['colcon_pkg']
[0.465s] Level 1:colcon.colcon_core.package_identification:_identify(src/autofollow_lidar_detection) by extension 'colcon_pkg'
[0.465s] Level 1:colcon.colcon_core.package_identification:_identify(src/autofollow_lidar_detection) by extensions ['colcon_meta']
[0.465s] Level 1:colcon.colcon_core.package_identification:_identify(src/autofollow_lidar_detection) by extension 'colcon_meta'
[0.465s] Level 1:colcon.colcon_core.package_identification:_identify(src/autofollow_lidar_detection) by extensions ['ros']
[0.465s] Level 1:colcon.colcon_core.package_identification:_identify(src/autofollow_lidar_detection) by extension 'ros'
[0.487s] DEBUG:colcon.colcon_core.package_identification:Package 'src/autofollow_lidar_detection' with type 'ros.ament_python' and name 'autofollow_lidar_detection'
[0.487s] Level 1:colcon.colcon_core.package_discovery:discover_packages(recursive) using defaults
[0.487s] Level 1:colcon.colcon_core.package_discovery:discover_packages(ignore) discover
[0.487s] Level 1:colcon.colcon_core.package_discovery:discover_packages(ignore) using defaults
[0.487s] Level 1:colcon.colcon_core.package_discovery:discover_packages(path) discover
[0.487s] Level 1:colcon.colcon_core.package_discovery:discover_packages(path) using defaults
[0.649s] Level 1:colcon.colcon_core.package_discovery:discover_packages(prefix_path) check parameters
[0.649s] Level 1:colcon.colcon_core.package_discovery:discover_packages(prefix_path) discover
[0.652s] DEBUG:colcon.colcon_installed_package_information.package_discovery:Found 0 installed packages in /home/younousse/Documents/Autonomouscar/Programm/autofollow_ws/install
[0.653s] DEBUG:colcon.colcon_installed_package_information.package_discovery:Found 307 installed packages in /opt/ros/jazzy
[0.654s] Level 1:colcon.colcon_core.package_discovery:discover_packages(prefix_path) using defaults
[0.711s] Level 5:colcon.colcon_core.verb:set package 'autofollow_lidar_detection' build argument 'cmake_args' from command line to 'None'
[0.711s] Level 5:colcon.colcon_core.verb:set package 'autofollow_lidar_detection' build argument 'cmake_target' from command line to 'None'
[0.711s] Level 5:colcon.colcon_core.verb:set package 'autofollow_lidar_detection' build argument 'cmake_target_skip_unavailable' from command line to 'False'
[0.711s] Level 5:colcon.colcon_core.verb:set package 'autofollow_lidar_detection' build argument 'cmake_clean_cache' from command line to 'False'
[0.711s] Level 5:colcon.colcon_core.verb:set package 'autofollow_lidar_detection' build argument 'cmake_clean_first' from command line to 'False'
[0.711s] Level 5:colcon.colcon_core.verb:set package 'autofollow_lidar_detection' build argument 'cmake_force_configure' from command line to 'False'
[0.711s] Level 5:colcon.colcon_core.verb:set package 'autofollow_lidar_detection' build argument 'ament_cmake_args' from command line to 'None'
[0.711s] Level 5:colcon.colcon_core.verb:set package 'autofollow_lidar_detection' build argument 'catkin_cmake_args' from command line to 'None'
[0.711s] Level 5:colcon.colcon_core.verb:set package 'autofollow_lidar_detection' build argument 'catkin_skip_building_tests' from command line to 'False'
[0.711s] DEBUG:colcon.colcon_core.verb:Building package 'autofollow_lidar_detection' with the following arguments: {'ament_cmake_args': None, 'build_base': '/home/younousse/Documents/Autonomouscar/Programm/autofollow_ws/build/autofollow_lidar_detection', 'catkin_cmake_args': None, 'catkin_skip_building_tests': False, 'cmake_args': None, 'cmake_clean_cache': False, 'cmake_clean_first': False, 'cmake_force_configure': False, 'cmake_target': None, 'cmake_target_skip_unavailable': False, 'install_base': '/home/younousse/Documents/Autonomouscar/Programm/autofollow_ws/install/autofollow_lidar_detection', 'merge_install': False, 'path': '/home/younousse/Documents/Autonomouscar/Programm/autofollow_ws/src/autofollow_lidar_detection', 'symlink_install': False, 'test_result_base': None}
[0.711s] INFO:colcon.colcon_core.executor:Executing jobs using 'parallel' executor
[0.712s] DEBUG:colcon.colcon_parallel_executor.executor.parallel:run_until_complete
[0.712s] INFO:colcon.colcon_ros.task.ament_python.build:Building ROS package in '/home/younousse/Documents/Autonomouscar/Programm/autofollow_ws/src/autofollow_lidar_detection' with build type 'ament_python'
[0.712s] Level 1:colcon.colcon_core.shell:create_environment_hook('autofollow_lidar_detection', 'ament_prefix_path')
[0.715s] INFO:colcon.colcon_core.plugin_system:Skipping extension 'colcon_core.shell.bat': Not used on non-Windows systems
[0.715s] INFO:colcon.colcon_core.shell:Creating environment hook '/home/younousse/Documents/Autonomouscar/Programm/autofollow_ws/install/autofollow_lidar_detection/share/autofollow_lidar_detection/hook/ament_prefix_path.ps1'
[0.716s] INFO:colcon.colcon_core.shell:Creating environment descriptor '/home/younousse/Documents/Autonomouscar/Programm/autofollow_ws/install/autofollow_lidar_detection/share/autofollow_lidar_detection/hook/ament_prefix_path.dsv'
[0.729s] INFO:colcon.colcon_core.shell:Creating environment hook '/home/younousse/Documents/Autonomouscar/Programm/autofollow_ws/install/autofollow_lidar_detection/share/autofollow_lidar_detection/hook/ament_prefix_path.sh'
[0.730s] INFO:colcon.colcon_core.shell:Skip shell extension 'powershell' for command environment: Not usable outside of PowerShell
[0.730s] DEBUG:colcon.colcon_core.shell:Skip shell extension 'dsv' for command environment
[0.919s] INFO:colcon.colcon_core.task.python.build:Building Python package in '/home/younousse/Documents/Autonomouscar/Programm/autofollow_ws/src/autofollow_lidar_detection'
[0.919s] INFO:colcon.colcon_core.shell:Skip shell extension 'powershell' for command environment: Not usable outside of PowerShell
[0.919s] DEBUG:colcon.colcon_core.shell:Skip shell extension 'dsv' for command environment
[2.089s] DEBUG:colcon.colcon_core.event_handler.log_command:Invoking command in '/home/younousse/Documents/Autonomouscar/Programm/autofollow_ws/src/autofollow_lidar_detection': DEBUGINFOD_URLS=https://debuginfod.ubuntu.com PYTHONPATH=/home/younousse/Documents/Autonomouscar/Programm/autofollow_ws/build/autofollow_lidar_detection/prefix_override:/usr/lib/python3/dist-packages/colcon_core/task/python/colcon_distutils_commands:/home/younousse/Documents/Autonomouscar/Programm/autofollow_ws/install/autofollow_lidar_detection/lib/python3.12/site-packages:${PYTHONPATH} /usr/bin/python3 -W ignore:setup.py install is deprecated setup.py egg_info --egg-base ../../build/autofollow_lidar_detection build --build-base /home/younousse/Documents/Autonomouscar/Programm/autofollow_ws/build/autofollow_lidar_detection/build install --record /home/younousse/Documents/Autonomouscar/Programm/autofollow_ws/build/autofollow_lidar_detection/install.log --single-version-externally-managed install_data
[2.580s] DEBUG:colcon.colcon_core.event_handler.log_command:Invoked command in '/home/younousse/Documents/Autonomouscar/Programm/autofollow_ws/src/autofollow_lidar_detection' returned '0': DEBUGINFOD_URLS=https://debuginfod.ubuntu.com PYTHONPATH=/home/younousse/Documents/Autonomouscar/Programm/autofollow_ws/build/autofollow_lidar_detection/prefix_override:/usr/lib/python3/dist-packages/colcon_core/task/python/colcon_distutils_commands:/home/younousse/Documents/Autonomouscar/Programm/autofollow_ws/install/autofollow_lidar_detection/lib/python3.12/site-packages:${PYTHONPATH} /usr/bin/python3 -W ignore:setup.py install is deprecated setup.py egg_info --egg-base ../../build/autofollow_lidar_detection build --build-base /home/younousse/Documents/Autonomouscar/Programm/autofollow_ws/build/autofollow_lidar_detection/build install --record /home/younousse/Documents/Autonomouscar/Programm/autofollow_ws/build/autofollow_lidar_detection/install.log --single-version-externally-managed install_data
[2.605s] Level 1:colcon.colcon_core.environment:checking '/home/younousse/Documents/Autonomouscar/Programm/autofollow_ws/install/autofollow_lidar_detection' for CMake module files
[2.605s] Level 1:colcon.colcon_core.environment:checking '/home/younousse/Documents/Autonomouscar/Programm/autofollow_ws/install/autofollow_lidar_detection' for CMake config files
[2.606s] Level 1:colcon.colcon_core.environment:checking '/home/younousse/Documents/Autonomouscar/Programm/autofollow_ws/install/autofollow_lidar_detection/lib'
[2.606s] Level 1:colcon.colcon_core.environment:checking '/home/younousse/Documents/Autonomouscar/Programm/autofollow_ws/install/autofollow_lidar_detection/bin'
[2.606s] Level 1:colcon.colcon_core.environment:checking '/home/younousse/Documents/Autonomouscar/Programm/autofollow_ws/install/autofollow_lidar_detection/lib/pkgconfig/autofollow_lidar_detection.pc'
[2.606s] Level 1:colcon.colcon_core.environment:checking '/home/younousse/Documents/Autonomouscar/Programm/autofollow_ws/install/autofollow_lidar_detection/lib/python3.12/site-packages'
[2.606s] Level 1:colcon.colcon_core.shell:create_environment_hook('autofollow_lidar_detection', 'pythonpath')
[2.606s] INFO:colcon.colcon_core.shell:Creating environment hook '/home/younousse/Documents/Autonomouscar/Programm/autofollow_ws/install/autofollow_lidar_detection/share/autofollow_lidar_detection/hook/pythonpath.ps1'
[2.607s] INFO:colcon.colcon_core.shell:Creating environment descriptor '/home/younousse/Documents/Autonomouscar/Programm/autofollow_ws/install/autofollow_lidar_detection/share/autofollow_lidar_detection/hook/pythonpath.dsv'
[2.607s] INFO:colcon.colcon_core.shell:Creating environment hook '/home/younousse/Documents/Autonomouscar/Programm/autofollow_ws/install/autofollow_lidar_detection/share/autofollow_lidar_detection/hook/pythonpath.sh'
[2.607s] Level 1:colcon.colcon_core.environment:checking '/home/younousse/Documents/Autonomouscar/Programm/autofollow_ws/install/autofollow_lidar_detection/bin'
[2.607s] Level 1:colcon.colcon_core.environment:create_environment_scripts_only(autofollow_lidar_detection)
[2.607s] INFO:colcon.colcon_core.shell:Creating package script '/home/younousse/Documents/Autonomouscar/Programm/autofollow_ws/install/autofollow_lidar_detection/share/autofollow_lidar_detection/package.ps1'
[2.608s] INFO:colcon.colcon_core.shell:Creating package descriptor '/home/younousse/Documents/Autonomouscar/Programm/autofollow_ws/install/autofollow_lidar_detection/share/autofollow_lidar_detection/package.dsv'
[2.608s] INFO:colcon.colcon_core.shell:Creating package script '/home/younousse/Documents/Autonomouscar/Programm/autofollow_ws/install/autofollow_lidar_detection/share/autofollow_lidar_detection/package.sh'
[2.609s] INFO:colcon.colcon_core.shell:Creating package script '/home/younousse/Documents/Autonomouscar/Programm/autofollow_ws/install/autofollow_lidar_detection/share/autofollow_lidar_detection/package.bash'
[2.620s] INFO:colcon.colcon_core.shell:Creating package script '/home/younousse/Documents/Autonomouscar/Programm/autofollow_ws/install/autofollow_lidar_detection/share/autofollow_lidar_detection/package.zsh'
[2.629s] Level 1:colcon.colcon_core.environment:create_file_with_runtime_dependencies(/home/younousse/Documents/Autonomouscar/Programm/autofollow_ws/install/autofollow_lidar_detection/share/colcon-core/packages/autofollow_lidar_detection)
[2.629s] DEBUG:colcon.colcon_parallel_executor.executor.parallel:closing loop
[2.630s] DEBUG:colcon.colcon_parallel_executor.executor.parallel:loop closed
[2.630s] DEBUG:colcon.colcon_parallel_executor.executor.parallel:run_until_complete finished with '0'
[2.630s] DEBUG:colcon.colcon_core.event_reactor:joining thread
[2.648s] INFO:colcon.colcon_core.plugin_system:Skipping extension 'colcon_notification.desktop_notification.terminal_notifier': Not used on non-Darwin systems
[2.648s] INFO:colcon.colcon_core.plugin_system:Skipping extension 'colcon_notification.desktop_notification.win32': Not used on non-Windows systems
[2.648s] INFO:colcon.colcon_notification.desktop_notification:Sending desktop notification using 'notify2'
[2.668s] DEBUG:colcon.colcon_core.event_reactor:joined thread
[2.668s] INFO:colcon.colcon_core.shell:Creating prefix script '/home/younousse/Documents/Autonomouscar/Programm/autofollow_ws/install/local_setup.ps1'
[2.670s] INFO:colcon.colcon_core.shell:Creating prefix util module '/home/younousse/Documents/Autonomouscar/Programm/autofollow_ws/install/_local_setup_util_ps1.py'
[2.671s] INFO:colcon.colcon_core.shell:Creating prefix chain script '/home/younousse/Documents/Autonomouscar/Programm/autofollow_ws/install/setup.ps1'
[2.672s] INFO:colcon.colcon_core.shell:Creating prefix script '/home/younousse/Documents/Autonomouscar/Programm/autofollow_ws/install/local_setup.sh'
[2.673s] INFO:colcon.colcon_core.shell:Creating prefix util module '/home/younousse/Documents/Autonomouscar/Programm/autofollow_ws/install/_local_setup_util_sh.py'
[2.673s] INFO:colcon.colcon_core.shell:Creating prefix chain script '/home/younousse/Documents/Autonomouscar/Programm/autofollow_ws/install/setup.sh'
[2.674s] INFO:colcon.colcon_core.shell:Creating prefix script '/home/younousse/Documents/Autonomouscar/Programm/autofollow_ws/install/local_setup.bash'
[2.675s] INFO:colcon.colcon_core.shell:Creating prefix chain script '/home/younousse/Documents/Autonomouscar/Programm/autofollow_ws/install/setup.bash'
[2.676s] INFO:colcon.colcon_core.shell:Creating prefix script '/home/younousse/Documents/Autonomouscar/Programm/autofollow_ws/install/local_setup.zsh'
[2.676s] INFO:colcon.colcon_core.shell:Creating prefix chain script '/home/younousse/Documents/Autonomouscar/Programm/autofollow_ws/install/setup.zsh'
