[0.053s] Invoking command in '/home/youss/Documents/Projet/Autonomouscar/ros_ws/build/robot': CMAKE_PREFIX_PATH=${CMAKE_PREFIX_PATH}:/opt/ros/jazzy DEBUGINFOD_URLS=https://debuginfod.ubuntu.com /usr/bin/cmake --build /home/youss/Documents/Projet/Autonomouscar/ros_ws/build/robot -- -j4 -l4
[0.370s] [ 12%] Built target encoders_subscriber
[0.375s] [ 43%] Built target main
[0.375s] [ 56%] Built target robot_controller
[0.378s] [ 68%] Built target position_publisher
[0.512s] [ 81%] Built target position_reader
[0.539s] [ 87%] [32mBuilding CXX object CMakeFiles/motor_subscriber.dir/src/motor_subscriber.cpp.o[0m
[11.665s] In file included from [01m[K/opt/ros/jazzy/include/rclcpp/rclcpp/logging.hpp:24[m[K,
[11.665s]                  from [01m[K/opt/ros/jazzy/include/rclcpp/rclcpp/copy_all_parameter_values.hpp:27[m[K,
[11.666s]                  from [01m[K/opt/ros/jazzy/include/rclcpp/rclcpp/rclcpp.hpp:171[m[K,
[11.666s]                  from [01m[K/home/youss/Documents/Projet/Autonomouscar/ros_ws/src/robot/include/robot/motor_subscriber.h:4[m[K,
[11.666s]                  from [01m[K/home/youss/Documents/Projet/Autonomouscar/ros_ws/src/robot/src/motor_subscriber.cpp:1[m[K:
[11.667s] [01m[K/home/youss/Documents/Projet/Autonomouscar/ros_ws/src/robot/src/motor_subscriber.cpp:[m[K In member function ‘[01m[Kstd::vector<unsigned int> Motor_subscriber::[01;32m[Kconvert_msg_to_duty_cycles[m[K(const geometry_msgs::msg::Twist_<std::allocator<void> >::UniquePtr&) const[m[K’:
[11.667s] [01m[K/home/youss/Documents/Projet/Autonomouscar/ros_ws/src/robot/src/motor_subscriber.cpp:132:71:[m[K [01;31m[Kerror: [m[K‘[01m[Kduty_cycle[m[K’ was not declared in this scope
[11.667s]   132 | _INFO(this->get_logger(), "Converted left_duty_cycle : %d", [01;31m[Kduty_cycle[m[K);
[11.668s]       |                                                             [01;31m[K^~~~~~~~~~[m[K
[11.668s] 
[11.673s] In file included from [01m[K/usr/include/c++/13/vector:66[m[K,
[11.674s]                  from [01m[K/opt/ros/jazzy/include/rclcpp/rclcpp/copy_all_parameter_values.hpp:19[m[K:
[11.675s] /usr/include/c++/13/bits/stl_vector.h: In instantiation of ‘[01m[Kstruct std::_Vector_base<unsigned int, unsigned int>[m[K’:
[11.675s] [01m[K/usr/include/c++/13/bits/stl_vector.h:428:11:[m[K   required from ‘[01m[Kclass std::vector<unsigned int, unsigned int>[m[K’
[11.675s] [01m[K/home/youss/Documents/Projet/Autonomouscar/ros_ws/src/robot/src/motor_subscriber.cpp:159:45:[m[K   required from here
[11.676s] [01m[K/usr/include/c++/13/bits/stl_vector.h:88:28:[m[K [01;31m[Kerror: [m[K‘[01m[Kunsigned int[m[K’ is not a class, struct, or union type
[11.676s]    88 |         rebind<_Tp>::other [01;31m[K_Tp_alloc_type[m[K;
[11.677s]       |                            [01;31m[K^~~~~~~~~~~~~~[m[K
[11.677s] [01m[K/usr/include/c++/13/bits/stl_vector.h:90:9:[m[K [01;31m[Kerror: [m[K‘[01m[Kunsigned int[m[K’ is not a class, struct, or union type
[11.678s]    90 |         [01;31m[Kpointer[m[K;
[11.678s]       |         [01;31m[K^~~~~~~[m[K
[11.679s] /usr/include/c++/13/bits/stl_vector.h: In instantiation of ‘[01m[Kclass std::vector<unsigned int, unsigned int>[m[K’:
[11.679s] [01m[K/home/youss/Documents/Projet/Autonomouscar/ros_ws/src/robot/src/motor_subscriber.cpp:159:45:[m[K   required from here
[11.679s] [01m[K/usr/include/c++/13/bits/stl_vector.h:518:20:[m[K [01;31m[Kerror: [m[K‘[01m[K_M_allocate[m[K’ has not been declared in ‘[01m[Kstd::vector<unsigned int, unsigned int>::_Base[m[K’
[11.680s]   518 |       using _Base::[01;31m[K_M_allocate[m[K;
[11.680s]       |                    [01;31m[K^~~~~~~~~~~[m[K
[11.680s] [01m[K/usr/include/c++/13/bits/stl_vector.h:519:20:[m[K [01;31m[Kerror: [m[K‘[01m[K_M_deallocate[m[K’ has not been declared in ‘[01m[Kstd::vector<unsigned int, unsigned int>::_Base[m[K’
[11.681s]   519 |       using _Base::[01;31m[K_M_deallocate[m[K;
[11.681s]       |                    [01;31m[K^~~~~~~~~~~~~[m[K
[11.682s] [01m[K/usr/include/c++/13/bits/stl_vector.h:521:20:[m[K [01;31m[Kerror: [m[K‘[01m[K_M_get_Tp_allocator[m[K’ has not been declared in ‘[01m[Kstd::vector<unsigned int, unsigned int>::_Base[m[K’
[11.682s]   521 |       using _Base::[01;31m[K_M_get_Tp_allocator[m[K;
[11.682s]       |                    [01;31m[K^~~~~~~~~~~~~~~~~~~[m[K
[11.683s] [01m[K/home/youss/Documents/Projet/Autonomouscar/ros_ws/src/robot/src/motor_subscriber.cpp:[m[K In member function ‘[01m[Kvoid Motor_subscriber::[01;32m[Kset_left_motor_and_right_motor_duty_cycle[m[K(const geometry_msgs::msg::Twist_<std::allocator<void> >::UniquePtr&)[m[K’:
[11.683s] [01m[K/home/youss/Documents/Projet/Autonomouscar/ros_ws/src/robot/src/motor_subscriber.cpp:159:85:[m[K [01;31m[Kerror: [m[Kconversion from ‘[01m[Kvector<[...],[01;32m[Kstd::allocator<unsigned int>[m[K>[m[K’ to non-scalar type ‘[01m[Kvector<[...],[01;32m[Kunsigned int[m[K>[m[K’ requested
[11.684s]   159 | igned int, unsigned int> duty_cycles = [01;31m[Kconvert_msg_to_duty_cycles(msg)[m[K;
[11.684s]       |                                        [01;31m[K~~~~~~~~~~~~~~~~~~~~~~~~~~^~~~~[m[K
[11.684s] 
[20.423s] gmake[2]: *** [CMakeFiles/motor_subscriber.dir/build.make:76: CMakeFiles/motor_subscriber.dir/src/motor_subscriber.cpp.o] Error 1
[20.424s] gmake[1]: *** [CMakeFiles/Makefile2:251: CMakeFiles/motor_subscriber.dir/all] Error 2
[20.425s] gmake: *** [Makefile:146: all] Error 2
[20.432s] Invoked command in '/home/youss/Documents/Projet/Autonomouscar/ros_ws/build/robot' returned '2': CMAKE_PREFIX_PATH=${CMAKE_PREFIX_PATH}:/opt/ros/jazzy DEBUGINFOD_URLS=https://debuginfod.ubuntu.com /usr/bin/cmake --build /home/youss/Documents/Projet/Autonomouscar/ros_ws/build/robot -- -j4 -l4
