[0.049s] Invoking command in '/home/youss/Documents/Projet/Autonomouscar/ros_ws/build/robot': CMAKE_PREFIX_PATH=${CMAKE_PREFIX_PATH}:/opt/ros/jazzy DEBUGINFOD_URLS=https://debuginfod.ubuntu.com /usr/bin/cmake --build /home/youss/Documents/Projet/Autonomouscar/ros_ws/build/robot -- -j4 -l4
[0.351s] [ 18%] Built target listener
[0.353s] [ 36%] Built target robot_controller
[0.356s] [ 54%] Built target position_publisher
[0.381s] [ 81%] Built target encoders
[0.484s] [100%] Built target motor_subscriber
[0.535s] Invoked command in '/home/youss/Documents/Projet/Autonomouscar/ros_ws/build/robot' returned '0': CMAKE_PREFIX_PATH=${CMAKE_PREFIX_PATH}:/opt/ros/jazzy DEBUGINFOD_URLS=https://debuginfod.ubuntu.com /usr/bin/cmake --build /home/youss/Documents/Projet/Autonomouscar/ros_ws/build/robot -- -j4 -l4
[0.819s] Invoking command in '/home/youss/Documents/Projet/Autonomouscar/ros_ws/build/robot': CMAKE_PREFIX_PATH=${CMAKE_PREFIX_PATH}:/opt/ros/jazzy DEBUGINFOD_URLS=https://debuginfod.ubuntu.com /usr/bin/cmake --install /home/youss/Documents/Projet/Autonomouscar/ros_ws/build/robot
[0.857s] -- Install configuration: ""
[0.858s] -- Execute custom install script
[0.860s] -- Up-to-date symlink: /home/youss/Documents/Projet/Autonomouscar/ros_ws/install/robot/lib/robot/encoders
[0.861s] -- Up-to-date symlink: /home/youss/Documents/Projet/Autonomouscar/ros_ws/install/robot/lib/robot/listener
[0.862s] -- Up-to-date symlink: /home/youss/Documents/Projet/Autonomouscar/ros_ws/install/robot/lib/robot/robot_controller
[0.863s] -- Up-to-date symlink: /home/youss/Documents/Projet/Autonomouscar/ros_ws/install/robot/lib/robot/position_publisher
[0.864s] -- Up-to-date symlink: /home/youss/Documents/Projet/Autonomouscar/ros_ws/install/robot/lib/robot/motor_subscriber
[0.865s] -- Up-to-date symlink: /home/youss/Documents/Projet/Autonomouscar/ros_ws/install/robot/share/ament_index/resource_index/package_run_dependencies/robot
[0.866s] -- Up-to-date symlink: /home/youss/Documents/Projet/Autonomouscar/ros_ws/install/robot/share/ament_index/resource_index/parent_prefix_path/robot
[0.867s] -- Up-to-date symlink: /home/youss/Documents/Projet/Autonomouscar/ros_ws/install/robot/share/robot/environment/ament_prefix_path.sh
[0.868s] -- Up-to-date symlink: /home/youss/Documents/Projet/Autonomouscar/ros_ws/install/robot/share/robot/environment/ament_prefix_path.dsv
[0.869s] -- Up-to-date symlink: /home/youss/Documents/Projet/Autonomouscar/ros_ws/install/robot/share/robot/environment/path.sh
[0.871s] -- Up-to-date symlink: /home/youss/Documents/Projet/Autonomouscar/ros_ws/install/robot/share/robot/environment/path.dsv
[0.872s] -- Up-to-date symlink: /home/youss/Documents/Projet/Autonomouscar/ros_ws/install/robot/share/robot/local_setup.bash
[0.873s] -- Up-to-date symlink: /home/youss/Documents/Projet/Autonomouscar/ros_ws/install/robot/share/robot/local_setup.sh
[0.874s] -- Up-to-date symlink: /home/youss/Documents/Projet/Autonomouscar/ros_ws/install/robot/share/robot/local_setup.zsh
[0.875s] -- Up-to-date symlink: /home/youss/Documents/Projet/Autonomouscar/ros_ws/install/robot/share/robot/local_setup.dsv
[0.875s] -- Symlinking: /home/youss/Documents/Projet/Autonomouscar/ros_ws/install/robot/share/robot/package.dsv
[0.921s] -- Up-to-date symlink: /home/youss/Documents/Projet/Autonomouscar/ros_ws/install/robot/share/ament_index/resource_index/packages/robot
[0.922s] -- Up-to-date symlink: /home/youss/Documents/Projet/Autonomouscar/ros_ws/install/robot/share/robot/cmake/robotConfig.cmake
[0.923s] -- Up-to-date symlink: /home/youss/Documents/Projet/Autonomouscar/ros_ws/install/robot/share/robot/cmake/robotConfig-version.cmake
[0.924s] -- Up-to-date symlink: /home/youss/Documents/Projet/Autonomouscar/ros_ws/install/robot/share/robot/package.xml
[0.932s] Invoked command in '/home/youss/Documents/Projet/Autonomouscar/ros_ws/build/robot' returned '0': CMAKE_PREFIX_PATH=${CMAKE_PREFIX_PATH}:/opt/ros/jazzy DEBUGINFOD_URLS=https://debuginfod.ubuntu.com /usr/bin/cmake --install /home/youss/Documents/Projet/Autonomouscar/ros_ws/build/robot
