[01m[K/home/youss/Documents/Projet/Autonomouscar/ros_ws/src/robot/src/encoders.cpp:[m[K In constructor ‘[01m[KEncoders::[01;32m[KEncoders[m[K(const unsigned int&, const unsigned int&, const unsigned int&, std::string)[m[K’:
[01m[K/home/youss/Documents/Projet/Autonomouscar/ros_ws/src/robot/src/encoders.cpp:75:24:[m[K [01;35m[Kwarning: [m[Kunused variable ‘[01m[Kinterval[m[K’ [[01;35m[K]8;;https://gcc.gnu.org/onlinedocs/gcc/Warning-Options.html#index-Wunused-variable-Wunused-variable]8;;[m[K]
   75 |     const unsigned int [01;35m[Kinterval[m[K = 1000;
      |                        [01;35m[K^~~~~~~~[m[K
[01m[K/home/youss/Documents/Projet/Autonomouscar/ros_ws/src/robot/src/main.cpp:[m[K In lambda function:
[01m[K/home/youss/Documents/Projet/Autonomouscar/ros_ws/src/robot/src/main.cpp:80:23:[m[K [01;31m[Kerror: [m[K‘[01m[Kencoder_A[m[K’ is not captured
   80 |     timer_start(([](){[01;31m[Kencoder_A[m[K.compute_rps_handler; encoder_B.compute_rps_handler}),
      |                       [01;31m[K^~~~~~~~~[m[K
[01m[K/home/youss/Documents/Projet/Autonomouscar/ros_ws/src/robot/src/main.cpp:80:19:[m[K [01;36m[Knote: [m[Kthe lambda has no capture-default
   80 |     timer_start(([[01;36m[K][m[K(){encoder_A.compute_rps_handler; encoder_B.compute_rps_handler}),
      |                   [01;36m[K^[m[K
[01m[K/home/youss/Documents/Projet/Autonomouscar/ros_ws/src/robot/src/main.cpp:71:14:[m[K [01;36m[Knote: [m[K‘[01m[KEncoders encoder_A[m[K’ declared here
   71 |     Encoders [01;36m[Kencoder_A[m[K(M1A_GPIO,
      |              [01;36m[K^~~~~~~~~[m[K
[01m[K/home/youss/Documents/Projet/Autonomouscar/ros_ws/src/robot/src/main.cpp:80:54:[m[K [01;31m[Kerror: [m[K‘[01m[Kencoder_B[m[K’ is not captured
   80 |     timer_start(([](){encoder_A.compute_rps_handler; [01;31m[Kencoder_B[m[K.compute_rps_handler}),
      |                                                      [01;31m[K^~~~~~~~~[m[K
[01m[K/home/youss/Documents/Projet/Autonomouscar/ros_ws/src/robot/src/main.cpp:80:19:[m[K [01;36m[Knote: [m[Kthe lambda has no capture-default
   80 |     timer_start(([[01;36m[K][m[K(){encoder_A.compute_rps_handler; encoder_B.compute_rps_handler}),
      |                   [01;36m[K^[m[K
[01m[K/home/youss/Documents/Projet/Autonomouscar/ros_ws/src/robot/src/main.cpp:76:14:[m[K [01;36m[Knote: [m[K‘[01m[KEncoders encoder_B[m[K’ declared here
   76 |     Encoders [01;36m[Kencoder_B[m[K(M1B_GPIO,
      |              [01;36m[K^~~~~~~~~[m[K
gmake[2]: *** [CMakeFiles/encoders.dir/build.make:76: CMakeFiles/encoders.dir/src/main.cpp.o] Error 1
gmake[2]: *** Waiting for unfinished jobs....
gmake[1]: *** [CMakeFiles/Makefile2:137: CMakeFiles/encoders.dir/all] Error 2
gmake: *** [Makefile:146: all] Error 2
