[0.063s] Invoking command in '/home/youss/Documents/Projet/Autonomouscar/ros_ws/build/robot': CMAKE_PREFIX_PATH=${CMAKE_PREFIX_PATH}:/opt/ros/jazzy DEBUGINFOD_URLS=https://debuginfod.ubuntu.com /usr/bin/cmake --build /home/youss/Documents/Projet/Autonomouscar/ros_ws/build/robot -- -j4 -l4
[0.700s] [ 25%] [32mBuilding CXX object CMakeFiles/encoders.dir/src/main.cpp.o[0m
[0.701s] [ 50%] [32mBuilding CXX object CMakeFiles/encoders.dir/src/encoders.cpp.o[0m
[4.051s] [01m[K/home/youss/Documents/Projet/Autonomouscar/ros_ws/src/robot/src/encoders.cpp:[m[K In constructor ‘[01m[KEncoders::[01;32m[KEncoders[m[K(const unsigned int&, const unsigned int&, const unsigned int&, std::string)[m[K’:
[4.052s] [01m[K/home/youss/Documents/Projet/Autonomouscar/ros_ws/src/robot/src/encoders.cpp:75:24:[m[K [01;35m[Kwarning: [m[Kunused variable ‘[01m[Kinterval[m[K’ [[01;35m[K]8;;https://gcc.gnu.org/onlinedocs/gcc/Warning-Options.html#index-Wunused-variable-Wunused-variable]8;;[m[K]
[4.053s]    75 |     const unsigned int [01;35m[Kinterval[m[K = 1000;
[4.053s]       |                        [01;35m[K^~~~~~~~[m[K
[4.067s] [01m[K/home/youss/Documents/Projet/Autonomouscar/ros_ws/src/robot/src/main.cpp:[m[K In lambda function:
[4.068s] [01m[K/home/youss/Documents/Projet/Autonomouscar/ros_ws/src/robot/src/main.cpp:80:23:[m[K [01;31m[Kerror: [m[K‘[01m[Kencoder_A[m[K’ is not captured
[4.068s]    80 |     timer_start(([](){[01;31m[Kencoder_A[m[K.compute_rps_handler; encoder_B.compute_rps_handler}),
[4.069s]       |                       [01;31m[K^~~~~~~~~[m[K
[4.070s] [01m[K/home/youss/Documents/Projet/Autonomouscar/ros_ws/src/robot/src/main.cpp:80:19:[m[K [01;36m[Knote: [m[Kthe lambda has no capture-default
[4.070s]    80 |     timer_start(([[01;36m[K][m[K(){encoder_A.compute_rps_handler; encoder_B.compute_rps_handler}),
[4.071s]       |                   [01;36m[K^[m[K
[4.071s] [01m[K/home/youss/Documents/Projet/Autonomouscar/ros_ws/src/robot/src/main.cpp:71:14:[m[K [01;36m[Knote: [m[K‘[01m[KEncoders encoder_A[m[K’ declared here
[4.072s]    71 |     Encoders [01;36m[Kencoder_A[m[K(M1A_GPIO,
[4.073s]       |              [01;36m[K^~~~~~~~~[m[K
[4.073s] [01m[K/home/youss/Documents/Projet/Autonomouscar/ros_ws/src/robot/src/main.cpp:80:54:[m[K [01;31m[Kerror: [m[K‘[01m[Kencoder_B[m[K’ is not captured
[4.074s]    80 |     timer_start(([](){encoder_A.compute_rps_handler; [01;31m[Kencoder_B[m[K.compute_rps_handler}),
[4.074s]       |                                                      [01;31m[K^~~~~~~~~[m[K
[4.075s] [01m[K/home/youss/Documents/Projet/Autonomouscar/ros_ws/src/robot/src/main.cpp:80:19:[m[K [01;36m[Knote: [m[Kthe lambda has no capture-default
[4.076s]    80 |     timer_start(([[01;36m[K][m[K(){encoder_A.compute_rps_handler; encoder_B.compute_rps_handler}),
[4.076s]       |                   [01;36m[K^[m[K
[4.077s] [01m[K/home/youss/Documents/Projet/Autonomouscar/ros_ws/src/robot/src/main.cpp:76:14:[m[K [01;36m[Knote: [m[K‘[01m[KEncoders encoder_B[m[K’ declared here
[4.077s]    76 |     Encoders [01;36m[Kencoder_B[m[K(M1B_GPIO,
[4.078s]       |              [01;36m[K^~~~~~~~~[m[K
[4.437s] gmake[2]: *** [CMakeFiles/encoders.dir/build.make:76: CMakeFiles/encoders.dir/src/main.cpp.o] Error 1
[4.437s] gmake[2]: *** Waiting for unfinished jobs....
[4.841s] gmake[1]: *** [CMakeFiles/Makefile2:137: CMakeFiles/encoders.dir/all] Error 2
[4.842s] gmake: *** [Makefile:146: all] Error 2
[4.850s] Invoked command in '/home/youss/Documents/Projet/Autonomouscar/ros_ws/build/robot' returned '2': CMAKE_PREFIX_PATH=${CMAKE_PREFIX_PATH}:/opt/ros/jazzy DEBUGINFOD_URLS=https://debuginfod.ubuntu.com /usr/bin/cmake --build /home/youss/Documents/Projet/Autonomouscar/ros_ws/build/robot -- -j4 -l4
