[0.047s] Invoking command in '/home/youss/Documents/Projet/Autonomouscar/ros_ws/build/robot': CMAKE_PREFIX_PATH=${CMAKE_PREFIX_PATH}:/opt/ros/jazzy DEBUGINFOD_URLS=https://debuginfod.ubuntu.com /usr/bin/cmake --build /home/youss/Documents/Projet/Autonomouscar/ros_ws/build/robot -- -j4 -l4
[0.203s] -- Found ament_cmake: 2.5.2 (/opt/ros/jazzy/share/ament_cmake/cmake)
[1.218s] -- Override CMake install command with custom implementation using symlinks instead of copying resources
[1.291s] -- Found rclcpp: 28.1.5 (/opt/ros/jazzy/share/rclcpp/cmake)
[1.496s] -- Found rosidl_generator_c: 4.6.4 (/opt/ros/jazzy/share/rosidl_generator_c/cmake)
[1.548s] -- Found rosidl_generator_cpp: 4.6.4 (/opt/ros/jazzy/share/rosidl_generator_cpp/cmake)
[1.615s] -- Using all available rosidl_typesupport_c: rosidl_typesupport_fastrtps_c;rosidl_typesupport_introspection_c
[1.690s] -- Using all available rosidl_typesupport_cpp: rosidl_typesupport_fastrtps_cpp;rosidl_typesupport_introspection_cpp
[1.994s] -- Found rmw_implementation_cmake: 7.3.1 (/opt/ros/jazzy/share/rmw_implementation_cmake/cmake)
[2.005s] -- Found rmw_fastrtps_cpp: 8.4.1 (/opt/ros/jazzy/share/rmw_fastrtps_cpp/cmake)
[2.333s] -- Using RMW implementation 'rmw_fastrtps_cpp' as default
[2.628s] -- Found std_msgs: 5.3.5 (/opt/ros/jazzy/share/std_msgs/cmake)
[2.694s] -- Found geometry_msgs: 5.3.5 (/opt/ros/jazzy/share/geometry_msgs/cmake)
[2.767s] -- Found ament_lint_auto: 0.17.1 (/opt/ros/jazzy/share/ament_lint_auto/cmake)
[3.238s] -- Added test 'cppcheck' to perform static code analysis on C / C++ code
[3.240s] -- Configured cppcheck include dirs: $<BUILD_INTERFACE:/home/youss/Documents/Projet/Autonomouscar/ros_ws/src/robot/include>
[3.240s] -- Configured cppcheck exclude dirs and/or files: 
[3.244s] -- Added test 'flake8' to check Python code syntax and style conventions
[3.244s] -- Configured 'flake8' exclude dirs and/or files: 
[3.249s] -- Added test 'lint_cmake' to check CMake code style
[3.252s] -- Added test 'pep257' to check Python code against some of the docstring style conventions in PEP 257
[3.267s] -- Added test 'uncrustify' to check C / C++ code style
[3.268s] -- Configured uncrustify additional arguments: 
[3.272s] -- Added test 'xmllint' to check XML markup files
[3.303s] -- Configuring done (3.1s)
[3.494s] -- Generating done (0.1s)
[3.510s] -- Build files have been written to: /home/youss/Documents/Projet/Autonomouscar/ros_ws/build/robot
[3.730s] [  6%] [32mBuilding CXX object CMakeFiles/main.dir/src/main.cpp.o[0m
[3.754s] [ 18%] Built target listener
[3.759s] [ 31%] Built target robot_controller
[3.768s] [ 43%] Built target position_publisher
[3.816s] [ 50%] [32mBuilding CXX object CMakeFiles/main.dir/src/robot_controller.cpp.o[0m
[3.923s] [ 62%] Built target motor_subscriber
[3.923s] [ 75%] Built target position_reader
[58.221s] [ 81%] [32m[1mLinking CXX executable main[0m
[58.521s] /usr/bin/ld: CMakeFiles/main.dir/src/robot_controller.cpp.o: in function `main':
[58.522s] robot_controller.cpp:(.text+0xf08): multiple definition of `main'; CMakeFiles/main.dir/src/main.cpp.o:main.cpp:(.text+0x60): first defined here
[60.361s] collect2: error: ld returned 1 exit status
[60.368s] gmake[2]: *** [CMakeFiles/main.dir/build.make:245: main] Error 1
[60.369s] gmake[1]: *** [CMakeFiles/Makefile2:147: CMakeFiles/main.dir/all] Error 2
[60.369s] gmake: *** [Makefile:146: all] Error 2
[60.378s] Invoked command in '/home/youss/Documents/Projet/Autonomouscar/ros_ws/build/robot' returned '2': CMAKE_PREFIX_PATH=${CMAKE_PREFIX_PATH}:/opt/ros/jazzy DEBUGINFOD_URLS=https://debuginfod.ubuntu.com /usr/bin/cmake --build /home/youss/Documents/Projet/Autonomouscar/ros_ws/build/robot -- -j4 -l4
