[0.057s] Invoking command in '/home/youss/Documents/Projet/Autonomouscar/ros_ws/build/robot': CMAKE_PREFIX_PATH=${CMAKE_PREFIX_PATH}:/opt/ros/jazzy DEBUGINFOD_URLS=https://debuginfod.ubuntu.com /usr/bin/cmake --build /home/youss/Documents/Projet/Autonomouscar/ros_ws/build/robot -- -j4 -l4
[0.385s] [ 14%] [32mBuilding CXX object CMakeFiles/encoders.dir/src/main.cpp.o[0m
[0.388s] [ 28%] [32mBuilding CXX object CMakeFiles/encoders.dir/src/channel.cpp.o[0m
[0.393s] [ 42%] [32mBuilding CXX object CMakeFiles/encoders.dir/src/encoders.cpp.o[0m
[0.408s] [ 57%] [32mBuilding CXX object CMakeFiles/encoders.dir/src/encoders_publisher.cpp.o[0m
[3.551s] [01m[K/home/youss/Documents/Projet/Autonomouscar/ros_ws/src/robot/src/channel.cpp:42:6:[m[K [01;31m[Kerror: [m[Kno declaration matches ‘[01m[Kvoid Channel::[01;32m[Kcount_number_of_changes[m[K(const unsigned int&)[m[K’
[3.555s]    42 | void [01;31m[KChannel[m[K::count_number_of_changes(const unsigned int &channel_gpio)
[3.558s]       |      [01;31m[K^~~~~~~[m[K
[3.559s] In file included from [01m[K/home/youss/Documents/Projet/Autonomouscar/ros_ws/src/robot/src/channel.cpp:5[m[K:
[3.563s] [01m[K/home/youss/Documents/Projet/Autonomouscar/ros_ws/src/robot/include/robot/channel.h:13:14:[m[K [01;36m[Knote: [m[Kcandidate is: ‘[01m[Kvoid Channel::[01;32m[Kcount_number_of_changes[m[K()[m[K’
[3.564s]    13 |         void [01;36m[Kcount_number_of_changes[m[K();
[3.568s]       |              [01;36m[K^~~~~~~~~~~~~~~~~~~~~~~[m[K
[3.569s] [01m[K/home/youss/Documents/Projet/Autonomouscar/ros_ws/src/robot/include/robot/channel.h:4:8:[m[K [01;36m[Knote: [m[K‘[01m[Kstruct Channel[m[K’ defined here
[3.572s]     4 | struct [01;36m[KChannel[m[K
[3.575s]       |        [01;36m[K^~~~~~~[m[K
[3.900s] gmake[2]: *** [CMakeFiles/encoders.dir/build.make:90: CMakeFiles/encoders.dir/src/channel.cpp.o] Error 1
[3.901s] gmake[2]: *** Waiting for unfinished jobs....
[4.542s] [01m[K/home/youss/Documents/Projet/Autonomouscar/ros_ws/src/robot/src/encoders.cpp:[m[K In member function ‘[01m[Kvoid Encoders::[01;32m[Kcompute_rps[m[K()[m[K’:
[4.543s] [01m[K/home/youss/Documents/Projet/Autonomouscar/ros_ws/src/robot/src/encoders.cpp:207:5:[m[K [01;31m[Kerror: [m[K‘[01m[Kcount_number_of_changes[m[K’ was not declared in this scope
[4.544s]   207 |     [01;31m[Kcount_number_of_changes[m[K();
[4.550s]       |     [01;31m[K^~~~~~~~~~~~~~~~~~~~~~~[m[K
[5.072s] gmake[2]: *** [CMakeFiles/encoders.dir/build.make:104: CMakeFiles/encoders.dir/src/encoders.cpp.o] Error 1
[23.922s] gmake[1]: *** [CMakeFiles/Makefile2:137: CMakeFiles/encoders.dir/all] Error 2
[23.923s] gmake: *** [Makefile:146: all] Error 2
[23.930s] Invoked command in '/home/youss/Documents/Projet/Autonomouscar/ros_ws/build/robot' returned '2': CMAKE_PREFIX_PATH=${CMAKE_PREFIX_PATH}:/opt/ros/jazzy DEBUGINFOD_URLS=https://debuginfod.ubuntu.com /usr/bin/cmake --build /home/youss/Documents/Projet/Autonomouscar/ros_ws/build/robot -- -j4 -l4
