[0.050s] Invoking command in '/home/youss/Documents/Projet/Autonomouscar/ros_ws/build/robot': CMAKE_PREFIX_PATH=${CMAKE_PREFIX_PATH}:/opt/ros/jazzy DEBUGINFOD_URLS=https://debuginfod.ubuntu.com /usr/bin/cmake --build /home/youss/Documents/Projet/Autonomouscar/ros_ws/build/robot -- -j4 -l4
[0.175s] -- Found ament_cmake: 2.5.2 (/opt/ros/jazzy/share/ament_cmake/cmake)
[1.131s] -- Override CMake install command with custom implementation using symlinks instead of copying resources
[1.165s] -- Found rclcpp: 28.1.5 (/opt/ros/jazzy/share/rclcpp/cmake)
[1.316s] -- Found rosidl_generator_c: 4.6.4 (/opt/ros/jazzy/share/rosidl_generator_c/cmake)
[1.354s] -- Found rosidl_generator_cpp: 4.6.4 (/opt/ros/jazzy/share/rosidl_generator_cpp/cmake)
[1.401s] -- Using all available rosidl_typesupport_c: rosidl_typesupport_fastrtps_c;rosidl_typesupport_introspection_c
[1.456s] -- Using all available rosidl_typesupport_cpp: rosidl_typesupport_fastrtps_cpp;rosidl_typesupport_introspection_cpp
[1.687s] -- Found rmw_implementation_cmake: 7.3.1 (/opt/ros/jazzy/share/rmw_implementation_cmake/cmake)
[1.693s] -- Found rmw_fastrtps_cpp: 8.4.1 (/opt/ros/jazzy/share/rmw_fastrtps_cpp/cmake)
[1.960s] -- Using RMW implementation 'rmw_fastrtps_cpp' as default
[2.179s] -- Found std_msgs: 5.3.5 (/opt/ros/jazzy/share/std_msgs/cmake)
[2.227s] -- Found geometry_msgs: 5.3.5 (/opt/ros/jazzy/share/geometry_msgs/cmake)
[2.282s] -- Found ament_lint_auto: 0.17.1 (/opt/ros/jazzy/share/ament_lint_auto/cmake)
[2.846s] -- Added test 'cppcheck' to perform static code analysis on C / C++ code
[2.847s] -- Configured cppcheck include dirs: $<BUILD_INTERFACE:/home/youss/Documents/Projet/Autonomouscar/ros_ws/src/robot/include>
[2.847s] -- Configured cppcheck exclude dirs and/or files: 
[2.850s] -- Added test 'flake8' to check Python code syntax and style conventions
[2.851s] -- Configured 'flake8' exclude dirs and/or files: 
[2.855s] -- Added test 'lint_cmake' to check CMake code style
[2.858s] -- Added test 'pep257' to check Python code against some of the docstring style conventions in PEP 257
[2.874s] -- Added test 'uncrustify' to check C / C++ code style
[2.874s] -- Configured uncrustify additional arguments: 
[2.877s] -- Added test 'xmllint' to check XML markup files
[2.904s] -- Configuring done (2.7s)
[3.051s] -- Generating done (0.1s)
[3.067s] -- Build files have been written to: /home/youss/Documents/Projet/Autonomouscar/ros_ws/build/robot
[3.302s] [ 13%] Built target encoders_subscriber
[3.305s] [ 26%] Built target robot_controller
[3.308s] [ 40%] Built target position_publisher
[3.313s] [ 73%] Built target main
[3.445s] [ 93%] Built target position_reader
[3.446s] [ 93%] [32m[1mLinking CXX executable motor_subscriber[0m
[4.702s] /usr/bin/ld: CMakeFiles/motor_subscriber.dir/src/motor_subscriber.cpp.o: in function `Motor_subscriber::set_motors_duty_cycle(std::unique_ptr<geometry_msgs::msg::Twist_<std::allocator<void> >, std::default_delete<geometry_msgs::msg::Twist_<std::allocator<void> > > > const&, Motor&, Motor&) const':
[4.702s] motor_subscriber.cpp:(.text+0x11ac): undefined reference to `Motor::set_duty_cycle(unsigned int const&)'
[4.703s] /usr/bin/ld: motor_subscriber.cpp:(.text+0x11bc): undefined reference to `Motor::set_duty_cycle(unsigned int const&)'
[4.871s] collect2: error: ld returned 1 exit status
[4.877s] gmake[2]: *** [CMakeFiles/motor_subscriber.dir/build.make:179: motor_subscriber] Error 1
[4.878s] gmake[1]: *** [CMakeFiles/Makefile2:251: CMakeFiles/motor_subscriber.dir/all] Error 2
[4.879s] gmake: *** [Makefile:146: all] Error 2
[4.887s] Invoked command in '/home/youss/Documents/Projet/Autonomouscar/ros_ws/build/robot' returned '2': CMAKE_PREFIX_PATH=${CMAKE_PREFIX_PATH}:/opt/ros/jazzy DEBUGINFOD_URLS=https://debuginfod.ubuntu.com /usr/bin/cmake --build /home/youss/Documents/Projet/Autonomouscar/ros_ws/build/robot -- -j4 -l4
