-- Found ament_cmake: 2.5.2 (/opt/ros/jazzy/share/ament_cmake/cmake)
-- Override CMake install command with custom implementation using symlinks instead of copying resources
-- Found ament_lint_auto: 0.17.1 (/opt/ros/jazzy/share/ament_lint_auto/cmake)
-- Added test 'cppcheck' to perform static code analysis on C / C++ code
-- Configured cppcheck include dirs: $<BUILD_INTERFACE:/home/youss/Documents/Projet/Autonomouscar/ros_ws/src/robot/include>
-- Configured cppcheck exclude dirs and/or files: 
-- Added test 'lint_cmake' to check CMake code style
-- Added test 'uncrustify' to check C / C++ code style
-- Configured uncrustify additional arguments: 
-- Added test 'xmllint' to check XML markup files
-- Configuring done (1.5s)
-- Generating done (0.0s)
-- Build files have been written to: /home/youss/Documents/Projet/Autonomouscar/ros_ws/build/robot
[ 25%] [32mBuilding CXX object CMakeFiles/encoders.dir/src/rpi4.cpp.o[0m
[01m[K/home/youss/Documents/Projet/Autonomouscar/ros_ws/src/robot/src/rpi4.cpp:[m[K In member function ‘[01m[Kbool RPI4::[01;32m[Kinit[m[K()[m[K’:
[01m[K/home/youss/Documents/Projet/Autonomouscar/ros_ws/src/robot/src/rpi4.cpp:12:5:[m[K [01;31m[Kerror: [m[K‘[01m[Kcout[m[K’ was not declared in this scope
   12 |     [01;31m[Kcout[m[K<<"Using pigpio version :" << gpioVersion() << endl;
      |     [01;31m[K^~~~[m[K
[01m[K/home/youss/Documents/Projet/Autonomouscar/ros_ws/src/robot/src/rpi4.cpp:3:1:[m[K [01;36m[Knote: [m[K‘[01m[Kstd::cout[m[K’ is defined in header ‘[01m[K<iostream>[m[K’; did you forget to ‘[01m[K#include <iostream>[m[K’?
    2 | #include <pigpio.h>
  +++ |+[32m[K#include <iostream>[m[K
    3 | 
[01m[K/home/youss/Documents/Projet/Autonomouscar/ros_ws/src/robot/src/rpi4.cpp:12:56:[m[K [01;31m[Kerror: [m[K‘[01m[Kendl[m[K’ was not declared in this scope
   12 |     cout<<"Using pigpio version :" << gpioVersion() << [01;31m[Kendl[m[K;
      |                                                        [01;31m[K^~~~[m[K
[01m[K/home/youss/Documents/Projet/Autonomouscar/ros_ws/src/robot/src/rpi4.cpp:3:1:[m[K [01;36m[Knote: [m[K‘[01m[Kstd::endl[m[K’ is defined in header ‘[01m[K<ostream>[m[K’; did you forget to ‘[01m[K#include <ostream>[m[K’?
    2 | #include <pigpio.h>
  +++ |+[32m[K#include <ostream>[m[K
    3 | 
[01m[K/home/youss/Documents/Projet/Autonomouscar/ros_ws/src/robot/src/rpi4.cpp:22:5:[m[K [01;31m[Kerror: [m[K‘[01m[Kgpio_result[m[K’ was not declared in this scope
   22 |     [01;31m[Kgpio_result[m[K = gpioInitialise();
      |     [01;31m[K^~~~~~~~~~~[m[K
gmake[2]: *** [CMakeFiles/encoders.dir/build.make:104: CMakeFiles/encoders.dir/src/rpi4.cpp.o] Error 1
gmake[1]: *** [CMakeFiles/Makefile2:137: CMakeFiles/encoders.dir/all] Error 2
gmake: *** [Makefile:146: all] Error 2
