[0.052s] Invoking command in '/home/youss/Documents/Projet/Autonomouscar/ros_ws/build/robot': CMAKE_PREFIX_PATH=${CMAKE_PREFIX_PATH}:/opt/ros/jazzy DEBUGINFOD_URLS=https://debuginfod.ubuntu.com /usr/bin/cmake --build /home/youss/Documents/Projet/Autonomouscar/ros_ws/build/robot -- -j4 -l4
[0.161s] -- Found ament_cmake: 2.5.2 (/opt/ros/jazzy/share/ament_cmake/cmake)
[1.127s] -- Override CMake install command with custom implementation using symlinks instead of copying resources
[1.163s] -- Found ament_lint_auto: 0.17.1 (/opt/ros/jazzy/share/ament_lint_auto/cmake)
[1.595s] -- Added test 'cppcheck' to perform static code analysis on C / C++ code
[1.596s] -- Configured cppcheck include dirs: $<BUILD_INTERFACE:/home/youss/Documents/Projet/Autonomouscar/ros_ws/src/robot/include>
[1.596s] -- Configured cppcheck exclude dirs and/or files: 
[1.600s] -- Added test 'lint_cmake' to check CMake code style
[1.609s] -- Added test 'uncrustify' to check C / C++ code style
[1.609s] -- Configured uncrustify additional arguments: 
[1.611s] -- Added test 'xmllint' to check XML markup files
[1.616s] -- Configuring done (1.5s)
[1.647s] -- Generating done (0.0s)
[1.657s] -- Build files have been written to: /home/youss/Documents/Projet/Autonomouscar/ros_ws/build/robot
[1.833s] [ 25%] [32mBuilding CXX object CMakeFiles/encoders.dir/src/rpi4.cpp.o[0m
[1.946s] [01m[K/home/youss/Documents/Projet/Autonomouscar/ros_ws/src/robot/src/rpi4.cpp:[m[K In member function ‘[01m[Kbool RPI4::[01;32m[Kinit[m[K()[m[K’:
[1.947s] [01m[K/home/youss/Documents/Projet/Autonomouscar/ros_ws/src/robot/src/rpi4.cpp:12:5:[m[K [01;31m[Kerror: [m[K‘[01m[Kcout[m[K’ was not declared in this scope
[1.947s]    12 |     [01;31m[Kcout[m[K<<"Using pigpio version :" << gpioVersion() << endl;
[1.948s]       |     [01;31m[K^~~~[m[K
[1.948s] [01m[K/home/youss/Documents/Projet/Autonomouscar/ros_ws/src/robot/src/rpi4.cpp:3:1:[m[K [01;36m[Knote: [m[K‘[01m[Kstd::cout[m[K’ is defined in header ‘[01m[K<iostream>[m[K’; did you forget to ‘[01m[K#include <iostream>[m[K’?
[1.949s]     2 | #include <pigpio.h>
[1.949s]   +++ |+[32m[K#include <iostream>[m[K
[1.949s]     3 | 
[1.950s] [01m[K/home/youss/Documents/Projet/Autonomouscar/ros_ws/src/robot/src/rpi4.cpp:12:56:[m[K [01;31m[Kerror: [m[K‘[01m[Kendl[m[K’ was not declared in this scope
[1.950s]    12 |     cout<<"Using pigpio version :" << gpioVersion() << [01;31m[Kendl[m[K;
[1.951s]       |                                                        [01;31m[K^~~~[m[K
[1.951s] [01m[K/home/youss/Documents/Projet/Autonomouscar/ros_ws/src/robot/src/rpi4.cpp:3:1:[m[K [01;36m[Knote: [m[K‘[01m[Kstd::endl[m[K’ is defined in header ‘[01m[K<ostream>[m[K’; did you forget to ‘[01m[K#include <ostream>[m[K’?
[1.952s]     2 | #include <pigpio.h>
[1.952s]   +++ |+[32m[K#include <ostream>[m[K
[1.953s]     3 | 
[1.957s] [01m[K/home/youss/Documents/Projet/Autonomouscar/ros_ws/src/robot/src/rpi4.cpp:22:5:[m[K [01;31m[Kerror: [m[K‘[01m[Kgpio_result[m[K’ was not declared in this scope
[1.957s]    22 |     [01;31m[Kgpio_result[m[K = gpioInitialise();
[1.958s]       |     [01;31m[K^~~~~~~~~~~[m[K
[1.965s] gmake[2]: *** [CMakeFiles/encoders.dir/build.make:104: CMakeFiles/encoders.dir/src/rpi4.cpp.o] Error 1
[1.966s] gmake[1]: *** [CMakeFiles/Makefile2:137: CMakeFiles/encoders.dir/all] Error 2
[1.967s] gmake: *** [Makefile:146: all] Error 2
[1.975s] Invoked command in '/home/youss/Documents/Projet/Autonomouscar/ros_ws/build/robot' returned '2': CMAKE_PREFIX_PATH=${CMAKE_PREFIX_PATH}:/opt/ros/jazzy DEBUGINFOD_URLS=https://debuginfod.ubuntu.com /usr/bin/cmake --build /home/youss/Documents/Projet/Autonomouscar/ros_ws/build/robot -- -j4 -l4
