[0.059s] Invoking command in '/home/youss/Documents/Projet/Autonomouscar/ros_ws/build/robot': CMAKE_PREFIX_PATH=${CMAKE_PREFIX_PATH}:/opt/ros/jazzy DEBUGINFOD_URLS=https://debuginfod.ubuntu.com /usr/bin/cmake --build /home/youss/Documents/Projet/Autonomouscar/ros_ws/build/robot -- -j4 -l4
[0.392s] [  6%] [32mBuilding CXX object CMakeFiles/main.dir/src/main.cpp.o[0m
[0.411s] [ 20%] Built target robot_controller
[0.416s] [ 33%] Built target position_publisher
[0.452s] [ 46%] Built target listener
[0.478s] [ 53%] [32mBuilding CXX object CMakeFiles/main.dir/src/encoders.cpp.o[0m
[0.612s] [ 66%] Built target motor_subscriber
[0.637s] [ 80%] Built target position_reader
[3.628s] [01m[K/home/youss/Documents/Projet/Autonomouscar/ros_ws/src/robot/src/main.cpp:[m[K In function ‘[01m[Kint[01;32m[K main[m[K()[m[K’:
[3.629s] [01m[K/home/youss/Documents/Projet/Autonomouscar/ros_ws/src/robot/src/main.cpp:94:44:[m[K [01;31m[Kerror: [m[K‘[01m[Kstatic void Encoders::[01;32m[Kcount_number_of_changes[m[K(Encoders&)[m[K’ is private within this context
[3.630s]    94 |     std::thread encoder_A_thread(Encoders::[01;31m[Kcount_number_of_changes[m[K, std::ref(encoder_A));
[3.631s]       |                                            [01;31m[K^~~~~~~~~~~~~~~~~~~~~~~[m[K
[3.632s] In file included from [01m[K/home/youss/Documents/Projet/Autonomouscar/ros_ws/src/robot/src/main.cpp:19[m[K:
[3.632s] [01m[K/home/youss/Documents/Projet/Autonomouscar/ros_ws/src/robot/include/robot/encoders.h:83:21:[m[K [01;36m[Knote: [m[Kdeclared private here
[3.634s]    83 |         static void [01;36m[Kcount_number_of_changes[m[K(Encoders &encoder);
[3.635s]       |                     [01;36m[K^~~~~~~~~~~~~~~~~~~~~~~[m[K
[3.932s] gmake[2]: *** [CMakeFiles/main.dir/build.make:76: CMakeFiles/main.dir/src/main.cpp.o] Error 1
[3.933s] gmake[2]: *** Waiting for unfinished jobs....
[3.934s] In file included from [01m[K/usr/include/c++/13/thread:45[m[K,
[3.934s]                  from [01m[K/home/youss/Documents/Projet/Autonomouscar/ros_ws/src/robot/src/encoders.cpp:4[m[K:
[3.935s] /usr/include/c++/13/bits/std_thread.h: In instantiation of ‘[01m[Kstd::thread::[01;32m[Kthread[m[K(_Callable&&, _Args&& ...) [35m[K[with _Callable = void (*)(Encoders&); _Args = {Encoders*}; <template-parameter-1-3> = void][m[K[m[K’:
[3.936s] [01m[K/home/youss/Documents/Projet/Autonomouscar/ros_ws/src/robot/src/encoders.cpp:265:76:[m[K   required from here
[3.936s] [01m[K/usr/include/c++/13/bits/std_thread.h:157:72:[m[K [01;31m[Kerror: [m[Kstatic assertion failed: std::thread arguments must be invocable after conversion to rvalues
[3.936s]   157 |                                       typename decay<_Args>::type...>::[01;31m[Kvalue[m[K,
[3.937s]       |                                                                        [01;31m[K^~~~~[m[K
[3.937s] [01m[K/usr/include/c++/13/bits/std_thread.h:157:72:[m[K [01;36m[Knote: [m[K‘[01m[Kstd::integral_constant<bool, false>::value[m[K’ evaluates to false
[3.951s] /usr/include/c++/13/bits/std_thread.h: In instantiation of ‘[01m[Kstruct std::thread::_Invoker<std::tuple<void (*)(Encoders&), Encoders*> >[m[K’:
[3.951s] [01m[K/usr/include/c++/13/bits/std_thread.h:236:13:[m[K   required from ‘[01m[Kstruct std::thread::_State_impl<std::thread::_Invoker<std::tuple<void (*)(Encoders&), Encoders*> > >[m[K’
[3.952s] [01m[K/usr/include/c++/13/bits/std_thread.h:164:29:[m[K   required from ‘[01m[Kstd::thread::[01;32m[Kthread[m[K(_Callable&&, _Args&& ...) [35m[K[with _Callable = void (*)(Encoders&); _Args = {Encoders*}; <template-parameter-1-3> = void][m[K[m[K’
[3.952s] [01m[K/home/youss/Documents/Projet/Autonomouscar/ros_ws/src/robot/src/encoders.cpp:265:76:[m[K   required from here
[3.952s] [01m[K/usr/include/c++/13/bits/std_thread.h:291:11:[m[K [01;31m[Kerror: [m[Kno type named ‘[01m[Ktype[m[K’ in ‘[01m[Kstruct std::thread::_Invoker<std::tuple<void (*)(Encoders&), Encoders*> >::__result<std::tuple<void (*)(Encoders&), Encoders*> >[m[K’
[3.953s]   291 |           [01;31m[K_M_invoke[m[K(_Index_tuple<_Ind...>)
[3.953s]       |           [01;31m[K^~~~~~~~~[m[K
[3.954s] [01m[K/usr/include/c++/13/bits/std_thread.h:295:9:[m[K [01;31m[Kerror: [m[Kno type named ‘[01m[Ktype[m[K’ in ‘[01m[Kstruct std::thread::_Invoker<std::tuple<void (*)(Encoders&), Encoders*> >::__result<std::tuple<void (*)(Encoders&), Encoders*> >[m[K’
[3.954s]   295 |         [01;31m[Koperator[m[K()()
[3.954s]       |         [01;31m[K^~~~~~~~[m[K
[4.108s] gmake[2]: *** [CMakeFiles/main.dir/build.make:104: CMakeFiles/main.dir/src/encoders.cpp.o] Error 1
[4.109s] gmake[1]: *** [CMakeFiles/Makefile2:147: CMakeFiles/main.dir/all] Error 2
[4.110s] gmake: *** [Makefile:146: all] Error 2
[4.119s] Invoked command in '/home/youss/Documents/Projet/Autonomouscar/ros_ws/build/robot' returned '2': CMAKE_PREFIX_PATH=${CMAKE_PREFIX_PATH}:/opt/ros/jazzy DEBUGINFOD_URLS=https://debuginfod.ubuntu.com /usr/bin/cmake --build /home/youss/Documents/Projet/Autonomouscar/ros_ws/build/robot -- -j4 -l4
