[0.054s] Invoking command in '/home/youss/Documents/Projet/Autonomouscar/ros_ws/build/robot': CMAKE_PREFIX_PATH=${CMAKE_PREFIX_PATH}:/opt/ros/jazzy DEBUGINFOD_URLS=https://debuginfod.ubuntu.com /usr/bin/cmake --build /home/youss/Documents/Projet/Autonomouscar/ros_ws/build/robot -- -j4 -l4
[0.381s] [ 14%] [32mBuilding CXX object CMakeFiles/encoders.dir/src/main.cpp.o[0m
[0.382s] [ 28%] [32mBuilding CXX object CMakeFiles/encoders.dir/src/channel.cpp.o[0m
[0.387s] [ 42%] [32mBuilding CXX object CMakeFiles/encoders.dir/src/encoders.cpp.o[0m
[0.406s] [ 57%] [32mBuilding CXX object CMakeFiles/encoders.dir/src/encoders_publisher.cpp.o[0m
[2.511s] [01m[K/home/youss/Documents/Projet/Autonomouscar/ros_ws/src/robot/src/channel.cpp:[m[K In member function ‘[01m[Kbool Channel::[01;32m[Kconfigure_gpio_as_input[m[K(const unsigned int&) const[m[K’:
[2.518s] [01m[K/home/youss/Documents/Projet/Autonomouscar/ros_ws/src/robot/src/channel.cpp:24:59:[m[K [01;35m[Kwarning: [m[Kunused parameter ‘[01m[Kchannel_gpio[m[K’ [[01;35m[K]8;;https://gcc.gnu.org/onlinedocs/gcc/Warning-Options.html#index-Wunused-parameter-Wunused-parameter]8;;[m[K]
[2.519s]    24 | bool Channel::configure_gpio_as_input([01;35m[Kconst unsigned int &channel_gpio[m[K) const
[2.523s]       |                                       [01;35m[K~~~~~~~~~~~~~~~~~~~~^~~~~~~~~~~~[m[K
[2.525s] [01m[K/home/youss/Documents/Projet/Autonomouscar/ros_ws/src/robot/src/channel.cpp:[m[K At global scope:
[2.529s] [01m[K/home/youss/Documents/Projet/Autonomouscar/ros_ws/src/robot/src/channel.cpp:66:14:[m[K [01;31m[Kerror: [m[Kredefinition of ‘[01m[Kunsigned int Channel::[01;32m[Kget_number_of_changes[m[K() const[m[K’
[2.530s]    66 | unsigned int [01;31m[KChannel[m[K::get_number_of_changes() const
[2.535s]       |              [01;31m[K^~~~~~~[m[K
[2.536s] [01m[K/home/youss/Documents/Projet/Autonomouscar/ros_ws/src/robot/src/channel.cpp:14:14:[m[K [01;36m[Knote: [m[K‘[01m[Kunsigned int Channel::[01;32m[Kget_number_of_changes[m[K() const[m[K’ previously defined here
[2.541s]    14 | unsigned int [01;36m[KChannel[m[K::get_number_of_changes() const
[2.543s]       |              [01;36m[K^~~~~~~[m[K
[2.796s] gmake[2]: *** [CMakeFiles/encoders.dir/build.make:90: CMakeFiles/encoders.dir/src/channel.cpp.o] Error 1
[2.798s] gmake[2]: *** Waiting for unfinished jobs....
[3.870s] [01m[K/home/youss/Documents/Projet/Autonomouscar/ros_ws/src/robot/src/encoders.cpp:[m[K In member function ‘[01m[Kvoid Encoders::[01;32m[Kcompute_rps[m[K(Channel&)[m[K’:
[3.871s] [01m[K/home/youss/Documents/Projet/Autonomouscar/ros_ws/src/robot/src/encoders.cpp:209:18:[m[K [01;35m[Kwarning: [m[Kunused variable ‘[01m[Krps[m[K’ [[01;35m[K]8;;https://gcc.gnu.org/onlinedocs/gcc/Warning-Options.html#index-Wunused-variable-Wunused-variable]8;;[m[K]
[3.872s]   209 |     unsigned int [01;35m[Krps[m[K = 0;
[3.873s]       |                  [01;35m[K^~~[m[K
[3.874s] [01m[K/home/youss/Documents/Projet/Autonomouscar/ros_ws/src/robot/src/encoders.cpp:[m[K In static member function ‘[01m[Kstatic void Encoders::[01;32m[Kcompute_rps_handler[m[K(Encoders&)[m[K’:
[3.875s] [01m[K/home/youss/Documents/Projet/Autonomouscar/ros_ws/src/robot/src/encoders.cpp:231:24:[m[K [01;31m[Kerror: [m[Kno matching function for call to ‘[01m[KEncoders::compute_rps()[m[K’
[3.876s]   231 |     [01;31m[Kencoder.compute_rps()[m[K;
[3.877s]       |     [01;31m[K~~~~~~~~~~~~~~~~~~~^~[m[K
[3.878s] [01m[K/home/youss/Documents/Projet/Autonomouscar/ros_ws/src/robot/src/encoders.cpp:198:6:[m[K [01;36m[Knote: [m[Kcandidate: ‘[01m[Kvoid Encoders::[01;32m[Kcompute_rps[m[K(Channel&)[m[K’
[3.879s]   198 | void [01;36m[KEncoders[m[K::compute_rps(Channel &channel)
[3.879s]       |      [01;36m[K^~~~~~~~[m[K
[3.880s] [01m[K/home/youss/Documents/Projet/Autonomouscar/ros_ws/src/robot/src/encoders.cpp:198:6:[m[K [01;36m[Knote: [m[K  candidate expects 1 argument, 0 provided
[4.268s] gmake[2]: *** [CMakeFiles/encoders.dir/build.make:104: CMakeFiles/encoders.dir/src/encoders.cpp.o] Error 1
[22.908s] gmake[1]: *** [CMakeFiles/Makefile2:137: CMakeFiles/encoders.dir/all] Error 2
[22.909s] gmake: *** [Makefile:146: all] Error 2
[22.918s] Invoked command in '/home/youss/Documents/Projet/Autonomouscar/ros_ws/build/robot' returned '2': CMAKE_PREFIX_PATH=${CMAKE_PREFIX_PATH}:/opt/ros/jazzy DEBUGINFOD_URLS=https://debuginfod.ubuntu.com /usr/bin/cmake --build /home/youss/Documents/Projet/Autonomouscar/ros_ws/build/robot -- -j4 -l4
