[0.049s] Invoking command in '/home/youss/Documents/Projet/Autonomouscar/ros_ws/build/robot': CMAKE_PREFIX_PATH=${CMAKE_PREFIX_PATH}:/opt/ros/jazzy DEBUGINFOD_URLS=https://debuginfod.ubuntu.com /usr/bin/cmake --build /home/youss/Documents/Projet/Autonomouscar/ros_ws/build/robot -- -j4 -l4
[0.303s] [ 50%] [32mBuilding CXX object CMakeFiles/encoders.dir/src/encoders.cpp.o[0m
[2.392s] [01m[K/home/youss/Documents/Projet/Autonomouscar/ros_ws/src/robot/src/encoders.cpp:[m[K In static member function ‘[01m[Kstatic void Encoders::[01;32m[Kcompute_rps_on_channels_handler[m[K()[m[K’:
[2.392s] [01m[K/home/youss/Documents/Projet/Autonomouscar/ros_ws/src/robot/src/encoders.cpp:195:32:[m[K [01;31m[Kerror: [m[Kcannot call member function ‘[01m[Kvoid Encoders::[01;32m[Kcompute_rps_on_channels[m[K()[m[K’ without object
[2.393s]   195 |         [01;31m[Kcompute_rps_on_channels()[m[K;
[2.393s]       |         [01;31m[K~~~~~~~~~~~~~~~~~~~~~~~^~[m[K
[2.626s] [01m[K/home/youss/Documents/Projet/Autonomouscar/ros_ws/src/robot/src/encoders.cpp:[m[K In member function ‘[01m[Kbool Encoders::[01;32m[Kconfigure_pin_as_output[m[K(const unsigned int&)[m[K’:
[2.627s] [01m[K/home/youss/Documents/Projet/Autonomouscar/ros_ws/src/robot/src/encoders.cpp:46:56:[m[K [01;35m[Kwarning: [m[Kthis statement may fall through [[01;35m[K]8;;https://gcc.gnu.org/onlinedocs/gcc/Warning-Options.html#index-Wimplicit-fallthrough=-Wimplicit-fallthrough=]8;;[m[K]
[2.627s]    46 |                 cout << gpio << "is a bad gpio pin" << [01;35m[Kendl[m[K;
[2.628s]       |                                                        [01;35m[K^~~~[m[K
[2.628s] [01m[K/home/youss/Documents/Projet/Autonomouscar/ros_ws/src/robot/src/encoders.cpp:47:13:[m[K [01;36m[Knote: [m[Khere
[2.629s]    47 |             [01;36m[Kcase[m[K PI_BAD_MODE:
[2.629s]       |             [01;36m[K^~~~[m[K
[2.629s] [01m[K/home/youss/Documents/Projet/Autonomouscar/ros_ws/src/robot/src/encoders.cpp:48:57:[m[K [01;35m[Kwarning: [m[Kthis statement may fall through [[01;35m[K]8;;https://gcc.gnu.org/onlinedocs/gcc/Warning-Options.html#index-Wimplicit-fallthrough=-Wimplicit-fallthrough=]8;;[m[K]
[2.630s]    48 |                 cout << "Bad mode for gpio " << gpio << [01;35m[Kendl[m[K;
[2.630s]       |                                                         [01;35m[K^~~~[m[K
[2.631s] [01m[K/home/youss/Documents/Projet/Autonomouscar/ros_ws/src/robot/src/encoders.cpp:49:13:[m[K [01;36m[Knote: [m[Khere
[2.631s]    49 |             [01;36m[Kdefault[m[K:
[2.631s]       |             [01;36m[K^~~~~~~[m[K
[2.662s] gmake[2]: *** [CMakeFiles/encoders.dir/build.make:76: CMakeFiles/encoders.dir/src/encoders.cpp.o] Error 1
[2.662s] gmake[1]: *** [CMakeFiles/Makefile2:137: CMakeFiles/encoders.dir/all] Error 2
[2.663s] gmake: *** [Makefile:146: all] Error 2
[2.671s] Invoked command in '/home/youss/Documents/Projet/Autonomouscar/ros_ws/build/robot' returned '2': CMAKE_PREFIX_PATH=${CMAKE_PREFIX_PATH}:/opt/ros/jazzy DEBUGINFOD_URLS=https://debuginfod.ubuntu.com /usr/bin/cmake --build /home/youss/Documents/Projet/Autonomouscar/ros_ws/build/robot -- -j4 -l4
