[0.054s] Invoking command in '/home/youss/Documents/Projet/Autonomouscar/ros_ws/build/robot': CMAKE_PREFIX_PATH=${CMAKE_PREFIX_PATH}:/opt/ros/jazzy DEBUGINFOD_URLS=https://debuginfod.ubuntu.com /usr/bin/cmake --build /home/youss/Documents/Projet/Autonomouscar/ros_ws/build/robot -- -j4 -l4
[0.363s] [ 13%] Built target listener
[0.363s] [ 20%] [32mBuilding CXX object CMakeFiles/main.dir/src/main.cpp.o[0m
[0.364s] [ 33%] Built target robot_controller
[0.369s] [ 46%] Built target position_publisher
[0.500s] [ 60%] Built target motor_subscriber
[0.507s] [ 73%] Built target position_reader
[3.507s] [01m[K/home/youss/Documents/Projet/Autonomouscar/ros_ws/src/robot/src/main.cpp:[m[K In function ‘[01m[Kint[01;32m[K main[m[K()[m[K’:
[3.508s] [01m[K/home/youss/Documents/Projet/Autonomouscar/ros_ws/src/robot/src/main.cpp:92:44:[m[K [01;31m[Kerror: [m[K‘[01m[Kstatic void Encoders::[01;32m[Kcompute_encoder_rps_handler[m[K(Encoders&)[m[K’ is private within this context
[3.508s]    92 |     std::thread encoder_A_thread(Encoders::[01;31m[Kcompute_encoder_rps_handler[m[K, std::ref(encoder_A));
[3.509s]       |                                            [01;31m[K^~~~~~~~~~~~~~~~~~~~~~~~~~~[m[K
[3.509s] In file included from [01m[K/home/youss/Documents/Projet/Autonomouscar/ros_ws/src/robot/src/main.cpp:19[m[K:
[3.509s] [01m[K/home/youss/Documents/Projet/Autonomouscar/ros_ws/src/robot/include/robot/encoders.h:74:21:[m[K [01;36m[Knote: [m[Kdeclared private here
[3.510s]    74 |         static void [01;36m[Kcompute_encoder_rps_handler[m[K(Encoders &encoder);
[3.510s]       |                     [01;36m[K^~~~~~~~~~~~~~~~~~~~~~~~~~~[m[K
[3.512s] [01m[K/home/youss/Documents/Projet/Autonomouscar/ros_ws/src/robot/src/main.cpp:93:44:[m[K [01;31m[Kerror: [m[K‘[01m[Kstatic void Encoders::[01;32m[Kcompute_encoder_rps_handler[m[K(Encoders&)[m[K’ is private within this context
[3.512s]    93 |     std::thread encoder_B_thread(Encoders::[01;31m[Kcompute_encoder_rps_handler[m[K, std::ref(encoder_B));
[3.513s]       |                                            [01;31m[K^~~~~~~~~~~~~~~~~~~~~~~~~~~[m[K
[3.513s] [01m[K/home/youss/Documents/Projet/Autonomouscar/ros_ws/src/robot/include/robot/encoders.h:74:21:[m[K [01;36m[Knote: [m[Kdeclared private here
[3.514s]    74 |         static void [01;36m[Kcompute_encoder_rps_handler[m[K(Encoders &encoder);
[3.514s]       |                     [01;36m[K^~~~~~~~~~~~~~~~~~~~~~~~~~~[m[K
[3.523s] [01m[K/home/youss/Documents/Projet/Autonomouscar/ros_ws/src/robot/src/main.cpp:95:20:[m[K [01;31m[Kerror: [m[K‘[01m[Kchannel_gpio[m[K’ was not declared in this scope
[3.524s]    95 |     auto my_fct = [[01;31m[Kchannel_gpio[m[K, encoder]()
[3.524s]       |                    [01;31m[K^~~~~~~~~~~~[m[K
[3.532s] [01m[K/home/youss/Documents/Projet/Autonomouscar/ros_ws/src/robot/src/main.cpp:95:34:[m[K [01;31m[Kerror: [m[K‘[01m[Kencoder[m[K’ was not declared in this scope; did you mean ‘[01m[KEncoders[m[K’?
[3.533s]    95 |     auto my_fct = [channel_gpio, [01;31m[Kencoder[m[K]()
[3.533s]       |                                  [01;31m[K^~~~~~~[m[K
[3.534s]       |                                  [32m[KEncoders[m[K
[3.534s] [01m[K/home/youss/Documents/Projet/Autonomouscar/ros_ws/src/robot/src/main.cpp:[m[K In lambda function:
[3.534s] [01m[K/home/youss/Documents/Projet/Autonomouscar/ros_ws/src/robot/src/main.cpp:97:9:[m[K [01;31m[Kerror: [m[K‘[01m[Kencoder[m[K’ is not captured
[3.535s]    97 |         [01;31m[Kencoder[m[K.count_number_of_changes(channel_gpio);
[3.535s]       |         [01;31m[K^~~~~~~[m[K
[3.536s] [01m[K/home/youss/Documents/Projet/Autonomouscar/ros_ws/src/robot/src/main.cpp:95:41:[m[K [01;36m[Knote: [m[Kthe lambda has no capture-default
[3.536s]    95 |     auto my_fct = [channel_gpio, encoder[01;36m[K][m[K()
[3.536s]       |                                         [01;36m[K^[m[K
[3.537s] [01m[K/home/youss/Documents/Projet/Autonomouscar/ros_ws/src/robot/src/main.cpp:95:34:[m[K [01;36m[Knote: [m[K‘[01m[K<typeprefixerror>encoder[m[K’ declared here
[3.537s]    95 |     auto my_fct = [channel_gpio, [01;36m[Kencoder[m[K]()
[3.537s]       |                                  [01;36m[K^~~~~~~[m[K
[3.538s] [01m[K/home/youss/Documents/Projet/Autonomouscar/ros_ws/src/robot/src/main.cpp:97:41:[m[K [01;31m[Kerror: [m[K‘[01m[Kchannel_gpio[m[K’ is not captured
[3.538s]    97 |         encoder.count_number_of_changes([01;31m[Kchannel_gpio[m[K);
[3.539s]       |                                         [01;31m[K^~~~~~~~~~~~[m[K
[3.539s] [01m[K/home/youss/Documents/Projet/Autonomouscar/ros_ws/src/robot/src/main.cpp:95:41:[m[K [01;36m[Knote: [m[Kthe lambda has no capture-default
[3.540s]    95 |     auto my_fct = [channel_gpio, encoder[01;36m[K][m[K()
[3.540s]       |                                         [01;36m[K^[m[K
[3.540s] [01m[K/home/youss/Documents/Projet/Autonomouscar/ros_ws/src/robot/src/main.cpp:95:20:[m[K [01;36m[Knote: [m[K‘[01m[K<typeprefixerror>channel_gpio[m[K’ declared here
[3.541s]    95 |     auto my_fct = [[01;36m[Kchannel_gpio[m[K, encoder]()
[3.541s]       |                    [01;36m[K^~~~~~~~~~~~[m[K
[3.542s] [01m[K/home/youss/Documents/Projet/Autonomouscar/ros_ws/src/robot/src/main.cpp:[m[K In function ‘[01m[Kint[01;32m[K main[m[K()[m[K’:
[3.542s] [01m[K/home/youss/Documents/Projet/Autonomouscar/ros_ws/src/robot/src/main.cpp:99:57:[m[K [01;31m[Kerror: [m[Kno match for call to ‘[01m[K(main()::<lambda()>) (int, Encoders&)[m[K’
[3.542s]    99 |     auto count_A = std::async(std::launch::async, [01;31m[Kmy_fct(M1A_CHANNEL, encoder_A)[m[K);
[3.543s]       |                                                   [01;31m[K~~~~~~^~~~~~~~~~~~~~~~~~~~~~~~[m[K
[3.543s] [01m[K/home/youss/Documents/Projet/Autonomouscar/ros_ws/src/robot/src/main.cpp:99:57:[m[K [01;36m[Knote: [m[Kcandidate: ‘[01m[Kvoid (*)()[m[K’ (conversion)
[3.544s] [01m[K/home/youss/Documents/Projet/Autonomouscar/ros_ws/src/robot/src/main.cpp:99:57:[m[K [01;36m[Knote: [m[K  candidate expects 1 argument, 3 provided
[3.544s] [01m[K/home/youss/Documents/Projet/Autonomouscar/ros_ws/src/robot/src/main.cpp:95:19:[m[K [01;36m[Knote: [m[Kcandidate: ‘[01m[Kmain()::<lambda()>[m[K’
[3.544s]    95 |     auto my_fct = [01;36m[K[[m[Kchannel_gpio, encoder]()
[3.545s]       |                   [01;36m[K^[m[K
[3.545s] [01m[K/home/youss/Documents/Projet/Autonomouscar/ros_ws/src/robot/src/main.cpp:95:19:[m[K [01;36m[Knote: [m[K  candidate expects 0 arguments, 2 provided
[3.967s] gmake[2]: *** [CMakeFiles/main.dir/build.make:76: CMakeFiles/main.dir/src/main.cpp.o] Error 1
[3.968s] gmake[1]: *** [CMakeFiles/Makefile2:147: CMakeFiles/main.dir/all] Error 2
[3.969s] gmake: *** [Makefile:146: all] Error 2
[3.976s] Invoked command in '/home/youss/Documents/Projet/Autonomouscar/ros_ws/build/robot' returned '2': CMAKE_PREFIX_PATH=${CMAKE_PREFIX_PATH}:/opt/ros/jazzy DEBUGINFOD_URLS=https://debuginfod.ubuntu.com /usr/bin/cmake --build /home/youss/Documents/Projet/Autonomouscar/ros_ws/build/robot -- -j4 -l4
