[ 36%] Built target robot_controller
[ 36%] Built target listener
[ 54%] Built target position_publisher
[ 63%] [32mBuilding CXX object CMakeFiles/encoders.dir/src/encoders.cpp.o[0m
[ 72%] [32mBuilding CXX object CMakeFiles/motor_subscriber.dir/src/motor_subscriber.cpp.o[0m
[01m[K/home/youss/Documents/Projet/Autonomouscar/ros_ws/src/robot/src/encoders.cpp:[m[K In constructor ‘[01m[KEncoders::[01;32m[KEncoders[m[K(const unsigned int&, const unsigned int&)[m[K’:
[01m[K/home/youss/Documents/Projet/Autonomouscar/ros_ws/src/robot/src/encoders.cpp:51:1:[m[K [01;31m[Kerror: [m[Kexpected identifier before ‘[01m[K{[m[K’ token
   51 | [01;31m[K{[m[K
      | [01;31m[K^[m[K
[01m[K/home/youss/Documents/Projet/Autonomouscar/ros_ws/src/robot/src/encoders.cpp:[m[K In member function ‘[01m[Kvoid Encoders::[01;32m[Ksignal_handler_callback[m[K(int)[m[K’:
[01m[K/home/youss/Documents/Projet/Autonomouscar/ros_ws/src/robot/src/encoders.cpp:108:13:[m[K [01;31m[Kerror: [m[K‘[01m[K_MxA_gpio[m[K’ was not declared in this scope
  108 |     gpioPWM([01;31m[K_MxA_gpio[m[K, 0);
      |             [01;31m[K^~~~~~~~~[m[K
[01m[K/home/youss/Documents/Projet/Autonomouscar/ros_ws/src/robot/src/encoders.cpp:[m[K At global scope:
[01m[K/home/youss/Documents/Projet/Autonomouscar/ros_ws/src/robot/src/encoders.cpp:139:6:[m[K [01;31m[Kerror: [m[Kno declaration matches ‘[01m[Kbool Encoders::[01;32m[Kconfigure_gpio_as_output[m[K(const unsigned int&)[m[K’
  139 | bool [01;31m[KEncoders[m[K::configure_gpio_as_output(const unsigned int &gpio)
      |      [01;31m[K^~~~~~~~[m[K
[01m[K/home/youss/Documents/Projet/Autonomouscar/ros_ws/src/robot/src/encoders.cpp:139:6:[m[K [01;36m[Knote: [m[Kno functions named ‘[01m[Kbool Encoders::[01;32m[Kconfigure_gpio_as_output[m[K(const unsigned int&)[m[K’
In file included from [01m[K/home/youss/Documents/Projet/Autonomouscar/ros_ws/src/robot/src/encoders.cpp:22[m[K:
[01m[K/home/youss/Documents/Projet/Autonomouscar/ros_ws/src/robot/include/robot/encoders.h:8:8:[m[K [01;36m[Knote: [m[K‘[01m[Kstruct Encoders[m[K’ defined here
    8 | struct [01;36m[KEncoders[m[K
      |        [01;36m[K^~~~~~~~[m[K
gmake[2]: *** [CMakeFiles/encoders.dir/build.make:76: CMakeFiles/encoders.dir/src/encoders.cpp.o] Error 1
gmake[1]: *** [CMakeFiles/Makefile2:145: CMakeFiles/encoders.dir/all] Error 2
gmake[1]: *** Waiting for unfinished jobs....
[01m[K/home/youss/Documents/Projet/Autonomouscar/ros_ws/src/robot/src/motor_subscriber.cpp:[m[K In member function ‘[01m[Kvoid Motor_subscriber::[01;32m[Kset_motors_duty_cycle[m[K(Motor&, Motor&) const[m[K’:
[01m[K/home/youss/Documents/Projet/Autonomouscar/ros_ws/src/robot/src/motor_subscriber.cpp:25:53:[m[K [01;35m[Kwarning: [m[Kunused parameter ‘[01m[Kleft_motor[m[K’ [[01;35m[K]8;;https://gcc.gnu.org/onlinedocs/gcc/Warning-Options.html#index-Wunused-parameter-Wunused-parameter]8;;[m[K]
   25 | void Motor_subscriber::set_motors_duty_cycle([01;35m[KMotor &left_motor[m[K, Motor &right_motor) const
      |                                              [01;35m[K~~~~~~~^~~~~~~~~~[m[K
[01m[K/home/youss/Documents/Projet/Autonomouscar/ros_ws/src/robot/src/motor_subscriber.cpp:25:72:[m[K [01;35m[Kwarning: [m[Kunused parameter ‘[01m[Kright_motor[m[K’ [[01;35m[K]8;;https://gcc.gnu.org/onlinedocs/gcc/Warning-Options.html#index-Wunused-parameter-Wunused-parameter]8;;[m[K]
   25 | void Motor_subscriber::set_motors_duty_cycle(Motor &left_motor, [01;35m[KMotor &right_motor[m[K) const
      |                                                                 [01;35m[K~~~~~~~^~~~~~~~~~~[m[K
[ 81%] [32m[1mLinking CXX executable motor_subscriber[0m
[ 81%] Built target motor_subscriber
gmake: *** [Makefile:146: all] Error 2
