[0.055s] Invoking command in '/home/youss/Documents/Projet/Autonomouscar/ros_ws/build/robot': CMAKE_PREFIX_PATH=${CMAKE_PREFIX_PATH}:/opt/ros/jazzy DEBUGINFOD_URLS=https://debuginfod.ubuntu.com /usr/bin/cmake --build /home/youss/Documents/Projet/Autonomouscar/ros_ws/build/robot -- -j4 -l4
[0.362s] [ 36%] Built target robot_controller
[0.363s] [ 36%] Built target listener
[0.365s] [ 54%] Built target position_publisher
[0.377s] [ 63%] [32mBuilding CXX object CMakeFiles/encoders.dir/src/encoders.cpp.o[0m
[0.513s] [ 72%] [32mBuilding CXX object CMakeFiles/motor_subscriber.dir/src/motor_subscriber.cpp.o[0m
[3.127s] [01m[K/home/youss/Documents/Projet/Autonomouscar/ros_ws/src/robot/src/encoders.cpp:[m[K In constructor ‘[01m[KEncoders::[01;32m[KEncoders[m[K(const unsigned int&, const unsigned int&)[m[K’:
[3.127s] [01m[K/home/youss/Documents/Projet/Autonomouscar/ros_ws/src/robot/src/encoders.cpp:51:1:[m[K [01;31m[Kerror: [m[Kexpected identifier before ‘[01m[K{[m[K’ token
[3.128s]    51 | [01;31m[K{[m[K
[3.129s]       | [01;31m[K^[m[K
[3.163s] [01m[K/home/youss/Documents/Projet/Autonomouscar/ros_ws/src/robot/src/encoders.cpp:[m[K In member function ‘[01m[Kvoid Encoders::[01;32m[Ksignal_handler_callback[m[K(int)[m[K’:
[3.164s] [01m[K/home/youss/Documents/Projet/Autonomouscar/ros_ws/src/robot/src/encoders.cpp:108:13:[m[K [01;31m[Kerror: [m[K‘[01m[K_MxA_gpio[m[K’ was not declared in this scope
[3.164s]   108 |     gpioPWM([01;31m[K_MxA_gpio[m[K, 0);
[3.165s]       |             [01;31m[K^~~~~~~~~[m[K
[3.167s] [01m[K/home/youss/Documents/Projet/Autonomouscar/ros_ws/src/robot/src/encoders.cpp:[m[K At global scope:
[3.168s] [01m[K/home/youss/Documents/Projet/Autonomouscar/ros_ws/src/robot/src/encoders.cpp:139:6:[m[K [01;31m[Kerror: [m[Kno declaration matches ‘[01m[Kbool Encoders::[01;32m[Kconfigure_gpio_as_output[m[K(const unsigned int&)[m[K’
[3.169s]   139 | bool [01;31m[KEncoders[m[K::configure_gpio_as_output(const unsigned int &gpio)
[3.169s]       |      [01;31m[K^~~~~~~~[m[K
[3.170s] [01m[K/home/youss/Documents/Projet/Autonomouscar/ros_ws/src/robot/src/encoders.cpp:139:6:[m[K [01;36m[Knote: [m[Kno functions named ‘[01m[Kbool Encoders::[01;32m[Kconfigure_gpio_as_output[m[K(const unsigned int&)[m[K’
[3.171s] In file included from [01m[K/home/youss/Documents/Projet/Autonomouscar/ros_ws/src/robot/src/encoders.cpp:22[m[K:
[3.172s] [01m[K/home/youss/Documents/Projet/Autonomouscar/ros_ws/src/robot/include/robot/encoders.h:8:8:[m[K [01;36m[Knote: [m[K‘[01m[Kstruct Encoders[m[K’ defined here
[3.172s]     8 | struct [01;36m[KEncoders[m[K
[3.173s]       |        [01;36m[K^~~~~~~~[m[K
[3.503s] gmake[2]: *** [CMakeFiles/encoders.dir/build.make:76: CMakeFiles/encoders.dir/src/encoders.cpp.o] Error 1
[3.505s] gmake[1]: *** [CMakeFiles/Makefile2:145: CMakeFiles/encoders.dir/all] Error 2
[3.505s] gmake[1]: *** Waiting for unfinished jobs....
[12.099s] [01m[K/home/youss/Documents/Projet/Autonomouscar/ros_ws/src/robot/src/motor_subscriber.cpp:[m[K In member function ‘[01m[Kvoid Motor_subscriber::[01;32m[Kset_motors_duty_cycle[m[K(Motor&, Motor&) const[m[K’:
[12.099s] [01m[K/home/youss/Documents/Projet/Autonomouscar/ros_ws/src/robot/src/motor_subscriber.cpp:25:53:[m[K [01;35m[Kwarning: [m[Kunused parameter ‘[01m[Kleft_motor[m[K’ [[01;35m[K]8;;https://gcc.gnu.org/onlinedocs/gcc/Warning-Options.html#index-Wunused-parameter-Wunused-parameter]8;;[m[K]
[12.100s]    25 | void Motor_subscriber::set_motors_duty_cycle([01;35m[KMotor &left_motor[m[K, Motor &right_motor) const
[12.100s]       |                                              [01;35m[K~~~~~~~^~~~~~~~~~[m[K
[12.100s] [01m[K/home/youss/Documents/Projet/Autonomouscar/ros_ws/src/robot/src/motor_subscriber.cpp:25:72:[m[K [01;35m[Kwarning: [m[Kunused parameter ‘[01m[Kright_motor[m[K’ [[01;35m[K]8;;https://gcc.gnu.org/onlinedocs/gcc/Warning-Options.html#index-Wunused-parameter-Wunused-parameter]8;;[m[K]
[12.101s]    25 | void Motor_subscriber::set_motors_duty_cycle(Motor &left_motor, [01;35m[KMotor &right_motor[m[K) const
[12.101s]       |                                                                 [01;35m[K~~~~~~~^~~~~~~~~~~[m[K
[35.604s] [ 81%] [32m[1mLinking CXX executable motor_subscriber[0m
[37.137s] [ 81%] Built target motor_subscriber
[37.145s] gmake: *** [Makefile:146: all] Error 2
[37.154s] Invoked command in '/home/youss/Documents/Projet/Autonomouscar/ros_ws/build/robot' returned '2': CMAKE_PREFIX_PATH=${CMAKE_PREFIX_PATH}:/opt/ros/jazzy DEBUGINFOD_URLS=https://debuginfod.ubuntu.com /usr/bin/cmake --build /home/youss/Documents/Projet/Autonomouscar/ros_ws/build/robot -- -j4 -l4
