[01m[K/home/youss/Documents/Projet/Autonomouscar/ros_ws/src/robot/src/motor_subscriber.cpp:[m[K In constructor ‘[01m[KMotor_subscriber::[01;32m[KMotor_subscriber[m[K()[m[K’:
[01m[K/home/youss/Documents/Projet/Autonomouscar/ros_ws/src/robot/src/motor_subscriber.cpp:14:57:[m[K [01;31m[Kerror: [m[K‘[01m[Kclass rclcpp::Parameter[m[K’ has no member named ‘[01m[Kas_float[m[K’
   14 | his->get_parameter("WHEEL_RADIUS").[01;31m[Kas_float[m[K();
      |                                    [01;31m[K^~~~~~~~[m[K

[01m[K/home/youss/Documents/Projet/Autonomouscar/ros_ws/src/robot/src/motor_subscriber.cpp:15:57:[m[K [01;31m[Kerror: [m[K‘[01m[Kclass rclcpp::Parameter[m[K’ has no member named ‘[01m[Kas_float[m[K’
   15 | his->get_parameter("MIN_LINEAR_X").[01;31m[Kas_float[m[K();
      |                                    [01;31m[K^~~~~~~~[m[K

[01m[K/home/youss/Documents/Projet/Autonomouscar/ros_ws/src/robot/src/motor_subscriber.cpp:16:57:[m[K [01;31m[Kerror: [m[K‘[01m[Kclass rclcpp::Parameter[m[K’ has no member named ‘[01m[Kas_float[m[K’
   16 | his->get_parameter("MAX_LINEAR_X").[01;31m[Kas_float[m[K();
      |                                    [01;31m[K^~~~~~~~[m[K

[01m[K/home/youss/Documents/Projet/Autonomouscar/ros_ws/src/robot/src/motor_subscriber.cpp:[m[K In member function ‘[01m[Kvoid Motor_subscriber::[01;32m[Kset_motors_duty_cycle[m[K(Motor&, Motor&) const[m[K’:
[01m[K/home/youss/Documents/Projet/Autonomouscar/ros_ws/src/robot/src/motor_subscriber.cpp:49:53:[m[K [01;35m[Kwarning: [m[Kunused parameter ‘[01m[Kleft_motor[m[K’ [[01;35m[K]8;;https://gcc.gnu.org/onlinedocs/gcc/Warning-Options.html#index-Wunused-parameter-Wunused-parameter]8;;[m[K]
   49 | iber::set_motors_duty_cycle([01;35m[KMotor &left_motor[m[K, Motor &right_motor) const
      |                             [01;35m[K~~~~~~~^~~~~~~~~~[m[K

[01m[K/home/youss/Documents/Projet/Autonomouscar/ros_ws/src/robot/src/motor_subscriber.cpp:49:72:[m[K [01;35m[Kwarning: [m[Kunused parameter ‘[01m[Kright_motor[m[K’ [[01;35m[K]8;;https://gcc.gnu.org/onlinedocs/gcc/Warning-Options.html#index-Wunused-parameter-Wunused-parameter]8;;[m[K]
   49 | ty_cycle(Motor &left_motor, [01;35m[KMotor &right_motor[m[K) const
      |                             [01;35m[K~~~~~~~^~~~~~~~~~~[m[K

gmake[2]: *** [CMakeFiles/motor_subscriber.dir/build.make:76: CMakeFiles/motor_subscriber.dir/src/motor_subscriber.cpp.o] Error 1
gmake[1]: *** [CMakeFiles/Makefile2:251: CMakeFiles/motor_subscriber.dir/all] Error 2
gmake: *** [Makefile:146: all] Error 2
