[01m[K/home/youss/Documents/Projet/Autonomouscar/ros_ws/src/robot/src/encoders_subscriber.cpp:[m[K In constructor ‘[01m[KEncoders_subscriber::[01;32m[KEncoders_subscriber[m[K(const std::string&, const std::string&, const unsigned int&)[m[K’:
[01m[K/home/youss/Documents/Projet/Autonomouscar/ros_ws/src/robot/src/encoders_subscriber.cpp:13:34:[m[K [01;31m[Kerror: [m[K‘[01m[Knone_name[m[K’ was not declared in this scope; did you mean ‘[01m[Knode_name[m[K’?
   13 |                             Node([01;31m[Knone_name[m[K),
      |                                  [01;31m[K^~~~~~~~~[m[K
      |                                  [32m[Knode_name[m[K
In file included from [01m[K/opt/ros/jazzy/include/rclcpp/rclcpp/logging.hpp:24[m[K,
                 from [01m[K/opt/ros/jazzy/include/rclcpp/rclcpp/copy_all_parameter_values.hpp:27[m[K,
                 from [01m[K/opt/ros/jazzy/include/rclcpp/rclcpp/rclcpp.hpp:171[m[K,
                 from [01m[K/home/youss/Documents/Projet/Autonomouscar/ros_ws/src/robot/src/encoders_subscriber.cpp:2[m[K:
[01m[K/home/youss/Documents/Projet/Autonomouscar/ros_ws/src/robot/src/encoders_subscriber.cpp:[m[K In lambda function:
[01m[K/home/youss/Documents/Projet/Autonomouscar/ros_ws/src/robot/src/encoders_subscriber.cpp:20:9:[m[K [01;31m[Kerror: [m[Kuse of deleted function ‘[01m[Kstd::unique_ptr<_Tp, _Dp>::[01;32m[Kunique_ptr[m[K(const std::unique_ptr<_Tp, _Dp>&) [35m[K[with _Tp = std_msgs::msg::Float32_<std::allocator<void> >; _Dp = std::default_delete<std_msgs::msg::Float32_<std::allocator<void> > >][m[K[m[K’
   20 |         [01;31m[KRCLCPP_INFO[m[K(this->get_logger(), "I heard %f", msg);
      |         [01;31m[K^~~~~~~~~~~[m[K
In file included from [01m[K/usr/include/c++/13/memory:78[m[K,
                 from [01m[K/home/youss/Documents/Projet/Autonomouscar/ros_ws/src/robot/src/encoders_subscriber.cpp:1[m[K:
[01m[K/usr/include/c++/13/bits/unique_ptr.h:522:7:[m[K [01;36m[Knote: [m[Kdeclared here
  522 |       [01;36m[Kunique_ptr[m[K(const unique_ptr&) = delete;
      |       [01;36m[K^~~~~~~~~~[m[K
[01m[K/home/youss/Documents/Projet/Autonomouscar/ros_ws/src/robot/src/encoders_subscriber.cpp:[m[K In constructor ‘[01m[KEncoders_subscriber::[01;32m[KEncoders_subscriber[m[K(const std::string&, const std::string&, const unsigned int&)[m[K’:
[01m[K/home/youss/Documents/Projet/Autonomouscar/ros_ws/src/robot/src/encoders_subscriber.cpp:22:52:[m[K [01;31m[Kerror: [m[K‘[01m[Kmsgs[m[K’ is not a member of ‘[01m[Kstd[m[K’
   22 |     _subscription = this->create_subscription<std::[01;31m[Kmsgs[m[K::Float32>(_topic_name, _queue_depth, topic_callback);
      |                                                    [01;31m[K^~~~[m[K
[01m[K/home/youss/Documents/Projet/Autonomouscar/ros_ws/src/robot/src/encoders_subscriber.cpp:22:27:[m[K [01;31m[Kerror: [m[Kparse error in template argument list
   22 |     _subscription = this->[01;31m[Kcreate_subscription<std::msgs::Float32>[m[K(_topic_name, _queue_depth, topic_callback);
      |                           [01;31m[K^~~~~~~~~~~~~~~~~~~~~~~~~~~~~~~~~~~~~~~[m[K
[01m[K/home/youss/Documents/Projet/Autonomouscar/ros_ws/src/robot/src/encoders_subscriber.cpp:22:66:[m[K [01;31m[Kerror: [m[Kno matching function for call to ‘[01m[KEncoders_subscriber::create_subscription<<expression error> >(std::string&, const unsigned int&, Encoders_subscriber::Encoders_subscriber(const std::string&, const std::string&, const unsigned int&)::<lambda(std_msgs::msg::Float32_<std::allocator<void> >::UniquePtr)>&)[m[K’
   22 |     _subscription = [01;31m[Kthis->create_subscription<std::msgs::Float32>(_topic_name, _queue_depth, topic_callback)[m[K;
      |                     [01;31m[K~~~~~~~~~~~~~~~~~~~~~~~~~~~~~~~~~~~~~~~~~~~~~^~~~~~~~~~~~~~~~~~~~~~~~~~~~~~~~~~~~~~~~~~~[m[K
In file included from [01m[K/opt/ros/jazzy/include/rclcpp/rclcpp/executors/single_threaded_executor.hpp:28[m[K,
                 from [01m[K/opt/ros/jazzy/include/rclcpp/rclcpp/executors.hpp:22[m[K,
                 from [01m[K/opt/ros/jazzy/include/rclcpp/rclcpp/rclcpp.hpp:172[m[K:
[01m[K/opt/ros/jazzy/include/rclcpp/rclcpp/node.hpp:221:3:[m[K [01;36m[Knote: [m[Kcandidate: ‘[01m[Ktemplate<class MessageT, class CallbackT, class AllocatorT, class SubscriptionT, class MessageMemoryStrategyT> std::shared_ptr<ROSMessageT> rclcpp::Node::[01;32m[Kcreate_subscription[m[K(const std::string&, const rclcpp::QoS&, CallbackT&&, const rclcpp::SubscriptionOptionsWithAllocator<AllocatorT>&, typename MessageMemoryStrategyT::SharedPtr)[m[K’
  221 |   [01;36m[Kcreate_subscription[m[K(
      |   [01;36m[K^~~~~~~~~~~~~~~~~~~[m[K
[01m[K/opt/ros/jazzy/include/rclcpp/rclcpp/node.hpp:221:3:[m[K [01;36m[Knote: [m[K  template argument deduction/substitution failed:
[01m[K/home/youss/Documents/Projet/Autonomouscar/ros_ws/src/robot/src/encoders_subscriber.cpp:22:66:[m[K [01;31m[Kerror: [m[Ktemplate argument 1 is invalid
   22 |     _subscription = [01;31m[Kthis->create_subscription<std::msgs::Float32>(_topic_name, _queue_depth, topic_callback)[m[K;
      |                     [01;31m[K~~~~~~~~~~~~~~~~~~~~~~~~~~~~~~~~~~~~~~~~~~~~~^~~~~~~~~~~~~~~~~~~~~~~~~~~~~~~~~~~~~~~~~~~[m[K
[01m[K/home/youss/Documents/Projet/Autonomouscar/ros_ws/src/robot/src/encoders_subscriber.cpp:10:61:[m[K [01;35m[Kwarning: [m[Kunused parameter ‘[01m[Knode_name[m[K’ [[01;35m[K]8;;https://gcc.gnu.org/onlinedocs/gcc/Warning-Options.html#index-Wunused-parameter-Wunused-parameter]8;;[m[K]
   10 | Encoders_subscriber::Encoders_subscriber([01;35m[Kconst std::string &node_name[m[K,
      |                                          [01;35m[K~~~~~~~~~~~~~~~~~~~^~~~~~~~~[m[K
[01m[K/home/youss/Documents/Projet/Autonomouscar/ros_ws/src/robot/src/encoders_subscriber.cpp:[m[K At global scope:
[01m[K/home/youss/Documents/Projet/Autonomouscar/ros_ws/src/robot/src/encoders_subscriber.cpp:26:5:[m[K [01;35m[Kwarning: [m[Ksecond argument of ‘[01m[Kint[01;32m[K main[m[K(int, char*)[m[K’ should be ‘[01m[Kchar **[m[K’ [[01;35m[K]8;;https://gcc.gnu.org/onlinedocs/gcc/Warning-Options.html#index-Wmain-Wmain]8;;[m[K]
   26 | int [01;35m[Kmain[m[K(int argc, char* argv)
      |     [01;35m[K^~~~[m[K
[01m[K/home/youss/Documents/Projet/Autonomouscar/ros_ws/src/robot/src/encoders_subscriber.cpp:[m[K In function ‘[01m[Kint[01;32m[K main[m[K(int, char*)[m[K’:
[01m[K/home/youss/Documents/Projet/Autonomouscar/ros_ws/src/robot/src/encoders_subscriber.cpp:28:24:[m[K [01;31m[Kerror: [m[Kcannot convert ‘[01m[Kchar*[m[K’ to ‘[01m[Kconst char* const*[m[K’
   28 |     rclcpp::init(argc, [01;31m[Kargv[m[K);
      |                        [01;31m[K^~~~[m[K
      |                        [01;31m[K|[m[K
      |                        [01;31m[Kchar*[m[K
In file included from [01m[K/opt/ros/jazzy/include/rclcpp/rclcpp/logging.hpp:25[m[K:
[01m[K/opt/ros/jazzy/include/rclcpp/rclcpp/utilities.hpp:77:24:[m[K [01;36m[Knote: [m[K  initializing argument 2 of ‘[01m[Kvoid rclcpp::[01;32m[Kinit[m[K(int, const char* const*, const InitOptions&, SignalHandlerOptions)[m[K’
   77 |   [01;36m[Kchar const * const * argv[m[K,
      |   [01;36m[K~~~~~~~~~~~~~~~~~~~~~^~~~[m[K
gmake[2]: *** [CMakeFiles/listener.dir/build.make:76: CMakeFiles/listener.dir/src/encoders_subscriber.cpp.o] Error 1
gmake[1]: *** [CMakeFiles/Makefile2:165: CMakeFiles/listener.dir/all] Error 2
gmake: *** [Makefile:146: all] Error 2
