[0.052s] Invoking command in '/home/youss/Documents/Projet/Autonomouscar/ros_ws/build/robot': CMAKE_PREFIX_PATH=${CMAKE_PREFIX_PATH}:/opt/ros/jazzy DEBUGINFOD_URLS=https://debuginfod.ubuntu.com /usr/bin/cmake --build /home/youss/Documents/Projet/Autonomouscar/ros_ws/build/robot -- -j4 -l4
[0.369s] [ 13%] Built target listener
[0.370s] [ 26%] Built target robot_controller
[0.375s] [ 40%] Built target position_publisher
[0.377s] [ 46%] [32mBuilding CXX object CMakeFiles/main.dir/src/main.cpp.o[0m
[0.507s] [ 60%] Built target motor_subscriber
[0.512s] [ 73%] Built target position_reader
[3.477s] [01m[K/home/youss/Documents/Projet/Autonomouscar/ros_ws/src/robot/src/main.cpp:[m[K In function ‘[01m[Kint[01;32m[K main[m[K()[m[K’:
[3.477s] [01m[K/home/youss/Documents/Projet/Autonomouscar/ros_ws/src/robot/src/main.cpp:99:57:[m[K [01;31m[Kerror: [m[Kuse of deleted function ‘[01m[KEncoders::[01;32m[KEncoders[m[K(const Encoders&)[m[K’
[3.478s]    99 |     auto count_A = std::async(std::launch::async, [01;31m[Kmy_fct(M1A_CHANNEL, encoder_A)[m[K);
[3.478s]       |                                                   [01;31m[K~~~~~~^~~~~~~~~~~~~~~~~~~~~~~~[m[K
[3.479s] In file included from [01m[K/home/youss/Documents/Projet/Autonomouscar/ros_ws/src/robot/src/main.cpp:19[m[K:
[3.479s] [01m[K/home/youss/Documents/Projet/Autonomouscar/ros_ws/src/robot/include/robot/encoders.h:8:8:[m[K [01;36m[Knote: [m[K‘[01m[KEncoders::[01;32m[KEncoders[m[K(const Encoders&)[m[K’ is implicitly deleted because the default definition would be ill-formed:
[3.479s]     8 | struct [01;36m[KEncoders[m[K
[3.480s]       |        [01;36m[K^~~~~~~~[m[K
[3.480s] [01m[K/home/youss/Documents/Projet/Autonomouscar/ros_ws/src/robot/include/robot/encoders.h:8:8:[m[K [01;31m[Kerror: [m[Kuse of deleted function ‘[01m[Kstd::thread::[01;32m[Kthread[m[K(const std::thread&)[m[K’
[3.481s] In file included from [01m[K/usr/include/c++/13/thread:45[m[K,
[3.481s]                  from [01m[K/home/youss/Documents/Projet/Autonomouscar/ros_ws/src/robot/src/main.cpp:8[m[K:
[3.481s] [01m[K/usr/include/c++/13/bits/std_thread.h:176:5:[m[K [01;36m[Knote: [m[Kdeclared here
[3.482s]   176 |     [01;36m[Kthread[m[K(const thread&) = delete;
[3.482s]       |     [01;36m[K^~~~~~[m[K
[3.483s] [01m[K/home/youss/Documents/Projet/Autonomouscar/ros_ws/src/robot/src/main.cpp:95:19:[m[K [01;36m[Knote: [m[K  initializing argument 2 of ‘[01m[Kmain()::<lambda(unsigned int, Encoders)>[m[K’
[3.483s]    95 |     auto my_fct = [01;36m[K[[m[K](unsigned int channel_gpio, Encoders encoder)
[3.483s]       |                   [01;36m[K^[m[K
[3.825s] gmake[2]: *** [CMakeFiles/main.dir/build.make:76: CMakeFiles/main.dir/src/main.cpp.o] Error 1
[3.825s] gmake[1]: *** [CMakeFiles/Makefile2:147: CMakeFiles/main.dir/all] Error 2
[3.827s] gmake: *** [Makefile:146: all] Error 2
[3.834s] Invoked command in '/home/youss/Documents/Projet/Autonomouscar/ros_ws/build/robot' returned '2': CMAKE_PREFIX_PATH=${CMAKE_PREFIX_PATH}:/opt/ros/jazzy DEBUGINFOD_URLS=https://debuginfod.ubuntu.com /usr/bin/cmake --build /home/youss/Documents/Projet/Autonomouscar/ros_ws/build/robot -- -j4 -l4
