[0.051s] Invoking command in '/home/youss/Documents/Projet/Autonomouscar/ros_ws/build/robot': CMAKE_PREFIX_PATH=${CMAKE_PREFIX_PATH}:/opt/ros/jazzy DEBUGINFOD_URLS=https://debuginfod.ubuntu.com /usr/bin/cmake --build /home/youss/Documents/Projet/Autonomouscar/ros_ws/build/robot -- -j4 -l4
[0.308s] [ 50%] [32mBuilding CXX object CMakeFiles/encoders.dir/src/encoders.cpp.o[0m
[2.373s] [01m[K/home/youss/Documents/Projet/Autonomouscar/ros_ws/src/robot/src/encoders.cpp:[m[K In constructor ‘[01m[KEncoders::[01;32m[KEncoders[m[K(const unsigned int&, const unsigned int&, const unsigned int&, const unsigned int&)[m[K’:
[2.373s] [01m[K/home/youss/Documents/Projet/Autonomouscar/ros_ws/src/robot/src/encoders.cpp:150:17:[m[K [01;31m[Kerror: [m[Kinvalid use of non-static member function ‘[01m[Kvoid Encoders::[01;32m[Kcompute_rps_on_channels_handler[m[K()[m[K’
[2.374s]   150 |     timer_start([01;31m[Kcompute_rps_on_channels_handler[m[K, 1000);
[2.375s]       |                 [01;31m[K^~~~~~~~~~~~~~~~~~~~~~~~~~~~~~~[m[K
[2.376s] In file included from [01m[K/home/youss/Documents/Projet/Autonomouscar/ros_ws/src/robot/src/encoders.cpp:13[m[K:
[2.377s] [01m[K/home/youss/Documents/Projet/Autonomouscar/ros_ws/src/robot/src/encoders.h:49:14:[m[K [01;36m[Knote: [m[Kdeclared here
[2.377s]    49 |         void [01;36m[Kcompute_rps_on_channels_handler[m[K();
[2.378s]       |              [01;36m[K^~~~~~~~~~~~~~~~~~~~~~~~~~~~~~~[m[K
[2.378s] [01m[K/home/youss/Documents/Projet/Autonomouscar/ros_ws/src/robot/src/encoders.cpp:[m[K In constructor ‘[01m[KEncoders::[01;32m[KEncoders[m[K()[m[K’:
[2.378s] [01m[K/home/youss/Documents/Projet/Autonomouscar/ros_ws/src/robot/src/encoders.cpp:167:17:[m[K [01;31m[Kerror: [m[Kinvalid use of non-static member function ‘[01m[Kvoid Encoders::[01;32m[Kcompute_rps_on_channels_handler[m[K()[m[K’
[2.379s]   167 |     timer_start([01;31m[Kcompute_rps_on_channels_handler[m[K, 1000);
[2.380s]       |                 [01;31m[K^~~~~~~~~~~~~~~~~~~~~~~~~~~~~~~[m[K
[2.380s] [01m[K/home/youss/Documents/Projet/Autonomouscar/ros_ws/src/robot/src/encoders.h:49:14:[m[K [01;36m[Knote: [m[Kdeclared here
[2.381s]    49 |         void [01;36m[Kcompute_rps_on_channels_handler[m[K();
[2.381s]       |              [01;36m[K^~~~~~~~~~~~~~~~~~~~~~~~~~~~~~~[m[K
[2.382s] [01m[K/home/youss/Documents/Projet/Autonomouscar/ros_ws/src/robot/src/encoders.cpp:[m[K In static member function ‘[01m[Kstatic void Encoders::[01;32m[Kcompute_rps_on_channels[m[K()[m[K’:
[2.382s] [01m[K/home/youss/Documents/Projet/Autonomouscar/ros_ws/src/robot/src/encoders.cpp:178:14:[m[K [01;31m[Kerror: [m[Kinvalid use of member ‘[01m[KEncoders::_number_of_changes_A_channel[m[K’ in static member function
[2.383s]   178 |     A_rps = ([01;31m[K_number_of_changes_A_channel[m[K/_PPR)/_gear_ratio;
[2.383s]       |              [01;31m[K^~~~~~~~~~~~~~~~~~~~~~~~~~~~[m[K
[2.384s] [01m[K/home/youss/Documents/Projet/Autonomouscar/ros_ws/src/robot/src/encoders.h:34:22:[m[K [01;36m[Knote: [m[Kdeclared here
[2.384s]    34 |         unsigned int [01;36m[K_number_of_changes_A_channel[m[K = 0;
[2.384s]       |                      [01;36m[K^~~~~~~~~~~~~~~~~~~~~~~~~~~~[m[K
[2.385s] [01m[K/home/youss/Documents/Projet/Autonomouscar/ros_ws/src/robot/src/encoders.cpp:178:43:[m[K [01;31m[Kerror: [m[Kinvalid use of member ‘[01m[KEncoders::_PPR[m[K’ in static member function
[2.385s]   178 |     A_rps = (_number_of_changes_A_channel/[01;31m[K_PPR[m[K)/_gear_ratio;
[2.386s]       |                                           [01;31m[K^~~~[m[K
[2.386s] [01m[K/home/youss/Documents/Projet/Autonomouscar/ros_ws/src/robot/src/encoders.h:30:28:[m[K [01;36m[Knote: [m[Kdeclared here
[2.386s]    30 |         const unsigned int [01;36m[K_PPR[m[K = 8;
[2.387s]       |                            [01;36m[K^~~~[m[K
[2.387s] [01m[K/home/youss/Documents/Projet/Autonomouscar/ros_ws/src/robot/src/encoders.cpp:178:49:[m[K [01;31m[Kerror: [m[Kinvalid use of member ‘[01m[KEncoders::_gear_ratio[m[K’ in static member function
[2.388s]   178 |     A_rps = (_number_of_changes_A_channel/_PPR)/[01;31m[K_gear_ratio[m[K;
[2.388s]       |                                                 [01;31m[K^~~~~~~~~~~[m[K
[2.388s] [01m[K/home/youss/Documents/Projet/Autonomouscar/ros_ws/src/robot/src/encoders.h:31:22:[m[K [01;36m[Knote: [m[Kdeclared here
[2.389s]    31 |         const double [01;36m[K_gear_ratio[m[K = 900/8;
[2.389s]       |                      [01;36m[K^~~~~~~~~~~[m[K
[2.390s] [01m[K/home/youss/Documents/Projet/Autonomouscar/ros_ws/src/robot/src/encoders.cpp:179:52:[m[K [01;31m[Kerror: [m[Kinvalid use of member ‘[01m[KEncoders::_number_of_changes_A_channel[m[K’ in static member function
[2.390s]   179 |     cout << "number of changes on channel A : " << [01;31m[K_number_of_changes_A_channel[m[K << endl;
[2.390s]       |                                                    [01;31m[K^~~~~~~~~~~~~~~~~~~~~~~~~~~~[m[K
[2.391s] [01m[K/home/youss/Documents/Projet/Autonomouscar/ros_ws/src/robot/src/encoders.h:34:22:[m[K [01;36m[Knote: [m[Kdeclared here
[2.391s]    34 |         unsigned int [01;36m[K_number_of_changes_A_channel[m[K = 0;
[2.392s]       |                      [01;36m[K^~~~~~~~~~~~~~~~~~~~~~~~~~~~[m[K
[2.392s] [01m[K/home/youss/Documents/Projet/Autonomouscar/ros_ws/src/robot/src/encoders.cpp:181:5:[m[K [01;31m[Kerror: [m[Kinvalid use of member ‘[01m[KEncoders::_number_of_changes_A_channel[m[K’ in static member function
[2.392s]   181 |     [01;31m[K_number_of_changes_A_channel[m[K = 0;
[2.393s]       |     [01;31m[K^~~~~~~~~~~~~~~~~~~~~~~~~~~~[m[K
[2.393s] [01m[K/home/youss/Documents/Projet/Autonomouscar/ros_ws/src/robot/src/encoders.h:34:22:[m[K [01;36m[Knote: [m[Kdeclared here
[2.393s]    34 |         unsigned int [01;36m[K_number_of_changes_A_channel[m[K = 0;
[2.394s]       |                      [01;36m[K^~~~~~~~~~~~~~~~~~~~~~~~~~~~[m[K
[2.394s] [01m[K/home/youss/Documents/Projet/Autonomouscar/ros_ws/src/robot/src/encoders.cpp:183:14:[m[K [01;31m[Kerror: [m[Kinvalid use of member ‘[01m[KEncoders::_number_of_changes_B_channel[m[K’ in static member function
[2.395s]   183 |     B_rps = ([01;31m[K_number_of_changes_B_channel[m[K/_PPR)/_gear_ratio;
[2.395s]       |              [01;31m[K^~~~~~~~~~~~~~~~~~~~~~~~~~~~[m[K
[2.395s] [01m[K/home/youss/Documents/Projet/Autonomouscar/ros_ws/src/robot/src/encoders.h:35:22:[m[K [01;36m[Knote: [m[Kdeclared here
[2.396s]    35 |         unsigned int [01;36m[K_number_of_changes_B_channel[m[K = 0;
[2.396s]       |                      [01;36m[K^~~~~~~~~~~~~~~~~~~~~~~~~~~~[m[K
[2.396s] [01m[K/home/youss/Documents/Projet/Autonomouscar/ros_ws/src/robot/src/encoders.cpp:183:43:[m[K [01;31m[Kerror: [m[Kinvalid use of member ‘[01m[KEncoders::_PPR[m[K’ in static member function
[2.397s]   183 |     B_rps = (_number_of_changes_B_channel/[01;31m[K_PPR[m[K)/_gear_ratio;
[2.397s]       |                                           [01;31m[K^~~~[m[K
[2.398s] [01m[K/home/youss/Documents/Projet/Autonomouscar/ros_ws/src/robot/src/encoders.h:30:28:[m[K [01;36m[Knote: [m[Kdeclared here
[2.398s]    30 |         const unsigned int [01;36m[K_PPR[m[K = 8;
[2.398s]       |                            [01;36m[K^~~~[m[K
[2.399s] [01m[K/home/youss/Documents/Projet/Autonomouscar/ros_ws/src/robot/src/encoders.cpp:183:49:[m[K [01;31m[Kerror: [m[Kinvalid use of member ‘[01m[KEncoders::_gear_ratio[m[K’ in static member function
[2.399s]   183 |     B_rps = (_number_of_changes_B_channel/_PPR)/[01;31m[K_gear_ratio[m[K;
[2.399s]       |                                                 [01;31m[K^~~~~~~~~~~[m[K
[2.400s] [01m[K/home/youss/Documents/Projet/Autonomouscar/ros_ws/src/robot/src/encoders.h:31:22:[m[K [01;36m[Knote: [m[Kdeclared here
[2.400s]    31 |         const double [01;36m[K_gear_ratio[m[K = 900/8;
[2.401s]       |                      [01;36m[K^~~~~~~~~~~[m[K
[2.401s] [01m[K/home/youss/Documents/Projet/Autonomouscar/ros_ws/src/robot/src/encoders.cpp:184:52:[m[K [01;31m[Kerror: [m[Kinvalid use of member ‘[01m[KEncoders::_number_of_changes_B_channel[m[K’ in static member function
[2.401s]   184 |     cout << "number of changes on channel B : " << [01;31m[K_number_of_changes_B_channel[m[K << endl;
[2.402s]       |                                                    [01;31m[K^~~~~~~~~~~~~~~~~~~~~~~~~~~~[m[K
[2.402s] [01m[K/home/youss/Documents/Projet/Autonomouscar/ros_ws/src/robot/src/encoders.h:35:22:[m[K [01;36m[Knote: [m[Kdeclared here
[2.402s]    35 |         unsigned int [01;36m[K_number_of_changes_B_channel[m[K = 0;
[2.403s]       |                      [01;36m[K^~~~~~~~~~~~~~~~~~~~~~~~~~~~[m[K
[2.403s] [01m[K/home/youss/Documents/Projet/Autonomouscar/ros_ws/src/robot/src/encoders.cpp:186:6:[m[K [01;31m[Kerror: [m[Kinvalid use of member ‘[01m[KEncoders::_number_of_changes_B_channel[m[K’ in static member function
[2.404s]   186 |      [01;31m[K_number_of_changes_B_channel[m[K = 0;
[2.404s]       |      [01;31m[K^~~~~~~~~~~~~~~~~~~~~~~~~~~~[m[K
[2.404s] [01m[K/home/youss/Documents/Projet/Autonomouscar/ros_ws/src/robot/src/encoders.h:35:22:[m[K [01;36m[Knote: [m[Kdeclared here
[2.405s]    35 |         unsigned int [01;36m[K_number_of_changes_B_channel[m[K = 0;
[2.405s]       |                      [01;36m[K^~~~~~~~~~~~~~~~~~~~~~~~~~~~[m[K
[2.613s] [01m[K/home/youss/Documents/Projet/Autonomouscar/ros_ws/src/robot/src/encoders.cpp:[m[K In member function ‘[01m[Kbool Encoders::[01;32m[Kconfigure_pin_as_output[m[K(const unsigned int&)[m[K’:
[2.614s] [01m[K/home/youss/Documents/Projet/Autonomouscar/ros_ws/src/robot/src/encoders.cpp:46:56:[m[K [01;35m[Kwarning: [m[Kthis statement may fall through [[01;35m[K]8;;https://gcc.gnu.org/onlinedocs/gcc/Warning-Options.html#index-Wimplicit-fallthrough=-Wimplicit-fallthrough=]8;;[m[K]
[2.614s]    46 |                 cout << gpio << "is a bad gpio pin" << [01;35m[Kendl[m[K;
[2.615s]       |                                                        [01;35m[K^~~~[m[K
[2.615s] [01m[K/home/youss/Documents/Projet/Autonomouscar/ros_ws/src/robot/src/encoders.cpp:47:13:[m[K [01;36m[Knote: [m[Khere
[2.615s]    47 |             [01;36m[Kcase[m[K PI_BAD_MODE:
[2.616s]       |             [01;36m[K^~~~[m[K
[2.616s] [01m[K/home/youss/Documents/Projet/Autonomouscar/ros_ws/src/robot/src/encoders.cpp:48:57:[m[K [01;35m[Kwarning: [m[Kthis statement may fall through [[01;35m[K]8;;https://gcc.gnu.org/onlinedocs/gcc/Warning-Options.html#index-Wimplicit-fallthrough=-Wimplicit-fallthrough=]8;;[m[K]
[2.617s]    48 |                 cout << "Bad mode for gpio " << gpio << [01;35m[Kendl[m[K;
[2.617s]       |                                                         [01;35m[K^~~~[m[K
[2.618s] [01m[K/home/youss/Documents/Projet/Autonomouscar/ros_ws/src/robot/src/encoders.cpp:49:13:[m[K [01;36m[Knote: [m[Khere
[2.618s]    49 |             [01;36m[Kdefault[m[K:
[2.618s]       |             [01;36m[K^~~~~~~[m[K
[2.647s] gmake[2]: *** [CMakeFiles/encoders.dir/build.make:76: CMakeFiles/encoders.dir/src/encoders.cpp.o] Error 1
[2.648s] gmake[1]: *** [CMakeFiles/Makefile2:137: CMakeFiles/encoders.dir/all] Error 2
[2.648s] gmake: *** [Makefile:146: all] Error 2
[2.656s] Invoked command in '/home/youss/Documents/Projet/Autonomouscar/ros_ws/build/robot' returned '2': CMAKE_PREFIX_PATH=${CMAKE_PREFIX_PATH}:/opt/ros/jazzy DEBUGINFOD_URLS=https://debuginfod.ubuntu.com /usr/bin/cmake --build /home/youss/Documents/Projet/Autonomouscar/ros_ws/build/robot -- -j4 -l4
