[0.054s] Invoking command in '/home/youss/Documents/Projet/Autonomouscar/ros_ws/build/robot': CMAKE_PREFIX_PATH=${CMAKE_PREFIX_PATH}:/opt/ros/jazzy DEBUGINFOD_URLS=https://debuginfod.ubuntu.com /usr/bin/cmake --build /home/youss/Documents/Projet/Autonomouscar/ros_ws/build/robot -- -j4 -l4
[0.323s] [ 25%] [32mBuilding CXX object CMakeFiles/encoders.dir/src/main.cpp.o[0m
[0.326s] [ 50%] [32mBuilding CXX object CMakeFiles/encoders.dir/src/encoders.cpp.o[0m
[2.612s] [01m[K/home/youss/Documents/Projet/Autonomouscar/ros_ws/src/robot/src/main.cpp:[m[K In function ‘[01m[Kint[01;32m[K main[m[K()[m[K’:
[2.613s] [01m[K/home/youss/Documents/Projet/Autonomouscar/ros_ws/src/robot/src/main.cpp:49:37:[m[K [01;31m[Kerror: [m[Kno matching function for call to ‘[01m[KEncoders::Encoders(const unsigned int&, const unsigned int&, const unsigned int&)[m[K’
[2.614s]    49 |                         duty_cycle_A[01;31m[K)[m[K,
[2.615s]       |                                     [01;31m[K^[m[K
[2.615s] In file included from [01m[K/home/youss/Documents/Projet/Autonomouscar/ros_ws/src/robot/src/main.cpp:18[m[K:
[2.617s] [01m[K/home/youss/Documents/Projet/Autonomouscar/ros_ws/src/robot/include/robot/encoders.h:7:9:[m[K [01;36m[Knote: [m[Kcandidate: ‘[01m[KEncoders::[01;32m[KEncoders[m[K(const unsigned int&, const unsigned int&, const unsigned int&, std::string&)[m[K’
[2.618s]     7 |         [01;36m[KEncoders[m[K(const unsigned int &M1_GPIO,
[2.618s]       |         [01;36m[K^~~~~~~~[m[K
[2.619s] [01m[K/home/youss/Documents/Projet/Autonomouscar/ros_ws/src/robot/include/robot/encoders.h:7:9:[m[K [01;36m[Knote: [m[K  candidate expects 4 arguments, 3 provided
[2.619s] [01m[K/home/youss/Documents/Projet/Autonomouscar/ros_ws/src/robot/include/robot/encoders.h:4:8:[m[K [01;36m[Knote: [m[Kcandidate: ‘[01m[KEncoders::[01;32m[KEncoders[m[K(const Encoders&)[m[K’
[2.620s]     4 | struct [01;36m[KEncoders[m[K
[2.620s]       |        [01;36m[K^~~~~~~~[m[K
[2.621s] [01m[K/home/youss/Documents/Projet/Autonomouscar/ros_ws/src/robot/include/robot/encoders.h:4:8:[m[K [01;36m[Knote: [m[K  candidate expects 1 argument, 3 provided
[2.622s] [01m[K/home/youss/Documents/Projet/Autonomouscar/ros_ws/src/robot/include/robot/encoders.h:4:8:[m[K [01;36m[Knote: [m[Kcandidate: ‘[01m[KEncoders::[01;32m[KEncoders[m[K(Encoders&&)[m[K’
[2.622s] [01m[K/home/youss/Documents/Projet/Autonomouscar/ros_ws/src/robot/include/robot/encoders.h:4:8:[m[K [01;36m[Knote: [m[K  candidate expects 1 argument, 3 provided
[2.623s] [01m[K/home/youss/Documents/Projet/Autonomouscar/ros_ws/src/robot/src/main.cpp:50:25:[m[K [01;31m[Kerror: [m[Kexpected unqualified-id before string constant
[2.623s]    50 |                         [01;31m[K"Channel A"[m[K;
[2.624s]       |                         [01;31m[K^~~~~~~~~~~[m[K
[2.625s] [01m[K/home/youss/Documents/Projet/Autonomouscar/ros_ws/src/robot/src/main.cpp:55:25:[m[K [01;31m[Kerror: [m[Kcannot bind non-const lvalue reference of type ‘[01m[Kstd::string&[m[K’ {aka ‘[01m[Kstd::__cxx11::basic_string<char>&[m[K’} to an rvalue of type ‘[01m[Kstd::string[m[K’ {aka ‘[01m[Kstd::__cxx11::basic_string<char>[m[K’}
[2.625s]    55 |                         [01;31m[K"Channel B"[m[K);
[2.626s]       |                         [01;31m[K^~~~~~~~~~~[m[K
[2.627s] In file included from [01m[K/usr/include/c++/13/string:54[m[K,
[2.628s]                  from [01m[K/usr/include/c++/13/bits/locale_classes.h:40[m[K,
[2.628s]                  from [01m[K/usr/include/c++/13/bits/ios_base.h:41[m[K,
[2.629s]                  from [01m[K/usr/include/c++/13/ios:44[m[K,
[2.629s]                  from [01m[K/usr/include/c++/13/ostream:40[m[K,
[2.630s]                  from [01m[K/usr/include/c++/13/iostream:41[m[K,
[2.630s]                  from [01m[K/home/youss/Documents/Projet/Autonomouscar/ros_ws/src/robot/src/main.cpp:1[m[K:
[2.631s] [01m[K/usr/include/c++/13/bits/basic_string.h:641:7:[m[K [01;36m[Knote: [m[K  after user-defined conversion: ‘[01m[Kstd::__cxx11::basic_string<_CharT, _Traits, _Alloc>::[01;32m[Kbasic_string[m[K(const _CharT*, const _Alloc&) [35m[K[with <template-parameter-2-1> = std::allocator<char>; _CharT = char; _Traits = std::char_traits<char>; _Alloc = std::allocator<char>][m[K[m[K’
[2.632s]   641 |       [01;36m[Kbasic_string[m[K(const _CharT* __s, const _Alloc& __a = _Alloc())
[2.632s]       |       [01;36m[K^~~~~~~~~~~~[m[K
[2.633s] [01m[K/home/youss/Documents/Projet/Autonomouscar/ros_ws/src/robot/include/robot/encoders.h:10:30:[m[K [01;36m[Knote: [m[K  initializing argument 4 of ‘[01m[KEncoders::[01;32m[KEncoders[m[K(const unsigned int&, const unsigned int&, const unsigned int&, std::string&)[m[K’
[2.634s]    10 |                 [01;36m[Kstd::string &channel_name[m[K
[2.634s]       |                 [01;36m[K~~~~~~~~~~~~~^~~~~~~~~~~~[m[K
[2.806s] gmake[2]: *** [CMakeFiles/encoders.dir/build.make:76: CMakeFiles/encoders.dir/src/main.cpp.o] Error 1
[2.806s] gmake[2]: *** Waiting for unfinished jobs....
[3.436s] gmake[1]: *** [CMakeFiles/Makefile2:137: CMakeFiles/encoders.dir/all] Error 2
[3.437s] gmake: *** [Makefile:146: all] Error 2
[3.444s] Invoked command in '/home/youss/Documents/Projet/Autonomouscar/ros_ws/build/robot' returned '2': CMAKE_PREFIX_PATH=${CMAKE_PREFIX_PATH}:/opt/ros/jazzy DEBUGINFOD_URLS=https://debuginfod.ubuntu.com /usr/bin/cmake --build /home/youss/Documents/Projet/Autonomouscar/ros_ws/build/robot -- -j4 -l4
