[  6%] [32mBuilding CXX object CMakeFiles/main.dir/src/main.cpp.o[0m
[ 20%] Built target listener
[ 33%] Built target robot_controller
[ 46%] Built target position_publisher
[ 53%] [32mBuilding CXX object CMakeFiles/main.dir/src/encoders.cpp.o[0m
[ 66%] Built target motor_subscriber
[ 80%] Built target position_reader
[01m[K/home/youss/Documents/Projet/Autonomouscar/ros_ws/src/robot/src/main.cpp:[m[K In function ‘[01m[Kint[01;32m[K main[m[K()[m[K’:
[01m[K/home/youss/Documents/Projet/Autonomouscar/ros_ws/src/robot/src/main.cpp:91:35:[m[K [01;31m[Kerror: [m[Kinvalid conversion from ‘[01m[Kvoid (*)()[m[K’ to ‘[01m[KgpioAlertFunc_t[m[K’ {aka ‘[01m[Kvoid (*)(int, int, unsigned int)[m[K’} [[01;31m[K]8;;https://gcc.gnu.org/onlinedocs/gcc/Warning-Options.html#index-fpermissive-fpermissive]8;;[m[K]
   91 |     gpioSetAlertFunc(M1A_CHANNEL, [01;31m[K&Encoders::count_number_of_changes[m[K)
      |                                   [01;31m[K^~~~~~~~~~~~~~~~~~~~~~~~~~~~~~~~~~[m[K
      |                                   [01;31m[K|[m[K
      |                                   [01;31m[Kvoid (*)()[m[K
In file included from [01m[K/home/youss/Documents/Projet/Autonomouscar/ros_ws/src/robot/src/main.cpp:13[m[K:
[01m[K/usr/local/include/pigpio.h:1402:58:[m[K [01;36m[Knote: [m[K  initializing argument 2 of ‘[01m[Kint[01;32m[K gpioSetAlertFunc[m[K(unsigned int, gpioAlertFunc_t)[m[K’
 1402 | int gpioSetAlertFunc(unsigned user_gpio, [01;36m[KgpioAlertFunc_t f[m[K);
      |                                          [01;36m[K~~~~~~~~~~~~~~~~^[m[K
[01m[K/home/youss/Documents/Projet/Autonomouscar/ros_ws/src/robot/src/main.cpp:91:70:[m[K [01;31m[Kerror: [m[Kexpected ‘[01m[K;[m[K’ before ‘[01m[Kis_running[m[K’
   91 |     gpioSetAlertFunc(M1A_CHANNEL, &Encoders::count_number_of_changes)
      |                                                                      [01;31m[K^[m[K
      |                                                                      [32m[K;[m[K
......
  108 |     [32m[Kis_running[m[K = true;
      |     [32m[K~~~~~~~~~~[m[K                                                        
[01m[K/home/youss/Documents/Projet/Autonomouscar/ros_ws/src/robot/src/encoders.cpp:263:6:[m[K [01;31m[Kerror: [m[Kno declaration matches ‘[01m[Kvoid Encoders::[01;32m[Kcount_number_of_changes[m[K(Encoders&)[m[K’
  263 | void [01;31m[KEncoders[m[K::count_number_of_changes(Encoders &encoder)
      |      [01;31m[K^~~~~~~~[m[K
In file included from [01m[K/home/youss/Documents/Projet/Autonomouscar/ros_ws/src/robot/src/encoders.cpp:22[m[K:
[01m[K/home/youss/Documents/Projet/Autonomouscar/ros_ws/src/robot/include/robot/encoders.h:21:21:[m[K [01;36m[Knote: [m[Kcandidate is: ‘[01m[Kstatic void Encoders::[01;32m[Kcount_number_of_changes[m[K()[m[K’
   21 |         static void [01;36m[Kcount_number_of_changes[m[K();
      |                     [01;36m[K^~~~~~~~~~~~~~~~~~~~~~~[m[K
[01m[K/home/youss/Documents/Projet/Autonomouscar/ros_ws/src/robot/include/robot/encoders.h:8:8:[m[K [01;36m[Knote: [m[K‘[01m[Kstruct Encoders[m[K’ defined here
    8 | struct [01;36m[KEncoders[m[K
      |        [01;36m[K^~~~~~~~[m[K
gmake[2]: *** [CMakeFiles/main.dir/build.make:76: CMakeFiles/main.dir/src/main.cpp.o] Error 1
gmake[2]: *** Waiting for unfinished jobs....
gmake[2]: *** [CMakeFiles/main.dir/build.make:104: CMakeFiles/main.dir/src/encoders.cpp.o] Error 1
gmake[1]: *** [CMakeFiles/Makefile2:147: CMakeFiles/main.dir/all] Error 2
gmake: *** [Makefile:146: all] Error 2
