[0.057s] Invoking command in '/home/youss/Documents/Projet/Autonomouscar/ros_ws/build/robot': CMAKE_PREFIX_PATH=${CMAKE_PREFIX_PATH}:/opt/ros/jazzy DEBUGINFOD_URLS=https://debuginfod.ubuntu.com /usr/bin/cmake --build /home/youss/Documents/Projet/Autonomouscar/ros_ws/build/robot -- -j4 -l4
[0.381s] [  6%] [32mBuilding CXX object CMakeFiles/main.dir/src/main.cpp.o[0m
[0.395s] [ 20%] Built target listener
[0.396s] [ 33%] Built target robot_controller
[0.413s] [ 46%] Built target position_publisher
[0.458s] [ 53%] [32mBuilding CXX object CMakeFiles/main.dir/src/encoders.cpp.o[0m
[0.553s] [ 66%] Built target motor_subscriber
[0.570s] [ 80%] Built target position_reader
[3.257s] [01m[K/home/youss/Documents/Projet/Autonomouscar/ros_ws/src/robot/src/main.cpp:[m[K In function ‘[01m[Kint[01;32m[K main[m[K()[m[K’:
[3.258s] [01m[K/home/youss/Documents/Projet/Autonomouscar/ros_ws/src/robot/src/main.cpp:91:35:[m[K [01;31m[Kerror: [m[Kinvalid conversion from ‘[01m[Kvoid (*)()[m[K’ to ‘[01m[KgpioAlertFunc_t[m[K’ {aka ‘[01m[Kvoid (*)(int, int, unsigned int)[m[K’} [[01;31m[K]8;;https://gcc.gnu.org/onlinedocs/gcc/Warning-Options.html#index-fpermissive-fpermissive]8;;[m[K]
[3.259s]    91 |     gpioSetAlertFunc(M1A_CHANNEL, [01;31m[K&Encoders::count_number_of_changes[m[K)
[3.260s]       |                                   [01;31m[K^~~~~~~~~~~~~~~~~~~~~~~~~~~~~~~~~~[m[K
[3.261s]       |                                   [01;31m[K|[m[K
[3.261s]       |                                   [01;31m[Kvoid (*)()[m[K
[3.263s] In file included from [01m[K/home/youss/Documents/Projet/Autonomouscar/ros_ws/src/robot/src/main.cpp:13[m[K:
[3.263s] [01m[K/usr/local/include/pigpio.h:1402:58:[m[K [01;36m[Knote: [m[K  initializing argument 2 of ‘[01m[Kint[01;32m[K gpioSetAlertFunc[m[K(unsigned int, gpioAlertFunc_t)[m[K’
[3.264s]  1402 | int gpioSetAlertFunc(unsigned user_gpio, [01;36m[KgpioAlertFunc_t f[m[K);
[3.265s]       |                                          [01;36m[K~~~~~~~~~~~~~~~~^[m[K
[3.266s] [01m[K/home/youss/Documents/Projet/Autonomouscar/ros_ws/src/robot/src/main.cpp:91:70:[m[K [01;31m[Kerror: [m[Kexpected ‘[01m[K;[m[K’ before ‘[01m[Kis_running[m[K’
[3.267s]    91 |     gpioSetAlertFunc(M1A_CHANNEL, &Encoders::count_number_of_changes)
[3.267s]       |                                                                      [01;31m[K^[m[K
[3.268s]       |                                                                      [32m[K;[m[K
[3.269s] ......
[3.270s]   108 |     [32m[Kis_running[m[K = true;
[3.271s]       |     [32m[K~~~~~~~~~~[m[K                                                        
[3.370s] [01m[K/home/youss/Documents/Projet/Autonomouscar/ros_ws/src/robot/src/encoders.cpp:263:6:[m[K [01;31m[Kerror: [m[Kno declaration matches ‘[01m[Kvoid Encoders::[01;32m[Kcount_number_of_changes[m[K(Encoders&)[m[K’
[3.371s]   263 | void [01;31m[KEncoders[m[K::count_number_of_changes(Encoders &encoder)
[3.371s]       |      [01;31m[K^~~~~~~~[m[K
[3.372s] In file included from [01m[K/home/youss/Documents/Projet/Autonomouscar/ros_ws/src/robot/src/encoders.cpp:22[m[K:
[3.373s] [01m[K/home/youss/Documents/Projet/Autonomouscar/ros_ws/src/robot/include/robot/encoders.h:21:21:[m[K [01;36m[Knote: [m[Kcandidate is: ‘[01m[Kstatic void Encoders::[01;32m[Kcount_number_of_changes[m[K()[m[K’
[3.374s]    21 |         static void [01;36m[Kcount_number_of_changes[m[K();
[3.374s]       |                     [01;36m[K^~~~~~~~~~~~~~~~~~~~~~~[m[K
[3.375s] [01m[K/home/youss/Documents/Projet/Autonomouscar/ros_ws/src/robot/include/robot/encoders.h:8:8:[m[K [01;36m[Knote: [m[K‘[01m[Kstruct Encoders[m[K’ defined here
[3.376s]     8 | struct [01;36m[KEncoders[m[K
[3.377s]       |        [01;36m[K^~~~~~~~[m[K
[3.458s] gmake[2]: *** [CMakeFiles/main.dir/build.make:76: CMakeFiles/main.dir/src/main.cpp.o] Error 1
[3.459s] gmake[2]: *** Waiting for unfinished jobs....
[3.660s] gmake[2]: *** [CMakeFiles/main.dir/build.make:104: CMakeFiles/main.dir/src/encoders.cpp.o] Error 1
[3.661s] gmake[1]: *** [CMakeFiles/Makefile2:147: CMakeFiles/main.dir/all] Error 2
[3.662s] gmake: *** [Makefile:146: all] Error 2
[3.670s] Invoked command in '/home/youss/Documents/Projet/Autonomouscar/ros_ws/build/robot' returned '2': CMAKE_PREFIX_PATH=${CMAKE_PREFIX_PATH}:/opt/ros/jazzy DEBUGINFOD_URLS=https://debuginfod.ubuntu.com /usr/bin/cmake --build /home/youss/Documents/Projet/Autonomouscar/ros_ws/build/robot -- -j4 -l4
