[0.052s] Invoking command in '/home/youss/Documents/Projet/Autonomouscar/ros_ws/build/robot': CMAKE_PREFIX_PATH=${CMAKE_PREFIX_PATH}:/opt/ros/jazzy DEBUGINFOD_URLS=https://debuginfod.ubuntu.com /usr/bin/cmake --build /home/youss/Documents/Projet/Autonomouscar/ros_ws/build/robot -- -j4 -l4
[0.175s] -- Found ament_cmake: 2.5.2 (/opt/ros/jazzy/share/ament_cmake/cmake)
[1.126s] -- Override CMake install command with custom implementation using symlinks instead of copying resources
[1.160s] -- Found rclcpp: 28.1.5 (/opt/ros/jazzy/share/rclcpp/cmake)
[1.314s] -- Found rosidl_generator_c: 4.6.4 (/opt/ros/jazzy/share/rosidl_generator_c/cmake)
[1.354s] -- Found rosidl_generator_cpp: 4.6.4 (/opt/ros/jazzy/share/rosidl_generator_cpp/cmake)
[1.402s] -- Using all available rosidl_typesupport_c: rosidl_typesupport_fastrtps_c;rosidl_typesupport_introspection_c
[1.458s] -- Using all available rosidl_typesupport_cpp: rosidl_typesupport_fastrtps_cpp;rosidl_typesupport_introspection_cpp
[1.691s] -- Found rmw_implementation_cmake: 7.3.1 (/opt/ros/jazzy/share/rmw_implementation_cmake/cmake)
[1.697s] -- Found rmw_fastrtps_cpp: 8.4.1 (/opt/ros/jazzy/share/rmw_fastrtps_cpp/cmake)
[1.969s] -- Using RMW implementation 'rmw_fastrtps_cpp' as default
[2.191s] -- Found std_msgs: 5.3.5 (/opt/ros/jazzy/share/std_msgs/cmake)
[2.240s] -- Found geometry_msgs: 5.3.5 (/opt/ros/jazzy/share/geometry_msgs/cmake)
[2.296s] -- Found ament_lint_auto: 0.17.1 (/opt/ros/jazzy/share/ament_lint_auto/cmake)
[2.866s] -- Added test 'cppcheck' to perform static code analysis on C / C++ code
[2.868s] -- Configured cppcheck include dirs: $<BUILD_INTERFACE:/home/youss/Documents/Projet/Autonomouscar/ros_ws/src/robot/include>
[2.868s] -- Configured cppcheck exclude dirs and/or files: 
[2.871s] -- Added test 'flake8' to check Python code syntax and style conventions
[2.871s] -- Configured 'flake8' exclude dirs and/or files: 
[2.876s] -- Added test 'lint_cmake' to check CMake code style
[2.879s] -- Added test 'pep257' to check Python code against some of the docstring style conventions in PEP 257
[2.895s] -- Added test 'uncrustify' to check C / C++ code style
[2.896s] -- Configured uncrustify additional arguments: 
[2.899s] -- Added test 'xmllint' to check XML markup files
[2.931s] -- Configuring done (2.8s)
[3.119s] -- Generating done (0.1s)
[3.137s] -- Build files have been written to: /home/youss/Documents/Projet/Autonomouscar/ros_ws/build/robot
[3.382s] [ 10%] Built target robot_controller
[3.383s] [ 20%] Built target encoders_subscriber
[3.389s] [ 35%] Built target encoders_publisher
[3.405s] [ 40%] [32mBuilding CXX object CMakeFiles/main.dir/src/encoders_publisher.cpp.o[0m
[3.537s] [ 50%] Built target position_publisher
[3.548s] [ 60%] Built target position_reader
[3.557s] [ 75%] Built target motor_subscriber
[24.260s] [ 80%] [32m[1mLinking CXX executable main[0m
[24.390s] /usr/bin/ld: CMakeFiles/main.dir/src/encoders_publisher.cpp.o: in function `main':
[24.390s] encoders_publisher.cpp:(.text+0x698): multiple definition of `main'; CMakeFiles/main.dir/src/main.cpp.o:main.cpp:(.text+0x60): first defined here
[25.163s] collect2: error: ld returned 1 exit status
[25.169s] gmake[2]: *** [CMakeFiles/main.dir/build.make:244: main] Error 1
[25.170s] gmake[1]: *** [CMakeFiles/Makefile2:149: CMakeFiles/main.dir/all] Error 2
[25.171s] gmake: *** [Makefile:146: all] Error 2
[25.179s] Invoked command in '/home/youss/Documents/Projet/Autonomouscar/ros_ws/build/robot' returned '2': CMAKE_PREFIX_PATH=${CMAKE_PREFIX_PATH}:/opt/ros/jazzy DEBUGINFOD_URLS=https://debuginfod.ubuntu.com /usr/bin/cmake --build /home/youss/Documents/Projet/Autonomouscar/ros_ws/build/robot -- -j4 -l4
