[0.052s] Invoking command in '/home/youss/Documents/Projet/Autonomouscar/ros_ws/build/robot': CMAKE_PREFIX_PATH=${CMAKE_PREFIX_PATH}:/opt/ros/jazzy DEBUGINFOD_URLS=https://debuginfod.ubuntu.com /usr/bin/cmake --build /home/youss/Documents/Projet/Autonomouscar/ros_ws/build/robot -- -j4 -l4
[0.178s] -- Found ament_cmake: 2.5.2 (/opt/ros/jazzy/share/ament_cmake/cmake)
[1.130s] -- Override CMake install command with custom implementation using symlinks instead of copying resources
[1.165s] -- Found rclcpp: 28.1.5 (/opt/ros/jazzy/share/rclcpp/cmake)
[1.318s] -- Found rosidl_generator_c: 4.6.4 (/opt/ros/jazzy/share/rosidl_generator_c/cmake)
[1.357s] -- Found rosidl_generator_cpp: 4.6.4 (/opt/ros/jazzy/share/rosidl_generator_cpp/cmake)
[1.404s] -- Using all available rosidl_typesupport_c: rosidl_typesupport_fastrtps_c;rosidl_typesupport_introspection_c
[1.458s] -- Using all available rosidl_typesupport_cpp: rosidl_typesupport_fastrtps_cpp;rosidl_typesupport_introspection_cpp
[1.692s] -- Found rmw_implementation_cmake: 7.3.1 (/opt/ros/jazzy/share/rmw_implementation_cmake/cmake)
[1.697s] -- Found rmw_fastrtps_cpp: 8.4.1 (/opt/ros/jazzy/share/rmw_fastrtps_cpp/cmake)
[1.964s] -- Using RMW implementation 'rmw_fastrtps_cpp' as default
[2.183s] -- Found std_msgs: 5.3.5 (/opt/ros/jazzy/share/std_msgs/cmake)
[2.231s] -- Found geometry_msgs: 5.3.5 (/opt/ros/jazzy/share/geometry_msgs/cmake)
[2.287s] -- Found ament_lint_auto: 0.17.1 (/opt/ros/jazzy/share/ament_lint_auto/cmake)
[2.863s] -- Added test 'cppcheck' to perform static code analysis on C / C++ code
[2.865s] -- Configured cppcheck include dirs: $<BUILD_INTERFACE:/home/youss/Documents/Projet/Autonomouscar/ros_ws/src/robot/include>
[2.865s] -- Configured cppcheck exclude dirs and/or files: 
[2.868s] -- Added test 'flake8' to check Python code syntax and style conventions
[2.869s] -- Configured 'flake8' exclude dirs and/or files: 
[2.873s] -- Added test 'lint_cmake' to check CMake code style
[2.876s] -- Added test 'pep257' to check Python code against some of the docstring style conventions in PEP 257
[2.893s] -- Added test 'uncrustify' to check C / C++ code style
[2.893s] -- Configured uncrustify additional arguments: 
[2.896s] -- Added test 'xmllint' to check XML markup files
[2.927s] -- Configuring done (2.8s)
[3.088s] -- Generating done (0.1s)
[3.107s] -- Build files have been written to: /home/youss/Documents/Projet/Autonomouscar/ros_ws/build/robot
[3.343s] [ 10%] Built target encoders_subscriber
[3.346s] [ 26%] Built target encoders_publisher
[3.356s] [ 36%] Built target robot_controller
[3.373s] [ 42%] [32m[1mLinking CXX executable main[0m
[3.504s] [ 52%] Built target position_publisher
[3.513s] /usr/bin/ld: CMakeFiles/main.dir/src/encoders_publisher.cpp.o: in function `main':
[3.514s] encoders_publisher.cpp:(.text+0x698): multiple definition of `main'; CMakeFiles/main.dir/src/main.cpp.o:main.cpp:(.text+0x60): first defined here
[3.519s] [ 57%] [32m[1mLinking CXX executable motor_subscriber[0m
[3.530s] [ 68%] Built target position_reader
[4.547s] collect2: error: ld returned 1 exit status
[4.556s] gmake[2]: *** [CMakeFiles/main.dir/build.make:244: main] Error 1
[4.557s] gmake[1]: *** [CMakeFiles/Makefile2:149: CMakeFiles/main.dir/all] Error 2
[4.558s] gmake[1]: *** Waiting for unfinished jobs....
[5.013s] /usr/bin/ld: CMakeFiles/motor_subscriber.dir/src/motor_subscriber.cpp.o: in function `main':
[5.015s] motor_subscriber.cpp:(.text+0x2304): undefined reference to `RPI4::init()'
[5.015s] /usr/bin/ld: CMakeFiles/motor_subscriber.dir/src/motor_subscriber.cpp.o: in function `__static_initialization_and_destruction_0()':
[5.015s] motor_subscriber.cpp:(.text+0x2504): undefined reference to `RPI4::RPI4()'
[5.185s] collect2: error: ld returned 1 exit status
[5.191s] gmake[2]: *** [CMakeFiles/motor_subscriber.dir/build.make:180: motor_subscriber] Error 1
[5.192s] gmake[1]: *** [CMakeFiles/Makefile2:279: CMakeFiles/motor_subscriber.dir/all] Error 2
[5.193s] gmake: *** [Makefile:146: all] Error 2
[5.200s] Invoked command in '/home/youss/Documents/Projet/Autonomouscar/ros_ws/build/robot' returned '2': CMAKE_PREFIX_PATH=${CMAKE_PREFIX_PATH}:/opt/ros/jazzy DEBUGINFOD_URLS=https://debuginfod.ubuntu.com /usr/bin/cmake --build /home/youss/Documents/Projet/Autonomouscar/ros_ws/build/robot -- -j4 -l4
