[0.542s] DEBUG:colcon:Command line arguments: ['/usr/bin/colcon', 'build']
[0.542s] DEBUG:colcon:Parsed command line arguments: Namespace(log_base=None, log_level=None, verb_name='build', build_base='build', install_base='install', merge_install=False, symlink_install=False, test_result_base=None, continue_on_error=False, executor='parallel', parallel_workers=4, event_handlers=None, ignore_user_meta=False, metas=['./colcon.meta'], base_paths=['.'], packages_ignore=None, packages_ignore_regex=None, paths=None, packages_up_to=None, packages_up_to_regex=None, packages_above=None, packages_above_and_dependencies=None, packages_above_depth=None, packages_select_by_dep=None, packages_skip_by_dep=None, packages_skip_up_to=None, packages_select_build_failed=False, packages_skip_build_finished=False, packages_select_test_failures=False, packages_skip_test_passed=False, packages_select=None, packages_skip=None, packages_select_regex=None, packages_skip_regex=None, packages_start=None, packages_end=None, allow_overriding=[], cmake_args=None, cmake_target=None, cmake_target_skip_unavailable=False, cmake_clean_cache=False, cmake_clean_first=False, cmake_force_configure=False, ament_cmake_args=None, catkin_cmake_args=None, catkin_skip_building_tests=False, mixin_files=None, mixin=None, verb_parser=<colcon_mixin.mixin.mixin_argument.MixinArgumentDecorator object at 0xffff98386ae0>, verb_extension=<colcon_core.verb.build.BuildVerb object at 0xffff98386870>, main=<bound method BuildVerb.main of <colcon_core.verb.build.BuildVerb object at 0xffff98386870>>, mixin_verb=('build',))
[0.718s] Level 1:colcon.colcon_core.package_discovery:discover_packages(colcon_meta) check parameters
[0.719s] Level 1:colcon.colcon_core.package_discovery:discover_packages(recursive) check parameters
[0.719s] Level 1:colcon.colcon_core.package_discovery:discover_packages(ignore) check parameters
[0.719s] Level 1:colcon.colcon_core.package_discovery:discover_packages(path) check parameters
[0.719s] Level 1:colcon.colcon_core.package_discovery:discover_packages(colcon_meta) discover
[0.720s] Level 1:colcon.colcon_core.package_discovery:discover_packages(recursive) discover
[0.720s] INFO:colcon.colcon_core.package_discovery:Crawling recursively for packages in '/home/youss/Documents/Projet/Autonomouscar/ros_ws'
[0.721s] Level 1:colcon.colcon_core.package_identification:_identify(.) by extensions ['ignore', 'ignore_ament_install']
[0.721s] Level 1:colcon.colcon_core.package_identification:_identify(.) by extension 'ignore'
[0.721s] Level 1:colcon.colcon_core.package_identification:_identify(.) by extension 'ignore_ament_install'
[0.721s] Level 1:colcon.colcon_core.package_identification:_identify(.) by extensions ['colcon_pkg']
[0.722s] Level 1:colcon.colcon_core.package_identification:_identify(.) by extension 'colcon_pkg'
[0.722s] Level 1:colcon.colcon_core.package_identification:_identify(.) by extensions ['colcon_meta']
[0.722s] Level 1:colcon.colcon_core.package_identification:_identify(.) by extension 'colcon_meta'
[0.722s] Level 1:colcon.colcon_core.package_identification:_identify(.) by extensions ['ros']
[0.722s] Level 1:colcon.colcon_core.package_identification:_identify(.) by extension 'ros'
[0.841s] Level 1:colcon.colcon_core.package_identification:_identify(.) by extensions ['cmake', 'python']
[0.841s] Level 1:colcon.colcon_core.package_identification:_identify(.) by extension 'cmake'
[0.842s] Level 1:colcon.colcon_core.package_identification:_identify(.) by extension 'python'
[0.842s] Level 1:colcon.colcon_core.package_identification:_identify(.) by extensions ['python_setup_py']
[0.842s] Level 1:colcon.colcon_core.package_identification:_identify(.) by extension 'python_setup_py'
[0.842s] Level 1:colcon.colcon_core.package_identification:_identify(build) by extensions ['ignore', 'ignore_ament_install']
[0.843s] Level 1:colcon.colcon_core.package_identification:_identify(build) by extension 'ignore'
[0.843s] Level 1:colcon.colcon_core.package_identification:_identify(build) ignored
[0.844s] Level 1:colcon.colcon_core.package_identification:_identify(install) by extensions ['ignore', 'ignore_ament_install']
[0.844s] Level 1:colcon.colcon_core.package_identification:_identify(install) by extension 'ignore'
[0.844s] Level 1:colcon.colcon_core.package_identification:_identify(install) ignored
[0.848s] Level 1:colcon.colcon_core.package_identification:_identify(log) by extensions ['ignore', 'ignore_ament_install']
[0.849s] Level 1:colcon.colcon_core.package_identification:_identify(log) by extension 'ignore'
[0.849s] Level 1:colcon.colcon_core.package_identification:_identify(log) ignored
[0.850s] Level 1:colcon.colcon_core.package_identification:_identify(scripts) by extensions ['ignore', 'ignore_ament_install']
[0.850s] Level 1:colcon.colcon_core.package_identification:_identify(scripts) by extension 'ignore'
[0.851s] Level 1:colcon.colcon_core.package_identification:_identify(scripts) by extension 'ignore_ament_install'
[0.851s] Level 1:colcon.colcon_core.package_identification:_identify(scripts) by extensions ['colcon_pkg']
[0.851s] Level 1:colcon.colcon_core.package_identification:_identify(scripts) by extension 'colcon_pkg'
[0.851s] Level 1:colcon.colcon_core.package_identification:_identify(scripts) by extensions ['colcon_meta']
[0.851s] Level 1:colcon.colcon_core.package_identification:_identify(scripts) by extension 'colcon_meta'
[0.852s] Level 1:colcon.colcon_core.package_identification:_identify(scripts) by extensions ['ros']
[0.852s] Level 1:colcon.colcon_core.package_identification:_identify(scripts) by extension 'ros'
[0.853s] Level 1:colcon.colcon_core.package_identification:_identify(scripts) by extensions ['cmake', 'python']
[0.853s] Level 1:colcon.colcon_core.package_identification:_identify(scripts) by extension 'cmake'
[0.853s] Level 1:colcon.colcon_core.package_identification:_identify(scripts) by extension 'python'
[0.854s] Level 1:colcon.colcon_core.package_identification:_identify(scripts) by extensions ['python_setup_py']
[0.854s] Level 1:colcon.colcon_core.package_identification:_identify(scripts) by extension 'python_setup_py'
[0.854s] Level 1:colcon.colcon_core.package_identification:_identify(src) by extensions ['ignore', 'ignore_ament_install']
[0.855s] Level 1:colcon.colcon_core.package_identification:_identify(src) by extension 'ignore'
[0.855s] Level 1:colcon.colcon_core.package_identification:_identify(src) by extension 'ignore_ament_install'
[0.855s] Level 1:colcon.colcon_core.package_identification:_identify(src) by extensions ['colcon_pkg']
[0.855s] Level 1:colcon.colcon_core.package_identification:_identify(src) by extension 'colcon_pkg'
[0.855s] Level 1:colcon.colcon_core.package_identification:_identify(src) by extensions ['colcon_meta']
[0.855s] Level 1:colcon.colcon_core.package_identification:_identify(src) by extension 'colcon_meta'
[0.856s] Level 1:colcon.colcon_core.package_identification:_identify(src) by extensions ['ros']
[0.856s] Level 1:colcon.colcon_core.package_identification:_identify(src) by extension 'ros'
[0.856s] Level 1:colcon.colcon_core.package_identification:_identify(src) by extensions ['cmake', 'python']
[0.856s] Level 1:colcon.colcon_core.package_identification:_identify(src) by extension 'cmake'
[0.856s] Level 1:colcon.colcon_core.package_identification:_identify(src) by extension 'python'
[0.856s] Level 1:colcon.colcon_core.package_identification:_identify(src) by extensions ['python_setup_py']
[0.856s] Level 1:colcon.colcon_core.package_identification:_identify(src) by extension 'python_setup_py'
[0.857s] Level 1:colcon.colcon_core.package_identification:_identify(src/robot) by extensions ['ignore', 'ignore_ament_install']
[0.857s] Level 1:colcon.colcon_core.package_identification:_identify(src/robot) by extension 'ignore'
[0.857s] Level 1:colcon.colcon_core.package_identification:_identify(src/robot) by extension 'ignore_ament_install'
[0.858s] Level 1:colcon.colcon_core.package_identification:_identify(src/robot) by extensions ['colcon_pkg']
[0.858s] Level 1:colcon.colcon_core.package_identification:_identify(src/robot) by extension 'colcon_pkg'
[0.858s] Level 1:colcon.colcon_core.package_identification:_identify(src/robot) by extensions ['colcon_meta']
[0.858s] Level 1:colcon.colcon_core.package_identification:_identify(src/robot) by extension 'colcon_meta'
[0.858s] Level 1:colcon.colcon_core.package_identification:_identify(src/robot) by extensions ['ros']
[0.858s] Level 1:colcon.colcon_core.package_identification:_identify(src/robot) by extension 'ros'
[0.867s] DEBUG:colcon.colcon_core.package_identification:Package 'src/robot' with type 'ros.ament_cmake' and name 'robot'
[0.868s] Level 1:colcon.colcon_core.package_discovery:discover_packages(recursive) using defaults
[0.868s] Level 1:colcon.colcon_core.package_discovery:discover_packages(ignore) discover
[0.868s] Level 1:colcon.colcon_core.package_discovery:discover_packages(ignore) using defaults
[0.868s] Level 1:colcon.colcon_core.package_discovery:discover_packages(path) discover
[0.868s] Level 1:colcon.colcon_core.package_discovery:discover_packages(path) using defaults
[0.943s] Level 1:colcon.colcon_core.package_discovery:discover_packages(prefix_path) check parameters
[0.944s] Level 1:colcon.colcon_core.package_discovery:discover_packages(prefix_path) discover
[0.953s] DEBUG:colcon.colcon_installed_package_information.package_discovery:Found 1 installed packages in /home/youss/Documents/Projet/Autonomouscar/ros_ws/install
[0.964s] DEBUG:colcon.colcon_installed_package_information.package_discovery:Found 285 installed packages in /opt/ros/jazzy
[0.973s] Level 1:colcon.colcon_core.package_discovery:discover_packages(prefix_path) using defaults
[1.197s] Level 5:colcon.colcon_core.verb:set package 'robot' build argument 'cmake_args' from command line to 'None'
[1.197s] Level 5:colcon.colcon_core.verb:set package 'robot' build argument 'cmake_target' from command line to 'None'
[1.197s] Level 5:colcon.colcon_core.verb:set package 'robot' build argument 'cmake_target_skip_unavailable' from command line to 'False'
[1.197s] Level 5:colcon.colcon_core.verb:set package 'robot' build argument 'cmake_clean_cache' from command line to 'False'
[1.197s] Level 5:colcon.colcon_core.verb:set package 'robot' build argument 'cmake_clean_first' from command line to 'False'
[1.198s] Level 5:colcon.colcon_core.verb:set package 'robot' build argument 'cmake_force_configure' from command line to 'False'
[1.198s] Level 5:colcon.colcon_core.verb:set package 'robot' build argument 'ament_cmake_args' from command line to 'None'
[1.198s] Level 5:colcon.colcon_core.verb:set package 'robot' build argument 'catkin_cmake_args' from command line to 'None'
[1.198s] Level 5:colcon.colcon_core.verb:set package 'robot' build argument 'catkin_skip_building_tests' from command line to 'False'
[1.198s] DEBUG:colcon.colcon_core.verb:Building package 'robot' with the following arguments: {'ament_cmake_args': None, 'build_base': '/home/youss/Documents/Projet/Autonomouscar/ros_ws/build/robot', 'catkin_cmake_args': None, 'catkin_skip_building_tests': False, 'cmake_args': None, 'cmake_clean_cache': False, 'cmake_clean_first': False, 'cmake_force_configure': False, 'cmake_target': None, 'cmake_target_skip_unavailable': False, 'install_base': '/home/youss/Documents/Projet/Autonomouscar/ros_ws/install/robot', 'merge_install': False, 'path': '/home/youss/Documents/Projet/Autonomouscar/ros_ws/src/robot', 'symlink_install': False, 'test_result_base': None}
[1.199s] INFO:colcon.colcon_core.executor:Executing jobs using 'parallel' executor
[1.202s] DEBUG:colcon.colcon_parallel_executor.executor.parallel:run_until_complete
[1.204s] INFO:colcon.colcon_ros.task.ament_cmake.build:Building ROS package in '/home/youss/Documents/Projet/Autonomouscar/ros_ws/src/robot' with build type 'ament_cmake'
[1.205s] INFO:colcon.colcon_cmake.task.cmake.build:Building CMake package in '/home/youss/Documents/Projet/Autonomouscar/ros_ws/src/robot'
[1.213s] INFO:colcon.colcon_core.plugin_system:Skipping extension 'colcon_core.shell.bat': Not used on non-Windows systems
[1.214s] INFO:colcon.colcon_core.shell:Skip shell extension 'powershell' for command environment: Not usable outside of PowerShell
[1.214s] DEBUG:colcon.colcon_core.shell:Skip shell extension 'dsv' for command environment
[1.266s] DEBUG:colcon.colcon_core.event_handler.log_command:Invoking command in '/home/youss/Documents/Projet/Autonomouscar/ros_ws/build/robot': CMAKE_PREFIX_PATH=${CMAKE_PREFIX_PATH}:/opt/ros/jazzy DEBUGINFOD_URLS=https://debuginfod.ubuntu.com /usr/bin/cmake --build /home/youss/Documents/Projet/Autonomouscar/ros_ws/build/robot -- -j4 -l4
[18.104s] DEBUG:colcon.colcon_core.event_handler.log_command:Invoked command in '/home/youss/Documents/Projet/Autonomouscar/ros_ws/build/robot' returned '2': CMAKE_PREFIX_PATH=${CMAKE_PREFIX_PATH}:/opt/ros/jazzy DEBUGINFOD_URLS=https://debuginfod.ubuntu.com /usr/bin/cmake --build /home/youss/Documents/Projet/Autonomouscar/ros_ws/build/robot -- -j4 -l4
[18.331s] Level 1:colcon.colcon_core.environment:create_environment_scripts_only(robot)
[18.344s] Level 1:colcon.colcon_core.environment:checking '/home/youss/Documents/Projet/Autonomouscar/ros_ws/install/robot' for CMake module files
[18.349s] Level 1:colcon.colcon_core.environment:checking '/home/youss/Documents/Projet/Autonomouscar/ros_ws/install/robot' for CMake config files
[18.351s] Level 1:colcon.colcon_core.shell:create_environment_hook('robot', 'cmake_prefix_path')
[18.352s] INFO:colcon.colcon_core.shell:Creating environment hook '/home/youss/Documents/Projet/Autonomouscar/ros_ws/install/robot/share/robot/hook/cmake_prefix_path.ps1'
[18.355s] INFO:colcon.colcon_core.shell:Creating environment descriptor '/home/youss/Documents/Projet/Autonomouscar/ros_ws/install/robot/share/robot/hook/cmake_prefix_path.dsv'
[18.361s] INFO:colcon.colcon_core.shell:Creating environment hook '/home/youss/Documents/Projet/Autonomouscar/ros_ws/install/robot/share/robot/hook/cmake_prefix_path.sh'
[18.365s] Level 1:colcon.colcon_core.environment:checking '/home/youss/Documents/Projet/Autonomouscar/ros_ws/install/robot/lib'
[18.366s] Level 1:colcon.colcon_core.environment:checking '/home/youss/Documents/Projet/Autonomouscar/ros_ws/install/robot/bin'
[18.367s] Level 1:colcon.colcon_core.environment:checking '/home/youss/Documents/Projet/Autonomouscar/ros_ws/install/robot/lib/pkgconfig/robot.pc'
[18.368s] Level 1:colcon.colcon_core.environment:checking '/home/youss/Documents/Projet/Autonomouscar/ros_ws/install/robot/lib/python3.12/site-packages'
[18.370s] Level 1:colcon.colcon_core.environment:checking '/home/youss/Documents/Projet/Autonomouscar/ros_ws/install/robot/bin'
[18.371s] INFO:colcon.colcon_core.shell:Creating package script '/home/youss/Documents/Projet/Autonomouscar/ros_ws/install/robot/share/robot/package.ps1'
[18.375s] INFO:colcon.colcon_core.shell:Creating package descriptor '/home/youss/Documents/Projet/Autonomouscar/ros_ws/install/robot/share/robot/package.dsv'
[18.378s] INFO:colcon.colcon_core.shell:Creating package script '/home/youss/Documents/Projet/Autonomouscar/ros_ws/install/robot/share/robot/package.sh'
[18.381s] INFO:colcon.colcon_core.shell:Creating package script '/home/youss/Documents/Projet/Autonomouscar/ros_ws/install/robot/share/robot/package.bash'
[18.385s] INFO:colcon.colcon_core.shell:Creating package script '/home/youss/Documents/Projet/Autonomouscar/ros_ws/install/robot/share/robot/package.zsh'
[18.389s] Level 1:colcon.colcon_core.environment:create_file_with_runtime_dependencies(/home/youss/Documents/Projet/Autonomouscar/ros_ws/install/robot/share/colcon-core/packages/robot)
[18.390s] DEBUG:colcon.colcon_parallel_executor.executor.parallel:closing loop
[18.391s] DEBUG:colcon.colcon_parallel_executor.executor.parallel:loop closed
[18.392s] DEBUG:colcon.colcon_parallel_executor.executor.parallel:run_until_complete finished with '2'
[18.392s] DEBUG:colcon.colcon_core.event_reactor:joining thread
[18.420s] INFO:colcon.colcon_core.plugin_system:Skipping extension 'colcon_notification.desktop_notification.terminal_notifier': Not used on non-Darwin systems
[18.421s] INFO:colcon.colcon_core.plugin_system:Skipping extension 'colcon_notification.desktop_notification.win32': Not used on non-Windows systems
[18.421s] INFO:colcon.colcon_notification.desktop_notification:Sending desktop notification using 'notify2'
[18.479s] DEBUG:colcon.colcon_core.event_reactor:joined thread
[18.480s] INFO:colcon.colcon_core.shell:Creating prefix script '/home/youss/Documents/Projet/Autonomouscar/ros_ws/install/local_setup.ps1'
[18.484s] INFO:colcon.colcon_core.shell:Creating prefix util module '/home/youss/Documents/Projet/Autonomouscar/ros_ws/install/_local_setup_util_ps1.py'
[18.490s] INFO:colcon.colcon_core.shell:Creating prefix chain script '/home/youss/Documents/Projet/Autonomouscar/ros_ws/install/setup.ps1'
[18.494s] INFO:colcon.colcon_core.shell:Creating prefix script '/home/youss/Documents/Projet/Autonomouscar/ros_ws/install/local_setup.sh'
[18.498s] INFO:colcon.colcon_core.shell:Creating prefix util module '/home/youss/Documents/Projet/Autonomouscar/ros_ws/install/_local_setup_util_sh.py'
[18.502s] INFO:colcon.colcon_core.shell:Creating prefix chain script '/home/youss/Documents/Projet/Autonomouscar/ros_ws/install/setup.sh'
[18.508s] INFO:colcon.colcon_core.shell:Creating prefix script '/home/youss/Documents/Projet/Autonomouscar/ros_ws/install/local_setup.bash'
[18.511s] INFO:colcon.colcon_core.shell:Creating prefix chain script '/home/youss/Documents/Projet/Autonomouscar/ros_ws/install/setup.bash'
[18.516s] INFO:colcon.colcon_core.shell:Creating prefix script '/home/youss/Documents/Projet/Autonomouscar/ros_ws/install/local_setup.zsh'
[18.518s] INFO:colcon.colcon_core.shell:Creating prefix chain script '/home/youss/Documents/Projet/Autonomouscar/ros_ws/install/setup.zsh'
