[0.055s] Invoking command in '/home/youss/Documents/Projet/Autonomouscar/ros_ws/build/robot': CMAKE_PREFIX_PATH=${CMAKE_PREFIX_PATH}:/opt/ros/jazzy DEBUGINFOD_URLS=https://debuginfod.ubuntu.com /usr/bin/cmake --build /home/youss/Documents/Projet/Autonomouscar/ros_ws/build/robot -- -j4 -l4
[0.405s] [ 14%] [32mBuilding CXX object CMakeFiles/encoders.dir/src/encoders.cpp.o[0m
[0.412s] [ 28%] [32mBuilding CXX object CMakeFiles/encoders.dir/src/main.cpp.o[0m
[0.424s] [ 42%] [32mBuilding CXX object CMakeFiles/encoders.dir/src/encoders_publisher.cpp.o[0m
[3.959s] In file included from [01m[K/home/youss/Documents/Projet/Autonomouscar/ros_ws/src/robot/src/encoders.cpp:22[m[K:
[3.960s] [01m[K/home/youss/Documents/Projet/Autonomouscar/ros_ws/src/robot/include/robot/encoders.h:16:9:[m[K [01;31m[Kerror: [m[Kexpected identifier before ‘[01m[K)[m[K’ token
[3.961s]    16 |         [01;31m[K)[m[K;
[3.962s]       |         [01;31m[K^[m[K
[3.965s] [01m[K/home/youss/Documents/Projet/Autonomouscar/ros_ws/src/robot/src/encoders.cpp:32:21:[m[K [01;31m[Kerror: [m[Kexpected ‘[01m[K,[m[K’ or ‘[01m[K...[m[K’ before ‘[01m[Kconst[m[K’
[3.967s]    32 |                     [01;31m[Kconst[m[K unsigned int &channel_B_gpio,
[3.968s]       |                     [01;31m[K^~~~~[m[K
[3.969s] [01m[K/home/youss/Documents/Projet/Autonomouscar/ros_ws/src/robot/src/encoders.cpp:29:1:[m[K [01;31m[Kerror: [m[Kno declaration matches ‘[01m[KEncoders::[01;32m[KEncoders[m[K(const unsigned int&, const unsigned int&, const unsigned int&)[m[K’
[3.970s]    29 | [01;31m[KEncoders[m[K::Encoders(const unsigned int &MxA_gpio,
[3.971s]       | [01;31m[K^~~~~~~~[m[K
[3.972s] [01m[K/home/youss/Documents/Projet/Autonomouscar/ros_ws/src/robot/include/robot/encoders.h:8:8:[m[K [01;36m[Knote: [m[Kcandidates are: ‘[01m[KEncoders::[01;32m[KEncoders[m[K(Encoders&&)[m[K’
[3.973s]     8 | struct [01;36m[KEncoders[m[K
[3.974s]       |        [01;36m[K^~~~~~~~[m[K
[3.976s] [01m[K/home/youss/Documents/Projet/Autonomouscar/ros_ws/src/robot/include/robot/encoders.h:8:8:[m[K [01;36m[Knote: [m[K                ‘[01m[KEncoders::[01;32m[KEncoders[m[K(const Encoders&)[m[K’
[3.977s] [01m[K/home/youss/Documents/Projet/Autonomouscar/ros_ws/src/robot/include/robot/encoders.h:11:9:[m[K [01;36m[Knote: [m[K                ‘[01m[KEncoders::[01;32m[KEncoders[m[K(const unsigned int&, const unsigned int&, const unsigned int&, const unsigned int&, const unsigned int&, int)[m[K’
[3.978s]    11 |         [01;36m[KEncoders[m[K(const unsigned int &MxA_gpio,
[3.979s]       |         [01;36m[K^~~~~~~~[m[K
[3.980s] [01m[K/home/youss/Documents/Projet/Autonomouscar/ros_ws/src/robot/include/robot/encoders.h:8:8:[m[K [01;36m[Knote: [m[K‘[01m[Kstruct Encoders[m[K’ defined here
[3.981s]     8 | struct [01;36m[KEncoders[m[K
[3.982s]       |        [01;36m[K^~~~~~~~[m[K
[4.006s] [01m[K/home/youss/Documents/Projet/Autonomouscar/ros_ws/src/robot/src/encoders.cpp:279:6:[m[K [01;31m[Kerror: [m[Kno declaration matches ‘[01m[Kvoid Encoders::[01;32m[Kcount_number_of_changes[m[K(const unsigned int&)[m[K’
[4.007s]   279 | void [01;31m[KEncoders[m[K::count_number_of_changes(const unsigned int &channel_gpio)
[4.008s]       |      [01;31m[K^~~~~~~~[m[K
[4.009s] [01m[K/home/youss/Documents/Projet/Autonomouscar/ros_ws/src/robot/include/robot/encoders.h:77:14:[m[K [01;36m[Knote: [m[Kcandidate is: ‘[01m[Kvoid Encoders::[01;32m[Kcount_number_of_changes[m[K()[m[K’
[4.010s]    77 |         void [01;36m[Kcount_number_of_changes[m[K();
[4.011s]       |              [01;36m[K^~~~~~~~~~~~~~~~~~~~~~~[m[K
[4.012s] [01m[K/home/youss/Documents/Projet/Autonomouscar/ros_ws/src/robot/include/robot/encoders.h:8:8:[m[K [01;36m[Knote: [m[K‘[01m[Kstruct Encoders[m[K’ defined here
[4.013s]     8 | struct [01;36m[KEncoders[m[K
[4.014s]       |        [01;36m[K^~~~~~~~[m[K
[4.023s] In file included from [01m[K/home/youss/Documents/Projet/Autonomouscar/ros_ws/src/robot/src/main.cpp:20[m[K:
[4.024s] [01m[K/home/youss/Documents/Projet/Autonomouscar/ros_ws/src/robot/include/robot/encoders.h:16:9:[m[K [01;31m[Kerror: [m[Kexpected identifier before ‘[01m[K)[m[K’ token
[4.025s]    16 |         [01;31m[K)[m[K;
[4.026s]       |         [01;31m[K^[m[K
[4.030s] [01m[K/home/youss/Documents/Projet/Autonomouscar/ros_ws/src/robot/src/main.cpp:[m[K In function ‘[01m[Kint[01;32m[K main[m[K()[m[K’:
[4.032s] [01m[K/home/youss/Documents/Projet/Autonomouscar/ros_ws/src/robot/src/main.cpp:61:38:[m[K [01;31m[Kerror: [m[Kno matching function for call to ‘[01m[KEncoders::Encoders(const unsigned int&, const unsigned int&, const unsigned int&, const unsigned int&, const unsigned int&)[m[K’
[4.033s]    61 |                         M1_duty_cycle[01;31m[K)[m[K;
[4.034s]       |                                      [01;31m[K^[m[K
[4.035s] [01m[K/home/youss/Documents/Projet/Autonomouscar/ros_ws/src/robot/include/robot/encoders.h:11:9:[m[K [01;36m[Knote: [m[Kcandidate: ‘[01m[KEncoders::[01;32m[KEncoders[m[K(const unsigned int&, const unsigned int&, const unsigned int&, const unsigned int&, const unsigned int&, int)[m[K’
[4.035s]    11 |         [01;36m[KEncoders[m[K(const unsigned int &MxA_gpio,
[4.036s]       |         [01;36m[K^~~~~~~~[m[K
[4.037s] [01m[K/home/youss/Documents/Projet/Autonomouscar/ros_ws/src/robot/include/robot/encoders.h:11:9:[m[K [01;36m[Knote: [m[K  candidate expects 6 arguments, 5 provided
[4.038s] [01m[K/home/youss/Documents/Projet/Autonomouscar/ros_ws/src/robot/include/robot/encoders.h:8:8:[m[K [01;36m[Knote: [m[Kcandidate: ‘[01m[KEncoders::[01;32m[KEncoders[m[K(Encoders&&)[m[K’
[4.039s]     8 | struct [01;36m[KEncoders[m[K
[4.039s]       |        [01;36m[K^~~~~~~~[m[K
[4.040s] [01m[K/home/youss/Documents/Projet/Autonomouscar/ros_ws/src/robot/include/robot/encoders.h:8:8:[m[K [01;36m[Knote: [m[K  candidate expects 1 argument, 5 provided
[4.041s] [01m[K/home/youss/Documents/Projet/Autonomouscar/ros_ws/src/robot/src/main.cpp:67:38:[m[K [01;31m[Kerror: [m[Kno matching function for call to ‘[01m[KEncoders::Encoders(const unsigned int&, const unsigned int&, const unsigned int&, const unsigned int&, const unsigned int&)[m[K’
[4.042s]    67 |                         M2_duty_cycle[01;31m[K)[m[K;
[4.043s]       |                                      [01;31m[K^[m[K
[4.044s] [01m[K/home/youss/Documents/Projet/Autonomouscar/ros_ws/src/robot/include/robot/encoders.h:11:9:[m[K [01;36m[Knote: [m[Kcandidate: ‘[01m[KEncoders::[01;32m[KEncoders[m[K(const unsigned int&, const unsigned int&, const unsigned int&, const unsigned int&, const unsigned int&, int)[m[K’
[4.045s]    11 |         [01;36m[KEncoders[m[K(const unsigned int &MxA_gpio,
[4.045s]       |         [01;36m[K^~~~~~~~[m[K
[4.046s] [01m[K/home/youss/Documents/Projet/Autonomouscar/ros_ws/src/robot/include/robot/encoders.h:11:9:[m[K [01;36m[Knote: [m[K  candidate expects 6 arguments, 5 provided
[4.047s] [01m[K/home/youss/Documents/Projet/Autonomouscar/ros_ws/src/robot/include/robot/encoders.h:8:8:[m[K [01;36m[Knote: [m[Kcandidate: ‘[01m[KEncoders::[01;32m[KEncoders[m[K(Encoders&&)[m[K’
[4.048s]     8 | struct [01;36m[KEncoders[m[K
[4.049s]       |        [01;36m[K^~~~~~~~[m[K
[4.049s] [01m[K/home/youss/Documents/Projet/Autonomouscar/ros_ws/src/robot/include/robot/encoders.h:8:8:[m[K [01;36m[Knote: [m[K  candidate expects 1 argument, 5 provided
[4.265s] gmake[2]: *** [CMakeFiles/encoders.dir/build.make:76: CMakeFiles/encoders.dir/src/main.cpp.o] Error 1
[4.266s] gmake[2]: *** Waiting for unfinished jobs....
[4.389s] gmake[2]: *** [CMakeFiles/encoders.dir/build.make:104: CMakeFiles/encoders.dir/src/encoders.cpp.o] Error 1
[12.787s] In file included from [01m[K/home/youss/Documents/Projet/Autonomouscar/ros_ws/src/robot/include/robot/encoders_publisher.h:2[m[K,
[12.787s]                  from [01m[K/home/youss/Documents/Projet/Autonomouscar/ros_ws/src/robot/src/encoders_publisher.cpp:14[m[K:
[12.788s] [01m[K/home/youss/Documents/Projet/Autonomouscar/ros_ws/src/robot/include/robot/encoders.h:16:9:[m[K [01;31m[Kerror: [m[Kexpected identifier before ‘[01m[K)[m[K’ token
[12.788s]    16 |         [01;31m[K)[m[K;
[12.788s]       |         [01;31m[K^[m[K
[18.080s] gmake[2]: *** [CMakeFiles/encoders.dir/build.make:118: CMakeFiles/encoders.dir/src/encoders_publisher.cpp.o] Error 1
[18.082s] gmake[1]: *** [CMakeFiles/Makefile2:137: CMakeFiles/encoders.dir/all] Error 2
[18.083s] gmake: *** [Makefile:146: all] Error 2
[18.091s] Invoked command in '/home/youss/Documents/Projet/Autonomouscar/ros_ws/build/robot' returned '2': CMAKE_PREFIX_PATH=${CMAKE_PREFIX_PATH}:/opt/ros/jazzy DEBUGINFOD_URLS=https://debuginfod.ubuntu.com /usr/bin/cmake --build /home/youss/Documents/Projet/Autonomouscar/ros_ws/build/robot -- -j4 -l4
