[01m[K/home/youss/Documents/Projet/Autonomouscar/ros_ws/src/robot/src/motor_subscriber.cpp:[m[K In constructor ‘[01m[KMotor_subscriber::[01;32m[KMotor_subscriber[m[K()[m[K’:
[01m[K/home/youss/Documents/Projet/Autonomouscar/ros_ws/src/robot/src/motor_subscriber.cpp:49:16:[m[K [01;31m[Kerror: [m[Kreturning a value from a constructor
   49 |         return [01;31m[K-1[m[K;
      |                [01;31m[K^~[m[K
[01m[K/home/youss/Documents/Projet/Autonomouscar/ros_ws/src/robot/src/motor_subscriber.cpp:[m[K In member function ‘[01m[Kbool Motor_subscriber::[01;32m[Kset_motor_duty_cycle[m[K(const unsigned int&, const unsigned int&) const[m[K’:
[01m[K/home/youss/Documents/Projet/Autonomouscar/ros_ws/src/robot/src/motor_subscriber.cpp:199:1:[m[K [01;35m[Kwarning: [m[Kno return statement in function returning non-void [[01;35m[K]8;;https://gcc.gnu.org/onlinedocs/gcc/Warning-Options.html#index-Wreturn-type-Wreturn-type]8;;[m[K]
  199 | [01;35m[K}[m[K
      | [01;35m[K^[m[K
[01m[K/home/youss/Documents/Projet/Autonomouscar/ros_ws/src/robot/src/motor_subscriber.cpp:[m[K In member function ‘[01m[Kvoid Motor_subscriber::[01;32m[Kset_left_motor_and_right_motor_duty_cycle[m[K(const geometry_msgs::msg::Twist_<std::allocator<void> >::UniquePtr&)[m[K’:
[01m[K/home/youss/Documents/Projet/Autonomouscar/ros_ws/src/robot/src/motor_subscriber.cpp:207:23:[m[K [01;31m[Kerror: [m[K‘[01m[Kpi[m[K’ was not declared in this scope; did you mean ‘[01m[K_pi[m[K’?
  207 |     set_PWM_dutycycle([01;31m[Kpi[m[K, M1A_GPIO, left_motor_duty_cycle);
      |                       [01;31m[K^~[m[K
      |                       [32m[K_pi[m[K
[01m[K/home/youss/Documents/Projet/Autonomouscar/ros_ws/src/robot/src/motor_subscriber.cpp:207:27:[m[K [01;31m[Kerror: [m[K‘[01m[KM1A_GPIO[m[K’ was not declared in this scope; did you mean ‘[01m[K_M1A_GPIO[m[K’?
  207 |     set_PWM_dutycycle(pi, [01;31m[KM1A_GPIO[m[K, left_motor_duty_cycle);
      |                           [01;31m[K^~~~~~~~[m[K
      |                           [32m[K_M1A_GPIO[m[K
[01m[K/home/youss/Documents/Projet/Autonomouscar/ros_ws/src/robot/src/motor_subscriber.cpp:208:27:[m[K [01;31m[Kerror: [m[K‘[01m[KM1B_GPIO[m[K’ was not declared in this scope; did you mean ‘[01m[K_M1B_GPIO[m[K’?
  208 |     set_PWM_dutycycle(pi, [01;31m[KM1B_GPIO[m[K, right_motor_duty_cycle);
      |                           [01;31m[K^~~~~~~~[m[K
      |                           [32m[K_M1B_GPIO[m[K
gmake[2]: *** [CMakeFiles/motor_subscriber.dir/build.make:76: CMakeFiles/motor_subscriber.dir/src/motor_subscriber.cpp.o] Error 1
gmake[1]: *** [CMakeFiles/Makefile2:279: CMakeFiles/motor_subscriber.dir/all] Error 2
gmake: *** [Makefile:146: all] Error 2
