[0.053s] Invoking command in '/home/youss/Documents/Projet/Autonomouscar/ros_ws/build/robot': CMAKE_PREFIX_PATH=${CMAKE_PREFIX_PATH}:/opt/ros/jazzy DEBUGINFOD_URLS=https://debuginfod.ubuntu.com /usr/bin/cmake --build /home/youss/Documents/Projet/Autonomouscar/ros_ws/build/robot -- -j4 -l4
[0.391s] [ 14%] [32mBuilding CXX object CMakeFiles/encoders.dir/src/channel.cpp.o[0m
[0.394s] [ 28%] [32mBuilding CXX object CMakeFiles/encoders.dir/src/main.cpp.o[0m
[0.395s] [ 42%] [32mBuilding CXX object CMakeFiles/encoders.dir/src/encoders.cpp.o[0m
[0.416s] [ 57%] [32mBuilding CXX object CMakeFiles/encoders.dir/src/encoders_publisher.cpp.o[0m
[2.499s] [01m[K/home/youss/Documents/Projet/Autonomouscar/ros_ws/src/robot/src/channel.cpp:[m[K In member function ‘[01m[Kbool Channel::[01;32m[Kconfigure_gpio_as_input[m[K() const[m[K’:
[2.500s] [01m[K/home/youss/Documents/Projet/Autonomouscar/ros_ws/src/robot/src/channel.cpp:37:50:[m[K [01;31m[Kerror: [m[K‘[01m[Kgpio[m[K’ was not declared in this scope
[2.504s]    37 |     cout << "Set mode INPUT success on gpio " << [01;31m[Kgpio[m[K << endl;
[2.505s]       |                                                  [01;31m[K^~~~[m[K
[2.746s] gmake[2]: *** [CMakeFiles/encoders.dir/build.make:90: CMakeFiles/encoders.dir/src/channel.cpp.o] Error 1
[2.747s] gmake[2]: *** Waiting for unfinished jobs....
[4.001s] [01m[K/home/youss/Documents/Projet/Autonomouscar/ros_ws/src/robot/src/encoders.cpp:32:21:[m[K [01;31m[Kerror: [m[Kexpected ‘[01m[K,[m[K’ or ‘[01m[K...[m[K’ before ‘[01m[Kconst[m[K’
[4.002s]    32 |                     [01;31m[Kconst[m[K unsigned int &channel_B_gpio,
[4.005s]       |                     [01;31m[K^~~~~[m[K
[4.006s] [01m[K/home/youss/Documents/Projet/Autonomouscar/ros_ws/src/robot/src/encoders.cpp:29:1:[m[K [01;31m[Kerror: [m[Kno declaration matches ‘[01m[KEncoders::[01;32m[KEncoders[m[K(const unsigned int&, const unsigned int&, const unsigned int&)[m[K’
[4.007s]    29 | [01;31m[KEncoders[m[K::Encoders(const unsigned int &MxA_gpio,
[4.008s]       | [01;31m[K^~~~~~~~[m[K
[4.011s] In file included from [01m[K/home/youss/Documents/Projet/Autonomouscar/ros_ws/src/robot/src/encoders.cpp:22[m[K:
[4.012s] [01m[K/home/youss/Documents/Projet/Autonomouscar/ros_ws/src/robot/include/robot/encoders.h:8:8:[m[K [01;36m[Knote: [m[Kcandidates are: ‘[01m[KEncoders::[01;32m[KEncoders[m[K(Encoders&&)[m[K’
[4.013s]     8 | struct [01;36m[KEncoders[m[K
[4.014s]       |        [01;36m[K^~~~~~~~[m[K
[4.016s] [01m[K/home/youss/Documents/Projet/Autonomouscar/ros_ws/src/robot/include/robot/encoders.h:8:8:[m[K [01;36m[Knote: [m[K                ‘[01m[KEncoders::[01;32m[KEncoders[m[K(const Encoders&)[m[K’
[4.017s] [01m[K/home/youss/Documents/Projet/Autonomouscar/ros_ws/src/robot/include/robot/encoders.h:11:9:[m[K [01;36m[Knote: [m[K                ‘[01m[KEncoders::[01;32m[KEncoders[m[K(const unsigned int&, const unsigned int&, const unsigned int&, const unsigned int&, const unsigned int&)[m[K’
[4.019s]    11 |         [01;36m[KEncoders[m[K(const unsigned int &MxA_gpio,
[4.021s]       |         [01;36m[K^~~~~~~~[m[K
[4.021s] [01m[K/home/youss/Documents/Projet/Autonomouscar/ros_ws/src/robot/include/robot/encoders.h:8:8:[m[K [01;36m[Knote: [m[K‘[01m[Kstruct Encoders[m[K’ defined here
[4.024s]     8 | struct [01;36m[KEncoders[m[K
[4.025s]       |        [01;36m[K^~~~~~~~[m[K
[4.026s] [01m[K/home/youss/Documents/Projet/Autonomouscar/ros_ws/src/robot/src/main.cpp:[m[K In function ‘[01m[Kint[01;32m[K main[m[K()[m[K’:
[4.028s] [01m[K/home/youss/Documents/Projet/Autonomouscar/ros_ws/src/robot/src/main.cpp:59:25:[m[K [01;31m[Kerror: [m[K‘[01m[KA_channel[m[K’ was not declared in this scope; did you mean ‘[01m[KM2_A_channel[m[K’?
[4.029s]    59 |                         [01;31m[KA_channel[m[K,
[4.031s]       |                         [01;31m[K^~~~~~~~~[m[K
[4.032s]       |                         [32m[KM2_A_channel[m[K
[4.035s] [01m[K/home/youss/Documents/Projet/Autonomouscar/ros_ws/src/robot/src/main.cpp:60:25:[m[K [01;31m[Kerror: [m[K‘[01m[KB_channel[m[K’ was not declared in this scope; did you mean ‘[01m[KM2_B_channel[m[K’?
[4.036s]    60 |                         [01;31m[KB_channel[m[K,
[4.038s]       |                         [01;31m[K^~~~~~~~~[m[K
[4.039s]       |                         [32m[KM2_B_channel[m[K
[4.042s] [01m[K/home/youss/Documents/Projet/Autonomouscar/ros_ws/src/robot/src/main.cpp:61:25:[m[K [01;31m[Kerror: [m[K‘[01m[Kduty_cycle[m[K’ was not declared in this scope; did you mean ‘[01m[KM2_duty_cycle[m[K’?
[4.045s]    61 |                         [01;31m[Kduty_cycle[m[K,
[4.046s]       |                         [01;31m[K^~~~~~~~~~[m[K
[4.047s]       |                         [32m[KM2_duty_cycle[m[K
[4.049s] [01m[K/home/youss/Documents/Projet/Autonomouscar/ros_ws/src/robot/src/main.cpp:62:5:[m[K [01;31m[Kerror: [m[Kexpected primary-expression before ‘[01m[K)[m[K’ token
[4.050s]    62 |     [01;31m[K)[m[K;
[4.053s]       |     [01;31m[K^[m[K
[4.054s] [01m[K/home/youss/Documents/Projet/Autonomouscar/ros_ws/src/robot/src/encoders.cpp:[m[K In member function ‘[01m[Kbool Encoders::[01;32m[Kconfigure_gpio_as_output[m[K(const unsigned int&)[m[K’:
[4.055s] [01m[K/home/youss/Documents/Projet/Autonomouscar/ros_ws/src/robot/src/encoders.cpp:133:18:[m[K [01;31m[Kerror: [m[K‘[01m[KPI_BAD_gpio[m[K’ was not declared in this scope; did you mean ‘[01m[KPI_BAD_GPIO[m[K’?
[4.056s]   133 |             case [01;31m[KPI_BAD_gpio[m[K:
[4.057s]       |                  [01;31m[K^~~~~~~~~~~[m[K
[4.058s]       |                  [32m[KPI_BAD_GPIO[m[K
[4.059s] [01m[K/home/youss/Documents/Projet/Autonomouscar/ros_ws/src/robot/src/main.cpp:66:25:[m[K [01;31m[Kerror: [m[K‘[01m[Kduty_cycle_B[m[K’ was not declared in this scope
[4.060s]    66 |                         [01;31m[Kduty_cycle_B[m[K,
[4.061s]       |                         [01;31m[K^~~~~~~~~~~~[m[K
[4.072s] [01m[K/home/youss/Documents/Projet/Autonomouscar/ros_ws/src/robot/src/encoders.cpp:[m[K At global scope:
[4.073s] [01m[K/home/youss/Documents/Projet/Autonomouscar/ros_ws/src/robot/src/encoders.cpp:260:6:[m[K [01;31m[Kerror: [m[Kno declaration matches ‘[01m[Kvoid Encoders::[01;32m[Kcount_number_of_changes[m[K(const unsigned int&)[m[K’
[4.075s]   260 | void [01;31m[KEncoders[m[K::count_number_of_changes(const unsigned int &channel_gpio)
[4.076s]       |      [01;31m[K^~~~~~~~[m[K
[4.077s] [01m[K/home/youss/Documents/Projet/Autonomouscar/ros_ws/src/robot/include/robot/encoders.h:76:14:[m[K [01;36m[Knote: [m[Kcandidate is: ‘[01m[Kvoid Encoders::[01;32m[Kcount_number_of_changes[m[K()[m[K’
[4.077s]    76 |         void [01;36m[Kcount_number_of_changes[m[K();
[4.080s]       |              [01;36m[K^~~~~~~~~~~~~~~~~~~~~~~[m[K
[4.082s] [01m[K/home/youss/Documents/Projet/Autonomouscar/ros_ws/src/robot/include/robot/encoders.h:8:8:[m[K [01;36m[Knote: [m[K‘[01m[Kstruct Encoders[m[K’ defined here
[4.084s]     8 | struct [01;36m[KEncoders[m[K
[4.084s]       |        [01;36m[K^~~~~~~~[m[K
[4.290s] gmake[2]: *** [CMakeFiles/encoders.dir/build.make:76: CMakeFiles/encoders.dir/src/main.cpp.o] Error 1
[4.449s] gmake[2]: *** [CMakeFiles/encoders.dir/build.make:104: CMakeFiles/encoders.dir/src/encoders.cpp.o] Error 1
[24.094s] gmake[1]: *** [CMakeFiles/Makefile2:137: CMakeFiles/encoders.dir/all] Error 2
[24.095s] gmake: *** [Makefile:146: all] Error 2
[24.105s] Invoked command in '/home/youss/Documents/Projet/Autonomouscar/ros_ws/build/robot' returned '2': CMAKE_PREFIX_PATH=${CMAKE_PREFIX_PATH}:/opt/ros/jazzy DEBUGINFOD_URLS=https://debuginfod.ubuntu.com /usr/bin/cmake --build /home/youss/Documents/Projet/Autonomouscar/ros_ws/build/robot -- -j4 -l4
