[01m[K/home/youss/Documents/Projet/Autonomouscar/ros_ws/src/robot/src/main.cpp:[m[K In function ‘[01m[Kint[01;32m[K main[m[K()[m[K’:
[01m[K/home/youss/Documents/Projet/Autonomouscar/ros_ws/src/robot/src/main.cpp:92:44:[m[K [01;31m[Kerror: [m[K‘[01m[Kstatic void Encoders::[01;32m[Kcompute_encoder_rps_handler[m[K(Encoders&)[m[K’ is private within this context
   92 |     std::thread encoder_A_thread(Encoders::[01;31m[Kcompute_encoder_rps_handler[m[K, std::ref(encoder_A));
      |                                            [01;31m[K^~~~~~~~~~~~~~~~~~~~~~~~~~~[m[K
In file included from [01m[K/home/youss/Documents/Projet/Autonomouscar/ros_ws/src/robot/src/main.cpp:19[m[K:
[01m[K/home/youss/Documents/Projet/Autonomouscar/ros_ws/src/robot/include/robot/encoders.h:74:21:[m[K [01;36m[Knote: [m[Kdeclared private here
   74 |         static void [01;36m[Kcompute_encoder_rps_handler[m[K(Encoders &encoder);
      |                     [01;36m[K^~~~~~~~~~~~~~~~~~~~~~~~~~~[m[K
[01m[K/home/youss/Documents/Projet/Autonomouscar/ros_ws/src/robot/src/main.cpp:93:44:[m[K [01;31m[Kerror: [m[K‘[01m[Kstatic void Encoders::[01;32m[Kcompute_encoder_rps_handler[m[K(Encoders&)[m[K’ is private within this context
   93 |     std::thread encoder_B_thread(Encoders::[01;31m[Kcompute_encoder_rps_handler[m[K, std::ref(encoder_B));
      |                                            [01;31m[K^~~~~~~~~~~~~~~~~~~~~~~~~~~[m[K
[01m[K/home/youss/Documents/Projet/Autonomouscar/ros_ws/src/robot/include/robot/encoders.h:74:21:[m[K [01;36m[Knote: [m[Kdeclared private here
   74 |         static void [01;36m[Kcompute_encoder_rps_handler[m[K(Encoders &encoder);
      |                     [01;36m[K^~~~~~~~~~~~~~~~~~~~~~~~~~~[m[K
[01m[K/home/youss/Documents/Projet/Autonomouscar/ros_ws/src/robot/src/main.cpp:95:20:[m[K [01;31m[Kerror: [m[K‘[01m[Kchannel_gpio[m[K’ was not declared in this scope
   95 |     auto my_fct = [[01;31m[Kchannel_gpio[m[K, encoder]
      |                    [01;31m[K^~~~~~~~~~~~[m[K
[01m[K/home/youss/Documents/Projet/Autonomouscar/ros_ws/src/robot/src/main.cpp:95:34:[m[K [01;31m[Kerror: [m[K‘[01m[Kencoder[m[K’ was not declared in this scope; did you mean ‘[01m[KEncoders[m[K’?
   95 |     auto my_fct = [channel_gpio, [01;31m[Kencoder[m[K]
      |                                  [01;31m[K^~~~~~~[m[K
      |                                  [32m[KEncoders[m[K
[01m[K/home/youss/Documents/Projet/Autonomouscar/ros_ws/src/robot/src/main.cpp:[m[K In lambda function:
[01m[K/home/youss/Documents/Projet/Autonomouscar/ros_ws/src/robot/src/main.cpp:97:9:[m[K [01;31m[Kerror: [m[K‘[01m[Kencoder[m[K’ is not captured
   97 |         [01;31m[Kencoder[m[K.count_number_of_changes(channel_gpio);
      |         [01;31m[K^~~~~~~[m[K
[01m[K/home/youss/Documents/Projet/Autonomouscar/ros_ws/src/robot/src/main.cpp:95:41:[m[K [01;36m[Knote: [m[Kthe lambda has no capture-default
   95 |     auto my_fct = [channel_gpio, encoder[01;36m[K][m[K
      |                                         [01;36m[K^[m[K
[01m[K/home/youss/Documents/Projet/Autonomouscar/ros_ws/src/robot/src/main.cpp:95:34:[m[K [01;36m[Knote: [m[K‘[01m[K<typeprefixerror>encoder[m[K’ declared here
   95 |     auto my_fct = [channel_gpio, [01;36m[Kencoder[m[K]
      |                                  [01;36m[K^~~~~~~[m[K
[01m[K/home/youss/Documents/Projet/Autonomouscar/ros_ws/src/robot/src/main.cpp:97:41:[m[K [01;31m[Kerror: [m[K‘[01m[Kchannel_gpio[m[K’ is not captured
   97 |         encoder.count_number_of_changes([01;31m[Kchannel_gpio[m[K);
      |                                         [01;31m[K^~~~~~~~~~~~[m[K
[01m[K/home/youss/Documents/Projet/Autonomouscar/ros_ws/src/robot/src/main.cpp:95:41:[m[K [01;36m[Knote: [m[Kthe lambda has no capture-default
   95 |     auto my_fct = [channel_gpio, encoder[01;36m[K][m[K
      |                                         [01;36m[K^[m[K
[01m[K/home/youss/Documents/Projet/Autonomouscar/ros_ws/src/robot/src/main.cpp:95:20:[m[K [01;36m[Knote: [m[K‘[01m[K<typeprefixerror>channel_gpio[m[K’ declared here
   95 |     auto my_fct = [[01;36m[Kchannel_gpio[m[K, encoder]
      |                    [01;36m[K^~~~~~~~~~~~[m[K
[01m[K/home/youss/Documents/Projet/Autonomouscar/ros_ws/src/robot/src/main.cpp:[m[K In function ‘[01m[Kint[01;32m[K main[m[K()[m[K’:
[01m[K/home/youss/Documents/Projet/Autonomouscar/ros_ws/src/robot/src/main.cpp:99:5:[m[K [01;31m[Kerror: [m[Kexpected ‘[01m[K,[m[K’ or ‘[01m[K;[m[K’ before ‘[01m[Kauto[m[K’
   99 |     [01;31m[Kauto[m[K count_A = std::async(std::launch::async, my_fct(M1A_CHANNEL, encoder_A));
      |     [01;31m[K^~~~[m[K
gmake[2]: *** [CMakeFiles/main.dir/build.make:76: CMakeFiles/main.dir/src/main.cpp.o] Error 1
gmake[1]: *** [CMakeFiles/Makefile2:147: CMakeFiles/main.dir/all] Error 2
gmake: *** [Makefile:146: all] Error 2
