[0.053s] Invoking command in '/home/youss/Documents/Projet/Autonomouscar/ros_ws/build/robot': CMAKE_PREFIX_PATH=${CMAKE_PREFIX_PATH}:/opt/ros/jazzy DEBUGINFOD_URLS=https://debuginfod.ubuntu.com /usr/bin/cmake --build /home/youss/Documents/Projet/Autonomouscar/ros_ws/build/robot -- -j4 -l4
[0.361s] [ 20%] Built target listener
[0.362s] [ 20%] [32mBuilding CXX object CMakeFiles/main.dir/src/main.cpp.o[0m
[0.362s] [ 33%] Built target robot_controller
[0.366s] [ 46%] Built target position_publisher
[0.496s] [ 73%] Built target motor_subscriber
[0.497s] [ 73%] Built target position_reader
[3.443s] [01m[K/home/youss/Documents/Projet/Autonomouscar/ros_ws/src/robot/src/main.cpp:[m[K In function ‘[01m[Kint[01;32m[K main[m[K()[m[K’:
[3.444s] [01m[K/home/youss/Documents/Projet/Autonomouscar/ros_ws/src/robot/src/main.cpp:92:44:[m[K [01;31m[Kerror: [m[K‘[01m[Kstatic void Encoders::[01;32m[Kcompute_encoder_rps_handler[m[K(Encoders&)[m[K’ is private within this context
[3.444s]    92 |     std::thread encoder_A_thread(Encoders::[01;31m[Kcompute_encoder_rps_handler[m[K, std::ref(encoder_A));
[3.445s]       |                                            [01;31m[K^~~~~~~~~~~~~~~~~~~~~~~~~~~[m[K
[3.445s] In file included from [01m[K/home/youss/Documents/Projet/Autonomouscar/ros_ws/src/robot/src/main.cpp:19[m[K:
[3.445s] [01m[K/home/youss/Documents/Projet/Autonomouscar/ros_ws/src/robot/include/robot/encoders.h:74:21:[m[K [01;36m[Knote: [m[Kdeclared private here
[3.446s]    74 |         static void [01;36m[Kcompute_encoder_rps_handler[m[K(Encoders &encoder);
[3.446s]       |                     [01;36m[K^~~~~~~~~~~~~~~~~~~~~~~~~~~[m[K
[3.448s] [01m[K/home/youss/Documents/Projet/Autonomouscar/ros_ws/src/robot/src/main.cpp:93:44:[m[K [01;31m[Kerror: [m[K‘[01m[Kstatic void Encoders::[01;32m[Kcompute_encoder_rps_handler[m[K(Encoders&)[m[K’ is private within this context
[3.448s]    93 |     std::thread encoder_B_thread(Encoders::[01;31m[Kcompute_encoder_rps_handler[m[K, std::ref(encoder_B));
[3.449s]       |                                            [01;31m[K^~~~~~~~~~~~~~~~~~~~~~~~~~~[m[K
[3.449s] [01m[K/home/youss/Documents/Projet/Autonomouscar/ros_ws/src/robot/include/robot/encoders.h:74:21:[m[K [01;36m[Knote: [m[Kdeclared private here
[3.450s]    74 |         static void [01;36m[Kcompute_encoder_rps_handler[m[K(Encoders &encoder);
[3.450s]       |                     [01;36m[K^~~~~~~~~~~~~~~~~~~~~~~~~~~[m[K
[3.459s] [01m[K/home/youss/Documents/Projet/Autonomouscar/ros_ws/src/robot/src/main.cpp:95:20:[m[K [01;31m[Kerror: [m[K‘[01m[Kchannel_gpio[m[K’ was not declared in this scope
[3.459s]    95 |     auto my_fct = [[01;31m[Kchannel_gpio[m[K, encoder]
[3.460s]       |                    [01;31m[K^~~~~~~~~~~~[m[K
[3.468s] [01m[K/home/youss/Documents/Projet/Autonomouscar/ros_ws/src/robot/src/main.cpp:95:34:[m[K [01;31m[Kerror: [m[K‘[01m[Kencoder[m[K’ was not declared in this scope; did you mean ‘[01m[KEncoders[m[K’?
[3.468s]    95 |     auto my_fct = [channel_gpio, [01;31m[Kencoder[m[K]
[3.469s]       |                                  [01;31m[K^~~~~~~[m[K
[3.469s]       |                                  [32m[KEncoders[m[K
[3.469s] [01m[K/home/youss/Documents/Projet/Autonomouscar/ros_ws/src/robot/src/main.cpp:[m[K In lambda function:
[3.470s] [01m[K/home/youss/Documents/Projet/Autonomouscar/ros_ws/src/robot/src/main.cpp:97:9:[m[K [01;31m[Kerror: [m[K‘[01m[Kencoder[m[K’ is not captured
[3.470s]    97 |         [01;31m[Kencoder[m[K.count_number_of_changes(channel_gpio);
[3.471s]       |         [01;31m[K^~~~~~~[m[K
[3.471s] [01m[K/home/youss/Documents/Projet/Autonomouscar/ros_ws/src/robot/src/main.cpp:95:41:[m[K [01;36m[Knote: [m[Kthe lambda has no capture-default
[3.472s]    95 |     auto my_fct = [channel_gpio, encoder[01;36m[K][m[K
[3.472s]       |                                         [01;36m[K^[m[K
[3.473s] [01m[K/home/youss/Documents/Projet/Autonomouscar/ros_ws/src/robot/src/main.cpp:95:34:[m[K [01;36m[Knote: [m[K‘[01m[K<typeprefixerror>encoder[m[K’ declared here
[3.473s]    95 |     auto my_fct = [channel_gpio, [01;36m[Kencoder[m[K]
[3.474s]       |                                  [01;36m[K^~~~~~~[m[K
[3.474s] [01m[K/home/youss/Documents/Projet/Autonomouscar/ros_ws/src/robot/src/main.cpp:97:41:[m[K [01;31m[Kerror: [m[K‘[01m[Kchannel_gpio[m[K’ is not captured
[3.475s]    97 |         encoder.count_number_of_changes([01;31m[Kchannel_gpio[m[K);
[3.475s]       |                                         [01;31m[K^~~~~~~~~~~~[m[K
[3.476s] [01m[K/home/youss/Documents/Projet/Autonomouscar/ros_ws/src/robot/src/main.cpp:95:41:[m[K [01;36m[Knote: [m[Kthe lambda has no capture-default
[3.476s]    95 |     auto my_fct = [channel_gpio, encoder[01;36m[K][m[K
[3.477s]       |                                         [01;36m[K^[m[K
[3.477s] [01m[K/home/youss/Documents/Projet/Autonomouscar/ros_ws/src/robot/src/main.cpp:95:20:[m[K [01;36m[Knote: [m[K‘[01m[K<typeprefixerror>channel_gpio[m[K’ declared here
[3.478s]    95 |     auto my_fct = [[01;36m[Kchannel_gpio[m[K, encoder]
[3.479s]       |                    [01;36m[K^~~~~~~~~~~~[m[K
[3.480s] [01m[K/home/youss/Documents/Projet/Autonomouscar/ros_ws/src/robot/src/main.cpp:[m[K In function ‘[01m[Kint[01;32m[K main[m[K()[m[K’:
[3.480s] [01m[K/home/youss/Documents/Projet/Autonomouscar/ros_ws/src/robot/src/main.cpp:99:5:[m[K [01;31m[Kerror: [m[Kexpected ‘[01m[K,[m[K’ or ‘[01m[K;[m[K’ before ‘[01m[Kauto[m[K’
[3.481s]    99 |     [01;31m[Kauto[m[K count_A = std::async(std::launch::async, my_fct(M1A_CHANNEL, encoder_A));
[3.481s]       |     [01;31m[K^~~~[m[K
[3.915s] gmake[2]: *** [CMakeFiles/main.dir/build.make:76: CMakeFiles/main.dir/src/main.cpp.o] Error 1
[3.916s] gmake[1]: *** [CMakeFiles/Makefile2:147: CMakeFiles/main.dir/all] Error 2
[3.917s] gmake: *** [Makefile:146: all] Error 2
[3.926s] Invoked command in '/home/youss/Documents/Projet/Autonomouscar/ros_ws/build/robot' returned '2': CMAKE_PREFIX_PATH=${CMAKE_PREFIX_PATH}:/opt/ros/jazzy DEBUGINFOD_URLS=https://debuginfod.ubuntu.com /usr/bin/cmake --build /home/youss/Documents/Projet/Autonomouscar/ros_ws/build/robot -- -j4 -l4
