[0.050s] Invoking command in '/home/youss/Documents/Projet/Autonomouscar/ros_ws/build/robot': CMAKE_PREFIX_PATH=${CMAKE_PREFIX_PATH}:/opt/ros/jazzy DEBUGINFOD_URLS=https://debuginfod.ubuntu.com /usr/bin/cmake --build /home/youss/Documents/Projet/Autonomouscar/ros_ws/build/robot -- -j4 -l4
[0.185s] -- Found ament_cmake: 2.5.2 (/opt/ros/jazzy/share/ament_cmake/cmake)
[1.194s] -- Override CMake install command with custom implementation using symlinks instead of copying resources
[1.268s] -- Found ament_lint_auto: 0.17.1 (/opt/ros/jazzy/share/ament_lint_auto/cmake)
[1.726s] -- Added test 'cppcheck' to perform static code analysis on C / C++ code
[1.726s] -- Configured cppcheck include dirs: $<BUILD_INTERFACE:/home/youss/Documents/Projet/Autonomouscar/ros_ws/src/robot/include>
[1.727s] -- Configured cppcheck exclude dirs and/or files: 
[1.732s] -- Added test 'lint_cmake' to check CMake code style
[1.742s] -- Added test 'uncrustify' to check C / C++ code style
[1.742s] -- Configured uncrustify additional arguments: 
[1.745s] -- Added test 'xmllint' to check XML markup files
[1.752s] -- Configuring done (1.6s)
[1.812s] -- Generating done (0.0s)
[1.822s] -- Build files have been written to: /home/youss/Documents/Projet/Autonomouscar/ros_ws/build/robot
[1.978s] [ 50%] [32mBuilding CXX object CMakeFiles/encoders.dir/src/main.cpp.o[0m
[4.061s] [01m[K/home/youss/Documents/Projet/Autonomouscar/ros_ws/src/robot/src/main.cpp:[m[K In function ‘[01m[Kint[01;32m[K main[m[K()[m[K’:
[4.061s] [01m[K/home/youss/Documents/Projet/Autonomouscar/ros_ws/src/robot/src/main.cpp:24:43:[m[K [01;31m[Kerror: [m[Kcannot call constructor ‘[01m[KEncoders::Encoders[m[K’ directly [[01;31m[K]8;;https://gcc.gnu.org/onlinedocs/gcc/Warning-Options.html#index-fpermissive-fpermissive]8;;[m[K]
[4.062s]    24 |     Encoders encoders = [01;31m[KEncoders::Encoders()[m[K;
[4.062s]       |                         [01;31m[K~~~~~~~~~~~~~~~~~~^~[m[K
[4.062s] [01m[K/home/youss/Documents/Projet/Autonomouscar/ros_ws/src/robot/src/main.cpp:24:43:[m[K [01;36m[Knote: [m[Kfor a function-style cast, remove the redundant ‘[01m[K::Encoders[m[K’
[4.063s] [01m[K/home/youss/Documents/Projet/Autonomouscar/ros_ws/src/robot/src/main.cpp:27:53:[m[K [01;31m[Kerror: [m[K‘[01m[Kvoid Encoders::[01;32m[Kcount_number_of_changes_on_channels[m[K()[m[K’ is private within this context
[4.063s]    27 |         [01;31m[Kencoders.count_number_of_changes_on_channels()[m[K;
[4.064s]       |         [01;31m[K~~~~~~~~~~~~~~~~~~~~~~~~~~~~~~~~~~~~~~~~~~~~^~[m[K
[4.064s] In file included from [01m[K/home/youss/Documents/Projet/Autonomouscar/ros_ws/src/robot/src/main.cpp:18[m[K:
[4.064s] [01m[K/home/youss/Documents/Projet/Autonomouscar/ros_ws/src/robot/src/encoders.h:54:14:[m[K [01;36m[Knote: [m[Kdeclared private here
[4.065s]    54 |         void [01;36m[Kcount_number_of_changes_on_channels[m[K();
[4.065s]       |              [01;36m[K^~~~~~~~~~~~~~~~~~~~~~~~~~~~~~~~~~~[m[K
[4.066s] [01m[K/home/youss/Documents/Projet/Autonomouscar/ros_ws/src/robot/src/main.cpp:28:18:[m[K [01;31m[Kerror: [m[K‘[01m[Kstruct Encoders[m[K’ has no member named ‘[01m[Kcompute_rps_on_channel[m[K’; did you mean ‘[01m[Kcompute_rps_on_channels[m[K’?
[4.066s]    28 |         encoders.[01;31m[Kcompute_rps_on_channel[m[K();
[4.066s]       |                  [01;31m[K^~~~~~~~~~~~~~~~~~~~~~[m[K
[4.067s]       |                  [32m[Kcompute_rps_on_channels[m[K
[4.221s] gmake[2]: *** [CMakeFiles/encoders.dir/build.make:76: CMakeFiles/encoders.dir/src/main.cpp.o] Error 1
[4.222s] gmake[1]: *** [CMakeFiles/Makefile2:137: CMakeFiles/encoders.dir/all] Error 2
[4.223s] gmake: *** [Makefile:146: all] Error 2
[4.231s] Invoked command in '/home/youss/Documents/Projet/Autonomouscar/ros_ws/build/robot' returned '2': CMAKE_PREFIX_PATH=${CMAKE_PREFIX_PATH}:/opt/ros/jazzy DEBUGINFOD_URLS=https://debuginfod.ubuntu.com /usr/bin/cmake --build /home/youss/Documents/Projet/Autonomouscar/ros_ws/build/robot -- -j4 -l4
