[0.054s] Invoking command in '/home/youss/Documents/Projet/Autonomouscar/ros_ws/build/robot': CMAKE_PREFIX_PATH=${CMAKE_PREFIX_PATH}:/opt/ros/jazzy DEBUGINFOD_URLS=https://debuginfod.ubuntu.com /usr/bin/cmake --build /home/youss/Documents/Projet/Autonomouscar/ros_ws/build/robot -- -j4 -l4
[0.365s] [  6%] [32mBuilding CXX object CMakeFiles/main.dir/src/main.cpp.o[0m
[0.366s] [ 20%] Built target listener
[0.375s] [ 33%] Built target robot_controller
[0.375s] [ 46%] Built target position_publisher
[0.428s] [ 53%] [32mBuilding CXX object CMakeFiles/main.dir/src/encoders.cpp.o[0m
[0.516s] [ 66%] Built target motor_subscriber
[0.524s] [ 80%] Built target position_reader
[3.570s] [01m[K/home/youss/Documents/Projet/Autonomouscar/ros_ws/src/robot/src/main.cpp:[m[K In function ‘[01m[Kint[01;32m[K main[m[K()[m[K’:
[3.571s] [01m[K/home/youss/Documents/Projet/Autonomouscar/ros_ws/src/robot/src/main.cpp:91:44:[m[K [01;31m[Kerror: [m[K‘[01m[Kvoid Encoders::[01;32m[Kcount_number_of_changes[m[K(const unsigned int&)[m[K’ is private within this context
[3.571s]    91 |     std::thread encoder_A_thread(Encoders::[01;31m[Kcount_number_of_changes[m[K, std::ref(encoder_A));
[3.572s]       |                                            [01;31m[K^~~~~~~~~~~~~~~~~~~~~~~[m[K
[3.572s] In file included from [01m[K/home/youss/Documents/Projet/Autonomouscar/ros_ws/src/robot/src/main.cpp:19[m[K:
[3.575s] [01m[K/home/youss/Documents/Projet/Autonomouscar/ros_ws/src/robot/include/robot/encoders.h:72:14:[m[K [01;36m[Knote: [m[Kdeclared private here
[3.577s]    72 |         void [01;36m[Kcount_number_of_changes[m[K(const unsigned int &channel_gpio);
[3.578s]       |              [01;36m[K^~~~~~~~~~~~~~~~~~~~~~~[m[K
[3.578s] [01m[K/home/youss/Documents/Projet/Autonomouscar/ros_ws/src/robot/src/main.cpp:91:44:[m[K [01;31m[Kerror: [m[Kinvalid use of non-static member function ‘[01m[Kvoid Encoders::[01;32m[Kcount_number_of_changes[m[K(const unsigned int&)[m[K’
[3.580s]    91 |     std::thread encoder_A_thread(Encoders::[01;31m[Kcount_number_of_changes[m[K, std::ref(encoder_A));
[3.581s]       |                                            [01;31m[K^~~~~~~~~~~~~~~~~~~~~~~[m[K
[3.582s] [01m[K/home/youss/Documents/Projet/Autonomouscar/ros_ws/src/robot/src/main.cpp:92:44:[m[K [01;31m[Kerror: [m[K‘[01m[Kvoid Encoders::[01;32m[Kcount_number_of_changes[m[K(const unsigned int&)[m[K’ is private within this context
[3.583s]    92 |     std::thread encoder_B_thread(Encoders::[01;31m[Kcount_number_of_changes[m[K, std::ref(encoder_B));
[3.584s]       |                                            [01;31m[K^~~~~~~~~~~~~~~~~~~~~~~[m[K
[3.585s] [01m[K/home/youss/Documents/Projet/Autonomouscar/ros_ws/src/robot/include/robot/encoders.h:72:14:[m[K [01;36m[Knote: [m[Kdeclared private here
[3.585s]    72 |         void [01;36m[Kcount_number_of_changes[m[K(const unsigned int &channel_gpio);
[3.586s]       |              [01;36m[K^~~~~~~~~~~~~~~~~~~~~~~[m[K
[3.587s] [01m[K/home/youss/Documents/Projet/Autonomouscar/ros_ws/src/robot/src/main.cpp:92:44:[m[K [01;31m[Kerror: [m[Kinvalid use of non-static member function ‘[01m[Kvoid Encoders::[01;32m[Kcount_number_of_changes[m[K(const unsigned int&)[m[K’
[3.587s]    92 |     std::thread encoder_B_thread(Encoders::[01;31m[Kcount_number_of_changes[m[K, std::ref(encoder_B));
[3.588s]       |                                            [01;31m[K^~~~~~~~~~~~~~~~~~~~~~~[m[K
[3.739s] [01m[K/home/youss/Documents/Projet/Autonomouscar/ros_ws/src/robot/src/encoders.cpp:[m[K In constructor ‘[01m[KEncoders::[01;32m[KEncoders[m[K(const unsigned int&, const unsigned int&)[m[K’:
[3.740s] [01m[K/home/youss/Documents/Projet/Autonomouscar/ros_ws/src/robot/src/encoders.cpp:66:46:[m[K [01;31m[Kerror: [m[K‘[01m[Kinterval[m[K’ was not declared in this scope; did you mean ‘[01m[Kitimerval[m[K’?
[3.741s]    66 |     timer_start(compute_encoder_rps_handler, [01;31m[Kinterval[m[K);
[3.741s]       |                                              [01;31m[K^~~~~~~~[m[K
[3.743s]       |                                              [32m[Kitimerval[m[K
[3.817s] gmake[2]: *** [CMakeFiles/main.dir/build.make:76: CMakeFiles/main.dir/src/main.cpp.o] Error 1
[3.818s] gmake[2]: *** Waiting for unfinished jobs....
[4.110s] gmake[2]: *** [CMakeFiles/main.dir/build.make:104: CMakeFiles/main.dir/src/encoders.cpp.o] Error 1
[4.111s] gmake[1]: *** [CMakeFiles/Makefile2:147: CMakeFiles/main.dir/all] Error 2
[4.113s] gmake: *** [Makefile:146: all] Error 2
[4.121s] Invoked command in '/home/youss/Documents/Projet/Autonomouscar/ros_ws/build/robot' returned '2': CMAKE_PREFIX_PATH=${CMAKE_PREFIX_PATH}:/opt/ros/jazzy DEBUGINFOD_URLS=https://debuginfod.ubuntu.com /usr/bin/cmake --build /home/youss/Documents/Projet/Autonomouscar/ros_ws/build/robot -- -j4 -l4
