[0.051s] Invoking command in '/home/youss/Documents/Projet/Autonomouscar/ros_ws/build/robot': CMAKE_PREFIX_PATH=${CMAKE_PREFIX_PATH}:/opt/ros/jazzy DEBUGINFOD_URLS=https://debuginfod.ubuntu.com /usr/bin/cmake --build /home/youss/Documents/Projet/Autonomouscar/ros_ws/build/robot -- -j4 -l4
[0.363s] [  6%] [32mBuilding CXX object CMakeFiles/main.dir/src/main.cpp.o[0m
[0.364s] [ 20%] Built target listener
[0.364s] [ 33%] Built target robot_controller
[0.371s] [ 46%] Built target position_publisher
[0.499s] [ 60%] Built target motor_subscriber
[0.502s] [ 73%] Built target position_reader
[3.116s] [ 80%] [32m[1mLinking CXX executable main[0m
[3.572s] [100%] Built target main
[3.628s] Invoked command in '/home/youss/Documents/Projet/Autonomouscar/ros_ws/build/robot' returned '0': CMAKE_PREFIX_PATH=${CMAKE_PREFIX_PATH}:/opt/ros/jazzy DEBUGINFOD_URLS=https://debuginfod.ubuntu.com /usr/bin/cmake --build /home/youss/Documents/Projet/Autonomouscar/ros_ws/build/robot -- -j4 -l4
[3.973s] Invoking command in '/home/youss/Documents/Projet/Autonomouscar/ros_ws/build/robot': CMAKE_PREFIX_PATH=${CMAKE_PREFIX_PATH}:/opt/ros/jazzy DEBUGINFOD_URLS=https://debuginfod.ubuntu.com /usr/bin/cmake --install /home/youss/Documents/Projet/Autonomouscar/ros_ws/build/robot
[4.015s] -- Install configuration: ""
[4.016s] -- Execute custom install script
[4.017s] -- Up-to-date symlink: /home/youss/Documents/Projet/Autonomouscar/ros_ws/install/robot/lib/robot/main
[4.018s] -- Up-to-date symlink: /home/youss/Documents/Projet/Autonomouscar/ros_ws/install/robot/lib/robot/listener
[4.019s] -- Up-to-date symlink: /home/youss/Documents/Projet/Autonomouscar/ros_ws/install/robot/lib/robot/robot_controller
[4.020s] -- Up-to-date symlink: /home/youss/Documents/Projet/Autonomouscar/ros_ws/install/robot/lib/robot/position_publisher
[4.021s] -- Up-to-date symlink: /home/youss/Documents/Projet/Autonomouscar/ros_ws/install/robot/lib/robot/position_reader
[4.022s] -- Up-to-date symlink: /home/youss/Documents/Projet/Autonomouscar/ros_ws/install/robot/lib/robot/motor_subscriber
[4.024s] -- Up-to-date symlink: /home/youss/Documents/Projet/Autonomouscar/ros_ws/install/robot/share/ament_index/resource_index/package_run_dependencies/robot
[4.025s] -- Up-to-date symlink: /home/youss/Documents/Projet/Autonomouscar/ros_ws/install/robot/share/ament_index/resource_index/parent_prefix_path/robot
[4.026s] -- Up-to-date symlink: /home/youss/Documents/Projet/Autonomouscar/ros_ws/install/robot/share/robot/environment/ament_prefix_path.sh
[4.027s] -- Up-to-date symlink: /home/youss/Documents/Projet/Autonomouscar/ros_ws/install/robot/share/robot/environment/ament_prefix_path.dsv
[4.028s] -- Up-to-date symlink: /home/youss/Documents/Projet/Autonomouscar/ros_ws/install/robot/share/robot/environment/path.sh
[4.029s] -- Up-to-date symlink: /home/youss/Documents/Projet/Autonomouscar/ros_ws/install/robot/share/robot/environment/path.dsv
[4.031s] -- Up-to-date symlink: /home/youss/Documents/Projet/Autonomouscar/ros_ws/install/robot/share/robot/local_setup.bash
[4.032s] -- Up-to-date symlink: /home/youss/Documents/Projet/Autonomouscar/ros_ws/install/robot/share/robot/local_setup.sh
[4.033s] -- Up-to-date symlink: /home/youss/Documents/Projet/Autonomouscar/ros_ws/install/robot/share/robot/local_setup.zsh
[4.034s] -- Up-to-date symlink: /home/youss/Documents/Projet/Autonomouscar/ros_ws/install/robot/share/robot/local_setup.dsv
[4.034s] -- Symlinking: /home/youss/Documents/Projet/Autonomouscar/ros_ws/install/robot/share/robot/package.dsv
[4.081s] -- Up-to-date symlink: /home/youss/Documents/Projet/Autonomouscar/ros_ws/install/robot/share/ament_index/resource_index/packages/robot
[4.081s] -- Up-to-date symlink: /home/youss/Documents/Projet/Autonomouscar/ros_ws/install/robot/share/robot/cmake/robotConfig.cmake
[4.082s] -- Up-to-date symlink: /home/youss/Documents/Projet/Autonomouscar/ros_ws/install/robot/share/robot/cmake/robotConfig-version.cmake
[4.083s] -- Up-to-date symlink: /home/youss/Documents/Projet/Autonomouscar/ros_ws/install/robot/share/robot/package.xml
[4.092s] Invoked command in '/home/youss/Documents/Projet/Autonomouscar/ros_ws/build/robot' returned '0': CMAKE_PREFIX_PATH=${CMAKE_PREFIX_PATH}:/opt/ros/jazzy DEBUGINFOD_URLS=https://debuginfod.ubuntu.com /usr/bin/cmake --install /home/youss/Documents/Projet/Autonomouscar/ros_ws/build/robot
