[01m[K/home/youss/Documents/Projet/Autonomouscar/ros_ws/src/robot/src/encoders.cpp:[m[K In member function ‘[01m[Kbool Encoders::[01;32m[Kconfigure_pin_as_output[m[K(const unsigned int&)[m[K’:
[01m[K/home/youss/Documents/Projet/Autonomouscar/ros_ws/src/robot/src/encoders.cpp:46:56:[m[K [01;35m[Kwarning: [m[Kthis statement may fall through [[01;35m[K]8;;https://gcc.gnu.org/onlinedocs/gcc/Warning-Options.html#index-Wimplicit-fallthrough=-Wimplicit-fallthrough=]8;;[m[K]
   46 |                 cout << gpio << "is a bad gpio pin" << [01;35m[Kendl[m[K;
      |                                                        [01;35m[K^~~~[m[K
[01m[K/home/youss/Documents/Projet/Autonomouscar/ros_ws/src/robot/src/encoders.cpp:47:13:[m[K [01;36m[Knote: [m[Khere
   47 |             [01;36m[Kcase[m[K PI_BAD_MODE:
      |             [01;36m[K^~~~[m[K
[01m[K/home/youss/Documents/Projet/Autonomouscar/ros_ws/src/robot/src/encoders.cpp:48:57:[m[K [01;35m[Kwarning: [m[Kthis statement may fall through [[01;35m[K]8;;https://gcc.gnu.org/onlinedocs/gcc/Warning-Options.html#index-Wimplicit-fallthrough=-Wimplicit-fallthrough=]8;;[m[K]
   48 |                 cout << "Bad mode for gpio " << gpio << [01;35m[Kendl[m[K;
      |                                                         [01;35m[K^~~~[m[K
[01m[K/home/youss/Documents/Projet/Autonomouscar/ros_ws/src/robot/src/encoders.cpp:49:13:[m[K [01;36m[Knote: [m[Khere
   49 |             [01;36m[Kdefault[m[K:
      |             [01;36m[K^~~~~~~[m[K
/usr/bin/ld: /usr/lib/gcc/aarch64-linux-gnu/13/../../../aarch64-linux-gnu/Scrt1.o: in function `_start':
(.text+0x1c): undefined reference to `main'
/usr/bin/ld: (.text+0x20): undefined reference to `main'
/usr/bin/ld: CMakeFiles/encoders.dir/src/encoders.cpp.o: in function `Encoders::signal_handler(int)':
encoders.cpp:(.text+0x7c): undefined reference to `Encoders::instance'
/usr/bin/ld: encoders.cpp:(.text+0x80): undefined reference to `Encoders::instance'
/usr/bin/ld: encoders.cpp:(.text+0x90): undefined reference to `Encoders::instance'
/usr/bin/ld: encoders.cpp:(.text+0x94): undefined reference to `Encoders::instance'
/usr/bin/ld: CMakeFiles/encoders.dir/src/encoders.cpp.o: in function `Encoders::Encoders(unsigned int const&, unsigned int const&, unsigned int const&, unsigned int const&)':
encoders.cpp:(.text+0x694): undefined reference to `Encoders::instance'
/usr/bin/ld: CMakeFiles/encoders.dir/src/encoders.cpp.o:encoders.cpp:(.text+0x698): more undefined references to `Encoders::instance' follow
collect2: error: ld returned 1 exit status
gmake[2]: *** [CMakeFiles/encoders.dir/build.make:99: encoders] Error 1
gmake[1]: *** [CMakeFiles/Makefile2:137: CMakeFiles/encoders.dir/all] Error 2
gmake: *** [Makefile:146: all] Error 2
