-- The C compiler identification is GNU 13.2.0
-- The CXX compiler identification is GNU 13.2.0
-- Detecting C compiler ABI info
-- Detecting C compiler ABI info - done
-- Check for working C compiler: /usr/bin/cc - skipped
-- Detecting C compile features
-- Detecting C compile features - done
-- Detecting CXX compiler ABI info
-- Detecting CXX compiler ABI info - done
-- Check for working CXX compiler: /usr/bin/c++ - skipped
-- Detecting CXX compile features
-- Detecting CXX compile features - done
-- Found ament_cmake: 2.5.2 (/opt/ros/jazzy/share/ament_cmake/cmake)
-- Found Python3: /usr/bin/python3 (found version "3.12.3") found components: Interpreter 
-- Found rclcpp: 28.1.5 (/opt/ros/jazzy/share/rclcpp/cmake)
-- Found rosidl_generator_c: 4.6.4 (/opt/ros/jazzy/share/rosidl_generator_c/cmake)
-- Found rosidl_generator_cpp: 4.6.4 (/opt/ros/jazzy/share/rosidl_generator_cpp/cmake)
-- Using all available rosidl_typesupport_c: rosidl_typesupport_fastrtps_c;rosidl_typesupport_introspection_c
-- Using all available rosidl_typesupport_cpp: rosidl_typesupport_fastrtps_cpp;rosidl_typesupport_introspection_cpp
-- Found rmw_implementation_cmake: 7.3.1 (/opt/ros/jazzy/share/rmw_implementation_cmake/cmake)
-- Found rmw_fastrtps_cpp: 8.4.1 (/opt/ros/jazzy/share/rmw_fastrtps_cpp/cmake)
-- Found OpenSSL: /usr/lib/aarch64-linux-gnu/libcrypto.so (found version "3.0.13")  
-- Found FastRTPS: /opt/ros/jazzy/include (Required is at least version "2.13") 
-- Using RMW implementation 'rmw_fastrtps_cpp' as default
-- Found std_msgs: 5.3.5 (/opt/ros/jazzy/share/std_msgs/cmake)
-- Found geometry_msgs: 5.3.5 (/opt/ros/jazzy/share/geometry_msgs/cmake)
-- Found ament_lint_auto: 0.17.1 (/opt/ros/jazzy/share/ament_lint_auto/cmake)
-- Added test 'cppcheck' to perform static code analysis on C / C++ code
-- Configured cppcheck include dirs: $<BUILD_INTERFACE:/home/youss/Documents/Projet/Autonomouscar/ros_ws/src/robot/include>
-- Configured cppcheck exclude dirs and/or files: 
-- Added test 'flake8' to check Python code syntax and style conventions
-- Configured 'flake8' exclude dirs and/or files: 
-- Added test 'lint_cmake' to check CMake code style
-- Added test 'pep257' to check Python code against some of the docstring style conventions in PEP 257
-- Added test 'uncrustify' to check C / C++ code style
-- Configured uncrustify additional arguments: 
-- Added test 'xmllint' to check XML markup files
-- Configuring done (6.9s)
-- Generating done (0.1s)
-- Build files have been written to: /home/youss/Documents/Projet/Autonomouscar/ros_ws/build/robot
[  5%] [32mBuilding CXX object CMakeFiles/encoders_publisher.dir/src/encoders_publisher.cpp.o[0m
[ 11%] [32mBuilding CXX object CMakeFiles/main.dir/src/main.cpp.o[0m
[ 16%] [32mBuilding CXX object CMakeFiles/robot_controller.dir/src/robot_controller.cpp.o[0m
[ 22%] [32mBuilding CXX object CMakeFiles/encoders_subscriber.dir/src/encoders_subscriber.cpp.o[0m
[ 27%] [32mBuilding CXX object CMakeFiles/main.dir/src/motor.cpp.o[0m
[ 33%] [32mBuilding CXX object CMakeFiles/main.dir/src/encoders.cpp.o[0m
[ 38%] [32mBuilding CXX object CMakeFiles/main.dir/src/rpi4.cpp.o[0m
[ 44%] [32mBuilding CXX object CMakeFiles/encoders_publisher.dir/src/encoders.cpp.o[0m
[ 50%] [32m[1mLinking CXX executable main[0m
[ 50%] Built target main
[ 55%] [32mBuilding CXX object CMakeFiles/position_publisher.dir/src/DWM1001_reader.cpp.o[0m
[ 61%] [32m[1mLinking CXX executable encoders_publisher[0m
[ 61%] Built target encoders_publisher
[ 66%] [32mBuilding CXX object CMakeFiles/motor_subscriber.dir/src/motor_subscriber.cpp.o[0m
[ 72%] [32m[1mLinking CXX executable encoders_subscriber[0m
[ 72%] Built target encoders_subscriber
[ 77%] [32mBuilding CXX object CMakeFiles/position_reader.dir/src/DWM1001_reader.cpp.o[0m
[ 83%] [32m[1mLinking CXX executable position_publisher[0m
[ 83%] Built target position_publisher
[ 88%] [32m[1mLinking CXX executable robot_controller[0m
[ 88%] Built target robot_controller
[ 94%] [32m[1mLinking CXX executable position_reader[0m
[ 94%] Built target position_reader
[100%] [32m[1mLinking CXX executable motor_subscriber[0m
[100%] Built target motor_subscriber
-- Install configuration: ""
-- Up-to-date: /home/youss/Documents/Projet/Autonomouscar/ros_ws/install/robot/share/robot/launch
-- Installing: /home/youss/Documents/Projet/Autonomouscar/ros_ws/install/robot/share/robot/package.dsv
