[0.047s] Invoking command in '/home/youss/Documents/Projet/Autonomouscar/ros_ws/build/robot': CMAKE_PREFIX_PATH=${CMAKE_PREFIX_PATH}:/opt/ros/jazzy DEBUGINFOD_URLS=https://debuginfod.ubuntu.com /usr/bin/cmake /home/youss/Documents/Projet/Autonomouscar/ros_ws/src/robot -DCMAKE_INSTALL_PREFIX=/home/youss/Documents/Projet/Autonomouscar/ros_ws/install/robot
[1.008s] -- The C compiler identification is GNU 13.2.0
[1.306s] -- The CXX compiler identification is GNU 13.2.0
[1.400s] -- Detecting C compiler ABI info
[1.878s] -- Detecting C compiler ABI info - done
[1.913s] -- Check for working C compiler: /usr/bin/cc - skipped
[1.918s] -- Detecting C compile features
[1.920s] -- Detecting C compile features - done
[1.971s] -- Detecting CXX compiler ABI info
[2.485s] -- Detecting CXX compiler ABI info - done
[2.521s] -- Check for working CXX compiler: /usr/bin/c++ - skipped
[2.522s] -- Detecting CXX compile features
[2.523s] -- Detecting CXX compile features - done
[2.548s] -- Found ament_cmake: 2.5.2 (/opt/ros/jazzy/share/ament_cmake/cmake)
[3.258s] -- Found Python3: /usr/bin/python3 (found version "3.12.3") found components: Interpreter 
[3.894s] -- Found rclcpp: 28.1.5 (/opt/ros/jazzy/share/rclcpp/cmake)
[4.212s] -- Found rosidl_generator_c: 4.6.4 (/opt/ros/jazzy/share/rosidl_generator_c/cmake)
[4.311s] -- Found rosidl_generator_cpp: 4.6.4 (/opt/ros/jazzy/share/rosidl_generator_cpp/cmake)
[4.435s] -- Using all available rosidl_typesupport_c: rosidl_typesupport_fastrtps_c;rosidl_typesupport_introspection_c
[4.546s] -- Using all available rosidl_typesupport_cpp: rosidl_typesupport_fastrtps_cpp;rosidl_typesupport_introspection_cpp
[4.971s] -- Found rmw_implementation_cmake: 7.3.1 (/opt/ros/jazzy/share/rmw_implementation_cmake/cmake)
[4.995s] -- Found rmw_fastrtps_cpp: 8.4.1 (/opt/ros/jazzy/share/rmw_fastrtps_cpp/cmake)
[5.490s] -- Found OpenSSL: /usr/lib/aarch64-linux-gnu/libcrypto.so (found version "3.0.13")  
[5.580s] -- Found FastRTPS: /opt/ros/jazzy/include (Required is at least version "2.13") 
[5.673s] -- Using RMW implementation 'rmw_fastrtps_cpp' as default
[6.032s] -- Found std_msgs: 5.3.5 (/opt/ros/jazzy/share/std_msgs/cmake)
[6.100s] -- Found geometry_msgs: 5.3.5 (/opt/ros/jazzy/share/geometry_msgs/cmake)
[6.176s] -- Found ament_lint_auto: 0.17.1 (/opt/ros/jazzy/share/ament_lint_auto/cmake)
[6.875s] -- Added test 'cppcheck' to perform static code analysis on C / C++ code
[6.876s] -- Configured cppcheck include dirs: $<BUILD_INTERFACE:/home/youss/Documents/Projet/Autonomouscar/ros_ws/src/robot/include>
[6.877s] -- Configured cppcheck exclude dirs and/or files: 
[6.881s] -- Added test 'flake8' to check Python code syntax and style conventions
[6.882s] -- Configured 'flake8' exclude dirs and/or files: 
[6.887s] -- Added test 'lint_cmake' to check CMake code style
[6.892s] -- Added test 'pep257' to check Python code against some of the docstring style conventions in PEP 257
[6.909s] -- Added test 'uncrustify' to check C / C++ code style
[6.909s] -- Configured uncrustify additional arguments: 
[6.913s] -- Added test 'xmllint' to check XML markup files
[6.948s] -- Configuring done (6.9s)
[7.106s] -- Generating done (0.1s)
[7.116s] -- Build files have been written to: /home/youss/Documents/Projet/Autonomouscar/ros_ws/build/robot
[7.159s] Invoked command in '/home/youss/Documents/Projet/Autonomouscar/ros_ws/build/robot' returned '0': CMAKE_PREFIX_PATH=${CMAKE_PREFIX_PATH}:/opt/ros/jazzy DEBUGINFOD_URLS=https://debuginfod.ubuntu.com /usr/bin/cmake /home/youss/Documents/Projet/Autonomouscar/ros_ws/src/robot -DCMAKE_INSTALL_PREFIX=/home/youss/Documents/Projet/Autonomouscar/ros_ws/install/robot
[7.165s] Invoking command in '/home/youss/Documents/Projet/Autonomouscar/ros_ws/build/robot': CMAKE_PREFIX_PATH=${CMAKE_PREFIX_PATH}:/opt/ros/jazzy DEBUGINFOD_URLS=https://debuginfod.ubuntu.com /usr/bin/cmake --build /home/youss/Documents/Projet/Autonomouscar/ros_ws/build/robot -- -j4 -l4
[7.443s] [  5%] [32mBuilding CXX object CMakeFiles/encoders_publisher.dir/src/encoders_publisher.cpp.o[0m
[7.444s] [ 11%] [32mBuilding CXX object CMakeFiles/main.dir/src/main.cpp.o[0m
[7.447s] [ 16%] [32mBuilding CXX object CMakeFiles/robot_controller.dir/src/robot_controller.cpp.o[0m
[7.458s] [ 22%] [32mBuilding CXX object CMakeFiles/encoders_subscriber.dir/src/encoders_subscriber.cpp.o[0m
[28.861s] [ 27%] [32mBuilding CXX object CMakeFiles/main.dir/src/motor.cpp.o[0m
[31.673s] [ 33%] [32mBuilding CXX object CMakeFiles/main.dir/src/encoders.cpp.o[0m
[37.692s] [ 38%] [32mBuilding CXX object CMakeFiles/main.dir/src/rpi4.cpp.o[0m
[39.224s] [ 44%] [32mBuilding CXX object CMakeFiles/encoders_publisher.dir/src/encoders.cpp.o[0m
[40.559s] [ 50%] [32m[1mLinking CXX executable main[0m
[41.196s] [ 50%] Built target main
[41.338s] [ 55%] [32mBuilding CXX object CMakeFiles/position_publisher.dir/src/DWM1001_reader.cpp.o[0m
[45.070s] [ 61%] [32m[1mLinking CXX executable encoders_publisher[0m
[46.446s] [ 61%] Built target encoders_publisher
[46.598s] [ 66%] [32mBuilding CXX object CMakeFiles/motor_subscriber.dir/src/motor_subscriber.cpp.o[0m
[59.266s] [ 72%] [32m[1mLinking CXX executable encoders_subscriber[0m
[61.116s] [ 72%] Built target encoders_subscriber
[61.262s] [ 77%] [32mBuilding CXX object CMakeFiles/position_reader.dir/src/DWM1001_reader.cpp.o[0m
[77.643s] [ 83%] [32m[1mLinking CXX executable position_publisher[0m
[78.904s] [ 83%] Built target position_publisher
[82.262s] [ 88%] [32m[1mLinking CXX executable robot_controller[0m
[84.725s] [ 88%] Built target robot_controller
[93.277s] [ 94%] [32m[1mLinking CXX executable position_reader[0m
[94.298s] [ 94%] Built target position_reader
[98.144s] [100%] [32m[1mLinking CXX executable motor_subscriber[0m
[99.663s] [100%] Built target motor_subscriber
[99.721s] Invoked command in '/home/youss/Documents/Projet/Autonomouscar/ros_ws/build/robot' returned '0': CMAKE_PREFIX_PATH=${CMAKE_PREFIX_PATH}:/opt/ros/jazzy DEBUGINFOD_URLS=https://debuginfod.ubuntu.com /usr/bin/cmake --build /home/youss/Documents/Projet/Autonomouscar/ros_ws/build/robot -- -j4 -l4
[100.068s] Invoking command in '/home/youss/Documents/Projet/Autonomouscar/ros_ws/build/robot': CMAKE_PREFIX_PATH=${CMAKE_PREFIX_PATH}:/opt/ros/jazzy DEBUGINFOD_URLS=https://debuginfod.ubuntu.com /usr/bin/cmake --install /home/youss/Documents/Projet/Autonomouscar/ros_ws/build/robot
[100.106s] -- Install configuration: ""
[100.109s] -- Up-to-date: /home/youss/Documents/Projet/Autonomouscar/ros_ws/install/robot/share/robot/launch
[100.111s] -- Installing: /home/youss/Documents/Projet/Autonomouscar/ros_ws/install/robot/share/robot/package.dsv
[100.119s] Invoked command in '/home/youss/Documents/Projet/Autonomouscar/ros_ws/build/robot' returned '0': CMAKE_PREFIX_PATH=${CMAKE_PREFIX_PATH}:/opt/ros/jazzy DEBUGINFOD_URLS=https://debuginfod.ubuntu.com /usr/bin/cmake --install /home/youss/Documents/Projet/Autonomouscar/ros_ws/build/robot
