[0.054s] Invoking command in '/home/youss/Documents/Projet/Autonomouscar/ros_ws/build/robot': CMAKE_PREFIX_PATH=${CMAKE_PREFIX_PATH}:/opt/ros/jazzy DEBUGINFOD_URLS=https://debuginfod.ubuntu.com /usr/bin/cmake --build /home/youss/Documents/Projet/Autonomouscar/ros_ws/build/robot -- -j4 -l4
[0.180s] -- Found ament_cmake: 2.5.2 (/opt/ros/jazzy/share/ament_cmake/cmake)
[1.156s] -- Override CMake install command with custom implementation using symlinks instead of copying resources
[1.191s] -- Found rclcpp: 28.1.5 (/opt/ros/jazzy/share/rclcpp/cmake)
[1.344s] -- Found rosidl_generator_c: 4.6.4 (/opt/ros/jazzy/share/rosidl_generator_c/cmake)
[1.384s] -- Found rosidl_generator_cpp: 4.6.4 (/opt/ros/jazzy/share/rosidl_generator_cpp/cmake)
[1.433s] -- Using all available rosidl_typesupport_c: rosidl_typesupport_fastrtps_c;rosidl_typesupport_introspection_c
[1.489s] -- Using all available rosidl_typesupport_cpp: rosidl_typesupport_fastrtps_cpp;rosidl_typesupport_introspection_cpp
[1.727s] -- Found rmw_implementation_cmake: 7.3.1 (/opt/ros/jazzy/share/rmw_implementation_cmake/cmake)
[1.733s] -- Found rmw_fastrtps_cpp: 8.4.1 (/opt/ros/jazzy/share/rmw_fastrtps_cpp/cmake)
[2.017s] -- Using RMW implementation 'rmw_fastrtps_cpp' as default
[2.238s] -- Found ament_lint_auto: 0.17.1 (/opt/ros/jazzy/share/ament_lint_auto/cmake)
[2.684s] -- Added test 'cppcheck' to perform static code analysis on C / C++ code
[2.685s] -- Configured cppcheck include dirs: $<BUILD_INTERFACE:/home/youss/Documents/Projet/Autonomouscar/ros_ws/src/robot/include>
[2.685s] -- Configured cppcheck exclude dirs and/or files: 
[2.687s] -- Added test 'flake8' to check Python code syntax and style conventions
[2.688s] -- Configured 'flake8' exclude dirs and/or files: 
[2.691s] -- Added test 'lint_cmake' to check CMake code style
[2.693s] -- Added test 'pep257' to check Python code against some of the docstring style conventions in PEP 257
[2.703s] -- Added test 'uncrustify' to check C / C++ code style
[2.703s] -- Configured uncrustify additional arguments: 
[2.705s] -- Added test 'xmllint' to check XML markup files
[2.712s] -- Configuring done (2.6s)
[2.783s] -- Generating done (0.0s)
[2.793s] -- Build files have been written to: /home/youss/Documents/Projet/Autonomouscar/ros_ws/build/robot
[3.002s] [ 16%] [32mBuilding CXX object CMakeFiles/encoders.dir/src/main.cpp.o[0m
[3.006s] [ 33%] [32mBuilding CXX object CMakeFiles/encoders.dir/src/encoders.cpp.o[0m
[3.010s] [ 50%] [32mBuilding CXX object CMakeFiles/encoders.dir/src/DWM1001_reader.cpp.o[0m
[3.016s] [ 66%] [32mBuilding CXX object CMakeFiles/encoders.dir/src/rpi4.cpp.o[0m
[5.904s] [ 83%] [32mBuilding CXX object CMakeFiles/encoders.dir/src/encoders_publisher.cpp.o[0m
[8.041s] [01m[K/home/youss/Documents/Projet/Autonomouscar/ros_ws/src/robot/src/encoders_publisher.cpp:3:10:[m[K [01;31m[Kfatal error: [m[Krobot/encoders_publisher.h: No such file or directory
[8.042s]     3 | #include [01;31m[K"robot/encoders_publisher.h"[m[K
[8.042s]       |          [01;31m[K^~~~~~~~~~~~~~~~~~~~~~~~~~~~[m[K
[8.043s] compilation terminated.
[8.056s] gmake[2]: *** [CMakeFiles/encoders.dir/build.make:132: CMakeFiles/encoders.dir/src/encoders_publisher.cpp.o] Error 1
[8.057s] gmake[1]: *** [CMakeFiles/Makefile2:137: CMakeFiles/encoders.dir/all] Error 2
[8.059s] gmake: *** [Makefile:146: all] Error 2
[8.068s] Invoked command in '/home/youss/Documents/Projet/Autonomouscar/ros_ws/build/robot' returned '2': CMAKE_PREFIX_PATH=${CMAKE_PREFIX_PATH}:/opt/ros/jazzy DEBUGINFOD_URLS=https://debuginfod.ubuntu.com /usr/bin/cmake --build /home/youss/Documents/Projet/Autonomouscar/ros_ws/build/robot -- -j4 -l4
