[0.053s] Invoking command in '/home/youss/Documents/Projet/Autonomouscar/ros_ws/build/robot': CMAKE_PREFIX_PATH=${CMAKE_PREFIX_PATH}:/opt/ros/jazzy DEBUGINFOD_URLS=https://debuginfod.ubuntu.com /usr/bin/cmake --build /home/youss/Documents/Projet/Autonomouscar/ros_ws/build/robot -- -j4 -l4
[0.358s] [  6%] [32mBuilding CXX object CMakeFiles/main.dir/src/main.cpp.o[0m
[0.361s] [ 33%] Built target robot_controller
[0.362s] [ 33%] Built target listener
[0.363s] [ 46%] Built target position_publisher
[0.494s] [ 60%] Built target motor_subscriber
[0.498s] [ 73%] Built target position_reader
[3.441s] [01m[K/home/youss/Documents/Projet/Autonomouscar/ros_ws/src/robot/src/main.cpp:[m[K In function ‘[01m[Kint[01;32m[K main[m[K()[m[K’:
[3.442s] [01m[K/home/youss/Documents/Projet/Autonomouscar/ros_ws/src/robot/src/main.cpp:44:21:[m[K [01;31m[Kerror: [m[Kexpected identifier before numeric constant
[3.442s]    44 | #define M1A_CHANNEL [01;31m[K5[m[K
[3.442s]       |                     [01;31m[K^[m[K
[3.443s] [01m[K/home/youss/Documents/Projet/Autonomouscar/ros_ws/src/robot/src/main.cpp:95:31:[m[K [01;36m[Knote: [m[Kin expansion of macro ‘[01m[KM1A_CHANNEL[m[K’
[3.443s]    95 |     auto my_fct = [encoder_A, [01;36m[KM1A_CHANNEL[m[K]()
[3.444s]       |                               [01;36m[K^~~~~~~~~~~[m[K
[3.444s] [01m[K/home/youss/Documents/Projet/Autonomouscar/ros_ws/src/robot/src/main.cpp:[m[K In lambda function:
[3.444s] [01m[K/home/youss/Documents/Projet/Autonomouscar/ros_ws/src/robot/src/main.cpp:97:42:[m[K [01;31m[Kerror: [m[Kpassing ‘[01m[Kconst Encoders[m[K’ as ‘[01m[Kthis[m[K’ argument discards qualifiers [[01;31m[K]8;;https://gcc.gnu.org/onlinedocs/gcc/Warning-Options.html#index-fpermissive-fpermissive]8;;[m[K]
[3.445s]    97 |         [01;31m[Kencoder_A.count_number_of_changes(M1A_CHANNEL)[m[K;
[3.445s]       |         [01;31m[K~~~~~~~~~~~~~~~~~~~~~~~~~~~~~~~~~^~~~~~~~~~~~~[m[K
[3.446s] In file included from [01m[K/home/youss/Documents/Projet/Autonomouscar/ros_ws/src/robot/src/main.cpp:19[m[K:
[3.446s] [01m[K/home/youss/Documents/Projet/Autonomouscar/ros_ws/src/robot/include/robot/encoders.h:18:14:[m[K [01;36m[Knote: [m[K  in call to ‘[01m[Kvoid Encoders::[01;32m[Kcount_number_of_changes[m[K(const unsigned int&)[m[K’
[3.446s]    18 |         void [01;36m[Kcount_number_of_changes[m[K(const unsigned int &channel_gpio);
[3.447s]       |              [01;36m[K^~~~~~~~~~~~~~~~~~~~~~~[m[K
[3.447s] [01m[K/home/youss/Documents/Projet/Autonomouscar/ros_ws/src/robot/src/main.cpp:[m[K In function ‘[01m[Kint[01;32m[K main[m[K()[m[K’:
[3.448s] [01m[K/home/youss/Documents/Projet/Autonomouscar/ros_ws/src/robot/src/main.cpp:95:19:[m[K [01;31m[Kerror: [m[Kuse of deleted function ‘[01m[KEncoders::[01;32m[KEncoders[m[K(const Encoders&)[m[K’
[3.448s]    95 |     auto my_fct = [01;31m[K[encoder_A, M1A_CHANNEL]()[m[K
[3.448s]       |                   [01;31m[K^~~~~~~~~~~~~~~~~~~~~~~~~~[m[K
[3.449s]    96 | [01;31m[K    {[m[K
[3.449s]       |     [01;31m[K~[m[K              
[3.450s]    97 | [01;31m[K        encoder_A.count_number_of_changes(M1A_CHANNEL);[m[K
[3.450s]       |         [01;31m[K~~~~~~~~~~~~~~~~~~~~~~~~~~~~~~~~~~~~~~~~~~~~~~~[m[K
[3.450s]    98 | [01;31m[K    }[m[K;
[3.451s]       |     [01;31m[K~[m[K              
[3.451s] [01m[K/home/youss/Documents/Projet/Autonomouscar/ros_ws/src/robot/include/robot/encoders.h:8:8:[m[K [01;36m[Knote: [m[K‘[01m[KEncoders::[01;32m[KEncoders[m[K(const Encoders&)[m[K’ is implicitly deleted because the default definition would be ill-formed:
[3.451s]     8 | struct [01;36m[KEncoders[m[K
[3.452s]       |        [01;36m[K^~~~~~~~[m[K
[3.452s] [01m[K/home/youss/Documents/Projet/Autonomouscar/ros_ws/src/robot/include/robot/encoders.h:8:8:[m[K [01;31m[Kerror: [m[Kuse of deleted function ‘[01m[Kstd::thread::[01;32m[Kthread[m[K(const std::thread&)[m[K’
[3.453s] In file included from [01m[K/usr/include/c++/13/thread:45[m[K,
[3.453s]                  from [01m[K/home/youss/Documents/Projet/Autonomouscar/ros_ws/src/robot/src/main.cpp:8[m[K:
[3.453s] [01m[K/usr/include/c++/13/bits/std_thread.h:176:5:[m[K [01;36m[Knote: [m[Kdeclared here
[3.454s]   176 |     [01;36m[Kthread[m[K(const thread&) = delete;
[3.454s]       |     [01;36m[K^~~~~~[m[K
[3.793s] gmake[2]: *** [CMakeFiles/main.dir/build.make:76: CMakeFiles/main.dir/src/main.cpp.o] Error 1
[3.794s] gmake[1]: *** [CMakeFiles/Makefile2:147: CMakeFiles/main.dir/all] Error 2
[3.795s] gmake: *** [Makefile:146: all] Error 2
[3.803s] Invoked command in '/home/youss/Documents/Projet/Autonomouscar/ros_ws/build/robot' returned '2': CMAKE_PREFIX_PATH=${CMAKE_PREFIX_PATH}:/opt/ros/jazzy DEBUGINFOD_URLS=https://debuginfod.ubuntu.com /usr/bin/cmake --build /home/youss/Documents/Projet/Autonomouscar/ros_ws/build/robot -- -j4 -l4
