[0.056s] Invoking command in '/home/youss/Documents/Projet/Autonomouscar/ros_ws/build/robot': CMAKE_PREFIX_PATH=${CMAKE_PREFIX_PATH}:/opt/ros/jazzy DEBUGINFOD_URLS=https://debuginfod.ubuntu.com /usr/bin/cmake --build /home/youss/Documents/Projet/Autonomouscar/ros_ws/build/robot -- -j4 -l4
[0.381s] [ 13%] Built target robot_controller
[0.385s] [ 20%] [32mBuilding CXX object CMakeFiles/main.dir/src/encoders.cpp.o[0m
[0.423s] [ 33%] Built target listener
[0.432s] [ 46%] Built target position_publisher
[0.552s] [ 60%] Built target motor_subscriber
[0.582s] [ 73%] Built target position_reader
[3.298s] [01m[K/home/youss/Documents/Projet/Autonomouscar/ros_ws/src/robot/src/encoders.cpp:[m[K In member function ‘[01m[Kvoid Encoders::[01;32m[Kcompute_encoder_rps[m[K()[m[K’:
[3.299s] [01m[K/home/youss/Documents/Projet/Autonomouscar/ros_ws/src/robot/src/encoders.cpp:197:50:[m[K [01;31m[Kerror: [m[K‘[01m[K_number_of_changes_on_channel[m[K’ was not declared in this scope; did you mean ‘[01m[K_number_of_changes_on_channel_A[m[K’?
[3.300s]   197 |     unsigned int encoder_number_of_revolutions = [01;31m[K_number_of_changes_on_channel[m[K/_PPR; //revolutions
[3.300s]       |                                                  [01;31m[K^~~~~~~~~~~~~~~~~~~~~~~~~~~~~[m[K
[3.301s]       |                                                  [32m[K_number_of_changes_on_channel_A[m[K
[3.328s] [01m[K/home/youss/Documents/Projet/Autonomouscar/ros_ws/src/robot/src/encoders.cpp:[m[K In member function ‘[01m[Kvoid Encoders::[01;32m[Kcount_number_of_changes_on_channel_B[m[K()[m[K’:
[3.330s] [01m[K/home/youss/Documents/Projet/Autonomouscar/ros_ws/src/robot/src/encoders.cpp:246:28:[m[K [01;31m[Kerror: [m[K‘[01m[K_channel_value[m[K’ was not declared in this scope; did you mean ‘[01m[K_channel_value_A[m[K’?
[3.331s]   246 |     _change_in_channel_B = [01;31m[K_channel_value[m[K != _old_channel_value_B;
[3.332s]       |                            [01;31m[K^~~~~~~~~~~~~~[m[K
[3.332s]       |                            [32m[K_channel_value_A[m[K
[3.685s] gmake[2]: *** [CMakeFiles/main.dir/build.make:104: CMakeFiles/main.dir/src/encoders.cpp.o] Error 1
[3.686s] gmake[1]: *** [CMakeFiles/Makefile2:147: CMakeFiles/main.dir/all] Error 2
[3.687s] gmake: *** [Makefile:146: all] Error 2
[3.695s] Invoked command in '/home/youss/Documents/Projet/Autonomouscar/ros_ws/build/robot' returned '2': CMAKE_PREFIX_PATH=${CMAKE_PREFIX_PATH}:/opt/ros/jazzy DEBUGINFOD_URLS=https://debuginfod.ubuntu.com /usr/bin/cmake --build /home/youss/Documents/Projet/Autonomouscar/ros_ws/build/robot -- -j4 -l4
