[01m[K/home/youss/Documents/Projet/Autonomouscar/ros_ws/src/robot/src/channel.cpp:[m[K In member function ‘[01m[Kbool Channel::[01;32m[Kconfigure_gpio_as_input[m[K(const unsigned int&) const[m[K’:
[01m[K/home/youss/Documents/Projet/Autonomouscar/ros_ws/src/robot/src/channel.cpp:24:59:[m[K [01;35m[Kwarning: [m[Kunused parameter ‘[01m[Kchannel_gpio[m[K’ [[01;35m[K]8;;https://gcc.gnu.org/onlinedocs/gcc/Warning-Options.html#index-Wunused-parameter-Wunused-parameter]8;;[m[K]
   24 | bool Channel::configure_gpio_as_input([01;35m[Kconst unsigned int &channel_gpio[m[K) const
      |                                       [01;35m[K~~~~~~~~~~~~~~~~~~~~^~~~~~~~~~~~[m[K
[01m[K/home/youss/Documents/Projet/Autonomouscar/ros_ws/src/robot/src/main.cpp:[m[K In function ‘[01m[Kint[01;32m[K main[m[K()[m[K’:
[01m[K/home/youss/Documents/Projet/Autonomouscar/ros_ws/src/robot/src/main.cpp:64:24:[m[K [01;31m[Kerror: [m[K‘[01m[KM1A_GPIO[m[K’ was not declared in this scope; did you mean ‘[01m[KM1B_GPIO[m[K’?
   64 |     Encoders encoder_A([01;31m[KM1A_GPIO[m[K,
      |                        [01;31m[K^~~~~~~~[m[K
      |                        [32m[KM1B_GPIO[m[K
[01m[K/home/youss/Documents/Projet/Autonomouscar/ros_ws/src/robot/src/main.cpp:70:24:[m[K [01;31m[Kerror: [m[K‘[01m[KM2A_GPIO[m[K’ was not declared in this scope; did you mean ‘[01m[KM2A_gpio[m[K’?
   70 |     Encoders encoder_B([01;31m[KM2A_GPIO[m[K,
      |                        [01;31m[K^~~~~~~~[m[K
      |                        [32m[KM2A_gpio[m[K
[01m[K/home/youss/Documents/Projet/Autonomouscar/ros_ws/src/robot/src/main.cpp:71:25:[m[K [01;31m[Kerror: [m[K‘[01m[KM2B_GPIO[m[K’ was not declared in this scope; did you mean ‘[01m[KM1B_GPIO[m[K’?
   71 |                         [01;31m[KM2B_GPIO[m[K,
      |                         [01;31m[K^~~~~~~~[m[K
      |                         [32m[KM1B_GPIO[m[K
[01m[K/home/youss/Documents/Projet/Autonomouscar/ros_ws/src/robot/src/encoders.cpp:[m[K In member function ‘[01m[Kvoid Encoders::[01;32m[Kcompute_rps[m[K()[m[K’:
[01m[K/home/youss/Documents/Projet/Autonomouscar/ros_ws/src/robot/src/encoders.cpp:208:18:[m[K [01;35m[Kwarning: [m[Kunused variable ‘[01m[Krps[m[K’ [[01;35m[K]8;;https://gcc.gnu.org/onlinedocs/gcc/Warning-Options.html#index-Wunused-variable-Wunused-variable]8;;[m[K]
  208 |     unsigned int [01;35m[Krps[m[K = 0;
      |                  [01;35m[K^~~[m[K
gmake[2]: *** [CMakeFiles/encoders.dir/build.make:76: CMakeFiles/encoders.dir/src/main.cpp.o] Error 1
gmake[2]: *** Waiting for unfinished jobs....
gmake[1]: *** [CMakeFiles/Makefile2:137: CMakeFiles/encoders.dir/all] Error 2
gmake: *** [Makefile:146: all] Error 2
