[0.052s] Invoking command in '/home/youss/Documents/Projet/Autonomouscar/ros_ws/build/robot': CMAKE_PREFIX_PATH=${CMAKE_PREFIX_PATH}:/opt/ros/jazzy DEBUGINFOD_URLS=https://debuginfod.ubuntu.com /usr/bin/cmake --build /home/youss/Documents/Projet/Autonomouscar/ros_ws/build/robot -- -j4 -l4
[0.358s] [ 30%] Built target position_publisher
[0.360s] [ 30%] Built target robot_controller
[0.360s] [ 46%] Built target listener
[0.375s] [ 53%] [32mBuilding CXX object CMakeFiles/encoders.dir/src/motor.cpp.o[0m
[0.508s] [ 69%] Built target motor_subscriber
[1.878s] [01m[K/home/youss/Documents/Projet/Autonomouscar/ros_ws/src/robot/src/motor.cpp:[m[K In member function ‘[01m[Kbool Motor::[01;32m[Kinit_pwm[m[K(const unsigned int&, const unsigned int&) const[m[K’:
[1.879s] [01m[K/home/youss/Documents/Projet/Autonomouscar/ros_ws/src/robot/src/motor.cpp:47:20:[m[K [01;35m[Kwarning: [m[Kcomparison of unsigned expression in ‘[01m[K< 0[m[K’ is always false [[01;35m[K]8;;https://gcc.gnu.org/onlinedocs/gcc/Warning-Options.html#index-Wtype-limits-Wtype-limits]8;;[m[K]
[1.879s]    47 |     if (duty_cycle < MIN_DUTY_CYCLE)
[1.887s] [01m[K/home/youss/Documents/Projet/Autonomouscar/ros_ws/src/robot/src/motor.cpp:[m[K In member function ‘[01m[Kvoid Motor::[01;32m[Kset_duty_cycle[m[K(const unsigned int&)[m[K’:
[1.887s] [01m[K/home/youss/Documents/Projet/Autonomouscar/ros_ws/src/robot/src/motor.cpp:105:25:[m[K [01;35m[Kwarning: [m[Kcomparison of unsigned expression in ‘[01m[K< 0[m[K’ is always false [[01;35m[K]8;;https://gcc.gnu.org/onlinedocs/gcc/Warning-Options.html#index-Wtype-limits-Wtype-limits]8;;[m[K]
[1.888s]   105 |     else if (duty_cycle < MIN_DUTY_CYCLE)
[2.106s] [ 76%] [32m[1mLinking CXX executable encoders[0m
[2.234s] /usr/bin/ld: CMakeFiles/encoders.dir/src/encoders_publisher.cpp.o: in function `main':
[2.234s] encoders_publisher.cpp:(.text+0x698): multiple definition of `main'; CMakeFiles/encoders.dir/src/main.cpp.o:main.cpp:(.text+0x60): first defined here
[2.974s] /usr/bin/ld: CMakeFiles/encoders.dir/src/main.cpp.o: in function `main':
[2.974s] main.cpp:(.text+0x9c): undefined reference to `RPI4::init()'
[2.974s] /usr/bin/ld: CMakeFiles/encoders.dir/src/main.cpp.o: in function `__static_initialization_and_destruction_0()':
[2.975s] main.cpp:(.text+0x298): undefined reference to `RPI4::RPI4()'
[3.045s] collect2: error: ld returned 1 exit status
[3.052s] gmake[2]: *** [CMakeFiles/encoders.dir/build.make:229: encoders] Error 1
[3.053s] gmake[1]: *** [CMakeFiles/Makefile2:145: CMakeFiles/encoders.dir/all] Error 2
[3.054s] gmake: *** [Makefile:146: all] Error 2
[3.061s] Invoked command in '/home/youss/Documents/Projet/Autonomouscar/ros_ws/build/robot' returned '2': CMAKE_PREFIX_PATH=${CMAKE_PREFIX_PATH}:/opt/ros/jazzy DEBUGINFOD_URLS=https://debuginfod.ubuntu.com /usr/bin/cmake --build /home/youss/Documents/Projet/Autonomouscar/ros_ws/build/robot -- -j4 -l4
